<?xml version="1.0" encoding="UTF-8"?>
<coverage generated="1782088275708" clover="3.2.0">
  <project timestamp="1782088275708" name="All files">
    <metrics statements="5759" coveredstatements="3522" conditionals="5770" coveredconditionals="2735" methods="1166" coveredmethods="721" elements="12695" coveredelements="6978" complexity="0" loc="5759" ncloc="5759" packages="8" files="49" classes="49"/>
    <package name="srv">
      <metrics statements="3879" coveredstatements="1877" conditionals="3579" coveredconditionals="1096" methods="713" coveredmethods="324"/>
      <file name="admin-service.js" path="/Users/siddharthaampolu/46 Bridge info system V3/BridgeManagement/srv/admin-service.js">
        <metrics statements="724" coveredstatements="263" conditionals="786" coveredconditionals="70" methods="144" coveredmethods="24"/>
        <line num="1" count="35" type="stmt"/>
        <line num="3" count="35" type="stmt"/>
        <line num="4" count="35" type="stmt"/>
        <line num="6" count="35" type="stmt"/>
        <line num="8" count="35" type="stmt"/>
        <line num="9" count="35" type="stmt"/>
        <line num="10" count="35" type="stmt"/>
        <line num="11" count="35" type="stmt"/>
        <line num="20" count="35" type="stmt"/>
        <line num="21" count="35" type="stmt"/>
        <line num="28" count="35" type="stmt"/>
        <line num="29" count="35" type="stmt"/>
        <line num="30" count="35" type="stmt"/>
        <line num="31" count="35" type="stmt"/>
        <line num="32" count="0" type="cond" truecount="0" falsecount="2"/>
        <line num="33" count="0" type="cond" truecount="0" falsecount="2"/>
        <line num="34" count="0" type="stmt"/>
        <line num="35" count="0" type="stmt"/>
        <line num="37" count="0" type="cond" truecount="0" falsecount="2"/>
        <line num="38" count="0" type="cond" truecount="0" falsecount="2"/>
        <line num="43" count="35" type="stmt"/>
        <line num="44" count="35" type="stmt"/>
        <line num="45" count="8" type="cond" truecount="1" falsecount="1"/>
        <line num="46" count="8" type="stmt"/>
        <line num="47" count="8" type="stmt"/>
        <line num="48" count="8" type="stmt"/>
        <line num="50" count="8" type="stmt"/>
        <line num="53" count="8" type="stmt"/>
        <line num="55" count="80" type="stmt"/>
        <line num="58" count="0" type="stmt"/>
        <line num="59" count="0" type="stmt"/>
        <line num="61" count="8" type="stmt"/>
        <line num="67" count="35" type="stmt"/>
        <line num="68" count="35" type="stmt"/>
        <line num="69" count="35" type="stmt"/>
        <line num="70" count="8" type="cond" truecount="1" falsecount="1"/>
        <line num="71" count="8" type="stmt"/>
        <line num="72" count="8" type="stmt"/>
        <line num="73" count="8" type="stmt"/>
        <line num="75" count="8" type="stmt"/>
        <line num="76" count="8" type="cond" truecount="4" falsecount="0"/>
        <line num="78" count="0" type="stmt"/>
        <line num="79" count="0" type="stmt"/>
        <line num="81" count="8" type="stmt"/>
        <line num="82" count="8" type="stmt"/>
        <line num="87" count="35" type="stmt"/>
        <line num="88" count="35" type="stmt"/>
        <line num="90" count="35" type="stmt"/>
        <line num="91" count="0" type="stmt"/>
        <line num="92" count="0" type="cond" truecount="0" falsecount="2"/>
        <line num="93" count="0" type="stmt"/>
        <line num="96" count="35" type="stmt"/>
        <line num="97" count="595" type="stmt"/>
        <line num="100" count="0" type="cond" truecount="0" falsecount="2"/>
        <line num="103" count="0" type="stmt"/>
        <line num="110" count="35" type="stmt"/>
        <line num="157" count="35" type="stmt"/>
        <line num="312" count="35" type="cond" truecount="0" falsecount="4"/>
        <line num="313" count="35" type="stmt"/>
        <line num="315" count="35" type="stmt"/>
        <line num="316" count="0" type="cond" truecount="0" falsecount="2"/>
        <line num="317" count="0" type="cond" truecount="0" falsecount="2"/>
        <line num="318" count="0" type="cond" truecount="0" falsecount="2"/>
        <line num="320" count="0" type="stmt"/>
        <line num="329" count="35" type="stmt"/>
        <line num="339" count="35" type="cond" truecount="0" falsecount="2"/>
        <line num="341" count="35" type="cond" truecount="0" falsecount="1"/>
        <line num="342" count="0" type="cond" truecount="0" falsecount="2"/>
        <line num="343" count="0" type="cond" truecount="0" falsecount="2"/>
        <line num="344" count="0" type="stmt"/>
        <line num="353" count="35" type="stmt"/>
        <line num="354" count="0" type="cond" truecount="0" falsecount="2"/>
        <line num="355" count="0" type="cond" truecount="0" falsecount="2"/>
        <line num="356" count="0" type="stmt"/>
        <line num="359" count="35" type="stmt"/>
        <line num="360" count="0" type="cond" truecount="0" falsecount="2"/>
        <line num="361" count="0" type="cond" truecount="0" falsecount="2"/>
        <line num="362" count="0" type="stmt"/>
        <line num="365" count="35" type="cond" truecount="0" falsecount="1"/>
        <line num="366" count="0" type="cond" truecount="0" falsecount="2"/>
        <line num="367" count="0" type="stmt"/>
        <line num="369" count="0" type="cond" truecount="0" falsecount="2"/>
        <line num="370" count="0" type="cond" truecount="0" falsecount="4"/>
        <line num="371" count="0" type="cond" truecount="0" falsecount="2"/>
        <line num="372" count="0" type="stmt"/>
        <line num="373" count="0" type="stmt"/>
        <line num="381" count="0" type="cond" truecount="0" falsecount="2"/>
        <line num="382" count="0" type="cond" truecount="0" falsecount="4"/>
        <line num="383" count="0" type="cond" truecount="0" falsecount="2"/>
        <line num="384" count="0" type="stmt"/>
        <line num="385" count="0" type="stmt"/>
        <line num="393" count="0" type="cond" truecount="0" falsecount="2"/>
        <line num="394" count="0" type="cond" truecount="0" falsecount="5"/>
        <line num="395" count="0" type="stmt"/>
        <line num="396" count="0" type="cond" truecount="0" falsecount="4"/>
        <line num="397" count="0" type="cond" truecount="0" falsecount="2"/>
        <line num="398" count="0" type="stmt"/>
        <line num="407" count="35" type="cond" truecount="0" falsecount="1"/>
        <line num="408" count="0" type="stmt"/>
        <line num="409" count="0" type="stmt"/>
        <line num="412" count="35" type="stmt"/>
        <line num="413" count="0" type="cond" truecount="0" falsecount="2"/>
        <line num="415" count="0" type="cond" truecount="0" falsecount="2"/>
        <line num="416" count="0" type="cond" truecount="0" falsecount="2"/>
        <line num="418" count="0" type="stmt"/>
        <line num="419" count="0" type="stmt"/>
        <line num="422" count="35" type="cond" truecount="0" falsecount="1"/>
        <line num="423" count="0" type="stmt"/>
        <line num="424" count="0" type="cond" truecount="0" falsecount="4"/>
        <line num="425" count="0" type="cond" truecount="0" falsecount="2"/>
        <line num="426" count="0" type="stmt"/>
        <line num="434" count="0" type="stmt"/>
        <line num="435" count="0" type="cond" truecount="0" falsecount="2"/>
        <line num="436" count="0" type="stmt"/>
        <line num="445" count="245" type="stmt"/>
        <line num="446" count="0" type="cond" truecount="0" falsecount="2"/>
        <line num="448" count="0" type="cond" truecount="0" falsecount="2"/>
        <line num="449" count="0" type="cond" truecount="0" falsecount="2"/>
        <line num="450" count="0" type="cond" truecount="0" falsecount="2"/>
        <line num="453" count="0" type="stmt"/>
        <line num="454" count="0" type="stmt"/>
        <line num="457" count="35" type="stmt"/>
        <line num="460" count="35" type="stmt"/>
        <line num="461" count="0" type="stmt"/>
        <line num="462" count="0" type="stmt"/>
        <line num="463" count="0" type="stmt"/>
        <line num="464" count="0" type="stmt"/>
        <line num="465" count="0" type="stmt"/>
        <line num="466" count="0" type="stmt"/>
        <line num="467" count="0" type="stmt"/>
        <line num="468" count="0" type="stmt"/>
        <line num="469" count="0" type="cond" truecount="0" falsecount="2"/>
        <line num="473" count="0" type="stmt"/>
        <line num="474" count="0" type="cond" truecount="0" falsecount="2"/>
        <line num="475" count="0" type="stmt"/>
        <line num="476" count="0" type="stmt"/>
        <line num="477" count="0" type="cond" truecount="0" falsecount="2"/>
        <line num="478" count="0" type="stmt"/>
        <line num="479" count="0" type="stmt"/>
        <line num="480" count="0" type="stmt"/>
        <line num="483" count="0" type="cond" truecount="0" falsecount="4"/>
        <line num="491" count="35" type="stmt"/>
        <line num="492" count="35" type="stmt"/>
        <line num="493" count="35" type="stmt"/>
        <line num="494" count="35" type="stmt"/>
        <line num="495" count="0" type="stmt"/>
        <line num="496" count="0" type="cond" truecount="0" falsecount="4"/>
        <line num="497" count="0" type="cond" truecount="0" falsecount="4"/>
        <line num="498" count="0" type="cond" truecount="0" falsecount="4"/>
        <line num="500" count="35" type="stmt"/>
        <line num="501" count="175" type="stmt"/>
        <line num="502" count="175" type="stmt"/>
        <line num="507" count="35" type="stmt"/>
        <line num="508" count="0" type="stmt"/>
        <line num="509" count="0" type="cond" truecount="0" falsecount="4"/>
        <line num="510" count="0" type="stmt"/>
        <line num="512" count="0" type="cond" truecount="0" falsecount="4"/>
        <line num="513" count="0" type="stmt"/>
        <line num="515" count="0" type="cond" truecount="0" falsecount="5"/>
        <line num="516" count="0" type="stmt"/>
        <line num="519" count="35" type="stmt"/>
        <line num="522" count="35" type="stmt"/>
        <line num="523" count="0" type="stmt"/>
        <line num="524" count="0" type="cond" truecount="0" falsecount="2"/>
        <line num="525" count="0" type="stmt"/>
        <line num="526" count="0" type="cond" truecount="0" falsecount="2"/>
        <line num="531" count="35" type="stmt"/>
        <line num="532" count="0" type="stmt"/>
        <line num="533" count="0" type="cond" truecount="0" falsecount="2"/>
        <line num="534" count="0" type="stmt"/>
        <line num="535" count="0" type="cond" truecount="0" falsecount="2"/>
        <line num="538" count="35" type="stmt"/>
        <line num="541" count="35" type="stmt"/>
        <line num="542" count="0" type="stmt"/>
        <line num="543" count="0" type="cond" truecount="0" falsecount="4"/>
        <line num="544" count="0" type="stmt"/>
        <line num="549" count="35" type="stmt"/>
        <line num="550" count="0" type="stmt"/>
        <line num="551" count="0" type="cond" truecount="0" falsecount="5"/>
        <line num="552" count="0" type="stmt"/>
        <line num="554" count="0" type="cond" truecount="0" falsecount="5"/>
        <line num="555" count="0" type="stmt"/>
        <line num="573" count="35" type="stmt"/>
        <line num="574" count="4" type="stmt"/>
        <line num="575" count="4" type="stmt"/>
        <line num="576" count="4" type="stmt"/>
        <line num="577" count="16" type="cond" truecount="2" falsecount="0"/>
        <line num="578" count="16" type="cond" truecount="2" falsecount="2"/>
        <line num="579" count="15" type="stmt"/>
        <line num="580" count="4" type="stmt"/>
        <line num="581" count="4" type="cond" truecount="1" falsecount="1"/>
        <line num="582" count="4" type="stmt"/>
        <line num="583" count="14" type="cond" truecount="1" falsecount="1"/>
        <line num="584" count="14" type="cond" truecount="3" falsecount="1"/>
        <line num="585" count="14" type="cond" truecount="4" falsecount="0"/>
        <line num="586" count="13" type="cond" truecount="4" falsecount="0"/>
        <line num="588" count="2" type="cond" truecount="2" falsecount="0"/>
        <line num="594" count="35" type="stmt"/>
        <line num="595" count="0" type="stmt"/>
        <line num="598" count="0" type="cond" truecount="0" falsecount="5"/>
        <line num="599" count="0" type="stmt"/>
        <line num="606" count="0" type="cond" truecount="0" falsecount="4"/>
        <line num="607" count="0" type="stmt"/>
        <line num="608" count="0" type="stmt"/>
        <line num="610" count="0" type="cond" truecount="0" falsecount="5"/>
        <line num="611" count="0" type="stmt"/>
        <line num="617" count="35" type="stmt"/>
        <line num="622" count="35" type="stmt"/>
        <line num="623" count="35" type="stmt"/>
        <line num="627" count="35" type="stmt"/>
        <line num="628" count="35" type="stmt"/>
        <line num="629" count="35" type="stmt"/>
        <line num="630" count="2" type="cond" truecount="1" falsecount="1"/>
        <line num="631" count="2" type="cond" truecount="1" falsecount="1"/>
        <line num="632" count="2" type="cond" truecount="1" falsecount="1"/>
        <line num="633" count="2" type="cond" truecount="1" falsecount="1"/>
        <line num="634" count="2" type="cond" truecount="3" falsecount="1"/>
        <line num="635" count="2" type="cond" truecount="2" falsecount="2"/>
        <line num="636" count="2" type="cond" truecount="3" falsecount="1"/>
        <line num="637" count="2" type="cond" truecount="3" falsecount="1"/>
        <line num="638" count="2" type="cond" truecount="1" falsecount="1"/>
        <line num="639" count="2" type="cond" truecount="1" falsecount="1"/>
        <line num="640" count="2" type="stmt"/>
        <line num="641" count="2" type="cond" truecount="1" falsecount="1"/>
        <line num="642" count="2" type="cond" truecount="1" falsecount="1"/>
        <line num="651" count="35" type="stmt"/>
        <line num="652" count="8" type="stmt"/>
        <line num="653" count="8" type="stmt"/>
        <line num="654" count="8" type="stmt"/>
        <line num="655" count="8" type="stmt"/>
        <line num="656" count="8" type="stmt"/>
        <line num="663" count="5" type="stmt"/>
        <line num="665" count="17" type="stmt"/>
        <line num="669" count="5" type="stmt"/>
        <line num="670" count="5" type="cond" truecount="1" falsecount="1"/>
        <line num="671" count="5" type="stmt"/>
        <line num="672" count="5" type="stmt"/>
        <line num="673" count="0" type="stmt"/>
        <line num="674" count="0" type="stmt"/>
        <line num="675" count="0" type="cond" truecount="0" falsecount="2"/>
        <line num="676" count="0" type="stmt"/>
        <line num="677" count="0" type="stmt"/>
        <line num="678" count="0" type="cond" truecount="0" falsecount="4"/>
        <line num="680" count="0" type="stmt"/>
        <line num="690" count="0" type="stmt"/>
        <line num="694" count="0" type="stmt"/>
        <line num="695" count="0" type="cond" truecount="0" falsecount="4"/>
        <line num="696" count="0" type="cond" truecount="0" falsecount="6"/>
        <line num="697" count="0" type="cond" truecount="0" falsecount="4"/>
        <line num="698" count="0" type="cond" truecount="0" falsecount="4"/>
        <line num="699" count="0" type="cond" truecount="0" falsecount="2"/>
        <line num="700" count="0" type="cond" truecount="0" falsecount="2"/>
        <line num="701" count="0" type="cond" truecount="0" falsecount="2"/>
        <line num="702" count="0" type="stmt"/>
        <line num="706" count="0" type="stmt"/>
        <line num="709" count="5" type="stmt"/>
        <line num="711" count="35" type="stmt"/>
        <line num="714" count="35" type="stmt"/>
        <line num="715" count="1" type="stmt"/>
        <line num="716" count="1" type="stmt"/>
        <line num="725" count="35" type="stmt"/>
        <line num="727" count="35" type="stmt"/>
        <line num="728" count="4" type="stmt"/>
        <line num="729" count="4" type="stmt"/>
        <line num="730" count="4" type="stmt"/>
        <line num="731" count="1" type="stmt"/>
        <line num="732" count="1" type="cond" truecount="1" falsecount="1"/>
        <line num="735" count="3" type="stmt"/>
        <line num="736" count="3" type="cond" truecount="1" falsecount="1"/>
        <line num="743" count="35" type="stmt"/>
        <line num="744" count="0" type="stmt"/>
        <line num="748" count="35" type="stmt"/>
        <line num="749" count="0" type="cond" truecount="0" falsecount="4"/>
        <line num="750" count="0" type="stmt"/>
        <line num="751" count="0" type="cond" truecount="0" falsecount="5"/>
        <line num="752" count="0" type="cond" truecount="0" falsecount="2"/>
        <line num="753" count="0" type="stmt"/>
        <line num="754" count="0" type="cond" truecount="0" falsecount="2"/>
        <line num="764" count="35" type="stmt"/>
        <line num="765" count="0" type="stmt"/>
        <line num="766" count="0" type="stmt"/>
        <line num="767" count="0" type="stmt"/>
        <line num="770" count="0" type="cond" truecount="0" falsecount="5"/>
        <line num="771" count="0" type="stmt"/>
        <line num="772" count="0" type="cond" truecount="0" falsecount="2"/>
        <line num="774" count="0" type="cond" truecount="0" falsecount="5"/>
        <line num="775" count="0" type="stmt"/>
        <line num="776" count="0" type="stmt"/>
        <line num="777" count="0" type="stmt"/>
        <line num="778" count="0" type="stmt"/>
        <line num="782" count="0" type="stmt"/>
        <line num="783" count="0" type="cond" truecount="0" falsecount="2"/>
        <line num="784" count="0" type="stmt"/>
        <line num="785" count="0" type="stmt"/>
        <line num="797" count="0" type="stmt"/>
        <line num="798" count="0" type="cond" truecount="0" falsecount="4"/>
        <line num="799" count="0" type="cond" truecount="0" falsecount="10"/>
        <line num="800" count="0" type="cond" truecount="0" falsecount="10"/>
        <line num="801" count="0" type="cond" truecount="0" falsecount="6"/>
        <line num="802" count="0" type="cond" truecount="0" falsecount="2"/>
        <line num="803" count="0" type="stmt"/>
        <line num="810" count="0" type="stmt"/>
        <line num="813" count="35" type="stmt"/>
        <line num="814" count="0" type="cond" truecount="0" falsecount="2"/>
        <line num="815" count="0" type="cond" truecount="0" falsecount="2"/>
        <line num="821" count="35" type="stmt"/>
        <line num="822" count="0" type="cond" truecount="0" falsecount="2"/>
        <line num="823" count="0" type="stmt"/>
        <line num="824" count="0" type="stmt"/>
        <line num="825" count="0" type="stmt"/>
        <line num="826" count="0" type="stmt"/>
        <line num="828" count="0" type="stmt"/>
        <line num="829" count="0" type="cond" truecount="0" falsecount="2"/>
        <line num="830" count="0" type="cond" truecount="0" falsecount="4"/>
        <line num="831" count="0" type="stmt"/>
        <line num="833" count="0" type="stmt"/>
        <line num="840" count="0" type="stmt"/>
        <line num="843" count="35" type="stmt"/>
        <line num="844" count="0" type="cond" truecount="0" falsecount="2"/>
        <line num="850" count="35" type="stmt"/>
        <line num="851" count="35" type="stmt"/>
        <line num="852" count="35" type="stmt"/>
        <line num="853" count="35" type="stmt"/>
        <line num="855" count="35" type="stmt"/>
        <line num="856" count="0" type="cond" truecount="0" falsecount="2"/>
        <line num="857" count="0" type="cond" truecount="0" falsecount="2"/>
        <line num="858" count="0" type="stmt"/>
        <line num="860" count="0" type="stmt"/>
        <line num="861" count="0" type="cond" truecount="0" falsecount="6"/>
        <line num="862" count="0" type="stmt"/>
        <line num="868" count="0" type="stmt"/>
        <line num="871" count="0" type="cond" truecount="0" falsecount="5"/>
        <line num="872" count="0" type="cond" truecount="0" falsecount="2"/>
        <line num="873" count="0" type="stmt"/>
        <line num="879" count="0" type="stmt"/>
        <line num="883" count="0" type="stmt"/>
        <line num="885" count="0" type="stmt"/>
        <line num="888" count="35" type="stmt"/>
        <line num="889" count="0" type="stmt"/>
        <line num="890" count="0" type="stmt"/>
        <line num="892" count="35" type="stmt"/>
        <line num="893" count="35" type="stmt"/>
        <line num="894" count="35" type="stmt"/>
        <line num="895" count="35" type="stmt"/>
        <line num="896" count="0" type="stmt"/>
        <line num="898" count="35" type="stmt"/>
        <line num="899" count="35" type="stmt"/>
        <line num="900" count="35" type="stmt"/>
        <line num="901" count="35" type="stmt"/>
        <line num="902" count="35" type="stmt"/>
        <line num="907" count="35" type="stmt"/>
        <line num="914" count="35" type="stmt"/>
        <line num="915" count="35" type="stmt"/>
        <line num="916" count="0" type="cond" truecount="0" falsecount="2"/>
        <line num="917" count="0" type="stmt"/>
        <line num="918" count="0" type="stmt"/>
        <line num="919" count="0" type="stmt"/>
        <line num="921" count="0" type="cond" truecount="0" falsecount="2"/>
        <line num="922" count="0" type="cond" truecount="0" falsecount="8"/>
        <line num="923" count="0" type="stmt"/>
        <line num="927" count="0" type="cond" truecount="0" falsecount="2"/>
        <line num="928" count="0" type="stmt"/>
        <line num="930" count="0" type="stmt"/>
        <line num="931" count="0" type="cond" truecount="0" falsecount="5"/>
        <line num="932" count="0" type="stmt"/>
        <line num="938" count="35" type="stmt"/>
        <line num="939" count="0" type="cond" truecount="0" falsecount="4"/>
        <line num="940" count="0" type="stmt"/>
        <line num="945" count="35" type="stmt"/>
        <line num="946" count="0" type="cond" truecount="0" falsecount="4"/>
        <line num="947" count="0" type="stmt"/>
        <line num="948" count="0" type="stmt"/>
        <line num="950" count="0" type="cond" truecount="0" falsecount="5"/>
        <line num="951" count="0" type="stmt"/>
        <line num="954" count="35" type="stmt"/>
        <line num="955" count="35" type="stmt"/>
        <line num="956" count="0" type="stmt"/>
        <line num="960" count="35" type="stmt"/>
        <line num="961" count="35" type="stmt"/>
        <line num="963" count="35" type="stmt"/>
        <line num="964" count="0" type="cond" truecount="0" falsecount="2"/>
        <line num="965" count="0" type="stmt"/>
        <line num="966" count="0" type="stmt"/>
        <line num="967" count="0" type="cond" truecount="0" falsecount="2"/>
        <line num="970" count="35" type="stmt"/>
        <line num="971" count="35" type="stmt"/>
        <line num="972" count="35" type="stmt"/>
        <line num="977" count="35" type="stmt"/>
        <line num="978" count="0" type="cond" truecount="0" falsecount="2"/>
        <line num="979" count="0" type="stmt"/>
        <line num="980" count="0" type="stmt"/>
        <line num="981" count="0" type="cond" truecount="0" falsecount="4"/>
        <line num="982" count="0" type="cond" truecount="0" falsecount="2"/>
        <line num="983" count="0" type="cond" truecount="0" falsecount="2"/>
        <line num="986" count="35" type="stmt"/>
        <line num="987" count="2" type="cond" truecount="1" falsecount="1"/>
        <line num="988" count="2" type="cond" truecount="1" falsecount="1"/>
        <line num="989" count="2" type="stmt"/>
        <line num="990" count="2" type="cond" truecount="1" falsecount="1"/>
        <line num="991" count="2" type="stmt"/>
        <line num="992" count="2" type="stmt"/>
        <line num="993" count="2" type="stmt"/>
        <line num="1001" count="35" type="stmt"/>
        <line num="1003" count="35" type="stmt"/>
        <line num="1004" count="0" type="stmt"/>
        <line num="1005" count="0" type="cond" truecount="0" falsecount="5"/>
        <line num="1006" count="0" type="stmt"/>
        <line num="1008" count="0" type="cond" truecount="0" falsecount="2"/>
        <line num="1009" count="0" type="stmt"/>
        <line num="1010" count="0" type="cond" truecount="0" falsecount="2"/>
        <line num="1011" count="0" type="stmt"/>
        <line num="1012" count="0" type="stmt"/>
        <line num="1017" count="35" type="stmt"/>
        <line num="1020" count="35" type="stmt"/>
        <line num="1021" count="0" type="stmt"/>
        <line num="1022" count="0" type="cond" truecount="0" falsecount="2"/>
        <line num="1023" count="0" type="stmt"/>
        <line num="1029" count="35" type="stmt"/>
        <line num="1030" count="0" type="stmt"/>
        <line num="1034" count="0" type="cond" truecount="0" falsecount="2"/>
        <line num="1035" count="0" type="stmt"/>
        <line num="1046" count="35" type="stmt"/>
        <line num="1051" count="35" type="stmt"/>
        <line num="1058" count="35" type="stmt"/>
        <line num="1065" count="35" type="stmt"/>
        <line num="1077" count="35" type="stmt"/>
        <line num="1078" count="35" type="stmt"/>
        <line num="1079" count="35" type="cond" truecount="0" falsecount="4"/>
        <line num="1080" count="35" type="stmt"/>
        <line num="1081" count="0" type="stmt"/>
        <line num="1082" count="0" type="cond" truecount="0" falsecount="2"/>
        <line num="1084" count="35" type="stmt"/>
        <line num="1086" count="35" type="stmt"/>
        <line num="1087" count="0" type="stmt"/>
        <line num="1088" count="0" type="stmt"/>
        <line num="1089" count="0" type="stmt"/>
        <line num="1093" count="35" type="stmt"/>
        <line num="1098" count="35" type="stmt"/>
        <line num="1099" count="0" type="stmt"/>
        <line num="1100" count="0" type="stmt"/>
        <line num="1101" count="0" type="stmt"/>
        <line num="1104" count="35" type="stmt"/>
        <line num="1105" count="0" type="stmt"/>
        <line num="1106" count="0" type="stmt"/>
        <line num="1107" count="0" type="stmt"/>
        <line num="1113" count="35" type="stmt"/>
        <line num="1114" count="2" type="cond" truecount="1" falsecount="1"/>
        <line num="1116" count="2" type="cond" truecount="1" falsecount="1"/>
        <line num="1117" count="2" type="cond" truecount="2" falsecount="0"/>
        <line num="1122" count="1" type="cond" truecount="1" falsecount="1"/>
        <line num="1123" count="1" type="cond" truecount="1" falsecount="1"/>
        <line num="1124" count="1" type="stmt"/>
        <line num="1128" count="35" type="stmt"/>
        <line num="1129" count="0" type="cond" truecount="0" falsecount="2"/>
        <line num="1131" count="35" type="stmt"/>
        <line num="1132" count="0" type="cond" truecount="0" falsecount="2"/>
        <line num="1134" count="35" type="stmt"/>
        <line num="1135" count="0" type="cond" truecount="0" falsecount="2"/>
        <line num="1140" count="35" type="stmt"/>
        <line num="1141" count="35" type="stmt"/>
        <line num="1143" count="35" type="stmt"/>
        <line num="1144" count="1" type="stmt"/>
        <line num="1145" count="1" type="stmt"/>
        <line num="1146" count="1" type="stmt"/>
        <line num="1147" count="1" type="stmt"/>
        <line num="1148" count="1" type="stmt"/>
        <line num="1153" count="1" type="stmt"/>
        <line num="1155" count="35" type="stmt"/>
        <line num="1156" count="1" type="stmt"/>
        <line num="1157" count="1" type="stmt"/>
        <line num="1158" count="1" type="stmt"/>
        <line num="1159" count="1" type="stmt"/>
        <line num="1160" count="1" type="stmt"/>
        <line num="1165" count="1" type="stmt"/>
        <line num="1177" count="35" type="stmt"/>
        <line num="1178" count="35" type="stmt"/>
        <line num="1179" count="0" type="stmt"/>
        <line num="1180" count="0" type="stmt"/>
        <line num="1182" count="35" type="stmt"/>
        <line num="1186" count="70" type="stmt"/>
        <line num="1187" count="0" type="cond" truecount="0" falsecount="2"/>
        <line num="1188" count="0" type="stmt"/>
        <line num="1189" count="0" type="stmt"/>
        <line num="1190" count="0" type="stmt"/>
        <line num="1192" count="70" type="stmt"/>
        <line num="1193" count="0" type="cond" truecount="0" falsecount="2"/>
        <line num="1194" count="0" type="cond" truecount="0" falsecount="2"/>
        <line num="1195" count="0" type="stmt"/>
        <line num="1196" count="0" type="stmt"/>
        <line num="1198" count="0" type="cond" truecount="0" falsecount="4"/>
        <line num="1200" count="0" type="stmt"/>
        <line num="1205" count="35" type="stmt"/>
        <line num="1206" count="35" type="stmt"/>
        <line num="1208" count="35" type="stmt"/>
        <line num="1209" count="0" type="stmt"/>
        <line num="1210" count="0" type="stmt"/>
        <line num="1211" count="0" type="stmt"/>
        <line num="1212" count="0" type="stmt"/>
        <line num="1213" count="0" type="stmt"/>
        <line num="1221" count="0" type="stmt"/>
        <line num="1222" count="0" type="stmt"/>
        <line num="1224" count="35" type="stmt"/>
        <line num="1225" count="0" type="stmt"/>
        <line num="1226" count="0" type="stmt"/>
        <line num="1227" count="0" type="stmt"/>
        <line num="1228" count="0" type="stmt"/>
        <line num="1229" count="0" type="stmt"/>
        <line num="1237" count="0" type="stmt"/>
        <line num="1238" count="0" type="stmt"/>
        <line num="1241" count="35" type="stmt"/>
        <line num="1242" count="0" type="cond" truecount="0" falsecount="2"/>
        <line num="1243" count="0" type="stmt"/>
        <line num="1244" count="0" type="cond" truecount="0" falsecount="2"/>
        <line num="1247" count="0" type="cond" truecount="0" falsecount="2"/>
        <line num="1251" count="35" type="stmt"/>
        <line num="1252" count="0" type="cond" truecount="0" falsecount="2"/>
        <line num="1253" count="0" type="stmt"/>
        <line num="1254" count="0" type="cond" truecount="0" falsecount="2"/>
        <line num="1256" count="0" type="cond" truecount="0" falsecount="2"/>
        <line num="1257" count="0" type="cond" truecount="0" falsecount="2"/>
        <line num="1261" count="35" type="stmt"/>
        <line num="1262" count="0" type="cond" truecount="0" falsecount="2"/>
        <line num="1263" count="0" type="stmt"/>
        <line num="1265" count="0" type="cond" truecount="0" falsecount="5"/>
        <line num="1266" count="0" type="cond" truecount="0" falsecount="2"/>
        <line num="1271" count="35" type="stmt"/>
        <line num="1272" count="0" type="stmt"/>
        <line num="1273" count="0" type="stmt"/>
        <line num="1274" count="0" type="stmt"/>
        <line num="1275" count="0" type="stmt"/>
        <line num="1276" count="0" type="stmt"/>
        <line num="1288" count="0" type="stmt"/>
        <line num="1289" count="0" type="stmt"/>
        <line num="1292" count="35" type="stmt"/>
        <line num="1293" count="0" type="stmt"/>
        <line num="1294" count="0" type="stmt"/>
        <line num="1295" count="0" type="stmt"/>
        <line num="1296" count="0" type="stmt"/>
        <line num="1297" count="0" type="stmt"/>
        <line num="1309" count="0" type="stmt"/>
        <line num="1310" count="0" type="stmt"/>
        <line num="1314" count="35" type="stmt"/>
        <line num="1315" count="0" type="cond" truecount="0" falsecount="2"/>
        <line num="1316" count="0" type="stmt"/>
        <line num="1318" count="0" type="stmt"/>
        <line num="1319" count="0" type="cond" truecount="0" falsecount="2"/>
        <line num="1320" count="0" type="stmt"/>
        <line num="1322" count="0" type="cond" truecount="0" falsecount="2"/>
        <line num="1326" count="35" type="stmt"/>
        <line num="1327" count="0" type="cond" truecount="0" falsecount="2"/>
        <line num="1328" count="0" type="stmt"/>
        <line num="1330" count="0" type="stmt"/>
        <line num="1331" count="0" type="cond" truecount="0" falsecount="2"/>
        <line num="1332" count="0" type="stmt"/>
        <line num="1334" count="0" type="cond" truecount="0" falsecount="2"/>
        <line num="1335" count="0" type="cond" truecount="0" falsecount="2"/>
        <line num="1338" count="35" type="stmt"/>
        <line num="1339" count="0" type="cond" truecount="0" falsecount="2"/>
        <line num="1340" count="0" type="stmt"/>
        <line num="1342" count="0" type="cond" truecount="0" falsecount="2"/>
        <line num="1343" count="0" type="stmt"/>
        <line num="1344" count="0" type="stmt"/>
        <line num="1345" count="0" type="cond" truecount="0" falsecount="2"/>
        <line num="1346" count="0" type="stmt"/>
        <line num="1347" count="0" type="cond" truecount="0" falsecount="2"/>
        <line num="1348" count="0" type="cond" truecount="0" falsecount="3"/>
        <line num="1352" count="0" type="cond" truecount="0" falsecount="2"/>
        <line num="1353" count="0" type="cond" truecount="0" falsecount="3"/>
        <line num="1358" count="35" type="stmt"/>
        <line num="1359" count="0" type="cond" truecount="0" falsecount="2"/>
        <line num="1360" count="0" type="stmt"/>
        <line num="1361" count="0" type="stmt"/>
        <line num="1364" count="35" type="stmt"/>
        <line num="1365" count="0" type="cond" truecount="0" falsecount="2"/>
        <line num="1366" count="0" type="stmt"/>
        <line num="1367" count="0" type="stmt"/>
        <line num="1368" count="0" type="cond" truecount="0" falsecount="2"/>
        <line num="1369" count="0" type="stmt"/>
        <line num="1370" count="0" type="cond" truecount="0" falsecount="2"/>
        <line num="1371" count="0" type="stmt"/>
        <line num="1382" count="35" type="stmt"/>
        <line num="1383" count="0" type="cond" truecount="0" falsecount="2"/>
        <line num="1384" count="0" type="stmt"/>
        <line num="1385" count="0" type="stmt"/>
        <line num="1386" count="0" type="cond" truecount="0" falsecount="2"/>
        <line num="1388" count="0" type="stmt"/>
        <line num="1389" count="0" type="cond" truecount="0" falsecount="3"/>
        <line num="1390" count="0" type="stmt"/>
        <line num="1391" count="0" type="stmt"/>
        <line num="1403" count="35" type="stmt"/>
        <line num="1404" count="0" type="cond" truecount="0" falsecount="2"/>
        <line num="1405" count="0" type="stmt"/>
        <line num="1406" count="0" type="stmt"/>
        <line num="1409" count="35" type="stmt"/>
        <line num="1410" count="0" type="cond" truecount="0" falsecount="2"/>
        <line num="1411" count="0" type="stmt"/>
        <line num="1412" count="0" type="stmt"/>
        <line num="1413" count="0" type="cond" truecount="0" falsecount="2"/>
        <line num="1414" count="0" type="stmt"/>
        <line num="1415" count="0" type="cond" truecount="0" falsecount="2"/>
        <line num="1416" count="0" type="stmt"/>
        <line num="1427" count="35" type="stmt"/>
        <line num="1428" count="0" type="cond" truecount="0" falsecount="2"/>
        <line num="1429" count="0" type="stmt"/>
        <line num="1430" count="0" type="stmt"/>
        <line num="1431" count="0" type="cond" truecount="0" falsecount="2"/>
        <line num="1432" count="0" type="stmt"/>
        <line num="1433" count="0" type="cond" truecount="0" falsecount="3"/>
        <line num="1434" count="0" type="stmt"/>
        <line num="1435" count="0" type="stmt"/>
        <line num="1447" count="35" type="stmt"/>
        <line num="1448" count="0" type="cond" truecount="0" falsecount="2"/>
        <line num="1449" count="0" type="stmt"/>
        <line num="1450" count="0" type="stmt"/>
        <line num="1453" count="35" type="stmt"/>
        <line num="1454" count="0" type="cond" truecount="0" falsecount="2"/>
        <line num="1455" count="0" type="stmt"/>
        <line num="1456" count="0" type="stmt"/>
        <line num="1457" count="0" type="cond" truecount="0" falsecount="2"/>
        <line num="1458" count="0" type="stmt"/>
        <line num="1459" count="0" type="cond" truecount="0" falsecount="2"/>
        <line num="1460" count="0" type="stmt"/>
        <line num="1471" count="35" type="stmt"/>
        <line num="1472" count="0" type="cond" truecount="0" falsecount="2"/>
        <line num="1473" count="0" type="stmt"/>
        <line num="1474" count="0" type="stmt"/>
        <line num="1475" count="0" type="cond" truecount="0" falsecount="2"/>
        <line num="1476" count="0" type="stmt"/>
        <line num="1477" count="0" type="cond" truecount="0" falsecount="3"/>
        <line num="1478" count="0" type="stmt"/>
        <line num="1479" count="0" type="stmt"/>
        <line num="1491" count="35" type="stmt"/>
        <line num="1492" count="0" type="cond" truecount="0" falsecount="2"/>
        <line num="1493" count="0" type="stmt"/>
        <line num="1494" count="0" type="stmt"/>
        <line num="1497" count="35" type="stmt"/>
        <line num="1498" count="0" type="cond" truecount="0" falsecount="2"/>
        <line num="1499" count="0" type="stmt"/>
        <line num="1500" count="0" type="stmt"/>
        <line num="1501" count="0" type="cond" truecount="0" falsecount="2"/>
        <line num="1502" count="0" type="stmt"/>
        <line num="1503" count="0" type="cond" truecount="0" falsecount="2"/>
        <line num="1504" count="0" type="stmt"/>
        <line num="1515" count="35" type="stmt"/>
        <line num="1516" count="0" type="cond" truecount="0" falsecount="2"/>
        <line num="1517" count="0" type="stmt"/>
        <line num="1518" count="0" type="stmt"/>
        <line num="1519" count="0" type="cond" truecount="0" falsecount="2"/>
        <line num="1520" count="0" type="stmt"/>
        <line num="1521" count="0" type="cond" truecount="0" falsecount="3"/>
        <line num="1522" count="0" type="stmt"/>
        <line num="1523" count="0" type="stmt"/>
        <line num="1534" count="35" type="stmt"/>
        <line num="1536" count="0" type="stmt"/>
        <line num="1537" count="0" type="cond" truecount="0" falsecount="2"/>
        <line num="1538" count="0" type="stmt"/>
        <line num="1539" count="0" type="stmt"/>
        <line num="1540" count="0" type="cond" truecount="0" falsecount="2"/>
        <line num="1541" count="0" type="stmt"/>
        <line num="1556" count="35" type="stmt"/>
        <line num="1563" count="35" type="stmt"/>
        <line num="1564" count="0" type="cond" truecount="0" falsecount="4"/>
        <line num="1565" count="0" type="cond" truecount="0" falsecount="6"/>
        <line num="1566" count="0" type="stmt"/>
        <line num="1568" count="35" type="stmt"/>
        <line num="1569" count="0" type="cond" truecount="0" falsecount="4"/>
        <line num="1570" count="0" type="stmt"/>
        <line num="1571" count="0" type="cond" truecount="0" falsecount="2"/>
        <line num="1572" count="0" type="stmt"/>
        <line num="1573" count="0" type="cond" truecount="0" falsecount="4"/>
        <line num="1578" count="0" type="cond" truecount="0" falsecount="2"/>
        <line num="1581" count="0" type="cond" truecount="0" falsecount="4"/>
        <line num="1582" count="0" type="cond" truecount="0" falsecount="4"/>
        <line num="1584" count="35" type="stmt"/>
        <line num="1586" count="0" type="cond" truecount="0" falsecount="6"/>
        <line num="1587" count="0" type="stmt"/>
        <line num="1589" count="0" type="cond" truecount="0" falsecount="4"/>
        <line num="1593" count="35" type="stmt"/>
        <line num="1594" count="2" type="cond" truecount="4" falsecount="0"/>
        <line num="1595" count="2" type="cond" truecount="4" falsecount="0"/>
        <line num="1599" count="35" type="stmt"/>
        <line num="1600" count="0" type="stmt"/>
        <line num="1601" count="0" type="cond" truecount="0" falsecount="2"/>
        <line num="1602" count="0" type="stmt"/>
        <line num="1603" count="0" type="cond" truecount="0" falsecount="2"/>
        <line num="1604" count="0" type="stmt"/>
        <line num="1606" count="0" type="cond" truecount="0" falsecount="2"/>
        <line num="1607" count="0" type="stmt"/>
        <line num="1612" count="35" type="stmt"/>
        <line num="1613" count="0" type="cond" truecount="0" falsecount="4"/>
        <line num="1614" count="0" type="stmt"/>
        <line num="1615" count="0" type="cond" truecount="0" falsecount="4"/>
        <line num="1616" count="0" type="stmt"/>
        <line num="1618" count="0" type="cond" truecount="0" falsecount="2"/>
        <line num="1619" count="0" type="stmt"/>
        <line num="1624" count="35" type="stmt"/>
        <line num="1625" count="0" type="cond" truecount="0" falsecount="4"/>
        <line num="1626" count="0" type="stmt"/>
        <line num="1627" count="0" type="cond" truecount="0" falsecount="4"/>
        <line num="1628" count="0" type="stmt"/>
        <line num="1630" count="0" type="cond" truecount="0" falsecount="2"/>
        <line num="1631" count="0" type="stmt"/>
        <line num="1636" count="35" type="stmt"/>
        <line num="1637" count="0" type="stmt"/>
        <line num="1638" count="0" type="cond" truecount="0" falsecount="2"/>
        <line num="1639" count="0" type="stmt"/>
        <line num="1640" count="0" type="cond" truecount="0" falsecount="2"/>
        <line num="1641" count="0" type="stmt"/>
        <line num="1642" count="0" type="cond" truecount="0" falsecount="2"/>
        <line num="1643" count="0" type="stmt"/>
        <line num="1645" count="0" type="cond" truecount="0" falsecount="2"/>
        <line num="1646" count="0" type="stmt"/>
        <line num="1651" count="35" type="stmt"/>
        <line num="1652" count="0" type="stmt"/>
        <line num="1653" count="0" type="stmt"/>
        <line num="1656" count="35" type="stmt"/>
        <line num="1657" count="0" type="cond" truecount="0" falsecount="2"/>
        <line num="1658" count="0" type="stmt"/>
        <line num="1659" count="0" type="stmt"/>
        <line num="1660" count="0" type="cond" truecount="0" falsecount="2"/>
        <line num="1661" count="0" type="stmt"/>
        <line num="1662" count="0" type="cond" truecount="0" falsecount="2"/>
        <line num="1663" count="0" type="stmt"/>
        <line num="1674" count="35" type="stmt"/>
      </file>
      <file name="attributes-api.js" path="/Users/siddharthaampolu/46 Bridge info system V3/BridgeManagement/srv/attributes-api.js">
        <metrics statements="289" coveredstatements="28" conditionals="203" coveredconditionals="3" methods="45" coveredmethods="1"/>
        <line num="15" count="35" type="stmt"/>
        <line num="16" count="35" type="stmt"/>
        <line num="17" count="35" type="stmt"/>
        <line num="19" count="35" type="stmt"/>
        <line num="22" count="35" type="stmt"/>
        <line num="29" count="0" type="cond" truecount="0" falsecount="2"/>
        <line num="30" count="0" type="cond" truecount="0" falsecount="3"/>
        <line num="35" count="35" type="stmt"/>
        <line num="37" count="35" type="stmt"/>
        <line num="38" count="35" type="stmt"/>
        <line num="43" count="35" type="stmt"/>
        <line num="44" count="35" type="stmt"/>
        <line num="45" count="0" type="stmt"/>
        <line num="46" count="0" type="cond" truecount="0" falsecount="2"/>
        <line num="48" count="35" type="stmt"/>
        <line num="49" count="0" type="stmt"/>
        <line num="53" count="0" type="stmt"/>
        <line num="54" count="0" type="stmt"/>
        <line num="55" count="0" type="stmt"/>
        <line num="56" count="0" type="stmt"/>
        <line num="57" count="0" type="stmt"/>
        <line num="67" count="0" type="stmt"/>
        <line num="72" count="35" type="stmt"/>
        <line num="73" count="35" type="stmt"/>
        <line num="74" count="35" type="stmt"/>
        <line num="80" count="35" type="stmt"/>
        <line num="81" count="0" type="stmt"/>
        <line num="82" count="0" type="cond" truecount="0" falsecount="2"/>
        <line num="83" count="0" type="stmt"/>
        <line num="84" count="0" type="stmt"/>
        <line num="85" count="0" type="stmt"/>
        <line num="86" count="0" type="cond" truecount="0" falsecount="2"/>
        <line num="87" count="0" type="stmt"/>
        <line num="91" count="0" type="cond" truecount="0" falsecount="2"/>
        <line num="93" count="0" type="stmt"/>
        <line num="95" count="0" type="cond" truecount="0" falsecount="2"/>
        <line num="97" count="0" type="cond" truecount="0" falsecount="2"/>
        <line num="103" count="35" type="stmt"/>
        <line num="104" count="0" type="stmt"/>
        <line num="105" count="0" type="stmt"/>
        <line num="106" count="0" type="stmt"/>
        <line num="111" count="0" type="stmt"/>
        <line num="112" count="0" type="stmt"/>
        <line num="113" count="0" type="stmt"/>
        <line num="114" count="0" type="stmt"/>
        <line num="116" count="0" type="cond" truecount="0" falsecount="2"/>
        <line num="124" count="35" type="stmt"/>
        <line num="125" count="0" type="stmt"/>
        <line num="126" count="0" type="cond" truecount="0" falsecount="2"/>
        <line num="127" count="0" type="stmt"/>
        <line num="128" count="0" type="stmt"/>
        <line num="129" count="0" type="stmt"/>
        <line num="130" count="0" type="stmt"/>
        <line num="131" count="0" type="stmt"/>
        <line num="132" count="0" type="cond" truecount="0" falsecount="2"/>
        <line num="133" count="0" type="stmt"/>
        <line num="138" count="0" type="stmt"/>
        <line num="140" count="0" type="cond" truecount="0" falsecount="2"/>
        <line num="145" count="35" type="stmt"/>
        <line num="146" count="0" type="stmt"/>
        <line num="147" count="0" type="stmt"/>
        <line num="148" count="0" type="stmt"/>
        <line num="149" count="0" type="stmt"/>
        <line num="150" count="0" type="stmt"/>
        <line num="151" count="0" type="stmt"/>
        <line num="152" count="0" type="cond" truecount="0" falsecount="6"/>
        <line num="154" count="0" type="stmt"/>
        <line num="156" count="0" type="cond" truecount="0" falsecount="2"/>
        <line num="162" count="35" type="stmt"/>
        <line num="163" count="0" type="stmt"/>
        <line num="164" count="0" type="cond" truecount="0" falsecount="2"/>
        <line num="165" count="0" type="stmt"/>
        <line num="166" count="0" type="stmt"/>
        <line num="169" count="0" type="stmt"/>
        <line num="170" count="0" type="stmt"/>
        <line num="171" count="0" type="stmt"/>
        <line num="172" count="0" type="stmt"/>
        <line num="173" count="0" type="stmt"/>
        <line num="177" count="0" type="stmt"/>
        <line num="178" count="0" type="stmt"/>
        <line num="180" count="0" type="stmt"/>
        <line num="181" count="0" type="stmt"/>
        <line num="182" count="0" type="cond" truecount="0" falsecount="2"/>
        <line num="183" count="0" type="stmt"/>
        <line num="184" count="0" type="stmt"/>
        <line num="189" count="0" type="cond" truecount="0" falsecount="6"/>
        <line num="190" count="0" type="stmt"/>
        <line num="191" count="0" type="cond" truecount="0" falsecount="2"/>
        <line num="192" count="0" type="stmt"/>
        <line num="193" count="0" type="cond" truecount="0" falsecount="2"/>
        <line num="197" count="0" type="cond" truecount="0" falsecount="5"/>
        <line num="198" count="0" type="stmt"/>
        <line num="200" count="0" type="cond" truecount="0" falsecount="5"/>
        <line num="201" count="0" type="stmt"/>
        <line num="203" count="0" type="stmt"/>
        <line num="205" count="0" type="stmt"/>
        <line num="212" count="0" type="stmt"/>
        <line num="213" count="0" type="cond" truecount="0" falsecount="2"/>
        <line num="214" count="0" type="stmt"/>
        <line num="215" count="0" type="stmt"/>
        <line num="216" count="0" type="stmt"/>
        <line num="217" count="0" type="cond" truecount="0" falsecount="6"/>
        <line num="218" count="0" type="cond" truecount="0" falsecount="3"/>
        <line num="219" count="0" type="stmt"/>
        <line num="220" count="0" type="stmt"/>
        <line num="221" count="0" type="cond" truecount="0" falsecount="2"/>
        <line num="222" count="0" type="stmt"/>
        <line num="223" count="0" type="cond" truecount="0" falsecount="2"/>
        <line num="224" count="0" type="cond" truecount="0" falsecount="2"/>
        <line num="229" count="0" type="cond" truecount="0" falsecount="2"/>
        <line num="231" count="0" type="stmt"/>
        <line num="232" count="0" type="stmt"/>
        <line num="233" count="0" type="stmt"/>
        <line num="235" count="0" type="cond" truecount="0" falsecount="2"/>
        <line num="240" count="35" type="stmt"/>
        <line num="241" count="0" type="stmt"/>
        <line num="242" count="0" type="stmt"/>
        <line num="243" count="0" type="stmt"/>
        <line num="244" count="0" type="stmt"/>
        <line num="245" count="0" type="cond" truecount="0" falsecount="2"/>
        <line num="247" count="0" type="stmt"/>
        <line num="248" count="0" type="stmt"/>
        <line num="250" count="0" type="stmt"/>
        <line num="251" count="0" type="stmt"/>
        <line num="269" count="0" type="stmt"/>
        <line num="270" count="0" type="stmt"/>
        <line num="275" count="0" type="stmt"/>
        <line num="277" count="0" type="cond" truecount="0" falsecount="2"/>
        <line num="282" count="35" type="stmt"/>
        <line num="283" count="0" type="stmt"/>
        <line num="284" count="0" type="stmt"/>
        <line num="285" count="0" type="stmt"/>
        <line num="286" count="0" type="stmt"/>
        <line num="291" count="0" type="stmt"/>
        <line num="293" count="0" type="cond" truecount="0" falsecount="2"/>
        <line num="298" count="35" type="stmt"/>
        <line num="299" count="0" type="cond" truecount="0" falsecount="1"/>
        <line num="300" count="0" type="cond" truecount="0" falsecount="2"/>
        <line num="301" count="0" type="stmt"/>
        <line num="302" count="0" type="stmt"/>
        <line num="303" count="0" type="stmt"/>
        <line num="304" count="0" type="cond" truecount="0" falsecount="2"/>
        <line num="305" count="0" type="stmt"/>
        <line num="308" count="0" type="cond" truecount="0" falsecount="2"/>
        <line num="309" count="0" type="stmt"/>
        <line num="310" count="0" type="cond" truecount="0" falsecount="2"/>
        <line num="312" count="0" type="stmt"/>
        <line num="313" count="0" type="stmt"/>
        <line num="316" count="0" type="stmt"/>
        <line num="317" count="0" type="stmt"/>
        <line num="318" count="0" type="stmt"/>
        <line num="321" count="0" type="stmt"/>
        <line num="331" count="0" type="stmt"/>
        <line num="337" count="0" type="stmt"/>
        <line num="340" count="0" type="stmt"/>
        <line num="341" count="0" type="stmt"/>
        <line num="342" count="0" type="stmt"/>
        <line num="344" count="0" type="cond" truecount="0" falsecount="2"/>
        <line num="345" count="0" type="stmt"/>
        <line num="346" count="0" type="stmt"/>
        <line num="347" count="0" type="stmt"/>
        <line num="348" count="0" type="stmt"/>
        <line num="351" count="0" type="stmt"/>
        <line num="352" count="0" type="stmt"/>
        <line num="353" count="0" type="stmt"/>
        <line num="354" count="0" type="stmt"/>
        <line num="356" count="0" type="cond" truecount="0" falsecount="2"/>
        <line num="363" count="35" type="stmt"/>
        <line num="364" count="0" type="stmt"/>
        <line num="365" count="0" type="cond" truecount="0" falsecount="3"/>
        <line num="366" count="0" type="cond" truecount="0" falsecount="2"/>
        <line num="367" count="0" type="cond" truecount="0" falsecount="2"/>
        <line num="369" count="0" type="stmt"/>
        <line num="370" count="0" type="stmt"/>
        <line num="371" count="0" type="stmt"/>
        <line num="372" count="0" type="stmt"/>
        <line num="373" count="0" type="stmt"/>
        <line num="376" count="0" type="stmt"/>
        <line num="377" count="0" type="stmt"/>
        <line num="378" count="0" type="cond" truecount="0" falsecount="2"/>
        <line num="379" count="0" type="cond" truecount="0" falsecount="2"/>
        <line num="381" count="0" type="stmt"/>
        <line num="382" count="0" type="cond" truecount="0" falsecount="2"/>
        <line num="385" count="0" type="cond" truecount="0" falsecount="2"/>
        <line num="386" count="0" type="cond" truecount="0" falsecount="2"/>
        <line num="389" count="0" type="stmt"/>
        <line num="390" count="0" type="stmt"/>
        <line num="391" count="0" type="cond" truecount="0" falsecount="2"/>
        <line num="392" count="0" type="cond" truecount="0" falsecount="2"/>
        <line num="393" count="0" type="stmt"/>
        <line num="394" count="0" type="cond" truecount="0" falsecount="4"/>
        <line num="395" count="0" type="stmt"/>
        <line num="399" count="0" type="stmt"/>
        <line num="400" count="0" type="cond" truecount="0" falsecount="2"/>
        <line num="403" count="0" type="cond" truecount="0" falsecount="2"/>
        <line num="404" count="0" type="cond" truecount="0" falsecount="2"/>
        <line num="405" count="0" type="cond" truecount="0" falsecount="2"/>
        <line num="406" count="0" type="stmt"/>
        <line num="407" count="0" type="stmt"/>
        <line num="409" count="0" type="stmt"/>
        <line num="410" count="0" type="stmt"/>
        <line num="411" count="0" type="stmt"/>
        <line num="413" count="0" type="stmt"/>
        <line num="414" count="0" type="stmt"/>
        <line num="415" count="0" type="cond" truecount="0" falsecount="2"/>
        <line num="416" count="0" type="cond" truecount="0" falsecount="2"/>
        <line num="418" count="0" type="stmt"/>
        <line num="419" count="0" type="cond" truecount="0" falsecount="2"/>
        <line num="420" count="0" type="stmt"/>
        <line num="421" count="0" type="stmt"/>
        <line num="424" count="0" type="stmt"/>
        <line num="425" count="0" type="stmt"/>
        <line num="427" count="0" type="stmt"/>
        <line num="428" count="0" type="stmt"/>
        <line num="429" count="0" type="cond" truecount="0" falsecount="4"/>
        <line num="430" count="0" type="stmt"/>
        <line num="431" count="0" type="stmt"/>
        <line num="432" count="0" type="stmt"/>
        <line num="433" count="0" type="stmt"/>
        <line num="434" count="0" type="cond" truecount="0" falsecount="5"/>
        <line num="435" count="0" type="stmt"/>
        <line num="436" count="0" type="stmt"/>
        <line num="438" count="0" type="cond" truecount="0" falsecount="5"/>
        <line num="439" count="0" type="stmt"/>
        <line num="440" count="0" type="cond" truecount="0" falsecount="2"/>
        <line num="441" count="0" type="stmt"/>
        <line num="442" count="0" type="cond" truecount="0" falsecount="2"/>
        <line num="445" count="0" type="stmt"/>
        <line num="447" count="0" type="stmt"/>
        <line num="451" count="0" type="cond" truecount="0" falsecount="2"/>
        <line num="452" count="0" type="stmt"/>
        <line num="453" count="0" type="cond" truecount="0" falsecount="2"/>
        <line num="454" count="0" type="stmt"/>
        <line num="455" count="0" type="stmt"/>
        <line num="460" count="0" type="stmt"/>
        <line num="461" count="0" type="stmt"/>
        <line num="465" count="0" type="stmt"/>
        <line num="466" count="0" type="stmt"/>
        <line num="467" count="0" type="stmt"/>
        <line num="468" count="0" type="stmt"/>
        <line num="469" count="0" type="cond" truecount="0" falsecount="2"/>
        <line num="470" count="0" type="cond" truecount="0" falsecount="2"/>
        <line num="473" count="0" type="stmt"/>
        <line num="474" count="0" type="stmt"/>
        <line num="478" count="0" type="cond" truecount="0" falsecount="2"/>
        <line num="483" count="35" type="stmt"/>
        <line num="484" count="0" type="cond" truecount="0" falsecount="1"/>
        <line num="485" count="0" type="cond" truecount="0" falsecount="2"/>
        <line num="486" count="0" type="stmt"/>
        <line num="487" count="0" type="stmt"/>
        <line num="488" count="0" type="stmt"/>
        <line num="490" count="0" type="cond" truecount="0" falsecount="2"/>
        <line num="491" count="0" type="cond" truecount="0" falsecount="2"/>
        <line num="494" count="0" type="stmt"/>
        <line num="496" count="0" type="stmt"/>
        <line num="497" count="0" type="stmt"/>
        <line num="502" count="0" type="stmt"/>
        <line num="503" count="0" type="stmt"/>
        <line num="504" count="0" type="cond" truecount="0" falsecount="2"/>
        <line num="505" count="0" type="cond" truecount="0" falsecount="6"/>
        <line num="506" count="0" type="cond" truecount="0" falsecount="2"/>
        <line num="509" count="0" type="stmt"/>
        <line num="510" count="0" type="stmt"/>
        <line num="511" count="0" type="cond" truecount="0" falsecount="2"/>
        <line num="512" count="0" type="stmt"/>
        <line num="513" count="0" type="cond" truecount="0" falsecount="2"/>
        <line num="514" count="0" type="cond" truecount="0" falsecount="2"/>
        <line num="518" count="0" type="stmt"/>
        <line num="519" count="0" type="stmt"/>
        <line num="520" count="0" type="stmt"/>
        <line num="521" count="0" type="stmt"/>
        <line num="522" count="0" type="stmt"/>
        <line num="524" count="0" type="cond" truecount="0" falsecount="2"/>
        <line num="525" count="0" type="stmt"/>
        <line num="526" count="0" type="stmt"/>
        <line num="527" count="0" type="stmt"/>
        <line num="528" count="0" type="stmt"/>
        <line num="531" count="0" type="stmt"/>
        <line num="532" count="0" type="stmt"/>
        <line num="533" count="0" type="stmt"/>
        <line num="534" count="0" type="stmt"/>
        <line num="536" count="0" type="cond" truecount="0" falsecount="2"/>
        <line num="543" count="35" type="cond" truecount="1" falsecount="1"/>
        <line num="545" count="0" type="stmt"/>
        <line num="546" count="35" type="cond" truecount="1" falsecount="1"/>
        <line num="548" count="0" type="stmt"/>
        <line num="551" count="35" type="cond" truecount="1" falsecount="1"/>
        <line num="553" count="0" type="stmt"/>
        <line num="555" count="35" type="stmt"/>
      </file>
      <file name="audit-log.js" path="/Users/siddharthaampolu/46 Bridge info system V3/BridgeManagement/srv/audit-log.js">
        <metrics statements="4" coveredstatements="4" conditionals="0" coveredconditionals="0" methods="2" coveredmethods="2"/>
        <line num="5" count="36" type="stmt"/>
        <line num="10" count="1048" type="stmt"/>
        <line num="15" count="24" type="stmt"/>
        <line num="18" count="36" type="stmt"/>
      </file>
      <file name="capacity-cardinality.js" path="/Users/siddharthaampolu/46 Bridge info system V3/BridgeManagement/srv/capacity-cardinality.js">
        <metrics statements="11" coveredstatements="11" conditionals="13" coveredconditionals="12" methods="7" coveredmethods="7"/>
        <line num="4" count="11" type="cond" truecount="3" falsecount="0"/>
        <line num="8" count="2" type="cond" truecount="1" falsecount="1"/>
        <line num="9" count="2" type="cond" truecount="2" falsecount="0"/>
        <line num="10" count="2" type="cond" truecount="2" falsecount="0"/>
        <line num="12" count="2" type="stmt"/>
        <line num="23" count="2" type="cond" truecount="2" falsecount="0"/>
        <line num="24" count="2" type="cond" truecount="2" falsecount="0"/>
        <line num="25" count="2" type="stmt"/>
        <line num="27" count="2" type="stmt"/>
        <line num="31" count="1" type="stmt"/>
        <line num="39" count="1" type="stmt"/>
      </file>
      <file name="demo-handler.js" path="/Users/siddharthaampolu/46 Bridge info system V3/BridgeManagement/srv/demo-handler.js">
        <metrics statements="48" coveredstatements="46" conditionals="38" coveredconditionals="30" methods="6" coveredmethods="6"/>
        <line num="3" count="35" type="stmt"/>
        <line num="13" count="35" type="stmt"/>
        <line num="630" count="35" type="stmt"/>
        <line num="632" count="60" type="cond" truecount="1" falsecount="1"/>
        <line num="633" count="60" type="stmt"/>
        <line num="634" count="60" type="cond" truecount="1" falsecount="1"/>
        <line num="635" count="60" type="stmt"/>
        <line num="636" count="60" type="cond" truecount="4" falsecount="2"/>
        <line num="637" count="60" type="cond" truecount="4" falsecount="0"/>
        <line num="638" count="60" type="cond" truecount="4" falsecount="0"/>
        <line num="639" count="60" type="cond" truecount="1" falsecount="1"/>
        <line num="640" count="60" type="cond" truecount="4" falsecount="0"/>
        <line num="642" count="60" type="stmt"/>
        <line num="651" count="2" type="stmt"/>
        <line num="652" count="2" type="stmt"/>
        <line num="653" count="60" type="stmt"/>
        <line num="654" count="300" type="stmt"/>
        <line num="663" count="2" type="stmt"/>
        <line num="666" count="35" type="stmt"/>
        <line num="668" count="35" type="stmt"/>
        <line num="669" count="2" type="cond" truecount="1" falsecount="1"/>
        <line num="670" count="2" type="stmt"/>
        <line num="671" count="2" type="stmt"/>
        <line num="673" count="2" type="stmt"/>
        <line num="675" count="2" type="stmt"/>
        <line num="676" count="2" type="stmt"/>
        <line num="679" count="2" type="stmt"/>
        <line num="680" count="60" type="stmt"/>
        <line num="688" count="2" type="stmt"/>
        <line num="691" count="2" type="stmt"/>
        <line num="692" count="2" type="cond" truecount="1" falsecount="1"/>
        <line num="695" count="2" type="stmt"/>
        <line num="700" count="2" type="stmt"/>
        <line num="701" count="2" type="stmt"/>
        <line num="703" count="0" type="stmt"/>
        <line num="707" count="35" type="stmt"/>
        <line num="708" count="1" type="cond" truecount="1" falsecount="1"/>
        <line num="709" count="1" type="stmt"/>
        <line num="710" count="1" type="stmt"/>
        <line num="712" count="1" type="stmt"/>
        <line num="713" count="1" type="stmt"/>
        <line num="716" count="1" type="stmt"/>
        <line num="717" count="1" type="stmt"/>
        <line num="720" count="1" type="stmt"/>
        <line num="725" count="1" type="stmt"/>
        <line num="726" count="1" type="stmt"/>
        <line num="728" count="0" type="stmt"/>
        <line num="736" count="35" type="stmt"/>
      </file>
      <file name="demo-seed.js" path="/Users/siddharthaampolu/46 Bridge info system V3/BridgeManagement/srv/demo-seed.js">
        <metrics statements="115" coveredstatements="9" conditionals="48" coveredconditionals="2" methods="14" coveredmethods="2"/>
        <line num="1" count="35" type="stmt"/>
        <line num="2" count="35" type="stmt"/>
        <line num="3" count="35" type="stmt"/>
        <line num="4" count="35" type="stmt"/>
        <line num="12" count="0" type="cond" truecount="0" falsecount="2"/>
        <line num="13" count="0" type="cond" truecount="0" falsecount="2"/>
        <line num="14" count="0" type="stmt"/>
        <line num="15" count="0" type="stmt"/>
        <line num="16" count="0" type="stmt"/>
        <line num="18" count="0" type="cond" truecount="0" falsecount="2"/>
        <line num="21" count="0" type="cond" truecount="0" falsecount="2"/>
        <line num="22" count="0" type="stmt"/>
        <line num="23" count="0" type="stmt"/>
        <line num="24" count="0" type="stmt"/>
        <line num="27" count="0" type="stmt"/>
        <line num="33" count="35" type="stmt"/>
        <line num="44" count="35" type="stmt"/>
        <line num="48" count="420" type="stmt"/>
        <line num="67" count="35" type="cond" truecount="2" falsecount="4"/>
        <line num="70" count="0" type="stmt"/>
        <line num="71" count="0" type="stmt"/>
        <line num="72" count="0" type="stmt"/>
        <line num="73" count="0" type="stmt"/>
        <line num="74" count="0" type="cond" truecount="0" falsecount="2"/>
        <line num="77" count="0" type="stmt"/>
        <line num="78" count="0" type="stmt"/>
        <line num="79" count="0" type="cond" truecount="0" falsecount="2"/>
        <line num="82" count="0" type="stmt"/>
        <line num="84" count="0" type="cond" truecount="0" falsecount="2"/>
        <line num="87" count="0" type="stmt"/>
        <line num="88" count="0" type="stmt"/>
        <line num="90" count="0" type="stmt"/>
        <line num="91" count="0" type="stmt"/>
        <line num="95" count="0" type="stmt"/>
        <line num="98" count="0" type="stmt"/>
        <line num="107" count="0" type="stmt"/>
        <line num="108" count="0" type="stmt"/>
        <line num="109" count="0" type="stmt"/>
        <line num="110" count="0" type="cond" truecount="0" falsecount="2"/>
        <line num="115" count="0" type="stmt"/>
        <line num="116" count="0" type="stmt"/>
        <line num="117" count="0" type="cond" truecount="0" falsecount="2"/>
        <line num="118" count="0" type="cond" truecount="0" falsecount="2"/>
        <line num="119" count="0" type="stmt"/>
        <line num="120" count="0" type="stmt"/>
        <line num="122" count="0" type="stmt"/>
        <line num="123" count="0" type="stmt"/>
        <line num="124" count="0" type="stmt"/>
        <line num="126" count="0" type="stmt"/>
        <line num="129" count="0" type="stmt"/>
        <line num="130" count="0" type="stmt"/>
        <line num="131" count="0" type="stmt"/>
        <line num="132" count="0" type="stmt"/>
        <line num="134" count="0" type="stmt"/>
        <line num="138" count="0" type="stmt"/>
        <line num="143" count="0" type="stmt"/>
        <line num="148" count="0" type="stmt"/>
        <line num="150" count="0" type="stmt"/>
        <line num="152" count="0" type="stmt"/>
        <line num="162" count="0" type="stmt"/>
        <line num="163" count="0" type="stmt"/>
        <line num="164" count="0" type="stmt"/>
        <line num="165" count="0" type="stmt"/>
        <line num="166" count="0" type="stmt"/>
        <line num="167" count="0" type="stmt"/>
        <line num="168" count="0" type="cond" truecount="0" falsecount="4"/>
        <line num="169" count="0" type="stmt"/>
        <line num="170" count="0" type="stmt"/>
        <line num="171" count="0" type="stmt"/>
        <line num="173" count="0" type="stmt"/>
        <line num="180" count="0" type="stmt"/>
        <line num="184" count="0" type="stmt"/>
        <line num="185" count="0" type="stmt"/>
        <line num="186" count="0" type="stmt"/>
        <line num="187" count="0" type="cond" truecount="0" falsecount="2"/>
        <line num="188" count="0" type="stmt"/>
        <line num="189" count="0" type="stmt"/>
        <line num="190" count="0" type="stmt"/>
        <line num="191" count="0" type="stmt"/>
        <line num="192" count="0" type="cond" truecount="0" falsecount="2"/>
        <line num="193" count="0" type="stmt"/>
        <line num="194" count="0" type="cond" truecount="0" falsecount="2"/>
        <line num="195" count="0" type="stmt"/>
        <line num="197" count="0" type="stmt"/>
        <line num="198" count="0" type="stmt"/>
        <line num="202" count="0" type="stmt"/>
        <line num="204" count="0" type="stmt"/>
        <line num="211" count="0" type="stmt"/>
        <line num="212" count="0" type="stmt"/>
        <line num="213" count="0" type="stmt"/>
        <line num="214" count="0" type="stmt"/>
        <line num="215" count="0" type="cond" truecount="0" falsecount="2"/>
        <line num="216" count="0" type="stmt"/>
        <line num="217" count="0" type="stmt"/>
        <line num="218" count="0" type="stmt"/>
        <line num="219" count="0" type="stmt"/>
        <line num="220" count="0" type="stmt"/>
        <line num="221" count="0" type="cond" truecount="0" falsecount="2"/>
        <line num="222" count="0" type="stmt"/>
        <line num="224" count="0" type="stmt"/>
        <line num="225" count="0" type="stmt"/>
        <line num="229" count="0" type="stmt"/>
        <line num="231" count="0" type="stmt"/>
        <line num="242" count="0" type="stmt"/>
        <line num="243" count="0" type="stmt"/>
        <line num="244" count="0" type="stmt"/>
        <line num="245" count="0" type="cond" truecount="0" falsecount="2"/>
        <line num="247" count="0" type="stmt"/>
        <line num="248" count="0" type="stmt"/>
        <line num="249" count="0" type="stmt"/>
        <line num="250" count="0" type="stmt"/>
        <line num="251" count="0" type="cond" truecount="0" falsecount="4"/>
        <line num="252" count="0" type="cond" truecount="0" falsecount="2"/>
        <line num="255" count="0" type="stmt"/>
        <line num="259" count="35" type="stmt"/>
      </file>
      <file name="launchpad.js" path="/Users/siddharthaampolu/46 Bridge info system V3/BridgeManagement/srv/launchpad.js">
        <metrics statements="22" coveredstatements="22" conditionals="6" coveredconditionals="6" methods="1" coveredmethods="1"/>
        <line num="14" count="2" type="stmt"/>
        <line num="42" count="2" type="stmt"/>
        <line num="55" count="2" type="stmt"/>
        <line num="73" count="2" type="cond" truecount="2" falsecount="0"/>
        <line num="74" count="1" type="stmt"/>
        <line num="112" count="2" type="cond" truecount="2" falsecount="0"/>
        <line num="118" count="2" type="stmt"/>
        <line num="171" count="2" type="cond" truecount="2" falsecount="0"/>
        <line num="172" count="1" type="stmt"/>
        <line num="179" count="1" type="stmt"/>
        <line num="184" count="1" type="stmt"/>
        <line num="189" count="1" type="stmt"/>
        <line num="194" count="1" type="stmt"/>
        <line num="199" count="1" type="stmt"/>
        <line num="204" count="1" type="stmt"/>
        <line num="210" count="1" type="stmt"/>
        <line num="211" count="1" type="stmt"/>
        <line num="212" count="1" type="stmt"/>
        <line num="214" count="1" type="stmt"/>
        <line num="215" count="1" type="stmt"/>
        <line num="220" count="2" type="stmt"/>
        <line num="261" count="36" type="stmt"/>
      </file>
      <file name="mass-upload.js" path="/Users/siddharthaampolu/46 Bridge info system V3/BridgeManagement/srv/mass-upload.js">
        <metrics statements="717" coveredstatements="542" conditionals="645" coveredconditionals="377" methods="136" coveredmethods="111"/>
        <line num="1" count="35" type="stmt"/>
        <line num="2" count="35" type="stmt"/>
        <line num="4" count="35" type="stmt"/>
        <line num="5" count="35" type="stmt"/>
        <line num="6" count="35" type="stmt"/>
        <line num="10" count="35" type="stmt"/>
        <line num="12" count="35" type="stmt"/>
        <line num="18" count="35" type="stmt"/>
        <line num="79" count="35" type="stmt"/>
        <line num="141" count="35" type="stmt"/>
        <line num="154" count="35" type="stmt"/>
        <line num="161" count="35" type="stmt"/>
        <line num="176" count="35" type="stmt"/>
        <line num="246" count="665" type="stmt"/>
        <line num="248" count="35" type="stmt"/>
        <line num="271" count="35" type="stmt"/>
        <line num="277" count="4970" type="stmt"/>
        <line num="288" count="490" type="stmt"/>
        <line num="300" count="19" type="stmt"/>
        <line num="309" count="2" type="stmt"/>
        <line num="310" count="2" type="stmt"/>
        <line num="311" count="2" type="stmt"/>
        <line num="313" count="2" type="stmt"/>
        <line num="326" count="38" type="stmt"/>
        <line num="334" count="2" type="stmt"/>
        <line num="336" count="2" type="stmt"/>
        <line num="337" count="38" type="stmt"/>
        <line num="338" count="38" type="stmt"/>
        <line num="339" count="38" type="stmt"/>
        <line num="340" count="38" type="stmt"/>
        <line num="341" count="38" type="cond" truecount="2" falsecount="0"/>
        <line num="342" count="678" type="stmt"/>
        <line num="344" count="306" type="stmt"/>
        <line num="346" count="38" type="stmt"/>
        <line num="347" count="362" type="stmt"/>
        <line num="348" count="38" type="stmt"/>
        <line num="352" count="2" type="stmt"/>
        <line num="353" count="4" type="stmt"/>
        <line num="354" count="4" type="stmt"/>
        <line num="357" count="4" type="cond" truecount="1" falsecount="1"/>
        <line num="358" count="4" type="stmt"/>
        <line num="361" count="4" type="stmt"/>
        <line num="364" count="122" type="stmt"/>
        <line num="365" count="164" type="stmt"/>
        <line num="366" count="4" type="cond" truecount="1" falsecount="1"/>
        <line num="368" count="4" type="cond" truecount="2" falsecount="0"/>
        <line num="369" count="122" type="stmt"/>
        <line num="370" count="4" type="stmt"/>
        <line num="371" count="3222" type="stmt"/>
        <line num="372" count="122" type="cond" truecount="1" falsecount="1"/>
        <line num="374" count="4" type="stmt"/>
        <line num="376" count="4" type="stmt"/>
        <line num="377" count="4" type="stmt"/>
        <line num="378" count="126" type="stmt"/>
        <line num="379" count="4" type="stmt"/>
        <line num="387" count="2" type="stmt"/>
        <line num="389" count="4" type="stmt"/>
        <line num="390" count="4" type="stmt"/>
        <line num="391" count="0" type="stmt"/>
        <line num="392" count="4" type="cond" truecount="3" falsecount="3"/>
        <line num="393" count="4" type="stmt"/>
        <line num="394" count="4" type="stmt"/>
        <line num="396" count="22" type="cond" truecount="2" falsecount="2"/>
        <line num="398" count="4" type="stmt"/>
        <line num="399" count="4" type="stmt"/>
        <line num="402" count="2" type="stmt"/>
        <line num="403" count="2" type="stmt"/>
        <line num="404" count="2" type="stmt"/>
        <line num="406" count="2" type="stmt"/>
        <line num="410" count="2" type="stmt"/>
        <line num="411" count="1" type="stmt"/>
        <line num="412" count="1" type="stmt"/>
        <line num="413" count="1" type="stmt"/>
        <line num="415" count="0" type="stmt"/>
        <line num="417" count="1" type="stmt"/>
        <line num="421" count="20" type="cond" truecount="2" falsecount="0"/>
        <line num="422" count="1" type="stmt"/>
        <line num="427" count="19" type="cond" truecount="2" falsecount="0"/>
        <line num="428" count="19" type="cond" truecount="1" falsecount="1"/>
        <line num="429" count="19" type="stmt"/>
        <line num="430" count="19" type="stmt"/>
        <line num="431" count="19" type="stmt"/>
        <line num="432" count="19" type="cond" truecount="1" falsecount="1"/>
        <line num="434" count="19" type="stmt"/>
        <line num="436" count="19" type="stmt"/>
        <line num="437" count="19" type="stmt"/>
        <line num="440" count="19" type="stmt"/>
        <line num="441" count="19" type="cond" truecount="1" falsecount="1"/>
        <line num="442" count="0" type="stmt"/>
        <line num="443" count="0" type="stmt"/>
        <line num="444" count="0" type="stmt"/>
        <line num="445" count="0" type="stmt"/>
        <line num="450" count="0" type="stmt"/>
        <line num="451" count="0" type="stmt"/>
        <line num="452" count="0" type="stmt"/>
        <line num="453" count="0" type="stmt"/>
        <line num="454" count="0" type="stmt"/>
        <line num="455" count="0" type="cond" truecount="0" falsecount="2"/>
        <line num="456" count="0" type="stmt"/>
        <line num="457" count="0" type="cond" truecount="0" falsecount="2"/>
        <line num="458" count="0" type="stmt"/>
        <line num="460" count="19" type="cond" truecount="2" falsecount="0"/>
        <line num="461" count="18" type="stmt"/>
        <line num="462" count="15" type="stmt"/>
        <line num="463" count="15" type="stmt"/>
        <line num="465" count="1" type="stmt"/>
        <line num="468" count="15" type="stmt"/>
        <line num="471" count="15" type="cond" truecount="2" falsecount="0"/>
        <line num="472" count="12" type="stmt"/>
        <line num="473" count="14" type="stmt"/>
        <line num="479" count="15" type="stmt"/>
        <line num="480" count="15" type="stmt"/>
        <line num="481" count="3" type="stmt"/>
        <line num="482" count="3" type="cond" truecount="1" falsecount="1"/>
        <line num="483" count="3" type="stmt"/>
        <line num="488" count="0" type="stmt"/>
        <line num="491" count="15" type="stmt"/>
        <line num="495" count="15" type="cond" truecount="1" falsecount="1"/>
        <line num="496" count="15" type="cond" truecount="1" falsecount="1"/>
        <line num="499" count="15" type="cond" truecount="2" falsecount="0"/>
        <line num="500" count="15" type="stmt"/>
        <line num="507" count="15" type="stmt"/>
        <line num="508" count="15" type="stmt"/>
        <line num="509" count="15" type="cond" truecount="1" falsecount="2"/>
        <line num="510" count="19" type="cond" truecount="2" falsecount="0"/>
        <line num="511" count="15" type="stmt"/>
        <line num="529" count="15" type="cond" truecount="1" falsecount="1"/>
        <line num="530" count="0" type="stmt"/>
        <line num="531" count="0" type="cond" truecount="0" falsecount="2"/>
        <line num="532" count="0" type="cond" truecount="0" falsecount="2"/>
        <line num="533" count="0" type="cond" truecount="0" falsecount="2"/>
        <line num="534" count="0" type="stmt"/>
        <line num="535" count="0" type="cond" truecount="0" falsecount="2"/>
        <line num="537" count="0" type="stmt"/>
        <line num="538" count="0" type="stmt"/>
        <line num="540" count="0" type="stmt"/>
        <line num="543" count="0" type="stmt"/>
        <line num="547" count="0" type="stmt"/>
        <line num="550" count="0" type="stmt"/>
        <line num="552" count="0" type="stmt"/>
        <line num="553" count="0" type="cond" truecount="0" falsecount="2"/>
        <line num="554" count="0" type="cond" truecount="0" falsecount="4"/>
        <line num="555" count="0" type="cond" truecount="0" falsecount="4"/>
        <line num="558" count="0" type="stmt"/>
        <line num="559" count="0" type="stmt"/>
        <line num="560" count="0" type="cond" truecount="0" falsecount="2"/>
        <line num="561" count="0" type="cond" truecount="0" falsecount="2"/>
        <line num="562" count="0" type="stmt"/>
[...]
        <line num="1002" count="18865" type="stmt"/>
        <line num="1003" count="18865" type="stmt"/>
        <line num="1005" count="4235" type="stmt"/>
        <line num="1010" count="420" type="stmt"/>
        <line num="1011" count="1400" type="stmt"/>
        <line num="1018" count="35" type="stmt"/>
        <line num="1021" count="35" type="stmt"/>
        <line num="1023" count="33390" type="cond" truecount="5" falsecount="0"/>
        <line num="1028" count="36" type="stmt"/>
        <line num="1029" count="36" type="stmt"/>
        <line num="1030" count="36" type="stmt"/>
        <line num="1031" count="36" type="stmt"/>
        <line num="1032" count="216" type="cond" truecount="1" falsecount="1"/>
        <line num="1033" count="216" type="stmt"/>
        <line num="1034" count="17982" type="cond" truecount="1" falsecount="1"/>
        <line num="1035" count="34344" type="stmt"/>
        <line num="1036" count="216" type="stmt"/>
        <line num="1037" count="216" type="cond" truecount="2" falsecount="0"/>
        <line num="1038" count="210" type="stmt"/>
        <line num="1039" count="210" type="stmt"/>
        <line num="1046" count="33390" type="stmt"/>
        <line num="1048" count="210" type="stmt"/>
        <line num="1050" count="36" type="stmt"/>
        <line num="1053" count="35" type="stmt"/>
      </file>
    </package>
    <package name="srv.lib.plugins.change-documents">
      <metrics statements="49" coveredstatements="49" conditionals="75" coveredconditionals="48" methods="10" coveredmethods="10"/>
      <file name="index.js" path="/Users/siddharthaampolu/46 Bridge info system V3/BridgeManagement/srv/lib/plugins/change-documents/index.js">
        <metrics statements="49" coveredstatements="49" conditionals="75" coveredconditionals="48" methods="10" coveredmethods="10"/>
        <line num="9" count="36" type="stmt"/>
        <line num="10" count="36" type="stmt"/>
        <line num="12" count="36" type="stmt"/>
        <line num="21" count="4" type="stmt"/>
        <line num="22" count="4" type="cond" truecount="1" falsecount="1"/>
        <line num="23" count="4" type="stmt"/>
        <line num="26" count="4" type="stmt"/>
        <line num="30" count="4" type="cond" truecount="2" falsecount="0"/>
        <line num="31" count="4" type="cond" truecount="2" falsecount="0"/>
        <line num="32" count="4" type="cond" truecount="1" falsecount="1"/>
        <line num="33" count="4" type="cond" truecount="4" falsecount="0"/>
        <line num="34" count="4" type="cond" truecount="1" falsecount="1"/>
        <line num="35" count="4" type="cond" truecount="1" falsecount="1"/>
        <line num="36" count="4" type="cond" truecount="1" falsecount="1"/>
        <line num="38" count="4" type="stmt"/>
        <line num="39" count="4" type="cond" truecount="2" falsecount="0"/>
        <line num="42" count="4" type="stmt"/>
        <line num="43" count="4" type="cond" truecount="2" falsecount="0"/>
        <line num="44" count="2" type="cond" truecount="1" falsecount="1"/>
        <line num="45" count="2" type="cond" truecount="4" falsecount="2"/>
        <line num="48" count="2" type="cond" truecount="1" falsecount="1"/>
        <line num="49" count="2" type="stmt"/>
        <line num="50" count="2" type="cond" truecount="1" falsecount="1"/>
        <line num="51" count="2" type="cond" truecount="1" falsecount="1"/>
        <line num="52" count="2" type="cond" truecount="1" falsecount="1"/>
        <line num="53" count="2" type="cond" truecount="1" falsecount="1"/>
        <line num="54" count="2" type="cond" truecount="1" falsecount="1"/>
        <line num="55" count="2" type="stmt"/>
        <line num="56" count="2" type="cond" truecount="3" falsecount="1"/>
        <line num="57" count="2" type="stmt"/>
        <line num="58" count="2" type="cond" truecount="1" falsecount="1"/>
        <line num="59" count="2" type="stmt"/>
        <line num="60" count="166" type="stmt"/>
        <line num="62" count="2" type="cond" truecount="1" falsecount="1"/>
        <line num="63" count="2" type="stmt"/>
        <line num="64" count="4" type="cond" truecount="1" falsecount="1"/>
        <line num="69" count="4" type="cond" truecount="1" falsecount="1"/>
        <line num="71" count="2" type="stmt"/>
        <line num="82" count="4" type="cond" truecount="1" falsecount="1"/>
        <line num="83" count="1" type="stmt"/>
        <line num="90" count="25" type="cond" truecount="2" falsecount="0"/>
        <line num="91" count="22" type="stmt"/>
        <line num="92" count="22" type="cond" truecount="2" falsecount="0"/>
        <line num="93" count="22" type="cond" truecount="2" falsecount="0"/>
        <line num="94" count="22" type="stmt"/>
        <line num="98" count="4" type="stmt"/>
        <line num="99" count="18" type="cond" truecount="2" falsecount="0"/>
        <line num="100" count="4" type="stmt"/>
        <line num="103" count="36" type="stmt"/>
      </file>
    </package>
    <package name="srv.lib.plugins.changelog">
      <metrics statements="36" coveredstatements="34" conditionals="50" coveredconditionals="42" methods="6" coveredmethods="6"/>
      <file name="index.js" path="/Users/siddharthaampolu/46 Bridge info system V3/BridgeManagement/srv/lib/plugins/changelog/index.js">
        <metrics statements="36" coveredstatements="34" conditionals="50" coveredconditionals="42" methods="6" coveredmethods="6"/>
        <line num="18" count="37" type="stmt"/>
        <line num="19" count="37" type="stmt"/>
        <line num="20" count="37" type="stmt"/>
        <line num="22" count="37" type="stmt"/>
        <line num="25" count="37" type="stmt"/>
        <line num="35" count="37" type="stmt"/>
        <line num="38" count="824" type="cond" truecount="4" falsecount="0"/>
        <line num="39" count="265" type="cond" truecount="4" falsecount="0"/>
        <line num="40" count="229" type="cond" truecount="2" falsecount="0"/>
        <line num="41" count="228" type="cond" truecount="2" falsecount="0"/>
        <line num="42" count="227" type="stmt"/>
        <line num="46" count="21" type="stmt"/>
        <line num="47" count="21" type="cond" truecount="3" falsecount="1"/>
        <line num="48" count="21" type="stmt"/>
        <line num="49" count="432" type="cond" truecount="2" falsecount="0"/>
        <line num="50" count="408" type="cond" truecount="2" falsecount="0"/>
        <line num="51" count="408" type="cond" truecount="1" falsecount="1"/>
        <line num="52" count="408" type="cond" truecount="2" falsecount="0"/>
        <line num="54" count="21" type="stmt"/>
        <line num="60" count="24" type="stmt"/>
        <line num="61" count="0" type="stmt"/>
        <line num="71" count="1051" type="stmt"/>
        <line num="73" count="61893" type="stmt"/>
        <line num="86" count="1051" type="cond" truecount="2" falsecount="0"/>
        <line num="87" count="1050" type="cond" truecount="2" falsecount="0"/>
        <line num="88" count="61892" type="stmt"/>
        <line num="94" count="1" type="cond" truecount="1" falsecount="1"/>
        <line num="95" count="1" type="cond" truecount="1" falsecount="1"/>
        <line num="97" count="0" type="stmt"/>
        <line num="100" count="1050" type="stmt"/>
        <line num="101" count="1050" type="stmt"/>
        <line num="103" count="4" type="cond" truecount="2" falsecount="0"/>
        <line num="104" count="3" type="stmt"/>
        <line num="105" count="3" type="stmt"/>
        <line num="107" count="1" type="stmt"/>
        <line num="111" count="37" type="stmt"/>
      </file>
    </package>
    <package name="srv.lib.plugins.classification">
      <metrics statements="74" coveredstatements="71" conditionals="105" coveredconditionals="94" methods="15" coveredmethods="14"/>
      <file name="index.js" path="/Users/siddharthaampolu/46 Bridge info system V3/BridgeManagement/srv/lib/plugins/classification/index.js">
        <metrics statements="74" coveredstatements="71" conditionals="105" coveredconditionals="94" methods="15" coveredmethods="14"/>
        <line num="15" count="36" type="stmt"/>
        <line num="16" count="36" type="stmt"/>
        <line num="18" count="36" type="stmt"/>
        <line num="26" count="36" type="cond" truecount="3" falsecount="0"/>
        <line num="29" count="8" type="cond" truecount="5" falsecount="0"/>
        <line num="30" count="1" type="stmt"/>
        <line num="31" count="2" type="stmt"/>
        <line num="32" count="1" type="stmt"/>
        <line num="33" count="1" type="stmt"/>
        <line num="34" count="3" type="stmt"/>
        <line num="39" count="28" type="cond" truecount="5" falsecount="0"/>
        <line num="40" count="25" type="cond" truecount="5" falsecount="0"/>
        <line num="42" count="7" type="cond" truecount="4" falsecount="0"/>
        <line num="43" count="6" type="cond" truecount="2" falsecount="0"/>
        <line num="44" count="4" type="stmt"/>
        <line num="46" count="4" type="cond" truecount="4" falsecount="0"/>
        <line num="47" count="3" type="cond" truecount="2" falsecount="0"/>
        <line num="48" count="1" type="stmt"/>
        <line num="50" count="2" type="cond" truecount="2" falsecount="0"/>
        <line num="51" count="1" type="stmt"/>
        <line num="53" count="10" type="cond" truecount="2" falsecount="0"/>
        <line num="54" count="9" type="cond" truecount="6" falsecount="0"/>
        <line num="55" count="4" type="cond" truecount="5" falsecount="0"/>
        <line num="56" count="1" type="stmt"/>
        <line num="58" count="2" type="stmt"/>
        <line num="63" count="8" type="stmt"/>
        <line num="82" count="3" type="stmt"/>
        <line num="83" count="3" type="stmt"/>
        <line num="84" count="3" type="cond" truecount="4" falsecount="0"/>
        <line num="85" count="1" type="stmt"/>
        <line num="86" count="9" type="stmt"/>
        <line num="88" count="3" type="cond" truecount="1" falsecount="1"/>
        <line num="90" count="3" type="stmt"/>
        <line num="91" count="3" type="stmt"/>
        <line num="93" count="3" type="cond" truecount="2" falsecount="0"/>
        <line num="94" count="3" type="stmt"/>
        <line num="95" count="3" type="stmt"/>
        <line num="96" count="121" type="cond" truecount="2" falsecount="0"/>
        <line num="97" count="121" type="cond" truecount="4" falsecount="0"/>
        <line num="98" count="119" type="stmt"/>
        <line num="99" count="119" type="cond" truecount="4" falsecount="3"/>
        <line num="102" count="3" type="stmt"/>
        <line num="103" count="3" type="stmt"/>
        <line num="104" count="3" type="stmt"/>
        <line num="105" count="270" type="cond" truecount="2" falsecount="0"/>
        <line num="106" count="270" type="cond" truecount="1" falsecount="1"/>
        <line num="109" count="11" type="stmt"/>
        <line num="110" count="3" type="stmt"/>
        <line num="111" count="159" type="stmt"/>
        <line num="112" count="159" type="cond" truecount="4" falsecount="0"/>
        <line num="113" count="117" type="stmt"/>
        <line num="114" count="117" type="cond" truecount="2" falsecount="0"/>
        <line num="115" count="60" type="stmt"/>
        <line num="123" count="3" type="stmt"/>
        <line num="124" count="11" type="stmt"/>
        <line num="125" count="11" type="stmt"/>
        <line num="126" count="50" type="stmt"/>
        <line num="130" count="2" type="stmt"/>
        <line num="136" count="1" type="stmt"/>
        <line num="137" count="1" type="cond" truecount="2" falsecount="0"/>
        <line num="138" count="1" type="stmt"/>
        <line num="139" count="1" type="stmt"/>
        <line num="140" count="3" type="stmt"/>
        <line num="142" count="1" type="stmt"/>
        <line num="143" count="1" type="stmt"/>
        <line num="144" count="1" type="stmt"/>
        <line num="145" count="1" type="cond" truecount="1" falsecount="1"/>
        <line num="146" count="0" type="stmt"/>
        <line num="150" count="0" type="stmt"/>
        <line num="157" count="1" type="stmt"/>
        <line num="162" count="1" type="stmt"/>
        <line num="168" count="1" type="cond" truecount="1" falsecount="1"/>
        <line num="169" count="0" type="stmt"/>
        <line num="174" count="36" type="stmt"/>
      </file>
    </package>
    <package name="srv.lib.plugins.mapping">
      <metrics statements="35" coveredstatements="33" conditionals="21" coveredconditionals="15" methods="6" coveredmethods="5"/>
      <file name="index.js" path="/Users/siddharthaampolu/46 Bridge info system V3/BridgeManagement/srv/lib/plugins/mapping/index.js">
        <metrics statements="35" coveredstatements="33" conditionals="21" coveredconditionals="15" methods="6" coveredmethods="5"/>
        <line num="8" count="35" type="stmt"/>
        <line num="9" count="35" type="stmt"/>
        <line num="10" count="35" type="stmt"/>
        <line num="12" count="35" type="stmt"/>
        <line num="13" count="35" type="stmt"/>
        <line num="14" count="35" type="stmt"/>
        <line num="16" count="35" type="stmt"/>
        <line num="17" count="35" type="stmt"/>
        <line num="20" count="7" type="cond" truecount="4" falsecount="0"/>
        <line num="21" count="5" type="stmt"/>
        <line num="22" count="5" type="stmt"/>
        <line num="23" count="5" type="stmt"/>
        <line num="24" count="5" type="stmt"/>
        <line num="25" count="11" type="stmt"/>
        <line num="26" count="11" type="stmt"/>
        <line num="27" count="5" type="stmt"/>
        <line num="28" count="56" type="cond" truecount="1" falsecount="1"/>
        <line num="29" count="56" type="cond" truecount="1" falsecount="1"/>
        <line num="30" count="56" type="stmt"/>
        <line num="31" count="56" type="stmt"/>
        <line num="33" count="5" type="stmt"/>
        <line num="35" count="0" type="stmt"/>
        <line num="36" count="0" type="stmt"/>
        <line num="38" count="5" type="stmt"/>
        <line num="41" count="6" type="stmt"/>
        <line num="46" count="7" type="cond" truecount="1" falsecount="1"/>
        <line num="47" count="7" type="cond" truecount="1" falsecount="1"/>
        <line num="48" count="7" type="stmt"/>
        <line num="49" count="7" type="stmt"/>
        <line num="50" count="7" type="cond" truecount="2" falsecount="0"/>
        <line num="51" count="6" type="cond" truecount="2" falsecount="0"/>
        <line num="52" count="6" type="cond" truecount="2" falsecount="0"/>
        <line num="57" count="35" type="stmt"/>
        <line num="58" count="35" type="stmt"/>
        <line num="60" count="35" type="stmt"/>
      </file>
    </package>
    <package name="srv.lib.plugins.mass-upload">
      <metrics statements="80" coveredstatements="77" conditionals="112" coveredconditionals="86" methods="13" coveredmethods="13"/>
      <file name="index.js" path="/Users/siddharthaampolu/46 Bridge info system V3/BridgeManagement/srv/lib/plugins/mass-upload/index.js">
        <metrics statements="80" coveredstatements="77" conditionals="112" coveredconditionals="86" methods="13" coveredmethods="13"/>
        <line num="14" count="36" type="stmt"/>
        <line num="15" count="36" type="stmt"/>
        <line num="16" count="36" type="stmt"/>
        <line num="18" count="36" type="stmt"/>
        <line num="20" count="36" type="stmt"/>
        <line num="23" count="1" type="cond" truecount="1" falsecount="1"/>
        <line num="24" count="1" type="stmt"/>
        <line num="25" count="1" type="stmt"/>
        <line num="26" count="1" type="stmt"/>
        <line num="30" count="28" type="cond" truecount="5" falsecount="0"/>
        <line num="31" count="25" type="cond" truecount="5" falsecount="0"/>
        <line num="32" count="2" type="cond" truecount="2" falsecount="0"/>
        <line num="33" count="5" type="cond" truecount="2" falsecount="0"/>
        <line num="34" count="11" type="stmt"/>
        <line num="35" count="3" type="cond" truecount="4" falsecount="0"/>
        <line num="36" count="4" type="stmt"/>
        <line num="42" count="3" type="cond" truecount="5" falsecount="0"/>
        <line num="43" count="1" type="stmt"/>
        <line num="45" count="2" type="cond" truecount="1" falsecount="1"/>
        <line num="46" count="2" type="cond" truecount="1" falsecount="1"/>
        <line num="47" count="2" type="cond" truecount="2" falsecount="0"/>
        <line num="48" count="2" type="cond" truecount="1" falsecount="1"/>
        <line num="49" count="2" type="cond" truecount="2" falsecount="0"/>
        <line num="50" count="2" type="stmt"/>
        <line num="51" count="2" type="stmt"/>
        <line num="53" count="7" type="stmt"/>
        <line num="54" count="8" type="cond" truecount="3" falsecount="1"/>
        <line num="55" count="2" type="stmt"/>
        <line num="56" count="4" type="cond" truecount="1" falsecount="1"/>
        <line num="57" count="4" type="stmt"/>
        <line num="58" count="1" type="stmt"/>
        <line num="61" count="2" type="stmt"/>
        <line num="62" count="7" type="stmt"/>
        <line num="63" count="7" type="stmt"/>
        <line num="64" count="7" type="cond" truecount="2" falsecount="2"/>
        <line num="65" count="7" type="stmt"/>
        <line num="66" count="7" type="stmt"/>
        <line num="67" count="7" type="stmt"/>
        <line num="68" count="19" type="cond" truecount="4" falsecount="1"/>
        <line num="69" count="7" type="cond" truecount="4" falsecount="0"/>
        <line num="70" count="1" type="stmt"/>
        <line num="72" count="6" type="stmt"/>
        <line num="74" count="6" type="cond" truecount="2" falsecount="0"/>
        <line num="75" count="2" type="cond" truecount="2" falsecount="0"/>
        <line num="76" count="1" type="cond" truecount="1" falsecount="1"/>
        <line num="77" count="1" type="stmt"/>
        <line num="78" count="1" type="stmt"/>
        <line num="79" count="1" type="stmt"/>
        <line num="80" count="4" type="cond" truecount="4" falsecount="0"/>
        <line num="81" count="1" type="stmt"/>
        <line num="82" count="3" type="cond" truecount="4" falsecount="0"/>
        <line num="83" count="1" type="stmt"/>
        <line num="84" count="1" type="stmt"/>
        <line num="85" count="1" type="stmt"/>
        <line num="87" count="2" type="stmt"/>
        <line num="88" count="2" type="stmt"/>
        <line num="89" count="2" type="stmt"/>
        <line num="92" count="0" type="stmt"/>
        <line num="96" count="2" type="cond" truecount="1" falsecount="1"/>
        <line num="99" count="2" type="stmt"/>
        <line num="105" count="2" type="cond" truecount="2" falsecount="0"/>
        <line num="106" count="1" type="stmt"/>
        <line num="107" count="1" type="stmt"/>
        <line num="113" count="0" type="stmt"/>
        <line num="116" count="2" type="stmt"/>
        <line num="123" count="17" type="cond" truecount="1" falsecount="1"/>
        <line num="124" count="17" type="cond" truecount="1" falsecount="1"/>
        <line num="125" count="17" type="stmt"/>
        <line num="126" count="17" type="stmt"/>
        <line num="127" count="17" type="cond" truecount="2" falsecount="0"/>
        <line num="132" count="17" type="stmt"/>
        <line num="133" count="0" type="stmt"/>
        <line num="138" count="131" type="cond" truecount="2" falsecount="0"/>
        <line num="139" count="130" type="stmt"/>
        <line num="140" count="130" type="cond" truecount="2" falsecount="0"/>
        <line num="141" count="130" type="cond" truecount="2" falsecount="0"/>
        <line num="142" count="130" type="stmt"/>
        <line num="147" count="127" type="cond" truecount="1" falsecount="1"/>
        <line num="148" count="19" type="stmt"/>
        <line num="151" count="36" type="stmt"/>
      </file>
    </package>
  </project>
</coverage>
