TN:
SF:srv/admin-service.js
FN:6,(anonymous_0)
FN:29,(anonymous_1)
FN:31,(anonymous_2)
FN:44,(anonymous_3)
FN:55,(anonymous_4)
FN:69,(anonymous_5)
FN:87,(anonymous_6)
FN:90,(anonymous_7)
FN:96,(anonymous_8)
FN:97,(anonymous_9)
FN:312,(anonymous_10)
FN:313,(anonymous_11)
FN:313,(anonymous_12)
FN:315,(anonymous_13)
FN:318,(anonymous_14)
FN:339,(anonymous_15)
FN:339,(anonymous_16)
FN:341,(anonymous_17)
FN:353,(anonymous_18)
FN:359,(anonymous_19)
FN:365,(anonymous_20)
FN:407,(anonymous_21)
FN:412,(anonymous_22)
FN:422,(anonymous_23)
FN:445,(anonymous_24)
FN:445,(anonymous_25)
FN:457,(anonymous_26)
FN:460,(anonymous_27)
FN:494,(anonymous_28)
FN:507,(anonymous_29)
FN:522,(anonymous_30)
FN:531,(anonymous_31)
FN:541,(anonymous_32)
FN:549,(anonymous_33)
FN:573,(anonymous_34)
FN:577,(anonymous_35)
FN:578,(anonymous_36)
FN:579,(anonymous_37)
FN:580,(anonymous_38)
FN:594,(anonymous_39)
FN:629,(anonymous_40)
FN:651,(anonymous_41)
FN:665,(anonymous_42)
FN:714,(anonymous_43)
FN:725,(anonymous_44)
FN:727,(anonymous_45)
FN:743,(anonymous_46)
FN:748,(anonymous_47)
FN:764,(anonymous_48)
FN:813,(anonymous_49)
FN:821,(anonymous_50)
FN:828,(anonymous_51)
FN:828,(anonymous_52)
FN:843,(anonymous_53)
FN:855,(anonymous_54)
FN:888,(anonymous_55)
FN:895,(anonymous_56)
FN:898,(anonymous_57)
FN:915,(anonymous_58)
FN:938,(anonymous_59)
FN:945,(anonymous_60)
FN:954,(anonymous_61)
FN:955,(anonymous_62)
FN:960,(anonymous_63)
FN:961,(anonymous_64)
FN:963,(anonymous_65)
FN:965,(anonymous_66)
FN:977,(anonymous_67)
FN:986,(anonymous_68)
FN:989,(anonymous_69)
FN:992,(anonymous_70)
FN:1003,(anonymous_71)
FN:1020,(anonymous_72)
FN:1029,(anonymous_73)
FN:1046,(anonymous_74)
FN:1051,(anonymous_75)
FN:1058,(anonymous_76)
FN:1065,(anonymous_77)
FN:1079,(anonymous_78)
FN:1080,(anonymous_79)
FN:1082,(anonymous_80)
FN:1082,(anonymous_81)
FN:1084,(anonymous_82)
FN:1084,(anonymous_83)
FN:1086,(anonymous_84)
FN:1093,(anonymous_85)
FN:1098,(anonymous_86)
FN:1104,(anonymous_87)
FN:1113,(anonymous_88)
FN:1128,(anonymous_89)
FN:1131,(anonymous_90)
FN:1134,(anonymous_91)
FN:1140,(anonymous_92)
FN:1141,(anonymous_93)
FN:1143,(anonymous_94)
FN:1155,(anonymous_95)
FN:1178,(anonymous_96)
FN:1186,(anonymous_97)
FN:1192,(anonymous_98)
FN:1205,(anonymous_99)
FN:1206,(anonymous_100)
FN:1208,(anonymous_101)
FN:1224,(anonymous_102)
FN:1241,(anonymous_103)
FN:1251,(anonymous_104)
FN:1261,(anonymous_105)
FN:1271,(anonymous_106)
FN:1292,(anonymous_107)
FN:1314,(anonymous_108)
FN:1326,(anonymous_109)
FN:1338,(anonymous_110)
FN:1344,(anonymous_111)
FN:1358,(anonymous_112)
FN:1364,(anonymous_113)
FN:1382,(anonymous_114)
FN:1389,(anonymous_115)
FN:1390,(anonymous_116)
FN:1403,(anonymous_117)
FN:1409,(anonymous_118)
FN:1427,(anonymous_119)
FN:1433,(anonymous_120)
FN:1434,(anonymous_121)
FN:1447,(anonymous_122)
FN:1453,(anonymous_123)
FN:1471,(anonymous_124)
FN:1477,(anonymous_125)
FN:1478,(anonymous_126)
FN:1491,(anonymous_127)
FN:1497,(anonymous_128)
FN:1515,(anonymous_129)
FN:1521,(anonymous_130)
FN:1522,(anonymous_131)
FN:1534,(anonymous_132)
FN:1563,(anonymous_133)
FN:1565,(anonymous_134)
FN:1568,(anonymous_135)
FN:1584,(anonymous_136)
FN:1593,(anonymous_137)
FN:1599,(anonymous_138)
FN:1612,(anonymous_139)
FN:1624,(anonymous_140)
FN:1636,(anonymous_141)
FN:1651,(anonymous_142)
FN:1656,(anonymous_143)
FNF:144
FNH:24
FNDA:35,(anonymous_0)
FNDA:4,(anonymous_1)
FNDA:0,(anonymous_2)
FNDA:8,(anonymous_3)
FNDA:80,(anonymous_4)
FNDA:8,(anonymous_5)
FNDA:8,(anonymous_6)
FNDA:0,(anonymous_7)
FNDA:595,(anonymous_8)
FNDA:0,(anonymous_9)
FNDA:0,(anonymous_10)
FNDA:0,(anonymous_11)
FNDA:0,(anonymous_12)
FNDA:0,(anonymous_13)
FNDA:0,(anonymous_14)
FNDA:0,(anonymous_15)
FNDA:0,(anonymous_16)
FNDA:0,(anonymous_17)
FNDA:0,(anonymous_18)
FNDA:0,(anonymous_19)
FNDA:0,(anonymous_20)
FNDA:0,(anonymous_21)
FNDA:0,(anonymous_22)
FNDA:0,(anonymous_23)
FNDA:245,(anonymous_24)
FNDA:0,(anonymous_25)
FNDA:0,(anonymous_26)
FNDA:0,(anonymous_27)
FNDA:0,(anonymous_28)
FNDA:0,(anonymous_29)
FNDA:0,(anonymous_30)
FNDA:0,(anonymous_31)
FNDA:0,(anonymous_32)
FNDA:0,(anonymous_33)
FNDA:4,(anonymous_34)
FNDA:16,(anonymous_35)
FNDA:16,(anonymous_36)
FNDA:15,(anonymous_37)
FNDA:3,(anonymous_38)
FNDA:0,(anonymous_39)
FNDA:2,(anonymous_40)
FNDA:8,(anonymous_41)
FNDA:17,(anonymous_42)
FNDA:1,(anonymous_43)
FNDA:0,(anonymous_44)
FNDA:4,(anonymous_45)
FNDA:0,(anonymous_46)
FNDA:0,(anonymous_47)
FNDA:0,(anonymous_48)
FNDA:0,(anonymous_49)
FNDA:0,(anonymous_50)
FNDA:0,(anonymous_51)
FNDA:0,(anonymous_52)
FNDA:0,(anonymous_53)
FNDA:0,(anonymous_54)
FNDA:0,(anonymous_55)
FNDA:0,(anonymous_56)
FNDA:0,(anonymous_57)
FNDA:0,(anonymous_58)
FNDA:0,(anonymous_59)
FNDA:0,(anonymous_60)
FNDA:0,(anonymous_61)
FNDA:0,(anonymous_62)
FNDA:0,(anonymous_63)
FNDA:0,(anonymous_64)
FNDA:0,(anonymous_65)
FNDA:0,(anonymous_66)
FNDA:0,(anonymous_67)
FNDA:2,(anonymous_68)
FNDA:2,(anonymous_69)
FNDA:0,(anonymous_70)
FNDA:0,(anonymous_71)
FNDA:0,(anonymous_72)
FNDA:0,(anonymous_73)
FNDA:0,(anonymous_74)
FNDA:0,(anonymous_75)
FNDA:0,(anonymous_76)
FNDA:0,(anonymous_77)
FNDA:0,(anonymous_78)
FNDA:0,(anonymous_79)
FNDA:0,(anonymous_80)
FNDA:0,(anonymous_81)
FNDA:0,(anonymous_82)
FNDA:0,(anonymous_83)
FNDA:0,(anonymous_84)
FNDA:0,(anonymous_85)
FNDA:0,(anonymous_86)
FNDA:0,(anonymous_87)
FNDA:2,(anonymous_88)
FNDA:0,(anonymous_89)
FNDA:0,(anonymous_90)
FNDA:0,(anonymous_91)
FNDA:0,(anonymous_92)
FNDA:0,(anonymous_93)
FNDA:1,(anonymous_94)
FNDA:1,(anonymous_95)
FNDA:0,(anonymous_96)
FNDA:0,(anonymous_97)
FNDA:0,(anonymous_98)
FNDA:0,(anonymous_99)
FNDA:0,(anonymous_100)
FNDA:0,(anonymous_101)
FNDA:0,(anonymous_102)
FNDA:0,(anonymous_103)
FNDA:0,(anonymous_104)
FNDA:0,(anonymous_105)
FNDA:0,(anonymous_106)
FNDA:0,(anonymous_107)
FNDA:0,(anonymous_108)
FNDA:0,(anonymous_109)
FNDA:0,(anonymous_110)
FNDA:0,(anonymous_111)
FNDA:0,(anonymous_112)
FNDA:0,(anonymous_113)
FNDA:0,(anonymous_114)
FNDA:0,(anonymous_115)
FNDA:0,(anonymous_116)
FNDA:0,(anonymous_117)
FNDA:0,(anonymous_118)
FNDA:0,(anonymous_119)
FNDA:0,(anonymous_120)
FNDA:0,(anonymous_121)
FNDA:0,(anonymous_122)
FNDA:0,(anonymous_123)
FNDA:0,(anonymous_124)
FNDA:0,(anonymous_125)
FNDA:0,(anonymous_126)
FNDA:0,(anonymous_127)
FNDA:0,(anonymous_128)
FNDA:0,(anonymous_129)
FNDA:0,(anonymous_130)
FNDA:0,(anonymous_131)
FNDA:0,(anonymous_132)
FNDA:0,(anonymous_133)
FNDA:0,(anonymous_134)
FNDA:0,(anonymous_135)
FNDA:0,(anonymous_136)
FNDA:2,(anonymous_137)
FNDA:0,(anonymous_138)
FNDA:0,(anonymous_139)
FNDA:0,(anonymous_140)
FNDA:0,(anonymous_141)
FNDA:0,(anonymous_142)
FNDA:0,(anonymous_143)
DA:1,35
DA:3,35
DA:4,35
DA:6,35
DA:8,35
DA:9,35
DA:10,35
DA:11,35
DA:20,35
DA:21,35
DA:28,35
DA:29,35
DA:30,35
DA:31,35
DA:32,0
DA:33,0
DA:34,0
DA:35,0
DA:37,0
DA:38,0
DA:43,35
DA:44,35
DA:45,8
DA:46,8
DA:47,8
DA:48,8
DA:50,8
DA:53,8
DA:55,80
DA:58,0
DA:59,0
DA:61,8
DA:67,35
DA:68,35
DA:69,35
DA:70,8
DA:71,8
DA:72,8
DA:73,8
DA:75,8
DA:76,8
DA:78,0
DA:79,0
DA:81,8
DA:82,8
DA:87,35
DA:88,35
DA:90,35
DA:91,0
DA:92,0
DA:93,0
DA:96,35
DA:97,595
DA:100,0
DA:103,0
DA:110,35
DA:157,35
DA:312,35
DA:313,35
DA:315,35
DA:316,0
DA:317,0
DA:318,0
DA:320,0
DA:329,35
DA:339,35
DA:341,35
DA:342,0
DA:343,0
DA:344,0
DA:353,35
DA:354,0
DA:355,0
DA:356,0
DA:359,35
DA:360,0
DA:361,0
DA:362,0
DA:365,35
DA:366,0
DA:367,0
DA:369,0
DA:370,0
DA:371,0
DA:372,0
DA:373,0
DA:381,0
DA:382,0
DA:383,0
DA:384,0
DA:385,0
DA:393,0
DA:394,0
DA:395,0
DA:396,0
DA:397,0
DA:398,0
DA:407,35
DA:408,0
DA:409,0
DA:412,35
DA:413,0
DA:415,0
DA:416,0
DA:418,0
DA:419,0
DA:422,35
DA:423,0
DA:424,0
DA:425,0
DA:426,0
DA:434,0
DA:435,0
DA:436,0
DA:445,245
DA:446,0
DA:448,0
DA:449,0
DA:450,0
DA:453,0
DA:454,0
DA:457,35
DA:460,35
DA:461,0
DA:462,0
DA:463,0
DA:464,0
DA:465,0
DA:466,0
DA:467,0
DA:468,0
DA:469,0
DA:473,0
DA:474,0
DA:475,0
DA:476,0
DA:477,0
DA:478,0
DA:479,0
DA:480,0
DA:483,0
DA:491,35
DA:492,35
DA:493,35
DA:494,35
DA:495,0
DA:496,0
DA:497,0
DA:498,0
DA:500,35
DA:501,175
DA:502,175
DA:507,35
DA:508,0
DA:509,0
DA:510,0
DA:512,0
DA:513,0
DA:515,0
DA:516,0
DA:519,35
DA:522,35
DA:523,0
DA:524,0
DA:525,0
DA:526,0
DA:531,35
DA:532,0
DA:533,0
DA:534,0
DA:535,0
DA:538,35
DA:541,35
DA:542,0
DA:543,0
DA:544,0
DA:549,35
DA:550,0
DA:551,0
DA:552,0
DA:554,0
DA:555,0
DA:573,35
DA:574,4
DA:575,4
DA:576,4
DA:577,16
DA:578,16
DA:579,15
DA:580,4
DA:581,4
DA:582,4
DA:583,14
DA:584,14
DA:585,14
DA:586,13
DA:588,2
DA:594,35
DA:595,0
DA:598,0
DA:599,0
DA:606,0
DA:607,0
DA:608,0
DA:610,0
DA:611,0
DA:617,35
DA:622,35
DA:623,35
DA:627,35
DA:628,35
DA:629,35
DA:630,2
DA:631,2
DA:632,2
DA:633,2
DA:634,2
DA:635,2
DA:636,2
DA:637,2
DA:638,2
DA:639,2
DA:640,2
DA:641,2
DA:642,2
DA:651,35
DA:652,8
DA:653,8
DA:654,8
DA:655,8
DA:656,8
DA:663,5
DA:665,17
DA:669,5
DA:670,5
DA:671,5
DA:672,5
DA:673,0
DA:674,0
DA:675,0
DA:676,0
DA:677,0
DA:678,0
DA:680,0
DA:690,0
DA:694,0
DA:695,0
DA:696,0
DA:697,0
DA:698,0
DA:699,0
DA:700,0
DA:701,0
DA:702,0
DA:706,0
DA:709,5
DA:711,35
DA:714,35
DA:715,1
DA:716,1
DA:725,35
DA:727,35
DA:728,4
DA:729,4
DA:730,4
DA:731,1
DA:732,1
DA:735,3
DA:736,3
DA:743,35
DA:744,0
DA:748,35
DA:749,0
DA:750,0
DA:751,0
DA:752,0
DA:753,0
DA:754,0
DA:764,35
DA:765,0
DA:766,0
DA:767,0
DA:770,0
DA:771,0
DA:772,0
DA:774,0
DA:775,0
DA:776,0
DA:777,0
DA:778,0
DA:782,0
DA:783,0
DA:784,0
DA:785,0
DA:797,0
DA:798,0
DA:799,0
DA:800,0
DA:801,0
DA:802,0
DA:803,0
DA:810,0
DA:813,35
DA:814,0
DA:815,0
DA:821,35
DA:822,0
DA:823,0
DA:824,0
DA:825,0
DA:826,0
DA:828,0
DA:829,0
DA:830,0
DA:831,0
DA:833,0
DA:840,0
DA:843,35
DA:844,0
DA:850,35
DA:851,35
DA:852,35
DA:853,35
DA:855,35
DA:856,0
DA:857,0
DA:858,0
DA:860,0
DA:861,0
DA:862,0
DA:868,0
DA:871,0
DA:872,0
DA:873,0
DA:879,0
DA:883,0
DA:885,0
DA:888,35
DA:889,0
DA:890,0
DA:892,35
DA:893,35
DA:894,35
DA:895,35
DA:896,0
DA:898,35
DA:899,35
DA:900,35
DA:901,35
DA:902,35
DA:907,35
DA:914,35
DA:915,35
DA:916,0
DA:917,0
DA:918,0
DA:919,0
DA:921,0
DA:922,0
DA:923,0
DA:927,0
DA:928,0
DA:930,0
DA:931,0
DA:932,0
DA:938,35
DA:939,0
DA:940,0
DA:945,35
DA:946,0
DA:947,0
DA:948,0
DA:950,0
DA:951,0
DA:954,35
DA:955,35
DA:956,0
DA:960,35
DA:961,35
DA:963,35
DA:964,0
DA:965,0
DA:966,0
DA:967,0
DA:970,35
DA:971,35
DA:972,35
DA:977,35
DA:978,0
DA:979,0
DA:980,0
DA:981,0
DA:982,0
DA:983,0
DA:986,35
DA:987,2
DA:988,2
DA:989,2
DA:990,2
DA:991,2
DA:992,2
DA:993,2
DA:1001,35
DA:1003,35
DA:1004,0
DA:1005,0
DA:1006,0
DA:1008,0
DA:1009,0
DA:1010,0
DA:1011,0
DA:1012,0
DA:1017,35
DA:1020,35
DA:1021,0
DA:1022,0
DA:1023,0
DA:1029,35
DA:1030,0
DA:1034,0
DA:1035,0
DA:1046,35
DA:1051,35
DA:1058,35
DA:1065,35
DA:1077,35
DA:1078,35
DA:1079,35
DA:1080,35
DA:1081,0
DA:1082,0
DA:1084,35
DA:1086,35
DA:1087,0
DA:1088,0
DA:1089,0
DA:1093,35
DA:1098,35
DA:1099,0
DA:1100,0
DA:1101,0
DA:1104,35
DA:1105,0
DA:1106,0
DA:1107,0
DA:1113,35
DA:1114,2
DA:1116,2
DA:1117,2
DA:1122,1
DA:1123,1
DA:1124,1
DA:1128,35
DA:1129,0
DA:1131,35
DA:1132,0
DA:1134,35
DA:1135,0
DA:1140,35
DA:1141,35
DA:1143,35
DA:1144,1
DA:1145,1
DA:1146,1
DA:1147,1
DA:1148,1
DA:1153,1
DA:1155,35
DA:1156,1
DA:1157,1
DA:1158,1
DA:1159,1
DA:1160,1
DA:1165,1
DA:1177,35
DA:1178,35
DA:1179,0
DA:1180,0
DA:1182,35
DA:1186,70
DA:1187,0
DA:1188,0
DA:1189,0
DA:1190,0
DA:1192,70
DA:1193,0
DA:1194,0
DA:1195,0
DA:1196,0
DA:1198,0
DA:1200,0
DA:1205,35
DA:1206,35
DA:1208,35
DA:1209,0
DA:1210,0
DA:1211,0
DA:1212,0
DA:1213,0
DA:1221,0
DA:1222,0
DA:1224,35
DA:1225,0
DA:1226,0
DA:1227,0
DA:1228,0
DA:1229,0
DA:1237,0
DA:1238,0
DA:1241,35
DA:1242,0
DA:1243,0
DA:1244,0
DA:1247,0
DA:1251,35
DA:1252,0
DA:1253,0
DA:1254,0
DA:1256,0
DA:1257,0
DA:1261,35
DA:1262,0
DA:1263,0
DA:1265,0
DA:1266,0
DA:1271,35
DA:1272,0
DA:1273,0
DA:1274,0
DA:1275,0
DA:1276,0
DA:1288,0
DA:1289,0
DA:1292,35
DA:1293,0
DA:1294,0
DA:1295,0
DA:1296,0
DA:1297,0
DA:1309,0
DA:1310,0
DA:1314,35
DA:1315,0
DA:1316,0
DA:1318,0
DA:1319,0
DA:1320,0
DA:1322,0
DA:1326,35
DA:1327,0
DA:1328,0
DA:1330,0
DA:1331,0
DA:1332,0
DA:1334,0
DA:1335,0
DA:1338,35
DA:1339,0
DA:1340,0
DA:1342,0
DA:1343,0
DA:1344,0
DA:1345,0
DA:1346,0
DA:1347,0
DA:1348,0
DA:1352,0
DA:1353,0
DA:1358,35
DA:1359,0
DA:1360,0
DA:1361,0
DA:1364,35
DA:1365,0
DA:1366,0
DA:1367,0
DA:1368,0
DA:1369,0
DA:1370,0
DA:1371,0
DA:1382,35
DA:1383,0
DA:1384,0
DA:1385,0
DA:1386,0
DA:1388,0
DA:1389,0
DA:1390,0
DA:1391,0
DA:1403,35
DA:1404,0
DA:1405,0
DA:1406,0
DA:1409,35
DA:1410,0
DA:1411,0
DA:1412,0
DA:1413,0
DA:1414,0
DA:1415,0
DA:1416,0
DA:1427,35
DA:1428,0
DA:1429,0
DA:1430,0
DA:1431,0
DA:1432,0
DA:1433,0
DA:1434,0
DA:1435,0
DA:1447,35
DA:1448,0
DA:1449,0
DA:1450,0
DA:1453,35
DA:1454,0
DA:1455,0
DA:1456,0
DA:1457,0
DA:1458,0
DA:1459,0
DA:1460,0
DA:1471,35
DA:1472,0
DA:1473,0
DA:1474,0
DA:1475,0
DA:1476,0
DA:1477,0
DA:1478,0
DA:1479,0
DA:1491,35
DA:1492,0
DA:1493,0
DA:1494,0
DA:1497,35
DA:1498,0
DA:1499,0
DA:1500,0
DA:1501,0
DA:1502,0
DA:1503,0
DA:1504,0
DA:1515,35
DA:1516,0
DA:1517,0
DA:1518,0
DA:1519,0
DA:1520,0
DA:1521,0
DA:1522,0
DA:1523,0
DA:1534,35
DA:1536,0
DA:1537,0
DA:1538,0
DA:1539,0
DA:1540,0
DA:1541,0
DA:1556,35
DA:1563,35
DA:1564,0
DA:1565,0
DA:1566,0
DA:1568,35
DA:1569,0
DA:1570,0
DA:1571,0
DA:1572,0
DA:1573,0
DA:1578,0
DA:1581,0
DA:1582,0
DA:1584,35
DA:1586,0
DA:1587,0
DA:1589,0
DA:1593,35
DA:1594,2
DA:1595,2
DA:1599,35
DA:1600,0
DA:1601,0
DA:1602,0
DA:1603,0
DA:1604,0
DA:1606,0
DA:1607,0
DA:1612,35
DA:1613,0
DA:1614,0
DA:1615,0
DA:1616,0
DA:1618,0
DA:1619,0
DA:1624,35
DA:1625,0
DA:1626,0
DA:1627,0
DA:1628,0
DA:1630,0
DA:1631,0
DA:1636,35
DA:1637,0
DA:1638,0
DA:1639,0
DA:1640,0
DA:1641,0
DA:1642,0
DA:1643,0
DA:1645,0
DA:1646,0
DA:1651,35
DA:1652,0
DA:1653,0
DA:1656,35
DA:1657,0
DA:1658,0
DA:1659,0
DA:1660,0
DA:1661,0
DA:1662,0
DA:1663,0
DA:1674,35
LF:724
LH:263
BRDA:32,0,0,0
BRDA:32,0,1,0
BRDA:33,1,0,0
BRDA:33,1,1,0
BRDA:37,2,0,0
BRDA:37,2,1,0
BRDA:38,3,0,0
BRDA:38,3,1,0
BRDA:45,4,0,0
BRDA:45,4,1,8
BRDA:70,5,0,0
BRDA:70,5,1,8
BRDA:76,6,0,5
BRDA:76,6,1,3
BRDA:76,7,0,5
BRDA:76,7,1,3
BRDA:92,8,0,0
BRDA:92,8,1,0
BRDA:100,9,0,0
BRDA:100,9,1,0
BRDA:312,10,0,0
BRDA:312,10,1,0
BRDA:312,10,2,0
BRDA:312,10,3,0
BRDA:316,11,0,0
BRDA:316,11,1,0
BRDA:317,12,0,0
BRDA:317,12,1,0
BRDA:318,13,0,0
BRDA:318,13,1,0
BRDA:339,14,0,0
BRDA:339,14,1,0
BRDA:341,15,0,0
BRDA:342,16,0,0
BRDA:342,16,1,0
BRDA:343,17,0,0
BRDA:343,17,1,0
BRDA:354,18,0,0
BRDA:354,18,1,0
BRDA:355,19,0,0
BRDA:355,19,1,0
BRDA:360,20,0,0
BRDA:360,20,1,0
BRDA:361,21,0,0
BRDA:361,21,1,0
BRDA:365,22,0,0
BRDA:366,23,0,0
BRDA:366,23,1,0
BRDA:369,24,0,0
BRDA:369,24,1,0
BRDA:370,25,0,0
BRDA:370,25,1,0
BRDA:370,26,0,0
BRDA:370,26,1,0
BRDA:371,27,0,0
BRDA:371,27,1,0
BRDA:374,28,0,0
BRDA:374,28,1,0
BRDA:375,29,0,0
BRDA:375,29,1,0
BRDA:381,30,0,0
BRDA:381,30,1,0
BRDA:382,31,0,0
BRDA:382,31,1,0
BRDA:382,32,0,0
BRDA:382,32,1,0
BRDA:383,33,0,0
BRDA:383,33,1,0
BRDA:386,34,0,0
BRDA:386,34,1,0
BRDA:387,35,0,0
BRDA:387,35,1,0
BRDA:393,36,0,0
BRDA:393,36,1,0
BRDA:394,37,0,0
BRDA:394,37,1,0
BRDA:394,38,0,0
BRDA:394,38,1,0
BRDA:394,38,2,0
BRDA:396,39,0,0
BRDA:396,39,1,0
BRDA:396,40,0,0
BRDA:396,40,1,0
BRDA:397,41,0,0
BRDA:397,41,1,0
BRDA:407,42,0,0
BRDA:413,43,0,0
BRDA:413,43,1,0
BRDA:415,44,0,0
BRDA:415,44,1,0
BRDA:416,45,0,0
BRDA:416,45,1,0
BRDA:422,46,0,0
BRDA:424,47,0,0
BRDA:424,47,1,0
BRDA:424,48,0,0
BRDA:424,48,1,0
BRDA:425,49,0,0
BRDA:425,49,1,0
BRDA:435,50,0,0
BRDA:435,50,1,0
BRDA:446,51,0,0
BRDA:446,51,1,0
BRDA:448,52,0,0
BRDA:448,52,1,0
BRDA:449,53,0,0
BRDA:449,53,1,0
BRDA:450,54,0,0
BRDA:450,54,1,0
BRDA:469,55,0,0
BRDA:469,55,1,0
BRDA:474,56,0,0
BRDA:474,56,1,0
BRDA:477,57,0,0
BRDA:477,57,1,0
BRDA:483,58,0,0
BRDA:483,58,1,0
BRDA:483,58,2,0
BRDA:483,58,3,0
BRDA:496,59,0,0
BRDA:496,59,1,0
BRDA:496,60,0,0
BRDA:496,60,1,0
BRDA:497,61,0,0
BRDA:497,61,1,0
BRDA:497,62,0,0
BRDA:497,62,1,0
BRDA:498,63,0,0
BRDA:498,63,1,0
BRDA:498,64,0,0
BRDA:498,64,1,0
BRDA:509,65,0,0
BRDA:509,65,1,0
BRDA:509,66,0,0
BRDA:509,66,1,0
BRDA:512,67,0,0
BRDA:512,67,1,0
BRDA:512,68,0,0
BRDA:512,68,1,0
BRDA:515,69,0,0
BRDA:515,69,1,0
BRDA:515,70,0,0
BRDA:515,70,1,0
BRDA:515,70,2,0
BRDA:524,71,0,0
BRDA:524,71,1,0
BRDA:526,72,0,0
BRDA:526,72,1,0
BRDA:533,73,0,0
BRDA:533,73,1,0
BRDA:535,74,0,0
BRDA:535,74,1,0
BRDA:543,75,0,0
BRDA:543,75,1,0
BRDA:543,76,0,0
BRDA:543,76,1,0
BRDA:551,77,0,0
BRDA:551,77,1,0
BRDA:551,78,0,0
BRDA:551,78,1,0
BRDA:551,78,2,0
BRDA:554,79,0,0
BRDA:554,79,1,0
BRDA:554,80,0,0
BRDA:554,80,1,0
BRDA:554,80,2,0
BRDA:577,81,0,16
BRDA:577,81,1,16
BRDA:578,82,0,16
BRDA:578,82,1,0
BRDA:578,83,0,0
BRDA:578,83,1,16
BRDA:581,84,0,0
BRDA:581,84,1,4
BRDA:583,85,0,0
BRDA:583,85,1,14
BRDA:584,86,0,0
BRDA:584,86,1,14
BRDA:584,87,0,14
BRDA:584,87,1,14
BRDA:585,88,0,1
BRDA:585,88,1,13
BRDA:585,89,0,14
BRDA:585,89,1,14
BRDA:586,90,0,1
BRDA:586,90,1,12
BRDA:586,91,0,13
BRDA:586,91,1,9
BRDA:588,92,0,1
BRDA:588,92,1,1
BRDA:598,93,0,0
BRDA:598,93,1,0
BRDA:598,94,0,0
BRDA:598,94,1,0
BRDA:598,94,2,0
BRDA:606,95,0,0
BRDA:606,95,1,0
BRDA:606,96,0,0
BRDA:606,96,1,0
BRDA:610,97,0,0
BRDA:610,97,1,0
BRDA:610,98,0,0
BRDA:610,98,1,0
BRDA:610,98,2,0
BRDA:630,99,0,0
BRDA:630,99,1,2
BRDA:631,100,0,2
BRDA:631,100,1,0
BRDA:632,101,0,2
BRDA:632,101,1,0
BRDA:633,102,0,0
BRDA:633,102,1,2
BRDA:634,103,0,2
BRDA:634,103,1,0
BRDA:634,104,0,2
BRDA:634,104,1,2
BRDA:635,105,0,2
BRDA:635,105,1,0
BRDA:635,106,0,2
BRDA:635,106,1,0
BRDA:636,107,0,2
BRDA:636,107,1,0
BRDA:636,108,0,2
BRDA:636,108,1,2
BRDA:637,109,0,2
BRDA:637,109,1,0
BRDA:637,110,0,2
BRDA:637,110,1,2
BRDA:638,111,0,2
BRDA:638,111,1,0
BRDA:639,112,0,2
BRDA:639,112,1,0
BRDA:641,113,0,2
BRDA:641,113,1,0
BRDA:642,114,0,2
BRDA:642,114,1,0
BRDA:670,115,0,5
BRDA:670,115,1,0
BRDA:675,116,0,0
BRDA:675,116,1,0
BRDA:678,117,0,0
BRDA:678,117,1,0
BRDA:678,117,2,0
BRDA:678,117,3,0
BRDA:684,118,0,0
BRDA:684,118,1,0
BRDA:695,119,0,0
BRDA:695,119,1,0
BRDA:695,120,0,0
BRDA:695,120,1,0
BRDA:696,121,0,0
BRDA:696,121,1,0
BRDA:696,122,0,0
BRDA:696,122,1,0
BRDA:696,123,0,0
BRDA:696,123,1,0
BRDA:697,124,0,0
BRDA:697,124,1,0
BRDA:697,125,0,0
BRDA:697,125,1,0
BRDA:698,126,0,0
BRDA:698,126,1,0
BRDA:698,127,0,0
BRDA:698,127,1,0
BRDA:699,128,0,0
BRDA:699,128,1,0
BRDA:700,129,0,0
BRDA:700,129,1,0
BRDA:701,130,0,0
BRDA:701,130,1,0
BRDA:703,131,0,0
BRDA:703,131,1,0
BRDA:732,132,0,1
BRDA:732,132,1,0
BRDA:736,133,0,3
BRDA:736,133,1,0
BRDA:749,134,0,0
BRDA:749,134,1,0
BRDA:749,135,0,0
BRDA:749,135,1,0
BRDA:751,136,0,0
BRDA:751,136,1,0
BRDA:751,136,2,0
BRDA:751,136,3,0
BRDA:751,136,4,0
BRDA:752,137,0,0
BRDA:752,137,1,0
BRDA:754,138,0,0
BRDA:754,138,1,0
BRDA:770,139,0,0
BRDA:770,139,1,0
BRDA:770,140,0,0
BRDA:770,140,1,0
BRDA:770,140,2,0
BRDA:772,141,0,0
BRDA:772,141,1,0
BRDA:774,142,0,0
BRDA:774,142,1,0
BRDA:774,143,0,0
BRDA:774,143,1,0
BRDA:774,143,2,0
BRDA:780,144,0,0
BRDA:780,144,1,0
BRDA:781,145,0,0
BRDA:781,145,1,0
BRDA:783,146,0,0
BRDA:783,146,1,0
BRDA:792,147,0,0
BRDA:792,147,1,0
BRDA:794,148,0,0
BRDA:794,148,1,0
BRDA:794,148,2,0
BRDA:795,149,0,0
BRDA:795,149,1,0
BRDA:798,150,0,0
BRDA:798,150,1,0
BRDA:798,151,0,0
BRDA:798,151,1,0
BRDA:799,152,0,0
BRDA:799,152,1,0
BRDA:799,153,0,0
BRDA:799,153,1,0
BRDA:799,154,0,0
BRDA:799,154,1,0
BRDA:799,155,0,0
BRDA:799,155,1,0
BRDA:799,156,0,0
BRDA:799,156,1,0
BRDA:800,157,0,0
BRDA:800,157,1,0
BRDA:800,158,0,0
BRDA:800,158,1,0
BRDA:800,159,0,0
BRDA:800,159,1,0
BRDA:800,160,0,0
BRDA:800,160,1,0
BRDA:800,161,0,0
BRDA:800,161,1,0
BRDA:801,162,0,0
BRDA:801,162,1,0
BRDA:801,163,0,0
BRDA:801,163,1,0
BRDA:801,164,0,0
BRDA:801,164,1,0
BRDA:802,165,0,0
BRDA:802,165,1,0
BRDA:804,166,0,0
BRDA:804,166,1,0
BRDA:805,167,0,0
BRDA:805,167,1,0
BRDA:806,168,0,0
BRDA:806,168,1,0
BRDA:814,169,0,0
BRDA:814,169,1,0
BRDA:815,170,0,0
BRDA:815,170,1,0
BRDA:822,171,0,0
BRDA:822,171,1,0
BRDA:829,172,0,0
BRDA:829,172,1,0
BRDA:830,173,0,0
BRDA:830,173,1,0
BRDA:830,174,0,0
BRDA:830,174,1,0
BRDA:834,175,0,0
BRDA:834,175,1,0
BRDA:834,175,2,0
BRDA:835,176,0,0
BRDA:835,176,1,0
BRDA:837,177,0,0
BRDA:837,177,1,0
BRDA:837,178,0,0
BRDA:837,178,1,0
BRDA:844,179,0,0
BRDA:844,179,1,0
BRDA:856,180,0,0
BRDA:856,180,1,0
BRDA:857,181,0,0
BRDA:857,181,1,0
BRDA:861,182,0,0
BRDA:861,182,1,0
BRDA:861,183,0,0
BRDA:861,183,1,0
BRDA:861,183,2,0
BRDA:861,183,3,0
BRDA:871,184,0,0
BRDA:871,184,1,0
BRDA:871,185,0,0
BRDA:871,185,1,0
BRDA:871,185,2,0
BRDA:872,186,0,0
BRDA:872,186,1,0
BRDA:875,187,0,0
BRDA:875,187,1,0
BRDA:916,188,0,0
BRDA:916,188,1,0
BRDA:920,189,0,0
BRDA:920,189,1,0
BRDA:921,190,0,0
BRDA:921,190,1,0
BRDA:922,191,0,0
BRDA:922,191,1,0
BRDA:922,192,0,0
BRDA:922,192,1,0
BRDA:922,192,2,0
BRDA:922,192,3,0
BRDA:922,193,0,0
BRDA:922,193,1,0
BRDA:927,194,0,0
BRDA:927,194,1,0
BRDA:929,195,0,0
BRDA:929,195,1,0
BRDA:931,196,0,0
BRDA:931,196,1,0
BRDA:931,197,0,0
BRDA:931,197,1,0
BRDA:931,197,2,0
BRDA:939,198,0,0
BRDA:939,198,1,0
BRDA:939,199,0,0
BRDA:939,199,1,0
BRDA:946,200,0,0
BRDA:946,200,1,0
BRDA:946,201,0,0
BRDA:946,201,1,0
BRDA:950,202,0,0
BRDA:950,202,1,0
BRDA:950,203,0,0
BRDA:950,203,1,0
BRDA:950,203,2,0
BRDA:964,204,0,0
BRDA:964,204,1,0
BRDA:967,205,0,0
BRDA:967,205,1,0
BRDA:978,206,0,0
BRDA:978,206,1,0
BRDA:981,207,0,0
BRDA:981,207,1,0
BRDA:981,208,0,0
BRDA:981,208,1,0
BRDA:982,209,0,0
BRDA:982,209,1,0
BRDA:983,210,0,0
BRDA:983,210,1,0
BRDA:987,211,0,0
BRDA:987,211,1,2
BRDA:988,212,0,2
BRDA:988,212,1,0
BRDA:990,213,0,0
BRDA:990,213,1,2
BRDA:1005,214,0,0
BRDA:1005,214,1,0
BRDA:1005,215,0,0
BRDA:1005,215,1,0
BRDA:1005,215,2,0
BRDA:1008,216,0,0
BRDA:1008,216,1,0
BRDA:1010,217,0,0
BRDA:1010,217,1,0
BRDA:1022,218,0,0
BRDA:1022,218,1,0
BRDA:1034,219,0,0
BRDA:1034,219,1,0
BRDA:1079,220,0,0
BRDA:1079,220,1,0
BRDA:1079,221,0,0
BRDA:1079,221,1,0
BRDA:1082,222,0,0
BRDA:1082,222,1,0
BRDA:1114,223,0,0
BRDA:1114,223,1,2
BRDA:1116,224,0,2
BRDA:1116,224,1,0
BRDA:1117,225,0,1
BRDA:1117,225,1,1
BRDA:1122,226,0,0
BRDA:1122,226,1,1
BRDA:1123,227,0,1
BRDA:1123,227,1,0
BRDA:1129,228,0,0
BRDA:1129,228,1,0
BRDA:1132,229,0,0
BRDA:1132,229,1,0
BRDA:1135,230,0,0
BRDA:1135,230,1,0
BRDA:1149,231,0,1
BRDA:1149,231,1,0
BRDA:1150,232,0,1
BRDA:1150,232,1,0
BRDA:1151,233,0,1
BRDA:1151,233,1,0
BRDA:1161,234,0,1
BRDA:1161,234,1,0
BRDA:1162,235,0,1
BRDA:1162,235,1,0
BRDA:1163,236,0,1
BRDA:1163,236,1,0
BRDA:1187,237,0,0
BRDA:1187,237,1,0
BRDA:1193,238,0,0
BRDA:1193,238,1,0
BRDA:1194,239,0,0
BRDA:1194,239,1,0
BRDA:1198,240,0,0
BRDA:1198,240,1,0
BRDA:1198,241,0,0
BRDA:1198,241,1,0
BRDA:1214,242,0,0
BRDA:1214,242,1,0
BRDA:1215,243,0,0
BRDA:1215,243,1,0
BRDA:1217,244,0,0
BRDA:1217,244,1,0
BRDA:1218,245,0,0
BRDA:1218,245,1,0
BRDA:1230,246,0,0
BRDA:1230,246,1,0
BRDA:1231,247,0,0
BRDA:1231,247,1,0
BRDA:1233,248,0,0
BRDA:1233,248,1,0
BRDA:1234,249,0,0
BRDA:1234,249,1,0
BRDA:1242,250,0,0
BRDA:1242,250,1,0
BRDA:1244,251,0,0
BRDA:1244,251,1,0
BRDA:1247,252,0,0
BRDA:1247,252,1,0
BRDA:1252,253,0,0
BRDA:1252,253,1,0
BRDA:1254,254,0,0
BRDA:1254,254,1,0
BRDA:1256,255,0,0
BRDA:1256,255,1,0
BRDA:1257,256,0,0
BRDA:1257,256,1,0
BRDA:1262,257,0,0
BRDA:1262,257,1,0
BRDA:1265,258,0,0
BRDA:1265,258,1,0
BRDA:1265,259,0,0
BRDA:1265,259,1,0
BRDA:1265,259,2,0
BRDA:1266,260,0,0
BRDA:1266,260,1,0
BRDA:1279,261,0,0
BRDA:1279,261,1,0
BRDA:1282,262,0,0
BRDA:1282,262,1,0
BRDA:1284,263,0,0
BRDA:1284,263,1,0
BRDA:1285,264,0,0
BRDA:1285,264,1,0
BRDA:1300,265,0,0
BRDA:1300,265,1,0
BRDA:1303,266,0,0
BRDA:1303,266,1,0
BRDA:1305,267,0,0
BRDA:1305,267,1,0
BRDA:1306,268,0,0
BRDA:1306,268,1,0
BRDA:1315,269,0,0
BRDA:1315,269,1,0
BRDA:1319,270,0,0
BRDA:1319,270,1,0
BRDA:1322,271,0,0
BRDA:1322,271,1,0
BRDA:1327,272,0,0
BRDA:1327,272,1,0
BRDA:1331,273,0,0
BRDA:1331,273,1,0
BRDA:1334,274,0,0
BRDA:1334,274,1,0
BRDA:1335,275,0,0
BRDA:1335,275,1,0
BRDA:1339,276,0,0
BRDA:1339,276,1,0
BRDA:1342,277,0,0
BRDA:1342,277,1,0
BRDA:1345,278,0,0
BRDA:1345,278,1,0
BRDA:1347,279,0,0
BRDA:1347,279,1,0
BRDA:1348,280,0,0
BRDA:1348,280,1,0
BRDA:1348,280,2,0
BRDA:1352,281,0,0
BRDA:1352,281,1,0
BRDA:1353,282,0,0
BRDA:1353,282,1,0
BRDA:1353,282,2,0
BRDA:1359,283,0,0
BRDA:1359,283,1,0
BRDA:1365,284,0,0
BRDA:1365,284,1,0
BRDA:1368,285,0,0
BRDA:1368,285,1,0
BRDA:1370,286,0,0
BRDA:1370,286,1,0
BRDA:1374,287,0,0
BRDA:1374,287,1,0
BRDA:1374,287,2,0
BRDA:1377,288,0,0
BRDA:1377,288,1,0
BRDA:1383,289,0,0
BRDA:1383,289,1,0
BRDA:1386,290,0,0
BRDA:1386,290,1,0
BRDA:1389,291,0,0
BRDA:1389,291,1,0
BRDA:1389,291,2,0
BRDA:1394,292,0,0
BRDA:1394,292,1,0
BRDA:1397,293,0,0
BRDA:1397,293,1,0
BRDA:1404,294,0,0
BRDA:1404,294,1,0
BRDA:1410,295,0,0
BRDA:1410,295,1,0
BRDA:1413,296,0,0
BRDA:1413,296,1,0
BRDA:1415,297,0,0
BRDA:1415,297,1,0
BRDA:1419,298,0,0
BRDA:1419,298,1,0
BRDA:1419,298,2,0
BRDA:1422,299,0,0
BRDA:1422,299,1,0
BRDA:1428,300,0,0
BRDA:1428,300,1,0
BRDA:1431,301,0,0
BRDA:1431,301,1,0
BRDA:1433,302,0,0
BRDA:1433,302,1,0
BRDA:1433,302,2,0
BRDA:1438,303,0,0
BRDA:1438,303,1,0
BRDA:1441,304,0,0
BRDA:1441,304,1,0
BRDA:1448,305,0,0
BRDA:1448,305,1,0
BRDA:1454,306,0,0
BRDA:1454,306,1,0
BRDA:1457,307,0,0
BRDA:1457,307,1,0
BRDA:1459,308,0,0
BRDA:1459,308,1,0
BRDA:1463,309,0,0
BRDA:1463,309,1,0
BRDA:1463,309,2,0
BRDA:1466,310,0,0
BRDA:1466,310,1,0
BRDA:1472,311,0,0
BRDA:1472,311,1,0
BRDA:1475,312,0,0
BRDA:1475,312,1,0
BRDA:1477,313,0,0
BRDA:1477,313,1,0
BRDA:1477,313,2,0
BRDA:1482,314,0,0
BRDA:1482,314,1,0
BRDA:1485,315,0,0
BRDA:1485,315,1,0
BRDA:1492,316,0,0
BRDA:1492,316,1,0
BRDA:1498,317,0,0
BRDA:1498,317,1,0
BRDA:1501,318,0,0
BRDA:1501,318,1,0
BRDA:1503,319,0,0
BRDA:1503,319,1,0
BRDA:1507,320,0,0
BRDA:1507,320,1,0
BRDA:1507,320,2,0
BRDA:1510,321,0,0
BRDA:1510,321,1,0
BRDA:1516,322,0,0
BRDA:1516,322,1,0
BRDA:1519,323,0,0
BRDA:1519,323,1,0
BRDA:1521,324,0,0
BRDA:1521,324,1,0
BRDA:1521,324,2,0
BRDA:1526,325,0,0
BRDA:1526,325,1,0
BRDA:1529,326,0,0
BRDA:1529,326,1,0
BRDA:1537,327,0,0
BRDA:1537,327,1,0
BRDA:1540,328,0,0
BRDA:1540,328,1,0
BRDA:1544,329,0,0
BRDA:1544,329,1,0
BRDA:1547,330,0,0
BRDA:1547,330,1,0
BRDA:1564,331,0,0
BRDA:1564,331,1,0
BRDA:1564,332,0,0
BRDA:1564,332,1,0
BRDA:1565,333,0,0
BRDA:1565,333,1,0
BRDA:1565,334,0,0
BRDA:1565,334,1,0
BRDA:1565,335,0,0
BRDA:1565,335,1,0
BRDA:1569,336,0,0
BRDA:1569,336,1,0
BRDA:1569,337,0,0
BRDA:1569,337,1,0
BRDA:1571,338,0,0
BRDA:1571,338,1,0
BRDA:1573,339,0,0
BRDA:1573,339,1,0
BRDA:1573,340,0,0
BRDA:1573,340,1,0
BRDA:1578,341,0,0
BRDA:1578,341,1,0
BRDA:1581,342,0,0
BRDA:1581,342,1,0
BRDA:1581,343,0,0
BRDA:1581,343,1,0
BRDA:1582,344,0,0
BRDA:1582,344,1,0
BRDA:1582,345,0,0
BRDA:1582,345,1,0
BRDA:1586,346,0,0
BRDA:1586,346,1,0
BRDA:1586,347,0,0
BRDA:1586,347,1,0
BRDA:1586,347,2,0
BRDA:1586,347,3,0
BRDA:1589,348,0,0
BRDA:1589,348,1,0
BRDA:1589,349,0,0
BRDA:1589,349,1,0
BRDA:1594,350,0,1
BRDA:1594,350,1,1
BRDA:1594,351,0,2
BRDA:1594,351,1,2
BRDA:1595,352,0,1
BRDA:1595,352,1,1
BRDA:1595,353,0,2
BRDA:1595,353,1,2
BRDA:1601,354,0,0
BRDA:1601,354,1,0
BRDA:1603,355,0,0
BRDA:1603,355,1,0
BRDA:1606,356,0,0
BRDA:1606,356,1,0
BRDA:1613,357,0,0
BRDA:1613,357,1,0
BRDA:1613,358,0,0
BRDA:1613,358,1,0
BRDA:1615,359,0,0
BRDA:1615,359,1,0
BRDA:1615,360,0,0
BRDA:1615,360,1,0
BRDA:1618,361,0,0
BRDA:1618,361,1,0
BRDA:1625,362,0,0
BRDA:1625,362,1,0
BRDA:1625,363,0,0
BRDA:1625,363,1,0
BRDA:1627,364,0,0
BRDA:1627,364,1,0
BRDA:1627,365,0,0
BRDA:1627,365,1,0
BRDA:1630,366,0,0
BRDA:1630,366,1,0
BRDA:1638,367,0,0
BRDA:1638,367,1,0
BRDA:1640,368,0,0
BRDA:1640,368,1,0
BRDA:1642,369,0,0
BRDA:1642,369,1,0
BRDA:1645,370,0,0
BRDA:1645,370,1,0
BRDA:1657,371,0,0
BRDA:1657,371,1,0
BRDA:1660,372,0,0
BRDA:1660,372,1,0
BRDA:1662,373,0,0
BRDA:1662,373,1,0
BRDA:1669,374,0,0
BRDA:1669,374,1,0
BRF:786
BRH:70
end_of_record
TN:
SF:srv/attributes-api.js
FN:26,currentUser
FN:35,(anonymous_1)
FN:37,(anonymous_2)
FN:38,(anonymous_3)
FN:44,(anonymous_4)
FN:46,(anonymous_5)
FN:48,(anonymous_6)
FN:52,buildAttributeColumns
FN:72,mountAttributesApi
FN:80,(anonymous_9)
FN:103,(anonymous_10)
FN:112,(anonymous_11)
FN:124,(anonymous_12)
FN:130,(anonymous_13)
FN:133,(anonymous_14)
FN:145,(anonymous_15)
FN:162,(anonymous_16)
FN:190,(anonymous_17)
FN:191,(anonymous_18)
FN:218,(anonymous_19)
FN:240,(anonymous_20)
FN:282,(anonymous_21)
FN:298,(anonymous_22)
FN:309,(anonymous_23)
FN:310,(anonymous_24)
FN:317,(anonymous_25)
FN:331,(anonymous_26)
FN:337,(anonymous_27)
FN:363,(anonymous_28)
FN:373,(anonymous_29)
FN:399,(anonymous_30)
FN:407,(anonymous_31)
FN:439,(anonymous_32)
FN:440,(anonymous_33)
FN:455,(anonymous_34)
FN:474,(anonymous_35)
FN:483,(anonymous_36)
FN:509,(anonymous_37)
FN:510,(anonymous_38)
FN:513,(anonymous_39)
FN:514,(anonymous_40)
FN:521,(anonymous_41)
FN:545,(anonymous_42)
FN:548,(anonymous_43)
FN:553,(anonymous_44)
FNF:45
FNH:1
FNDA:0,currentUser
FNDA:0,(anonymous_1)
FNDA:0,(anonymous_2)
FNDA:0,(anonymous_3)
FNDA:0,(anonymous_4)
FNDA:0,(anonymous_5)
FNDA:0,(anonymous_6)
FNDA:0,buildAttributeColumns
FNDA:35,mountAttributesApi
FNDA:0,(anonymous_9)
FNDA:0,(anonymous_10)
FNDA:0,(anonymous_11)
FNDA:0,(anonymous_12)
FNDA:0,(anonymous_13)
FNDA:0,(anonymous_14)
FNDA:0,(anonymous_15)
FNDA:0,(anonymous_16)
FNDA:0,(anonymous_17)
FNDA:0,(anonymous_18)
FNDA:0,(anonymous_19)
FNDA:0,(anonymous_20)
FNDA:0,(anonymous_21)
FNDA:0,(anonymous_22)
FNDA:0,(anonymous_23)
FNDA:0,(anonymous_24)
FNDA:0,(anonymous_25)
FNDA:0,(anonymous_26)
FNDA:0,(anonymous_27)
FNDA:0,(anonymous_28)
FNDA:0,(anonymous_29)
FNDA:0,(anonymous_30)
FNDA:0,(anonymous_31)
FNDA:0,(anonymous_32)
FNDA:0,(anonymous_33)
FNDA:0,(anonymous_34)
FNDA:0,(anonymous_35)
FNDA:0,(anonymous_36)
FNDA:0,(anonymous_37)
FNDA:0,(anonymous_38)
FNDA:0,(anonymous_39)
FNDA:0,(anonymous_40)
FNDA:0,(anonymous_41)
FNDA:0,(anonymous_42)
FNDA:0,(anonymous_43)
FNDA:0,(anonymous_44)
DA:15,35
DA:16,35
DA:17,35
DA:19,35
DA:22,35
DA:29,0
DA:30,0
DA:35,35
DA:37,35
DA:38,35
DA:43,35
DA:44,35
DA:45,0
DA:46,0
DA:48,35
DA:49,0
DA:53,0
DA:54,0
DA:55,0
DA:56,0
DA:57,0
DA:67,0
DA:72,35
DA:73,35
DA:74,35
DA:80,35
DA:81,0
DA:82,0
DA:83,0
DA:84,0
DA:85,0
DA:86,0
DA:87,0
DA:91,0
DA:93,0
DA:95,0
DA:97,0
DA:103,35
DA:104,0
DA:105,0
DA:106,0
DA:111,0
DA:112,0
DA:113,0
DA:114,0
DA:116,0
DA:124,35
DA:125,0
DA:126,0
DA:127,0
DA:128,0
DA:129,0
DA:130,0
DA:131,0
DA:132,0
DA:133,0
DA:138,0
DA:140,0
DA:145,35
DA:146,0
DA:147,0
DA:148,0
DA:149,0
DA:150,0
DA:151,0
DA:152,0
DA:154,0
DA:156,0
DA:162,35
DA:163,0
DA:164,0
DA:165,0
DA:166,0
DA:169,0
DA:170,0
DA:171,0
DA:172,0
DA:173,0
DA:177,0
DA:178,0
DA:180,0
DA:181,0
DA:182,0
DA:183,0
DA:184,0
DA:189,0
DA:190,0
DA:191,0
DA:192,0
DA:193,0
DA:197,0
DA:198,0
DA:200,0
DA:201,0
DA:203,0
DA:205,0
DA:212,0
DA:213,0
DA:214,0
DA:215,0
DA:216,0
DA:217,0
DA:218,0
DA:219,0
DA:220,0
DA:221,0
DA:222,0
DA:223,0
DA:224,0
DA:229,0
DA:231,0
DA:232,0
DA:233,0
DA:235,0
DA:240,35
DA:241,0
DA:242,0
DA:243,0
DA:244,0
DA:245,0
DA:247,0
DA:248,0
DA:250,0
DA:251,0
DA:269,0
DA:270,0
DA:275,0
DA:277,0
DA:282,35
DA:283,0
DA:284,0
DA:285,0
DA:286,0
DA:291,0
DA:293,0
DA:298,35
DA:299,0
DA:300,0
DA:301,0
DA:302,0
DA:303,0
DA:304,0
DA:305,0
DA:308,0
DA:309,0
DA:310,0
DA:312,0
DA:313,0
DA:316,0
DA:317,0
DA:318,0
DA:321,0
DA:331,0
DA:337,0
DA:340,0
DA:341,0
DA:342,0
DA:344,0
DA:345,0
DA:346,0
DA:347,0
DA:348,0
DA:351,0
DA:352,0
DA:353,0
DA:354,0
DA:356,0
DA:363,35
DA:364,0
DA:365,0
DA:366,0
DA:367,0
DA:369,0
DA:370,0
DA:371,0
DA:372,0
DA:373,0
DA:376,0
DA:377,0
DA:378,0
DA:379,0
DA:381,0
DA:382,0
DA:385,0
DA:386,0
DA:389,0
DA:390,0
DA:391,0
DA:392,0
DA:393,0
DA:394,0
DA:395,0
DA:399,0
DA:400,0
DA:403,0
DA:404,0
DA:405,0
DA:406,0
DA:407,0
DA:409,0
DA:410,0
DA:411,0
DA:413,0
DA:414,0
DA:415,0
DA:416,0
DA:418,0
DA:419,0
DA:420,0
DA:421,0
DA:424,0
DA:425,0
DA:427,0
DA:428,0
DA:429,0
DA:430,0
DA:431,0
DA:432,0
DA:433,0
DA:434,0
DA:435,0
DA:436,0
DA:438,0
DA:439,0
DA:440,0
DA:441,0
DA:442,0
DA:445,0
DA:447,0
DA:451,0
DA:452,0
DA:453,0
DA:454,0
DA:455,0
DA:460,0
DA:461,0
DA:465,0
DA:466,0
DA:467,0
DA:468,0
DA:469,0
DA:470,0
DA:473,0
DA:474,0
DA:478,0
DA:483,35
DA:484,0
DA:485,0
DA:486,0
DA:487,0
DA:488,0
DA:490,0
DA:491,0
DA:494,0
DA:496,0
DA:497,0
DA:502,0
DA:503,0
DA:504,0
DA:505,0
DA:506,0
DA:509,0
DA:510,0
DA:511,0
DA:512,0
DA:513,0
DA:514,0
DA:518,0
DA:519,0
DA:520,0
DA:521,0
DA:522,0
DA:524,0
DA:525,0
DA:526,0
DA:527,0
DA:528,0
DA:531,0
DA:532,0
DA:533,0
DA:534,0
DA:536,0
DA:543,35
DA:545,0
DA:546,35
DA:548,0
DA:551,35
DA:553,0
DA:555,35
LF:289
LH:28
BRDA:29,0,0,0
BRDA:29,0,1,0
BRDA:30,1,0,0
BRDA:30,1,1,0
BRDA:30,1,2,0
BRDA:46,2,0,0
BRDA:46,2,1,0
BRDA:62,3,0,0
BRDA:62,3,1,0
BRDA:63,4,0,0
BRDA:63,4,1,0
BRDA:82,5,0,0
BRDA:82,5,1,0
BRDA:86,6,0,0
BRDA:86,6,1,0
BRDA:91,7,0,0
BRDA:91,7,1,0
BRDA:95,8,0,0
BRDA:95,8,1,0
BRDA:97,9,0,0
BRDA:97,9,1,0
BRDA:116,10,0,0
BRDA:116,10,1,0
BRDA:126,11,0,0
BRDA:126,11,1,0
BRDA:132,12,0,0
BRDA:132,12,1,0
BRDA:140,13,0,0
BRDA:140,13,1,0
BRDA:152,14,0,0
BRDA:152,14,1,0
BRDA:152,14,2,0
BRDA:152,14,3,0
BRDA:152,14,4,0
BRDA:152,14,5,0
BRDA:156,15,0,0
BRDA:156,15,1,0
BRDA:164,16,0,0
BRDA:164,16,1,0
BRDA:182,17,0,0
BRDA:182,17,1,0
BRDA:189,18,0,0
BRDA:189,18,1,0
BRDA:189,19,0,0
BRDA:189,19,1,0
BRDA:189,19,2,0
BRDA:189,19,3,0
BRDA:191,20,0,0
BRDA:191,20,1,0
BRDA:193,21,0,0
BRDA:193,21,1,0
BRDA:197,22,0,0
BRDA:197,22,1,0
BRDA:197,23,0,0
BRDA:197,23,1,0
BRDA:197,23,2,0
BRDA:200,24,0,0
BRDA:200,24,1,0
BRDA:200,25,0,0
BRDA:200,25,1,0
BRDA:200,25,2,0
BRDA:213,26,0,0
BRDA:213,26,1,0
BRDA:217,27,0,0
BRDA:217,27,1,0
BRDA:217,27,2,0
BRDA:217,27,3,0
BRDA:217,27,4,0
BRDA:217,27,5,0
BRDA:218,28,0,0
BRDA:218,28,1,0
BRDA:218,28,2,0
BRDA:221,29,0,0
BRDA:221,29,1,0
BRDA:223,30,0,0
BRDA:223,30,1,0
BRDA:224,31,0,0
BRDA:224,31,1,0
BRDA:229,32,0,0
BRDA:229,32,1,0
BRDA:235,33,0,0
BRDA:235,33,1,0
BRDA:245,34,0,0
BRDA:245,34,1,0
BRDA:277,35,0,0
BRDA:277,35,1,0
BRDA:293,36,0,0
BRDA:293,36,1,0
BRDA:299,37,0,0
BRDA:300,38,0,0
BRDA:300,38,1,0
BRDA:304,39,0,0
BRDA:304,39,1,0
BRDA:308,40,0,0
BRDA:308,40,1,0
BRDA:310,41,0,0
BRDA:310,41,1,0
BRDA:336,42,0,0
BRDA:336,42,1,0
BRDA:344,43,0,0
BRDA:344,43,1,0
BRDA:356,44,0,0
BRDA:356,44,1,0
BRDA:365,45,0,0
BRDA:365,46,0,0
BRDA:365,46,1,0
BRDA:366,47,0,0
BRDA:366,47,1,0
BRDA:367,48,0,0
BRDA:367,48,1,0
BRDA:378,49,0,0
BRDA:378,49,1,0
BRDA:379,50,0,0
BRDA:379,50,1,0
BRDA:382,51,0,0
BRDA:382,51,1,0
BRDA:385,52,0,0
BRDA:385,52,1,0
BRDA:386,53,0,0
BRDA:386,53,1,0
BRDA:391,54,0,0
BRDA:391,54,1,0
BRDA:392,55,0,0
BRDA:392,55,1,0
BRDA:394,56,0,0
BRDA:394,56,1,0
BRDA:394,57,0,0
BRDA:394,57,1,0
BRDA:400,58,0,0
BRDA:400,58,1,0
BRDA:403,59,0,0
BRDA:403,59,1,0
BRDA:404,60,0,0
BRDA:404,60,1,0
BRDA:405,61,0,0
BRDA:405,61,1,0
BRDA:415,62,0,0
BRDA:415,62,1,0
BRDA:416,63,0,0
BRDA:416,63,1,0
BRDA:419,64,0,0
BRDA:419,64,1,0
BRDA:429,65,0,0
BRDA:429,65,1,0
BRDA:429,66,0,0
BRDA:429,66,1,0
BRDA:434,67,0,0
BRDA:434,67,1,0
BRDA:434,68,0,0
BRDA:434,68,1,0
BRDA:434,68,2,0
BRDA:438,69,0,0
BRDA:438,69,1,0
BRDA:438,70,0,0
BRDA:438,70,1,0
BRDA:438,70,2,0
BRDA:440,71,0,0
BRDA:440,71,1,0
BRDA:442,72,0,0
BRDA:442,72,1,0
BRDA:451,73,0,0
BRDA:451,73,1,0
BRDA:453,74,0,0
BRDA:453,74,1,0
BRDA:469,75,0,0
BRDA:469,75,1,0
BRDA:470,76,0,0
BRDA:470,76,1,0
BRDA:478,77,0,0
BRDA:478,77,1,0
BRDA:484,78,0,0
BRDA:485,79,0,0
BRDA:485,79,1,0
BRDA:490,80,0,0
BRDA:490,80,1,0
BRDA:491,81,0,0
BRDA:491,81,1,0
BRDA:504,82,0,0
BRDA:504,82,1,0
BRDA:505,83,0,0
BRDA:505,83,1,0
BRDA:505,83,2,0
BRDA:505,83,3,0
BRDA:505,83,4,0
BRDA:505,83,5,0
BRDA:506,84,0,0
BRDA:506,84,1,0
BRDA:511,85,0,0
BRDA:511,85,1,0
BRDA:513,86,0,0
BRDA:513,86,1,0
BRDA:514,87,0,0
BRDA:514,87,1,0
BRDA:524,88,0,0
BRDA:524,88,1,0
BRDA:536,89,0,0
BRDA:536,89,1,0
BRDA:543,90,0,35
BRDA:543,90,1,0
BRDA:546,91,0,35
BRDA:546,91,1,0
BRDA:551,92,0,35
BRDA:551,92,1,0
BRF:203
BRH:3
end_of_record
TN:
SF:srv/audit-log.js
FN:9,writeChangeLogs
FN:14,fetchCurrentRecord
FNF:2
FNH:2
FNDA:1048,writeChangeLogs
FNDA:24,fetchCurrentRecord
DA:5,36
DA:10,1048
DA:15,24
DA:18,36
LF:4
LH:4
BRF:0
BRH:0
end_of_record
TN:
SF:srv/capacity-cardinality.js
FN:3,firstDefined
FN:4,(anonymous_1)
FN:7,getBridgeIdFromCapacityRequest
FN:10,(anonymous_3)
FN:22,getCapacityIdFromRequest
FN:25,(anonymous_5)
FN:30,rejectSecondCapacity
FNF:7
FNH:7
FNDA:5,firstDefined
FNDA:11,(anonymous_1)
FNDA:2,getBridgeIdFromCapacityRequest
FNDA:1,(anonymous_3)
FNDA:2,getCapacityIdFromRequest
FNDA:1,(anonymous_5)
FNDA:1,rejectSecondCapacity
DA:4,11
DA:8,2
DA:9,2
DA:10,2
DA:12,2
DA:23,2
DA:24,2
DA:25,2
DA:27,2
DA:31,1
DA:39,1
LF:11
LH:11
BRDA:4,0,0,11
BRDA:4,0,1,5
BRDA:4,0,2,5
BRDA:8,1,0,2
BRDA:8,1,1,0
BRDA:9,2,0,1
BRDA:9,2,1,1
BRDA:10,3,0,1
BRDA:10,3,1,1
BRDA:23,4,0,2
BRDA:23,4,1,1
BRDA:24,5,0,1
BRDA:24,5,1,1
BRF:13
BRH:12
end_of_record
TN:
SF:srv/demo-handler.js
FN:631,deriveDemoAttributes
FN:650,demoAttributeRows
FN:666,(anonymous_2)
FN:668,(anonymous_3)
FN:680,(anonymous_4)
FN:707,(anonymous_5)
FNF:6
FNH:6
FNDA:60,deriveDemoAttributes
FNDA:2,demoAttributeRows
FNDA:35,(anonymous_2)
FNDA:2,(anonymous_3)
FNDA:60,(anonymous_4)
FNDA:1,(anonymous_5)
DA:3,35
DA:13,35
DA:630,35
DA:632,60
DA:633,60
DA:634,60
DA:635,60
DA:636,60
DA:637,60
DA:638,60
DA:639,60
DA:640,60
DA:642,60
DA:651,2
DA:652,2
DA:653,60
DA:654,300
DA:663,2
DA:666,35
DA:668,35
DA:669,2
DA:670,2
DA:671,2
DA:673,2
DA:675,2
DA:676,2
DA:679,2
DA:680,60
DA:688,2
DA:691,2
DA:692,2
DA:695,2
DA:700,2
DA:701,2
DA:703,0
DA:707,35
DA:708,1
DA:709,1
DA:710,1
DA:712,1
DA:713,1
DA:716,1
DA:717,1
DA:720,1
DA:725,1
DA:726,1
DA:728,0
DA:736,35
LF:48
LH:46
BRDA:632,0,0,60
BRDA:632,0,1,0
BRDA:634,1,0,60
BRDA:634,1,1,0
BRDA:636,2,0,60
BRDA:636,2,1,28
BRDA:636,3,0,60
BRDA:636,3,1,0
BRDA:636,4,0,28
BRDA:636,4,1,0
BRDA:637,5,0,18
BRDA:637,5,1,42
BRDA:637,6,0,4
BRDA:637,6,1,14
BRDA:638,7,0,16
BRDA:638,7,1,44
BRDA:638,8,0,4
BRDA:638,8,1,12
BRDA:639,9,0,60
BRDA:639,9,1,0
BRDA:640,10,0,14
BRDA:640,10,1,46
BRDA:640,11,0,6
BRDA:640,11,1,40
BRDA:641,12,0,12
BRDA:641,12,1,28
BRDA:641,13,0,18
BRDA:641,13,1,10
BRDA:657,14,0,300
BRDA:657,14,1,180
BRDA:657,15,0,300
BRDA:657,15,1,120
BRDA:669,16,0,0
BRDA:669,16,1,2
BRDA:692,17,0,2
BRDA:692,17,1,0
BRDA:708,18,0,0
BRDA:708,18,1,1
BRF:38
BRH:30
end_of_record
TN:
SF:srv/demo-seed.js
FN:11,enrichDataQuality
FN:48,(anonymous_1)
FN:66,seedDemoData
FN:71,(anonymous_3)
FN:108,(anonymous_4)
FN:161,cleanupLegacyAmoIds
FN:163,(anonymous_6)
FN:179,backfillDataQuality
FN:185,(anonymous_8)
FN:210,backfillFatigue
FN:213,(anonymous_10)
FN:241,seedNsw
FN:243,(anonymous_12)
FN:249,(anonymous_13)
FNF:14
FNH:2
FNDA:0,enrichDataQuality
FNDA:420,(anonymous_1)
FNDA:35,seedDemoData
FNDA:0,(anonymous_3)
FNDA:0,(anonymous_4)
FNDA:0,cleanupLegacyAmoIds
FNDA:0,(anonymous_6)
FNDA:0,backfillDataQuality
FNDA:0,(anonymous_8)
FNDA:0,backfillFatigue
FNDA:0,(anonymous_10)
FNDA:0,seedNsw
FNDA:0,(anonymous_12)
FNDA:0,(anonymous_13)
DA:1,35
DA:2,35
DA:3,35
DA:4,35
DA:12,0
DA:13,0
DA:14,0
DA:15,0
DA:16,0
DA:18,0
DA:21,0
DA:22,0
DA:23,0
DA:24,0
DA:27,0
DA:33,35
DA:44,35
DA:48,420
DA:67,35
DA:70,0
DA:71,0
DA:72,0
DA:73,0
DA:74,0
DA:77,0
DA:78,0
DA:79,0
DA:82,0
DA:84,0
DA:87,0
DA:88,0
DA:90,0
DA:91,0
DA:95,0
DA:98,0
DA:107,0
DA:108,0
DA:109,0
DA:110,0
DA:115,0
DA:116,0
DA:117,0
DA:118,0
DA:119,0
DA:120,0
DA:122,0
DA:123,0
DA:124,0
DA:126,0
DA:129,0
DA:130,0
DA:131,0
DA:132,0
DA:134,0
DA:138,0
DA:143,0
DA:148,0
DA:150,0
DA:152,0
DA:162,0
DA:163,0
DA:164,0
DA:165,0
DA:166,0
DA:167,0
DA:168,0
DA:169,0
DA:170,0
DA:171,0
DA:173,0
DA:180,0
DA:184,0
DA:185,0
DA:186,0
DA:187,0
DA:188,0
DA:189,0
DA:190,0
DA:191,0
DA:192,0
DA:193,0
DA:194,0
DA:195,0
DA:197,0
DA:198,0
DA:202,0
DA:204,0
DA:211,0
DA:212,0
DA:213,0
DA:214,0
DA:215,0
DA:216,0
DA:217,0
DA:218,0
DA:219,0
DA:220,0
DA:221,0
DA:222,0
DA:224,0
DA:225,0
DA:229,0
DA:231,0
DA:242,0
DA:243,0
DA:244,0
DA:245,0
DA:247,0
DA:248,0
DA:249,0
DA:250,0
DA:251,0
DA:252,0
DA:255,0
DA:259,35
LF:115
LH:9
BRDA:12,0,0,0
BRDA:12,0,1,0
BRDA:13,1,0,0
BRDA:13,1,1,0
BRDA:18,2,0,0
BRDA:18,2,1,0
BRDA:21,3,0,0
BRDA:21,3,1,0
BRDA:67,4,0,35
BRDA:67,4,1,0
BRDA:67,5,0,35
BRDA:67,5,1,0
BRDA:67,6,0,0
BRDA:67,6,1,0
BRDA:74,7,0,0
BRDA:74,7,1,0
BRDA:79,8,0,0
BRDA:79,8,1,0
BRDA:84,9,0,0
BRDA:84,9,1,0
BRDA:110,10,0,0
BRDA:110,10,1,0
BRDA:117,11,0,0
BRDA:117,11,1,0
BRDA:118,12,0,0
BRDA:118,12,1,0
BRDA:168,13,0,0
BRDA:168,13,1,0
BRDA:168,14,0,0
BRDA:168,14,1,0
BRDA:187,15,0,0
BRDA:187,15,1,0
BRDA:192,16,0,0
BRDA:192,16,1,0
BRDA:194,17,0,0
BRDA:194,17,1,0
BRDA:215,18,0,0
BRDA:215,18,1,0
BRDA:221,19,0,0
BRDA:221,19,1,0
BRDA:245,20,0,0
BRDA:245,20,1,0
BRDA:251,21,0,0
BRDA:251,21,1,0
BRDA:251,22,0,0
BRDA:251,22,1,0
BRDA:252,23,0,0
BRDA:252,23,1,0
BRF:48
BRH:2
end_of_record
TN:
SF:srv/launchpad.js
FN:13,buildSandboxConfig
FNF:1
FNH:1
FNDA:2,buildSandboxConfig
DA:14,2
DA:42,2
DA:55,2
DA:73,2
DA:74,1
DA:112,2
DA:118,2
DA:171,2
DA:172,1
DA:179,1
DA:184,1
DA:189,1
DA:194,1
DA:199,1
DA:204,1
DA:210,1
DA:211,1
DA:212,1
DA:214,1
DA:215,1
DA:220,2
DA:261,36
LF:22
LH:22
BRDA:73,0,0,1
BRDA:73,0,1,1
BRDA:112,1,0,1
BRDA:112,1,1,1
BRDA:171,2,0,1
BRDA:171,2,1,1
BRF:6
BRH:6
end_of_record
TN:
SF:srv/mass-upload.js
FN:246,(anonymous_0)
FN:276,column
FN:287,lookupDataset
FN:299,getDatasets
FN:300,(anonymous_4)
FN:308,buildWorkbookTemplate
FN:326,(anonymous_6)
FN:342,(anonymous_7)
FN:342,(anonymous_8)
FN:344,(anonymous_9)
FN:344,(anonymous_10)
FN:347,(anonymous_11)
FN:364,(anonymous_12)
FN:365,(anonymous_13)
FN:369,(anonymous_14)
FN:370,(anonymous_15)
FN:371,(anonymous_16)
FN:378,(anonymous_17)
FN:396,(anonymous_18)
FN:409,buildCsvTemplate
FN:415,(anonymous_20)
FN:415,(anonymous_21)
FN:420,importUpload
FN:499,(anonymous_23)
FN:510,(anonymous_24)
FN:534,(anonymous_25)
FN:538,(anonymous_26)
FN:543,(anonymous_27)
FN:550,(anonymous_28)
FN:552,(anonymous_29)
FN:602,(anonymous_30)
FN:610,(anonymous_31)
FN:610,(anonymous_32)
FN:621,(anonymous_33)
FN:622,(anonymous_34)
FN:643,getUploadHistory
FN:653,validateUpload
FN:729,(anonymous_37)
FN:736,getPreviewColumns
FN:764,formatPreviewCell
FN:772,stripDatasetRowPrefix
FN:776,buildValidationMessage
FN:783,importWorkbook
FN:811,importCsv
FN:836,assertDatasetScope
FN:844,readDatasetRows
FN:846,(anonymous_46)
FN:850,queueAudit
FN:859,recordRow
FN:874,modeSkip
FN:889,importLookupRows
FN:896,(anonymous_51)
FN:900,(anonymous_52)
FN:959,providedPatch
FN:965,importRiskConfigRows
FN:969,(anonymous_55)
FN:972,(anonymous_56)
FN:974,(anonymous_57)
FN:985,(anonymous_58)
FN:993,(anonymous_59)
FN:999,importRiskBandRows
FN:1010,(anonymous_61)
FN:1018,(anonymous_62)
FN:1020,(anonymous_63)
FN:1031,(anonymous_64)
FN:1039,(anonymous_65)
FN:1045,importAssetClassStrategyRows
FN:1051,(anonymous_67)
FN:1074,(anonymous_68)
FN:1084,(anonymous_69)
FN:1090,riskAudit
FN:1102,importBridgeRows
FN:1109,(anonymous_72)
FN:1109,(anonymous_73)
FN:1110,(anonymous_74)
FN:1113,(anonymous_75)
FN:1113,(anonymous_76)
FN:1114,(anonymous_77)
FN:1114,(anonymous_78)
FN:1157,(anonymous_79)
FN:1158,(anonymous_80)
FN:1175,(anonymous_81)
FN:1195,importRestrictionRows
FN:1213,(anonymous_83)
FN:1215,(anonymous_84)
FN:1228,(anonymous_85)
FN:1229,(anonymous_86)
FN:1232,(anonymous_87)
FN:1232,(anonymous_88)
FN:1233,(anonymous_89)
FN:1233,(anonymous_90)
FN:1276,(anonymous_91)
FN:1277,(anonymous_92)
FN:1294,(anonymous_93)
FN:1313,(anonymous_94)
FN:1318,enrichRestrictionsWithBridgeKeys
FN:1319,(anonymous_96)
FN:1357,normalizeRows
FN:1371,normalizeRow
FN:1383,(anonymous_99)
FN:1387,(anonymous_100)
FN:1388,(anonymous_101)
FN:1426,parseSheetRows
FN:1431,(anonymous_103)
FN:1440,(anonymous_104)
FN:1453,convertCellValue
FN:1508,handleBadNumeric
FN:1518,parseBoolean
FN:1532,parseDate
FN:1557,parsePrimaryLookupRowKey
FN:1561,getDedupeKey
FN:1574,resolveExistingBridgeRow
FN:1584,resolveExistingRestrictionRow
FN:1594,getNextIntegerKey
FN:1601,readExistingRows
FN:1618,stripPrimaryKey
FN:1627,stripMetadata
FN:1636,buildHeaderRow
FN:1637,(anonymous_118)
FN:1776,buildSampleDataRow
FN:1781,(anonymous_120)
FN:1787,buildReferenceExamplesRows
FN:1789,(anonymous_122)
FN:1791,(anonymous_123)
FN:1797,(anonymous_124)
FN:1801,(anonymous_125)
FN:1816,getRequiredColumns
FN:1817,(anonymous_127)
FN:1817,(anonymous_128)
FN:1820,formatCellValue
FN:1826,formatReferenceValue
FN:1835,hasValue
FN:1839,emptySummary
FN:1843,buildSummary
FN:1853,requireDataset
FN:1861,resolveWorkbookDatasets
FNF:136
FNH:111
FNDA:665,(anonymous_0)
FNDA:4970,column
FNDA:490,lookupDataset
FNDA:1,getDatasets
FNDA:19,(anonymous_4)
FNDA:2,buildWorkbookTemplate
FNDA:38,(anonymous_6)
FNDA:180,(anonymous_7)
FNDA:678,(anonymous_8)
FNDA:102,(anonymous_9)
FNDA:306,(anonymous_10)
FNDA:362,(anonymous_11)
FNDA:122,(anonymous_12)
FNDA:164,(anonymous_13)
FNDA:122,(anonymous_14)
FNDA:122,(anonymous_15)
FNDA:3222,(anonymous_16)
FNDA:126,(anonymous_17)
FNDA:22,(anonymous_18)
FNDA:2,buildCsvTemplate
FNDA:0,(anonymous_20)
FNDA:0,(anonymous_21)
FNDA:20,importUpload
FNDA:15,(anonymous_23)
FNDA:19,(anonymous_24)
FNDA:0,(anonymous_25)
FNDA:0,(anonymous_26)
FNDA:0,(anonymous_27)
FNDA:0,(anonymous_28)
FNDA:0,(anonymous_29)
FNDA:15,(anonymous_30)
FNDA:0,(anonymous_31)
FNDA:0,(anonymous_32)
FNDA:15,(anonymous_33)
FNDA:19,(anonymous_34)
FNDA:1,getUploadHistory
FNDA:10,validateUpload
FNDA:25,(anonymous_37)
FNDA:29,getPreviewColumns
FNDA:750,formatPreviewCell
FNDA:150,stripDatasetRowPrefix
FNDA:5,buildValidationMessage
FNDA:0,importWorkbook
FNDA:18,importCsv
FNDA:18,assertDatasetScope
FNDA:39,readDatasetRows
FNDA:365,(anonymous_46)
FNDA:14,queueAudit
FNDA:16,recordRow
FNDA:16,modeSkip
FNDA:7,importLookupRows
FNDA:8,(anonymous_51)
FNDA:3,(anonymous_52)
FNDA:3,providedPatch
FNDA:2,importRiskConfigRows
FNDA:2,(anonymous_55)
FNDA:1,(anonymous_56)
FNDA:0,(anonymous_57)
FNDA:0,(anonymous_58)
FNDA:3,(anonymous_59)
FNDA:0,importRiskBandRows
FNDA:0,(anonymous_61)
FNDA:0,(anonymous_62)
FNDA:0,(anonymous_63)
FNDA:0,(anonymous_64)
FNDA:0,(anonymous_65)
FNDA:3,importAssetClassStrategyRows
FNDA:11,(anonymous_67)
FNDA:3,(anonymous_68)
FNDA:3,(anonymous_69)
FNDA:3,riskAudit
FNDA:4,importBridgeRows
FNDA:4,(anonymous_72)
FNDA:4,(anonymous_73)
FNDA:4,(anonymous_74)
FNDA:1,(anonymous_75)
FNDA:1,(anonymous_76)
FNDA:1,(anonymous_77)
FNDA:1,(anonymous_78)
FNDA:174,(anonymous_79)
FNDA:25,(anonymous_80)
FNDA:57,(anonymous_81)
FNDA:1,importRestrictionRows
FNDA:0,(anonymous_83)
FNDA:0,(anonymous_84)
FNDA:1,(anonymous_85)
FNDA:1,(anonymous_86)
FNDA:0,(anonymous_87)
FNDA:0,(anonymous_88)
FNDA:0,(anonymous_89)
FNDA:0,(anonymous_90)
FNDA:35,(anonymous_91)
FNDA:10,(anonymous_92)
FNDA:0,(anonymous_93)
FNDA:1,(anonymous_94)
FNDA:1,enrichRestrictionsWithBridgeKeys
FNDA:1,(anonymous_96)
FNDA:17,normalizeRows
FNDA:169,normalizeRow
FNDA:191,(anonymous_99)
FNDA:1204,(anonymous_100)
FNDA:3,(anonymous_101)
FNDA:42,parseSheetRows
FNDA:637,(anonymous_103)
FNDA:169,(anonymous_104)
FNDA:1184,convertCellValue
FNDA:1,handleBadNumeric
FNDA:37,parseBoolean
FNDA:3,parseDate
FNDA:8,parsePrimaryLookupRowKey
FNDA:18,getDedupeKey
FNDA:4,resolveExistingBridgeRow
FNDA:1,resolveExistingRestrictionRow
FNDA:3,getNextIntegerKey
FNDA:4,readExistingRows
FNDA:1,stripPrimaryKey
FNDA:12,stripMetadata
FNDA:39,buildHeaderRow
FNDA:365,(anonymous_118)
FNDA:4,buildSampleDataRow
FNDA:226,(anonymous_120)
FNDA:2,buildReferenceExamplesRows
FNDA:38,(anonymous_122)
FNDA:362,(anonymous_123)
FNDA:34,(anonymous_124)
FNDA:160,(anonymous_125)
FNDA:38,getRequiredColumns
FNDA:362,(anonymous_127)
FNDA:60,(anonymous_128)
FNDA:984,formatCellValue
FNDA:160,formatReferenceValue
FNDA:2093,hasValue
FNDA:1,emptySummary
FNDA:15,buildSummary
FNDA:26,requireDataset
FNDA:1,resolveWorkbookDatasets
DA:1,35
DA:2,35
DA:4,35
DA:5,35
DA:6,35
DA:10,35
DA:12,35
DA:18,35
DA:79,35
DA:141,35
DA:154,35
DA:161,35
DA:176,35
DA:246,665
DA:248,35
DA:271,35
DA:277,4970
DA:288,490
DA:300,19
DA:309,2
DA:310,2
DA:311,2
DA:313,2
DA:326,38
DA:334,2
DA:336,2
DA:337,38
DA:338,38
DA:339,38
DA:340,38
DA:341,38
DA:342,678
DA:344,306
DA:346,38
DA:347,362
DA:348,38
DA:352,2
DA:353,4
DA:354,4
DA:357,4
DA:358,4
DA:361,4
DA:364,122
DA:365,164
DA:366,4
DA:368,4
DA:369,122
DA:370,4
DA:371,3222
DA:372,122
DA:374,4
DA:376,4
DA:377,4
DA:378,126
DA:379,4
DA:387,2
DA:389,4
DA:390,4
DA:391,0
DA:392,4
DA:393,4
DA:394,4
DA:396,22
DA:398,4
DA:399,4
DA:402,2
DA:403,2
DA:404,2
DA:406,2
DA:410,2
DA:411,1
DA:412,1
DA:413,1
DA:415,0
DA:417,1
DA:421,20
DA:422,1
DA:427,19
DA:428,19
DA:429,19
DA:430,19
DA:431,19
DA:432,19
DA:434,19
DA:436,19
DA:437,19
DA:440,19
DA:441,19
DA:442,0
DA:443,0
DA:444,0
DA:445,0
DA:450,0
DA:451,0
DA:452,0
DA:453,0
DA:454,0
DA:455,0
DA:456,0
DA:457,0
DA:458,0
DA:460,19
DA:461,18
DA:462,15
DA:463,15
DA:465,1
DA:468,15
DA:471,15
DA:472,12
DA:473,14
DA:479,15
DA:480,15
DA:481,3
DA:482,3
DA:483,3
DA:488,0
DA:491,15
DA:495,15
DA:496,15
DA:499,15
DA:500,15
DA:507,15
DA:508,15
DA:509,15
DA:510,19
DA:511,15
DA:529,15
DA:530,0
DA:531,0
DA:532,0
DA:533,0
DA:534,0
DA:535,0
DA:537,0
DA:538,0
DA:540,0
DA:543,0
DA:547,0
DA:550,0
DA:552,0
DA:553,0
DA:554,0
DA:555,0
DA:558,0
DA:559,0
DA:560,0
DA:561,0
DA:562,0
DA:563,0
DA:565,0
DA:566,0
DA:567,0
DA:568,0
DA:569,0
DA:570,0
DA:571,0
DA:575,0
DA:584,0
DA:585,0
DA:587,0
DA:601,15
DA:602,15
DA:603,15
DA:604,15
DA:606,15
DA:607,3
DA:608,3
DA:609,3
DA:610,3
DA:611,3
DA:612,0
DA:613,0
DA:616,0
DA:617,0
DA:621,15
DA:622,19
DA:623,15
DA:638,4
DA:639,4
DA:644,1
DA:645,1
DA:650,1
DA:654,10
DA:655,1
DA:658,9
DA:659,9
DA:660,1
DA:662,8
DA:663,1
DA:666,7
DA:667,7
DA:668,7
DA:669,7
DA:670,7
DA:671,7
DA:672,7
DA:673,7
DA:675,7
DA:676,25
DA:677,25
DA:678,25
DA:679,24
DA:681,24
DA:682,150
DA:683,150
DA:684,150
DA:685,150
DA:686,150
DA:687,2
DA:688,148
DA:689,1
DA:692,0
DA:693,0
DA:696,150
DA:697,150
DA:698,148
DA:699,150
DA:701,150
DA:716,6
DA:717,1
DA:720,5
DA:721,5
DA:729,25
DA:737,29
DA:738,5
DA:746,24
DA:747,1
DA:755,23
DA:765,750
DA:766,460
DA:767,460
DA:768,414
DA:769,414
DA:773,150
DA:777,5
DA:778,4
DA:779,3
DA:780,2
DA:784,0
DA:785,0
DA:786,0
DA:787,0
DA:788,0
DA:790,0
DA:791,0
DA:792,0
DA:793,0
DA:794,0
DA:796,0
DA:797,0
DA:798,0
DA:801,0
DA:802,0
DA:803,0
DA:805,0
DA:808,0
DA:812,18
DA:813,0
DA:816,18
DA:817,18
DA:818,18
DA:819,18
DA:821,18
DA:822,0
DA:825,18
DA:826,17
DA:827,17
DA:828,17
DA:829,15
DA:837,18
DA:838,1
DA:839,1
DA:840,1
DA:845,39
DA:846,365
DA:851,14
DA:852,14
DA:853,14
DA:860,16
DA:861,16
DA:875,16
DA:876,16
DA:877,1
DA:878,1
DA:879,1
DA:881,15
DA:882,1
DA:883,1
DA:884,1
DA:886,14
DA:890,7
DA:892,7
DA:893,0
DA:896,8
DA:897,7
DA:900,7
DA:902,7
DA:903,7
DA:905,7
DA:906,8
DA:907,8
DA:908,6
DA:909,4
DA:912,7
DA:913,3
DA:914,3
DA:915,4
DA:925,4
DA:929,7
DA:930,2
DA:931,2
DA:936,2
DA:937,2
DA:938,2
DA:939,2
DA:940,2
DA:953,7
DA:960,3
DA:961,23
DA:962,3
DA:966,2
DA:967,2
DA:969,2
DA:970,2
DA:972,1
DA:973,1
DA:974,1
DA:975,1
DA:976,1
DA:977,1
DA:978,1
DA:979,1
DA:980,0
DA:981,0
DA:982,0
DA:983,0
DA:984,0
DA:985,0
DA:986,0
DA:989,1
DA:990,1
DA:991,1
DA:992,1
DA:993,3
DA:996,1
DA:1000,0
DA:1001,0
DA:1004,0
DA:1005,0
DA:1006,0
DA:1009,0
DA:1010,0
DA:1011,0
DA:1012,0
DA:1013,0
DA:1015,0
DA:1016,0
DA:1018,0
DA:1019,0
DA:1020,0
DA:1021,0
DA:1022,0
DA:1023,0
DA:1024,0
DA:1025,0
DA:1026,0
DA:1027,0
DA:1028,0
DA:1029,0
DA:1030,0
DA:1031,0
DA:1032,0
DA:1035,0
DA:1036,0
DA:1037,0
DA:1038,0
DA:1039,0
DA:1042,0
DA:1046,3
DA:1047,3
DA:1050,3
DA:1051,11
DA:1052,3
DA:1053,3
DA:1054,3
DA:1055,3
DA:1056,3
DA:1057,1
DA:1059,2
DA:1060,2
DA:1061,2
DA:1062,2
DA:1063,2
DA:1065,1
DA:1066,0
DA:1067,0
DA:1069,1
DA:1070,1
DA:1071,1
DA:1072,1
DA:1073,1
DA:1074,3
DA:1075,1
DA:1078,1
DA:1079,1
DA:1080,1
DA:1081,1
DA:1082,1
DA:1084,3
DA:1087,2
DA:1091,3
DA:1103,4
DA:1105,4
DA:1106,1
DA:1109,4
DA:1110,4
DA:1111,3
DA:1113,3
DA:1114,3
DA:1115,3
DA:1117,3
DA:1118,3
DA:1120,3
DA:1121,4
DA:1122,4
DA:1124,4
DA:1125,1
DA:1126,1
DA:1127,1
DA:1128,1
DA:1131,3
DA:1132,3
DA:1134,3
DA:1135,3
DA:1136,3
DA:1140,3
DA:1141,4
DA:1142,4
DA:1146,3
DA:1147,2
DA:1148,2
DA:1149,3
DA:1157,174
DA:1158,25
DA:1160,3
DA:1164,3
DA:1165,1
DA:1166,1
DA:1167,1
DA:1172,1
DA:1173,1
DA:1174,1
DA:1175,57
DA:1178,1
DA:1179,1
DA:1192,3
DA:1196,1
DA:1197,1
DA:1199,1
DA:1200,0
DA:1203,1
DA:1209,1
DA:1210,1
DA:1211,1
DA:1212,1
DA:1213,1
DA:1214,1
DA:1215,0
DA:1216,0
DA:1218,1
DA:1219,0
DA:1220,0
DA:1222,1
DA:1224,1
DA:1225,0
DA:1228,1
DA:1229,1
DA:1230,1
DA:1232,1
DA:1233,1
DA:1235,1
DA:1236,1
DA:1238,1
DA:1239,1
DA:1240,1
DA:1242,1
DA:1243,1
DA:1245,1
DA:1246,1
DA:1249,1
DA:1250,1
DA:1251,1
DA:1252,0
DA:1253,0
DA:1254,0
DA:1257,1
DA:1258,1
DA:1260,1
DA:1261,1
DA:1262,1
DA:1265,1
DA:1266,1
DA:1267,1
DA:1268,1
DA:1276,35
DA:1277,10
DA:1279,1
DA:1283,1
DA:1284,0
DA:1285,0
DA:1286,0
DA:1291,0
DA:1292,0
DA:1293,0
DA:1294,0
DA:1297,0
DA:1298,0
DA:1313,1
DA:1315,1
DA:1319,1
DA:1320,1
DA:1324,1
DA:1326,1
DA:1327,1
DA:1328,1
DA:1329,1
DA:1330,0
DA:1332,1
DA:1336,1
DA:1337,1
DA:1340,1
DA:1341,1
DA:1345,1
DA:1346,1
DA:1347,1
DA:1348,1
DA:1349,0
DA:1350,0
DA:1352,1
DA:1358,17
DA:1360,17
DA:1361,19
DA:1362,19
DA:1364,18
DA:1365,18
DA:1368,17
DA:1372,169
DA:1374,169
DA:1377,1204
DA:1378,1184
DA:1381,169
DA:1383,191
DA:1384,169
DA:1386,169
DA:1387,1204
DA:1388,3
DA:1390,169
DA:1391,3
DA:1392,3
DA:1397,3
DA:1400,166
DA:1401,131
DA:1402,131
DA:1405,35
DA:1406,0
DA:1407,0
DA:1411,0
DA:1414,35
DA:1415,0
DA:1416,0
DA:1420,0
DA:1423,35
DA:1427,42
DA:1428,42
DA:1430,41
DA:1431,637
DA:1433,41
DA:1434,656
DA:1435,616
DA:1436,1
DA:1440,40
DA:1441,169
DA:1442,169
DA:1443,1204
DA:1446,1204
DA:1447,1184
DA:1449,169
DA:1454,1184
DA:1456,666
DA:1458,541
DA:1460,32
DA:1461,31
DA:1462,0
DA:1465,31
DA:1467,1
DA:1468,1
DA:1469,1
DA:1470,1
DA:1473,0
DA:1476,53
DA:1477,52
DA:1478,0
DA:1481,52
DA:1483,1
DA:1484,1
DA:1485,0
DA:1486,0
DA:1490,1
DA:1492,1
DA:1493,1
DA:1494,0
DA:1497,1
DA:1500,37
DA:1502,3
DA:1504,0
DA:1509,1
DA:1510,0
DA:1512,1
DA:1513,1
DA:1515,1
DA:1519,37
DA:1520,5
DA:1521,0
DA:1522,0
DA:1525,5
DA:1526,5
DA:1527,0
DA:1529,0
DA:1533,3
DA:1534,0
DA:1537,3
DA:1538,0
DA:1539,0
DA:1540,0
DA:1541,0
DA:1542,0
DA:1546,3
DA:1547,3
DA:1549,0
DA:1550,0
DA:1551,0
DA:1554,0
DA:1558,8
DA:1562,18
DA:1563,10
DA:1564,6
DA:1565,5
DA:1566,5
DA:1570,3
DA:1571,0
DA:1575,4
DA:1576,0
DA:1578,4
DA:1579,1
DA:1581,3
DA:1585,1
DA:1586,0
DA:1588,1
DA:1589,0
DA:1591,1
DA:1595,3
DA:1598,3
DA:1602,4
DA:1611,4
DA:1612,4
DA:1613,1
DA:1615,4
DA:1619,1
DA:1620,1
DA:1621,59
DA:1622,57
DA:1624,1
DA:1628,12
DA:1629,12
DA:1630,442
DA:1631,430
DA:1633,12
DA:1637,365
DA:1640,35
DA:1664,35
DA:1679,35
DA:1681,35
DA:1778,4
DA:1779,2
DA:1780,0
DA:1781,4
DA:1782,226
DA:1783,226
DA:1788,2
DA:1789,38
DA:1791,362
DA:1795,2
DA:1798,34
DA:1799,34
DA:1800,34
DA:1801,160
DA:1805,34
DA:1817,362
DA:1821,984
DA:1822,984
DA:1823,984
DA:1827,160
DA:1828,36
DA:1830,124
DA:1831,0
DA:1832,0
DA:1836,2093
DA:1840,1
DA:1844,15
DA:1854,26
DA:1855,26
DA:1856,1
DA:1858,25
DA:1862,1
DA:1863,1
DA:1865,0
DA:1868,35
LF:717
LH:542
BRDA:276,0,0,3675
BRDA:341,1,0,18
BRDA:341,1,1,20
BRDA:343,2,0,16
BRDA:343,2,1,4
BRDA:357,3,0,0
BRDA:357,3,1,4
BRDA:366,4,0,0
BRDA:366,4,1,4
BRDA:368,5,0,2
BRDA:368,5,1,2
BRDA:372,6,0,0
BRDA:372,6,1,122
BRDA:392,7,0,0
BRDA:392,7,1,4
BRDA:392,8,0,4
BRDA:392,8,1,4
BRDA:392,9,0,0
BRDA:392,9,1,0
BRDA:396,10,0,22
BRDA:396,10,1,0
BRDA:396,11,0,22
BRDA:396,11,1,0
BRDA:421,12,0,1
BRDA:421,12,1,19
BRDA:427,13,0,4
BRDA:427,13,1,15
BRDA:428,14,0,19
BRDA:428,14,1,0
BRDA:432,15,0,19
BRDA:432,15,1,0
BRDA:441,16,0,0
BRDA:441,16,1,19
BRDA:455,17,0,0
BRDA:455,17,1,0
BRDA:457,18,0,0
BRDA:457,18,1,0
BRDA:460,19,0,18
BRDA:460,19,1,1
BRDA:471,20,0,12
BRDA:471,20,1,3
BRDA:482,21,0,3
BRDA:482,21,1,0
BRDA:485,22,0,3
BRDA:485,22,1,0
BRDA:495,23,0,15
BRDA:495,23,1,0
BRDA:496,24,0,15
BRDA:496,24,1,0
BRDA:497,25,0,0
BRDA:497,25,1,0
BRDA:499,26,0,15
BRDA:499,26,1,1
BRDA:502,27,0,15
BRDA:502,27,1,0
BRDA:502,28,0,15
BRDA:502,28,1,0
BRDA:502,28,2,0
BRDA:503,29,0,15
BRDA:503,29,1,0
BRDA:509,30,0,15
BRDA:509,30,1,0
BRDA:509,30,2,0
BRDA:510,31,0,19
BRDA:510,31,1,5
BRDA:514,32,0,15
BRDA:514,32,1,0
BRDA:515,33,0,15
BRDA:515,33,1,0
BRDA:517,34,0,15
BRDA:517,34,1,0
BRDA:517,34,2,0
BRDA:517,34,3,0
BRDA:518,35,0,15
BRDA:518,35,1,1
BRDA:519,36,0,15
BRDA:519,36,1,7
BRDA:520,37,0,15
BRDA:520,37,1,11
BRDA:523,38,0,15
BRDA:523,38,1,0
BRDA:524,39,0,3
BRDA:524,39,1,12
BRDA:529,40,0,0
BRDA:529,40,1,15
BRDA:531,41,0,0
BRDA:531,41,1,0
BRDA:532,42,0,0
BRDA:532,42,1,0
BRDA:533,43,0,0
BRDA:533,43,1,0
BRDA:535,44,0,0
BRDA:535,44,1,0
BRDA:553,45,0,0
BRDA:553,45,1,0
BRDA:554,46,0,0
BRDA:554,46,1,0
BRDA:554,47,0,0
BRDA:554,47,1,0
BRDA:555,48,0,0
BRDA:555,48,1,0
BRDA:555,49,0,0
BRDA:555,49,1,0
BRDA:560,50,0,0
BRDA:560,50,1,0
BRDA:561,51,0,0
BRDA:561,51,1,0
BRDA:563,52,0,0
BRDA:563,52,1,0
BRDA:567,53,0,0
BRDA:567,53,1,0
BRDA:569,54,0,0
BRDA:569,54,1,0
BRDA:569,55,0,0
BRDA:569,55,1,0
BRDA:577,56,0,0
BRDA:577,56,1,0
BRDA:578,57,0,0
BRDA:578,57,1,0
BRDA:579,58,0,0
BRDA:579,58,1,0
BRDA:580,59,0,0
BRDA:580,59,1,0
BRDA:581,60,0,0
BRDA:581,60,1,0
BRDA:584,61,0,0
BRDA:584,61,1,0
BRDA:603,62,0,15
BRDA:603,62,1,0
BRDA:604,63,0,15
BRDA:604,63,1,15
BRDA:606,64,0,3
BRDA:606,64,1,12
BRDA:609,65,0,3
BRDA:609,65,1,0
BRDA:610,66,0,3
BRDA:610,66,1,0
BRDA:611,67,0,3
BRDA:611,67,1,3
BRDA:612,68,0,0
BRDA:612,68,1,0
BRDA:625,69,0,3
BRDA:625,69,1,12
BRDA:626,70,0,3
BRDA:626,70,1,12
BRDA:650,71,0,1
BRDA:650,71,1,0
BRDA:654,72,0,1
BRDA:654,72,1,9
BRDA:658,73,0,9
BRDA:658,73,1,0
BRDA:659,74,0,1
BRDA:659,74,1,8
BRDA:659,75,0,9
BRDA:659,75,1,8
BRDA:662,76,0,1
BRDA:662,76,1,7
BRDA:662,77,0,8
BRDA:662,77,1,7
BRDA:662,77,2,7
BRDA:667,78,0,1
BRDA:667,78,1,6
BRDA:676,79,0,19
BRDA:676,79,1,6
BRDA:677,80,0,0
BRDA:677,80,1,25
BRDA:686,81,0,2
BRDA:686,81,1,148
BRDA:688,82,0,1
BRDA:688,82,1,147
BRDA:692,83,0,0
BRDA:692,83,1,0
BRDA:697,84,0,2
BRDA:697,84,1,148
BRDA:699,85,0,1
BRDA:699,85,1,149
BRDA:703,86,0,143
BRDA:703,86,1,7
BRDA:709,87,0,2
BRDA:709,87,1,148
BRDA:709,88,0,1
BRDA:709,88,1,147
BRDA:710,89,0,2
BRDA:710,89,1,148
BRDA:710,90,0,1
BRDA:710,90,1,147
BRDA:716,91,0,1
BRDA:716,91,1,5
BRDA:737,92,0,5
BRDA:737,92,1,24
BRDA:746,93,0,1
BRDA:746,93,1,23
BRDA:765,94,0,290
BRDA:765,94,1,460
BRDA:767,95,0,46
BRDA:767,95,1,414
BRDA:767,96,0,460
BRDA:767,96,1,452
BRDA:768,97,0,0
BRDA:768,97,1,414
BRDA:773,98,0,150
BRDA:773,98,1,147
BRDA:777,99,0,1
BRDA:777,99,1,4
BRDA:778,100,0,1
BRDA:778,100,1,3
BRDA:779,101,0,1
BRDA:779,101,1,2
BRDA:792,102,0,0
BRDA:792,102,1,0
BRDA:801,103,0,0
BRDA:801,103,1,0
BRDA:802,104,0,0
BRDA:802,104,1,0
BRDA:802,105,0,0
BRDA:802,105,1,0
BRDA:812,106,0,0
BRDA:812,106,1,18
BRDA:812,107,0,18
BRDA:812,107,1,18
BRDA:821,108,0,0
BRDA:821,108,1,18
BRDA:837,109,0,1
BRDA:837,109,1,17
BRDA:837,110,0,18
BRDA:837,110,1,18
BRDA:837,110,2,6
BRDA:837,111,0,6
BRDA:837,111,1,6
BRDA:851,112,0,0
BRDA:851,112,1,14
BRDA:852,113,0,12
BRDA:852,113,1,2
BRDA:860,114,0,0
BRDA:860,114,1,16
BRDA:860,115,0,16
BRDA:860,115,1,16
BRDA:862,116,0,0
BRDA:862,116,1,16
BRDA:863,117,0,16
BRDA:863,117,1,0
BRDA:864,118,0,16
BRDA:864,118,1,0
BRDA:865,119,0,16
BRDA:865,119,1,0
BRDA:866,120,0,16
BRDA:866,120,1,0
BRDA:867,121,0,0
BRDA:867,121,1,16
BRDA:875,122,0,16
BRDA:875,122,1,16
BRDA:875,122,2,0
BRDA:876,123,0,1
BRDA:876,123,1,15
BRDA:876,124,0,16
BRDA:876,124,1,2
BRDA:878,125,0,1
BRDA:878,125,1,0
BRDA:881,126,0,1
BRDA:881,126,1,14
BRDA:881,127,0,15
BRDA:881,127,1,2
BRDA:883,128,0,1
BRDA:883,128,1,0
BRDA:892,129,0,0
BRDA:892,129,1,7
BRDA:907,130,0,2
BRDA:907,130,1,6
BRDA:908,131,0,2
BRDA:908,131,1,4
BRDA:912,132,0,3
BRDA:912,132,1,4
BRDA:921,133,0,4
BRDA:921,133,1,0
BRDA:923,134,0,4
BRDA:923,134,1,0
BRDA:937,135,0,2
BRDA:937,135,1,0
BRDA:939,136,0,2
BRDA:939,136,1,0
BRDA:946,137,0,2
BRDA:946,137,1,0
BRDA:961,138,0,9
BRDA:961,138,1,14
BRDA:967,139,0,0
BRDA:967,139,1,2
BRDA:970,140,0,1
BRDA:970,140,1,1
BRDA:978,141,0,0
BRDA:978,141,1,1
BRDA:979,142,0,0
BRDA:979,142,1,1
BRDA:984,143,0,0
BRDA:984,143,1,0
BRDA:986,144,0,0
BRDA:986,144,1,0
BRDA:986,145,0,0
BRDA:986,145,1,0
BRDA:992,146,0,1
BRDA:992,146,1,0
BRDA:1001,147,0,0
BRDA:1001,147,1,0
BRDA:1005,148,0,0
BRDA:1005,148,1,0
BRDA:1005,149,0,0
BRDA:1005,149,1,0
BRDA:1005,149,2,0
BRDA:1012,150,0,0
BRDA:1012,150,1,0
BRDA:1016,151,0,0
BRDA:1016,151,1,0
BRDA:1024,152,0,0
BRDA:1024,152,1,0
BRDA:1025,153,0,0
BRDA:1025,153,1,0
BRDA:1030,154,0,0
BRDA:1030,154,1,0
BRDA:1032,155,0,0
BRDA:1032,155,1,0
BRDA:1032,156,0,0
BRDA:1032,156,1,0
BRDA:1038,157,0,0
BRDA:1038,157,1,0
BRDA:1047,158,0,0
BRDA:1047,158,1,3
BRDA:1056,159,0,1
BRDA:1056,159,1,2
BRDA:1056,160,0,3
BRDA:1056,160,1,3
BRDA:1056,160,2,3
BRDA:1061,161,0,0
BRDA:1061,161,1,2
BRDA:1063,162,0,1
BRDA:1063,162,1,1
BRDA:1065,163,0,0
BRDA:1065,163,1,1
BRDA:1067,164,0,0
BRDA:1067,164,1,0
BRDA:1073,165,0,1
BRDA:1073,165,1,0
BRDA:1075,166,0,1
BRDA:1075,166,1,0
BRDA:1075,167,0,1
BRDA:1075,167,1,0
BRDA:1082,168,0,1
BRDA:1082,168,1,0
BRDA:1096,169,0,3
BRDA:1096,169,1,3
BRDA:1097,170,0,3
BRDA:1097,170,1,3
BRDA:1097,170,2,0
BRDA:1105,171,0,1
BRDA:1105,171,1,3
BRDA:1109,172,0,4
BRDA:1109,172,1,0
BRDA:1113,173,0,1
BRDA:1113,173,1,1
BRDA:1122,174,0,0
BRDA:1122,174,1,4
BRDA:1122,175,0,4
BRDA:1122,175,1,0
BRDA:1124,176,0,1
BRDA:1124,176,1,3
BRDA:1126,177,0,0
BRDA:1126,177,1,1
BRDA:1131,178,0,3
BRDA:1131,178,1,0
BRDA:1131,179,0,3
BRDA:1131,179,1,0
BRDA:1136,180,0,3
BRDA:1136,180,1,0
BRDA:1141,181,0,4
BRDA:1141,181,1,0
BRDA:1141,182,0,4
BRDA:1141,182,1,4
BRDA:1146,183,0,2
BRDA:1146,183,1,1
BRDA:1152,184,0,3
BRDA:1152,184,1,0
BRDA:1155,185,0,3
BRDA:1155,185,1,0
BRDA:1157,186,0,174
BRDA:1157,186,1,174
BRDA:1157,186,2,25
BRDA:1160,187,0,3
BRDA:1160,187,1,0
BRDA:1172,188,0,1
BRDA:1172,188,1,0
BRDA:1173,189,0,1
BRDA:1173,189,1,0
BRDA:1178,190,0,1
BRDA:1178,190,1,0
BRDA:1182,191,0,1
BRDA:1182,191,1,0
BRDA:1182,191,2,0
BRDA:1185,192,0,1
BRDA:1185,192,1,0
BRDA:1199,193,0,0
BRDA:1199,193,1,1
BRDA:1214,194,0,0
BRDA:1214,194,1,1
BRDA:1215,195,0,0
BRDA:1215,195,1,0
BRDA:1219,196,0,0
BRDA:1219,196,1,0
BRDA:1224,197,0,0
BRDA:1224,197,1,1
BRDA:1239,198,0,1
BRDA:1239,198,1,0
BRDA:1240,199,0,1
BRDA:1240,199,1,0
BRDA:1240,199,2,0
BRDA:1242,200,0,1
BRDA:1242,200,1,0
BRDA:1242,201,0,1
BRDA:1242,201,1,1
BRDA:1245,202,0,1
BRDA:1245,202,1,0
BRDA:1250,203,0,0
BRDA:1250,203,1,1
BRDA:1250,204,0,1
BRDA:1250,204,1,0
BRDA:1251,205,0,0
BRDA:1251,205,1,1
BRDA:1257,206,0,1
BRDA:1257,206,1,0
BRDA:1265,207,0,1
BRDA:1265,207,1,0
BRDA:1271,208,0,1
BRDA:1271,208,1,0
BRDA:1274,209,0,1
BRDA:1274,209,1,0
BRDA:1276,210,0,35
BRDA:1276,210,1,35
BRDA:1276,210,2,10
BRDA:1279,211,0,1
BRDA:1279,211,1,0
BRDA:1291,212,0,0
BRDA:1291,212,1,0
BRDA:1292,213,0,0
BRDA:1292,213,1,0
BRDA:1297,214,0,0
BRDA:1297,214,1,0
BRDA:1301,215,0,0
BRDA:1301,215,1,0
BRDA:1301,215,2,0
BRDA:1304,216,0,0
BRDA:1304,216,1,0
BRDA:1320,217,0,0
BRDA:1320,217,1,1
BRDA:1329,218,0,0
BRDA:1329,218,1,1
BRDA:1336,219,0,1
BRDA:1336,219,1,0
BRDA:1346,220,0,0
BRDA:1346,220,1,1
BRDA:1348,221,0,0
BRDA:1348,221,1,1
BRDA:1348,222,0,1
BRDA:1348,222,1,1
BRDA:1349,223,0,0
BRDA:1349,223,1,0
BRDA:1362,224,0,1
BRDA:1362,224,1,18
BRDA:1377,225,0,20
BRDA:1377,225,1,1184
BRDA:1377,226,0,1204
BRDA:1377,226,1,40
BRDA:1384,227,0,0
BRDA:1384,227,1,169
BRDA:1387,228,0,1204
BRDA:1387,228,1,233
BRDA:1390,229,0,3
BRDA:1390,229,1,166
BRDA:1391,230,0,3
BRDA:1391,230,1,0
BRDA:1400,231,0,131
BRDA:1400,231,1,35
BRDA:1401,232,0,0
BRDA:1401,232,1,131
BRDA:1405,233,0,0
BRDA:1405,233,1,35
BRDA:1405,234,0,35
BRDA:1405,234,1,7
BRDA:1405,234,2,7
BRDA:1406,235,0,0
BRDA:1406,235,1,0
BRDA:1414,236,0,0
BRDA:1414,236,1,35
BRDA:1414,237,0,35
BRDA:1414,237,1,2
BRDA:1414,237,2,2
BRDA:1415,238,0,0
BRDA:1415,238,1,0
BRDA:1428,239,0,1
BRDA:1428,239,1,41
BRDA:1434,240,0,40
BRDA:1434,240,1,616
BRDA:1435,241,0,1
BRDA:1435,241,1,615
BRDA:1446,242,0,20
BRDA:1446,242,1,1184
BRDA:1446,243,0,1204
BRDA:1446,243,1,20
BRDA:1447,244,0,1184
BRDA:1447,244,1,0
BRDA:1454,245,0,518
BRDA:1454,245,1,666
BRDA:1456,246,0,541
BRDA:1456,246,1,32
BRDA:1456,246,2,53
BRDA:1456,246,3,37
BRDA:1456,246,4,3
BRDA:1456,246,5,0
BRDA:1460,247,0,31
BRDA:1460,247,1,1
BRDA:1461,248,0,0
BRDA:1461,248,1,31
BRDA:1469,249,0,1
BRDA:1469,249,1,0
BRDA:1476,250,0,52
BRDA:1476,250,1,1
BRDA:1477,251,0,0
BRDA:1477,251,1,52
BRDA:1484,252,0,0
BRDA:1484,252,1,1
BRDA:1484,253,0,1
BRDA:1484,253,1,0
BRDA:1486,254,0,0
BRDA:1486,254,1,0
BRDA:1493,255,0,0
BRDA:1493,255,1,1
BRDA:1509,256,0,0
BRDA:1509,256,1,1
BRDA:1512,257,0,1
BRDA:1512,257,1,0
BRDA:1519,258,0,32
BRDA:1519,258,1,5
BRDA:1520,259,0,0
BRDA:1520,259,1,5
BRDA:1521,260,0,0
BRDA:1521,260,1,0
BRDA:1522,261,0,0
BRDA:1522,261,1,0
BRDA:1526,262,0,5
BRDA:1526,262,1,0
BRDA:1527,263,0,0
BRDA:1527,263,1,0
BRDA:1533,264,0,0
BRDA:1533,264,1,3
BRDA:1533,265,0,3
BRDA:1533,265,1,0
BRDA:1537,266,0,0
BRDA:1537,266,1,3
BRDA:1539,267,0,0
BRDA:1539,267,1,0
BRDA:1547,268,0,3
BRDA:1547,268,1,0
BRDA:1550,269,0,0
BRDA:1550,269,1,0
BRDA:1562,270,0,8
BRDA:1562,270,1,10
BRDA:1563,271,0,4
BRDA:1563,271,1,6
BRDA:1563,272,0,4
BRDA:1563,272,1,4
BRDA:1564,273,0,1
BRDA:1564,273,1,5
BRDA:1564,274,0,1
BRDA:1564,274,1,1
BRDA:1565,275,0,0
BRDA:1565,275,1,5
BRDA:1566,276,0,2
BRDA:1566,276,1,3
BRDA:1570,277,0,3
BRDA:1570,277,1,0
BRDA:1575,278,0,0
BRDA:1575,278,1,4
BRDA:1575,279,0,4
BRDA:1575,279,1,0
BRDA:1575,279,2,0
BRDA:1578,280,0,1
BRDA:1578,280,1,3
BRDA:1578,281,0,4
BRDA:1578,281,1,4
BRDA:1585,282,0,0
BRDA:1585,282,1,1
BRDA:1585,283,0,1
BRDA:1585,283,1,0
BRDA:1588,284,0,0
BRDA:1588,284,1,1
BRDA:1588,285,0,1
BRDA:1588,285,1,1
BRDA:1598,286,0,3
BRDA:1598,286,1,2
BRDA:1603,287,0,0
BRDA:1603,287,1,4
BRDA:1606,288,0,4
BRDA:1606,288,1,0
BRDA:1621,289,0,2
BRDA:1621,289,1,57
BRDA:1621,290,0,59
BRDA:1621,290,1,58
BRDA:1630,291,0,12
BRDA:1630,291,1,430
BRDA:1637,292,0,61
BRDA:1637,292,1,304
BRDA:1778,293,0,2
BRDA:1778,293,1,2
BRDA:1779,294,0,2
BRDA:1779,294,1,0
BRDA:1783,295,0,40
BRDA:1783,295,1,186
BRDA:1798,296,0,34
BRDA:1798,296,1,0
BRDA:1808,297,0,8
BRDA:1808,297,1,26
BRDA:1821,298,0,0
BRDA:1821,298,1,984
BRDA:1821,299,0,984
BRDA:1821,299,1,984
BRDA:1822,300,0,0
BRDA:1822,300,1,984
BRDA:1822,301,0,984
BRDA:1822,301,1,0
BRDA:1827,302,0,36
BRDA:1827,302,1,124
BRDA:1827,303,0,160
BRDA:1827,303,1,160
BRDA:1827,303,2,160
BRDA:1830,304,0,124
BRDA:1830,304,1,0
BRDA:1831,305,0,0
BRDA:1831,305,1,0
BRDA:1836,306,0,2093
BRDA:1836,306,1,1581
BRDA:1836,306,2,1581
BRDA:1836,307,0,1581
BRDA:1836,307,1,1436
BRDA:1855,308,0,1
BRDA:1855,308,1,25
BRDA:1862,309,0,1
BRDA:1862,309,1,0
BRDA:1862,310,0,1
BRDA:1862,310,1,1
BRF:645
BRH:377
end_of_record
TN:
SF:srv/prioritisation-analytics.js
FN:17,(anonymous_0)
FN:21,(anonymous_1)
FN:23,(anonymous_2)
FN:39,(anonymous_3)
FN:40,(anonymous_4)
FNF:5
FNH:5
FNDA:35,(anonymous_0)
FNDA:14,(anonymous_1)
FNDA:3,(anonymous_2)
FNDA:1,(anonymous_3)
FNDA:4,(anonymous_4)
DA:1,35
DA:2,35
DA:3,35
DA:16,35
DA:18,35
DA:19,35
DA:20,35
DA:21,35
DA:23,35
DA:24,3
DA:28,3
DA:29,3
DA:30,3
DA:31,7
DA:32,7
DA:33,7
DA:34,7
DA:35,7
DA:36,7
DA:38,3
DA:39,1
DA:40,4
DA:46,3
DA:47,3
DA:50,35
LF:25
LH:25
BRDA:21,0,0,14
BRDA:21,0,1,0
BRDA:31,1,0,7
BRDA:31,1,1,4
BRDA:35,2,0,7
BRDA:35,2,1,0
BRDA:44,3,0,4
BRDA:44,3,1,0
BRF:8
BRH:5
end_of_record
TN:
SF:srv/prioritisation-service.js
FN:14,(anonymous_0)
FN:28,(anonymous_1)
FN:34,(anonymous_2)
FN:43,(anonymous_3)
FN:46,(anonymous_4)
FN:52,(anonymous_5)
FN:55,(anonymous_6)
FN:59,(anonymous_7)
FN:63,(anonymous_8)
FN:63,(anonymous_9)
FN:64,(anonymous_10)
FN:76,(anonymous_11)
FN:79,(anonymous_12)
FN:79,(anonymous_13)
FN:81,(anonymous_14)
FN:89,(anonymous_15)
FN:100,(anonymous_16)
FN:133,(anonymous_17)
FN:141,(anonymous_18)
FN:142,(anonymous_19)
FN:144,(anonymous_20)
FN:156,(anonymous_21)
FN:171,(anonymous_22)
FN:179,(anonymous_23)
FN:193,(anonymous_24)
FN:219,(anonymous_25)
FN:228,(anonymous_26)
FN:240,(anonymous_27)
FN:240,(anonymous_28)
FN:243,(anonymous_29)
FN:250,(anonymous_30)
FN:267,(anonymous_31)
FN:268,(anonymous_32)
FN:283,(anonymous_33)
FN:287,(anonymous_34)
FN:292,(anonymous_35)
FN:318,(anonymous_36)
FN:318,(anonymous_37)
FN:319,(anonymous_38)
FN:325,(anonymous_39)
FN:330,(anonymous_40)
FN:332,(anonymous_41)
FN:333,(anonymous_42)
FN:335,(anonymous_43)
FN:336,(anonymous_44)
FN:336,(anonymous_45)
FN:337,(anonymous_46)
FN:338,(anonymous_47)
FN:339,(anonymous_48)
FN:352,(anonymous_49)
FN:378,(anonymous_50)
FN:386,(anonymous_51)
FN:394,(anonymous_52)
FN:397,(anonymous_53)
FN:436,(anonymous_54)
FN:437,(anonymous_55)
FN:443,(anonymous_56)
FN:480,(anonymous_57)
FN:485,(anonymous_58)
FN:491,(anonymous_59)
FN:496,(anonymous_60)
FN:518,(anonymous_61)
FN:538,(anonymous_62)
FN:543,(anonymous_63)
FN:545,(anonymous_64)
FN:557,(anonymous_65)
FN:557,(anonymous_66)
FN:577,(anonymous_67)
FN:580,(anonymous_68)
FN:587,(anonymous_69)
FN:593,(anonymous_70)
FN:594,(anonymous_71)
FN:602,(anonymous_72)
FN:630,(anonymous_73)
FN:645,(anonymous_74)
FN:660,(anonymous_75)
FN:662,(anonymous_76)
FN:689,(anonymous_77)
FN:708,(anonymous_78)
FN:718,(anonymous_79)
FN:719,(anonymous_80)
FN:735,(anonymous_81)
FN:741,(anonymous_82)
FN:757,(anonymous_83)
FN:760,(anonymous_84)
FN:761,(anonymous_85)
FN:762,(anonymous_86)
FN:764,(anonymous_87)
FN:775,(anonymous_88)
FN:776,(anonymous_89)
FN:777,(anonymous_90)
FN:778,(anonymous_91)
FN:779,(anonymous_92)
FN:804,(anonymous_93)
FN:816,(anonymous_94)
FN:833,(anonymous_95)
FN:836,(anonymous_96)
FN:837,(anonymous_97)
FN:838,(anonymous_98)
FN:840,(anonymous_99)
FN:850,(anonymous_100)
FN:851,(anonymous_101)
FN:852,(anonymous_102)
FN:858,(anonymous_103)
FN:882,(anonymous_104)
FN:889,(anonymous_105)
FN:890,(anonymous_106)
FN:899,(anonymous_107)
FN:901,(anonymous_108)
FN:902,(anonymous_109)
FN:904,(anonymous_110)
FN:910,(anonymous_111)
FN:913,(anonymous_112)
FN:914,(anonymous_113)
FN:926,(anonymous_114)
FN:938,(anonymous_115)
FN:939,(anonymous_116)
FN:950,(anonymous_117)
FN:952,(anonymous_118)
FN:954,(anonymous_119)
FN:954,(anonymous_120)
FN:961,(anonymous_121)
FN:998,(anonymous_122)
FN:1007,(anonymous_123)
FN:1113,(anonymous_124)
FN:1136,(anonymous_125)
FN:1145,(anonymous_126)
FN:1187,(anonymous_127)
FN:1198,(anonymous_128)
FN:1222,(anonymous_129)
FN:1226,(anonymous_130)
FN:1241,(anonymous_131)
FN:1243,(anonymous_132)
FN:1255,(anonymous_133)
FN:1263,(anonymous_134)
FN:1281,(anonymous_135)
FN:1284,(anonymous_136)
FN:1305,(anonymous_137)
FN:1328,(anonymous_138)
FN:1336,(anonymous_139)
FN:1336,(anonymous_140)
FN:1339,(anonymous_141)
FN:1340,(anonymous_142)
FN:1347,(anonymous_143)
FNF:144
FNH:133
FNDA:487,(anonymous_0)
FNDA:35,(anonymous_1)
FNDA:66,(anonymous_2)
FNDA:79,(anonymous_3)
FNDA:104,(anonymous_4)
FNDA:30,(anonymous_5)
FNDA:74,(anonymous_6)
FNDA:3727,(anonymous_7)
FNDA:162921,(anonymous_8)
FNDA:444,(anonymous_9)
FNDA:568036,(anonymous_10)
FNDA:189,(anonymous_11)
FNDA:800,(anonymous_12)
FNDA:37045,(anonymous_13)
FNDA:5,(anonymous_14)
FNDA:185,(anonymous_15)
FNDA:34,(anonymous_16)
FNDA:35,(anonymous_17)
FNDA:0,(anonymous_18)
FNDA:735,(anonymous_19)
FNDA:735,(anonymous_20)
FNDA:35,(anonymous_21)
FNDA:352,(anonymous_22)
FNDA:35,(anonymous_23)
FNDA:105,(anonymous_24)
FNDA:6,(anonymous_25)
FNDA:6,(anonymous_26)
FNDA:1,(anonymous_27)
FNDA:1,(anonymous_28)
FNDA:1,(anonymous_29)
FNDA:12,(anonymous_30)
FNDA:247,(anonymous_31)
FNDA:180,(anonymous_32)
FNDA:40,(anonymous_33)
FNDA:397,(anonymous_34)
FNDA:40,(anonymous_35)
FNDA:160,(anonymous_36)
FNDA:200,(anonymous_37)
FNDA:348,(anonymous_38)
FNDA:132,(anonymous_39)
FNDA:1699,(anonymous_40)
FNDA:1889,(anonymous_41)
FNDA:6582,(anonymous_42)
FNDA:5879,(anonymous_43)
FNDA:198,(anonymous_44)
FNDA:198,(anonymous_45)
FNDA:1102,(anonymous_46)
FNDA:396,(anonymous_47)
FNDA:132,(anonymous_48)
FNDA:155,(anonymous_49)
FNDA:10,(anonymous_50)
FNDA:174,(anonymous_51)
FNDA:132,(anonymous_52)
FNDA:132,(anonymous_53)
FNDA:132,(anonymous_54)
FNDA:31,(anonymous_55)
FNDA:25,(anonymous_56)
FNDA:132,(anonymous_57)
FNDA:44,(anonymous_58)
FNDA:132,(anonymous_59)
FNDA:0,(anonymous_60)
FNDA:5,(anonymous_61)
FNDA:30,(anonymous_62)
FNDA:25,(anonymous_63)
FNDA:20,(anonymous_64)
FNDA:30,(anonymous_65)
FNDA:5,(anonymous_66)
FNDA:0,(anonymous_67)
FNDA:0,(anonymous_68)
FNDA:0,(anonymous_69)
FNDA:0,(anonymous_70)
FNDA:0,(anonymous_71)
FNDA:5,(anonymous_72)
FNDA:7,(anonymous_73)
FNDA:7,(anonymous_74)
FNDA:10,(anonymous_75)
FNDA:20,(anonymous_76)
FNDA:11,(anonymous_77)
FNDA:9,(anonymous_78)
FNDA:8,(anonymous_79)
FNDA:7,(anonymous_80)
FNDA:4,(anonymous_81)
FNDA:1356,(anonymous_82)
FNDA:132,(anonymous_83)
FNDA:132,(anonymous_84)
FNDA:1221,(anonymous_85)
FNDA:15,(anonymous_86)
FNDA:1221,(anonymous_87)
FNDA:147,(anonymous_88)
FNDA:510,(anonymous_89)
FNDA:462,(anonymous_90)
FNDA:15,(anonymous_91)
FNDA:87,(anonymous_92)
FNDA:6,(anonymous_93)
FNDA:260,(anonymous_94)
FNDA:33,(anonymous_95)
FNDA:33,(anonymous_96)
FNDA:224,(anonymous_97)
FNDA:12,(anonymous_98)
FNDA:224,(anonymous_99)
FNDA:33,(anonymous_100)
FNDA:146,(anonymous_101)
FNDA:33,(anonymous_102)
FNDA:12,(anonymous_103)
FNDA:7,(anonymous_104)
FNDA:15,(anonymous_105)
FNDA:5,(anonymous_106)
FNDA:12,(anonymous_107)
FNDA:7,(anonymous_108)
FNDA:14,(anonymous_109)
FNDA:12,(anonymous_110)
FNDA:12,(anonymous_111)
FNDA:35,(anonymous_112)
FNDA:21,(anonymous_113)
FNDA:35,(anonymous_114)
FNDA:12,(anonymous_115)
FNDA:12,(anonymous_116)
FNDA:24,(anonymous_117)
FNDA:12,(anonymous_118)
FNDA:28,(anonymous_119)
FNDA:35,(anonymous_120)
FNDA:4,(anonymous_121)
FNDA:0,(anonymous_122)
FNDA:24,(anonymous_123)
FNDA:22,(anonymous_124)
FNDA:0,(anonymous_125)
FNDA:2,(anonymous_126)
FNDA:0,(anonymous_127)
FNDA:3,(anonymous_128)
FNDA:0,(anonymous_129)
FNDA:1,(anonymous_130)
FNDA:1,(anonymous_131)
FNDA:1,(anonymous_132)
FNDA:1,(anonymous_133)
FNDA:2,(anonymous_134)
FNDA:1,(anonymous_135)
FNDA:1,(anonymous_136)
FNDA:1,(anonymous_137)
FNDA:1,(anonymous_138)
FNDA:1,(anonymous_139)
FNDA:1,(anonymous_140)
FNDA:1,(anonymous_141)
FNDA:1,(anonymous_142)
FNDA:1,(anonymous_143)
DA:1,35
DA:2,35
DA:3,35
DA:4,35
DA:5,35
DA:6,35
DA:7,35
DA:8,35
DA:9,35
DA:14,487
DA:19,35
DA:20,35
DA:27,35
DA:29,35
DA:30,35
DA:31,35
DA:34,35
DA:35,66
DA:36,66
DA:43,79
DA:46,35
DA:47,104
DA:48,104
DA:50,0
DA:52,35
DA:55,35
DA:56,74
DA:57,74
DA:58,154
DA:59,3727
DA:60,154
DA:61,154
DA:62,154
DA:63,162921
DA:64,568036
DA:66,154
DA:67,154
DA:68,154
DA:69,154
DA:71,74
DA:76,35
DA:77,189
DA:78,189
DA:79,37045
DA:80,378
DA:81,189
DA:85,0
DA:89,35
DA:90,185
DA:91,185
DA:92,16
DA:94,185
DA:100,35
DA:101,34
DA:102,34
DA:114,34
DA:118,35
DA:133,35
DA:134,35
DA:135,35
DA:136,35
DA:137,35
DA:138,35
DA:140,35
DA:141,35
DA:142,735
DA:143,35
DA:144,735
DA:148,35
DA:150,0
DA:152,35
DA:156,35
DA:157,35
DA:158,35
DA:159,35
DA:160,35
DA:166,35
DA:167,0
DA:169,35
DA:171,35
DA:172,352
DA:173,342
DA:174,342
DA:175,342
DA:179,35
DA:180,35
DA:181,35
DA:185,35
DA:187,35
DA:188,35
DA:193,105
DA:194,35
DA:195,35
DA:219,35
DA:220,6
DA:221,23
DA:222,23
DA:223,23
DA:224,23
DA:226,6
DA:228,35
DA:229,6
DA:230,6
DA:231,6
DA:232,6
DA:234,3
DA:237,3
DA:240,3
DA:241,3
DA:242,1
DA:243,1
DA:244,1
DA:246,3
DA:250,35
DA:251,12
DA:252,12
DA:253,12
DA:255,12
DA:256,12
DA:257,12
DA:258,12
DA:259,12
DA:260,12
DA:261,12
DA:262,12
DA:263,12
DA:264,12
DA:265,12
DA:266,12
DA:267,247
DA:268,180
DA:270,0
DA:271,12
DA:272,12
DA:283,40
DA:286,35
DA:287,35
DA:288,397
DA:289,397
DA:290,397
DA:292,35
DA:293,40
DA:294,40
DA:295,40
DA:296,40
DA:297,40
DA:299,40
DA:300,40
DA:301,40
DA:302,40
DA:305,1
DA:310,40
DA:311,40
DA:312,40
DA:313,40
DA:317,40
DA:318,200
DA:319,348
DA:324,40
DA:325,40
DA:326,132
DA:327,44
DA:330,1699
DA:332,1889
DA:333,6582
DA:335,5879
DA:336,198
DA:337,1102
DA:338,396
DA:339,132
DA:342,132
DA:344,40
DA:346,40
DA:347,58
DA:348,58
DA:350,58
DA:352,155
DA:353,58
DA:364,58
DA:366,58
DA:367,155
DA:368,155
DA:369,151
DA:373,151
DA:374,151
DA:375,132
DA:378,132
DA:379,132
DA:381,58
DA:386,174
DA:393,40
DA:394,132
DA:395,40
DA:396,40
DA:397,40
DA:398,132
DA:399,132
DA:400,132
DA:401,132
DA:402,132
DA:431,40
DA:432,40
DA:433,49
DA:434,49
DA:436,132
DA:437,49
DA:438,49
DA:439,49
DA:440,132
DA:441,132
DA:442,25
DA:443,25
DA:444,25
DA:447,49
DA:450,49
DA:451,49
DA:452,25
DA:453,25
DA:462,0
DA:465,40
DA:466,40
DA:480,132
DA:486,44
DA:487,44
DA:490,0
DA:491,132
DA:492,40
DA:496,35
DA:497,0
DA:498,0
DA:499,0
DA:500,0
DA:501,0
DA:502,0
DA:503,0
DA:504,0
DA:505,0
DA:506,0
DA:507,0
DA:510,0
DA:512,0
DA:513,0
DA:514,0
DA:518,35
DA:519,5
DA:520,5
DA:521,5
DA:522,5
DA:523,5
DA:524,5
DA:525,5
DA:526,5
DA:527,5
DA:528,5
DA:529,5
DA:531,5
DA:532,5
DA:533,5
DA:534,5
DA:535,5
DA:536,5
DA:538,30
DA:542,5
DA:543,25
DA:545,5
DA:546,20
DA:547,20
DA:548,120
DA:549,20
DA:550,20
DA:551,20
DA:552,20
DA:554,5
DA:556,5
DA:557,30
DA:566,5
DA:577,35
DA:578,0
DA:579,0
DA:580,0
DA:581,0
DA:582,0
DA:583,0
DA:584,0
DA:585,0
DA:586,0
DA:587,0
DA:588,0
DA:589,0
DA:590,0
DA:593,0
DA:594,0
DA:598,35
DA:599,35
DA:602,35
DA:603,5
DA:604,5
DA:605,5
DA:607,0
DA:615,35
DA:620,35
DA:628,35
DA:630,35
DA:631,7
DA:632,0
DA:633,0
DA:634,0
DA:635,0
DA:636,0
DA:637,0
DA:638,0
DA:639,0
DA:642,0
DA:645,35
DA:646,7
DA:647,7
DA:649,7
DA:650,1
DA:651,1
DA:652,1
DA:653,1
DA:655,6
DA:656,6
DA:658,7
DA:660,35
DA:661,10
DA:662,20
DA:663,10
DA:664,7
DA:665,7
DA:666,5
DA:668,5
DA:669,5
DA:670,2
DA:672,2
DA:681,35
DA:686,35
DA:687,210
DA:688,210
DA:689,210
DA:690,11
DA:691,11
DA:692,0
DA:694,11
DA:695,0
DA:697,11
DA:699,0
DA:701,11
DA:703,10
DA:704,10
DA:705,10
DA:708,210
DA:709,9
DA:710,9
DA:712,9
DA:714,8
DA:715,8
DA:718,8
DA:719,7
DA:721,9
DA:722,8
DA:727,0
DA:735,35
DA:736,4
DA:737,4
DA:738,4
DA:739,3
DA:740,3
DA:741,3
DA:742,1356
DA:743,6780
DA:744,1356
DA:746,3
DA:747,3
DA:753,3
DA:754,3
DA:755,132
DA:756,3
DA:757,3
DA:758,132
DA:760,132
DA:761,1221
DA:762,3
DA:763,15
DA:764,15
DA:765,1221
DA:766,15
DA:768,3
DA:769,3
DA:770,3
DA:771,3
DA:772,3
DA:773,3
DA:775,147
DA:776,510
DA:777,462
DA:778,15
DA:779,87
DA:781,3
DA:782,3
DA:794,0
DA:795,3
DA:796,3
DA:804,35
DA:805,6
DA:806,6
DA:807,6
DA:808,6
DA:809,6
DA:810,6
DA:811,5
DA:812,5
DA:813,5
DA:814,4
DA:815,4
DA:816,3
DA:817,260
DA:818,1300
DA:819,260
DA:821,3
DA:822,3
DA:829,3
DA:830,3
DA:831,33
DA:832,3
DA:833,3
DA:834,33
DA:836,33
DA:837,224
DA:838,3
DA:839,12
DA:840,12
DA:841,224
DA:842,12
DA:844,3
DA:845,3
DA:846,3
DA:847,3
DA:848,3
DA:850,33
DA:851,146
DA:852,33
DA:858,12
DA:860,3
DA:861,3
DA:874,0
DA:875,3
DA:876,3
DA:882,35
DA:887,7
DA:889,15
DA:890,7
DA:891,7
DA:893,7
DA:894,7
DA:895,7
DA:897,7
DA:898,7
DA:899,12
DA:900,7
DA:901,7
DA:902,14
DA:903,7
DA:904,12
DA:905,7
DA:906,7
DA:907,7
DA:908,7
DA:910,12
DA:911,437
DA:912,7
DA:913,35
DA:914,21
DA:916,7
DA:917,7
DA:918,7
DA:924,7
DA:925,7
DA:926,35
DA:927,7
DA:928,7
DA:932,7
DA:933,7
DA:934,7
DA:935,7
DA:938,12
DA:939,12
DA:940,7
DA:942,7
DA:943,7
DA:944,7
DA:950,24
DA:951,7
DA:952,12
DA:953,7
DA:954,35
DA:955,7
DA:956,2
DA:960,7
DA:961,4
DA:962,4
DA:964,4
DA:970,7
DA:973,5
DA:974,5
DA:975,8
DA:976,8
DA:977,8
DA:978,8
DA:979,8
DA:980,8
DA:981,5
DA:983,8
DA:984,0
DA:987,5
DA:988,5
DA:994,5
DA:995,5
DA:996,5
DA:997,5
DA:998,0
DA:1002,7
DA:1003,7
DA:1007,35
DA:1008,24
DA:1009,24
DA:1012,24
DA:1013,23
DA:1014,23
DA:1019,23
DA:1023,23
DA:1040,23
DA:1041,23
DA:1042,23
DA:1043,23
DA:1044,23
DA:1045,23
DA:1046,23
DA:1047,23
DA:1050,23
DA:1051,1
DA:1053,22
DA:1054,22
DA:1055,22
DA:1057,22
DA:1058,22
DA:1059,22
DA:1067,22
DA:1068,22
DA:1069,22
DA:1070,22
DA:1071,22
DA:1072,22
DA:1073,22
DA:1078,22
DA:1082,22
DA:1083,22
DA:1084,22
DA:1086,22
DA:1087,22
DA:1088,22
DA:1093,22
DA:1094,22
DA:1096,0
DA:1101,22
DA:1102,22
DA:1103,22
DA:1113,35
DA:1114,22
DA:1115,22
DA:1125,0
DA:1128,22
DA:1129,22
DA:1131,22
DA:1132,9
DA:1138,22
DA:1139,0
DA:1145,35
DA:1146,2
DA:1147,2
DA:1148,2
DA:1149,2
DA:1150,2
DA:1151,2
DA:1152,2
DA:1153,2
DA:1154,2
DA:1155,2
DA:1156,2
DA:1157,2
DA:1158,2
DA:1164,2
DA:1170,2
DA:1171,2
DA:1172,2
DA:1181,0
DA:1182,2
DA:1183,2
DA:1187,35
DA:1188,0
DA:1189,0
DA:1190,0
DA:1191,0
DA:1198,35
DA:1199,3
DA:1200,3
DA:1201,3
DA:1202,2
DA:1203,1
DA:1206,1
DA:1207,1
DA:1209,1
DA:1210,1
DA:1216,0
DA:1217,1
DA:1218,1
DA:1222,35
DA:1223,0
DA:1226,35
DA:1227,1
DA:1228,1
DA:1229,1
DA:1230,1
DA:1231,1
DA:1236,0
DA:1237,1
DA:1241,35
DA:1242,1
DA:1243,1
DA:1244,1
DA:1245,0
DA:1247,1
DA:1248,8
DA:1249,0
DA:1255,35
DA:1256,1
DA:1257,1
DA:1263,35
DA:1264,2
DA:1265,2
DA:1266,2
DA:1267,2
DA:1268,2
DA:1270,2
DA:1271,2
DA:1272,2
DA:1273,2
DA:1275,2
DA:1276,2
DA:1277,2
DA:1281,35
DA:1282,1
DA:1283,1
DA:1284,1
DA:1285,1
DA:1286,1
DA:1287,1
DA:1288,1
DA:1290,1
DA:1292,1
DA:1293,1
DA:1294,1
DA:1295,1
DA:1296,1
DA:1297,1
DA:1299,1
DA:1301,1
DA:1305,35
DA:1306,1
DA:1307,1
DA:1308,1
DA:1310,1
DA:1311,1
DA:1312,1
DA:1313,1
DA:1315,1
DA:1316,1
DA:1317,1
DA:1318,6
DA:1319,1
DA:1320,1
DA:1328,35
DA:1329,1
DA:1330,1
DA:1331,1
DA:1332,1
DA:1334,1
DA:1335,1
DA:1336,1
DA:1337,1
DA:1339,1
DA:1340,1
DA:1341,1
DA:1342,1
DA:1347,1
DA:1348,1
DA:1349,1
DA:1350,1
DA:1351,1
DA:1352,1
DA:1355,35
LF:701
LH:633
BRDA:14,0,0,448
BRDA:14,0,1,39
BRDA:36,1,0,66
BRDA:36,1,1,0
BRDA:36,2,0,66
BRDA:36,2,1,0
BRDA:36,3,0,0
BRDA:36,3,1,0
BRDA:36,3,2,0
BRDA:52,4,0,30
BRDA:52,4,1,0
BRDA:60,5,0,154
BRDA:60,5,1,0
BRDA:61,6,0,154
BRDA:61,6,1,0
BRDA:77,7,0,189
BRDA:77,7,1,27
BRDA:77,8,0,189
BRDA:77,8,1,0
BRDA:77,9,0,189
BRDA:77,9,1,27
BRDA:77,10,0,189
BRDA:77,10,1,0
BRDA:79,11,0,800
BRDA:79,11,1,0
BRDA:79,12,0,37045
BRDA:79,12,1,6708
BRDA:79,13,0,37045
BRDA:79,13,1,0
BRDA:79,14,0,6708
BRDA:79,14,1,0
BRDA:80,15,0,189
BRDA:80,15,1,189
BRDA:81,16,0,5
BRDA:81,16,1,5
BRDA:81,17,0,5
BRDA:81,17,1,0
BRDA:81,18,0,5
BRDA:81,18,1,0
BRDA:82,19,0,5
BRDA:82,19,1,0
BRDA:82,20,0,5
BRDA:82,20,1,0
BRDA:91,21,0,185
BRDA:91,21,1,141
BRDA:92,22,0,16
BRDA:92,22,1,5
BRDA:92,22,2,0
BRDA:92,22,3,0
BRDA:92,22,4,0
BRDA:92,23,0,0
BRDA:92,23,1,0
BRDA:92,24,0,0
BRDA:92,24,1,0
BRDA:95,25,0,185
BRDA:95,25,1,151
BRDA:95,26,0,185
BRDA:95,26,1,151
BRDA:95,27,0,185
BRDA:95,27,1,151
[...]
DA:247,37
DA:248,37
DA:249,37
DA:250,37
DA:252,37
DA:253,222
DA:254,222
DA:255,222
DA:256,210
DA:258,210
DA:265,2415
DA:267,210
DA:268,210
DA:274,37
DA:275,37
DA:276,37
DA:277,1184
DA:278,1184
DA:282,0
DA:284,37
DA:296,3
DA:297,3
DA:298,3
DA:299,3
DA:301,18
DA:302,18
DA:303,207
DA:304,0
DA:305,18
DA:306,18
DA:309,3
DA:310,3
DA:319,11
DA:320,11
DA:321,66
DA:322,66
DA:323,32
DA:324,12
DA:327,11
DA:328,11
DA:329,11
DA:330,11
DA:331,11
DA:332,11
DA:333,11
DA:345,6
DA:346,6
DA:347,6
DA:348,6
DA:349,6
DA:354,6
DA:355,6
DA:357,6
DA:362,218
DA:363,218
DA:364,2516
DA:367,37
LF:103
LH:101
BRDA:174,0,0,1
BRDA:174,0,1,15
BRDA:176,1,0,5
BRDA:176,1,1,10
BRDA:176,2,0,15
BRDA:176,2,1,13
BRDA:185,3,0,12
BRDA:185,3,1,1
BRDA:186,4,0,3
BRDA:186,4,1,9
BRDA:187,5,0,4
BRDA:187,5,1,5
BRDA:187,6,0,11
BRDA:187,6,1,11
BRDA:198,7,0,0
BRDA:198,7,1,10
BRDA:200,8,0,0
BRDA:200,8,1,10
BRDA:202,9,0,0
BRDA:202,9,1,10
BRDA:202,10,0,10
BRDA:202,10,1,10
BRDA:202,10,2,10
BRDA:204,11,0,1
BRDA:204,11,1,9
BRDA:206,12,0,2
BRDA:206,12,1,7
BRDA:206,13,0,9
BRDA:206,13,1,2
BRDA:207,14,0,0
BRDA:207,14,1,9
BRDA:208,15,0,8
BRDA:208,15,1,1
BRDA:208,16,0,9
BRDA:208,16,1,9
BRDA:209,17,0,2
BRDA:209,17,1,6
BRDA:209,18,0,8
BRDA:209,18,1,7
BRDA:219,19,0,1
BRDA:219,19,1,225
BRDA:220,20,0,225
BRDA:220,20,1,0
BRDA:228,21,0,2445
BRDA:228,21,1,0
BRDA:231,22,0,1150
BRDA:231,22,1,1295
BRDA:232,23,0,1150
BRDA:232,23,1,1295
BRDA:233,24,0,1150
BRDA:233,24,1,1295
BRDA:244,25,0,0
BRDA:244,26,0,0
BRDA:254,27,0,222
BRDA:254,27,1,0
BRDA:255,28,0,12
BRDA:255,28,1,210
BRDA:277,29,0,0
BRDA:277,29,1,1184
BRDA:279,30,0,1184
BRDA:279,30,1,0
BRDA:279,31,0,1184
BRDA:279,31,1,0
BRDA:303,32,0,18
BRDA:303,32,1,0
BRDA:305,33,0,0
BRDA:305,33,1,18
BRDA:320,34,0,33
BRDA:322,35,0,34
BRDA:322,35,1,32
BRDA:322,36,0,66
BRDA:322,36,1,60
BRDA:322,36,2,33
BRDA:323,37,0,12
BRDA:323,37,1,20
BRDA:347,38,0,6
BRDA:347,38,1,0
BRDA:347,39,0,6
BRDA:347,39,1,6
BRDA:363,40,0,1
BRDA:363,40,1,217
BRDA:364,41,0,2516
BRDA:364,41,1,0
BRF:83
BRH:67
end_of_record
TN:
SF:srv/lib/risk.js
FN:23,bandsFromConfig
FN:33,(anonymous_1)
FN:40,validateRiskBands
FN:44,(anonymous_3)
FN:48,(anonymous_4)
FN:63,validateRiskWeights
FN:79,(anonymous_6)
FN:92,deriveRisk
FN:138,(anonymous_8)
FN:148,expectedValueAud
FN:162,benefitCostRatio
FN:172,probMapFromConfig
FN:181,estimatedRulYears
FN:193,weightsFromConfig
FNF:14
FNH:14
FNDA:33,bandsFromConfig
FNDA:91,(anonymous_1)
FNDA:272,validateRiskBands
FNDA:1317,(anonymous_3)
FNDA:1045,(anonymous_4)
FNDA:6,validateRiskWeights
FNDA:367,(anonymous_6)
FNDA:64,deriveRisk
FNDA:151,(anonymous_8)
FNDA:9,expectedValueAud
FNDA:4,benefitCostRatio
FNDA:2,probMapFromConfig
FNDA:5,estimatedRulYears
FNDA:10,weightsFromConfig
DA:11,39
DA:24,33
DA:25,33
DA:26,119
DA:27,119
DA:28,119
DA:29,119
DA:30,119
DA:32,33
DA:33,91
DA:34,31
DA:41,272
DA:44,1317
DA:48,1045
DA:49,272
DA:50,272
DA:51,1317
DA:52,1317
DA:54,272
DA:55,1045
DA:57,272
DA:58,272
DA:64,6
DA:65,6
DA:66,6
DA:67,6
DA:68,5
DA:69,5
DA:70,5
DA:71,5
DA:72,5
DA:74,6
DA:79,367
DA:84,39
DA:93,64
DA:94,64
DA:96,64
DA:101,64
DA:102,324
DA:104,64
DA:110,64
DA:111,64
DA:114,64
DA:115,64
DA:116,64
DA:118,64
DA:125,64
DA:126,64
DA:130,64
DA:137,64
DA:138,151
DA:139,64
DA:145,39
DA:149,9
DA:150,9
DA:153,7
DA:154,7
DA:155,3
DA:156,3
DA:163,4
DA:164,3
DA:165,3
DA:166,3
DA:167,2
DA:168,2
DA:173,2
DA:174,10
DA:175,2
DA:182,5
DA:183,5
DA:184,3
DA:185,3
DA:194,10
DA:195,10
DA:196,120
DA:199,119
DA:200,118
DA:201,118
DA:204,10
DA:207,39
LF:80
LH:80
BRDA:25,0,0,33
BRDA:25,0,1,0
BRDA:26,1,0,0
BRDA:26,1,1,119
BRDA:26,2,0,119
BRDA:26,2,1,119
BRDA:27,3,0,0
BRDA:27,3,1,119
BRDA:27,4,0,119
BRDA:27,4,1,119
BRDA:27,4,2,119
BRDA:29,5,0,0
BRDA:29,5,1,119
BRDA:30,6,0,119
BRDA:30,6,1,0
BRDA:32,7,0,2
BRDA:32,7,1,31
BRDA:34,8,0,27
BRDA:34,8,1,4
BRDA:44,9,0,272
BRDA:44,9,1,0
BRDA:45,10,0,1317
BRDA:45,10,1,1190
BRDA:46,11,0,1313
BRDA:46,11,1,4
BRDA:47,12,0,119
BRDA:47,12,1,1198
BRDA:49,13,0,0
BRDA:49,13,1,272
BRDA:51,14,0,0
BRDA:51,14,1,1317
BRDA:52,15,0,1
BRDA:52,15,1,1316
BRDA:52,16,0,1317
BRDA:52,16,1,120
BRDA:55,17,0,2
BRDA:55,17,1,1043
BRDA:57,18,0,3
BRDA:57,18,1,269
BRDA:64,19,0,2
BRDA:64,19,1,4
BRDA:66,20,0,6
BRDA:66,20,1,0
BRDA:67,21,0,1
BRDA:67,21,1,5
BRDA:67,22,0,6
BRDA:67,22,1,6
BRDA:67,22,2,5
BRDA:68,23,0,0
BRDA:68,23,1,5
BRDA:68,24,0,5
BRDA:68,24,1,5
BRDA:68,24,2,5
BRDA:70,25,0,0
BRDA:70,25,1,5
BRDA:71,26,0,2
BRDA:71,26,1,3
BRDA:72,27,0,1
BRDA:72,27,1,4
BRDA:79,28,0,363
BRDA:79,28,1,4
BRDA:93,29,0,64
BRDA:93,29,1,0
BRDA:94,30,0,64
BRDA:94,30,1,15
BRDA:96,31,0,21
BRDA:96,31,1,43
BRDA:96,32,0,64
BRDA:96,32,1,21
BRDA:102,33,0,2
BRDA:102,33,1,322
BRDA:102,34,0,2
BRDA:102,34,1,0
BRDA:110,35,0,64
BRDA:110,35,1,2
BRDA:111,36,0,22
BRDA:111,36,1,42
BRDA:114,37,0,1
BRDA:114,37,1,63
BRDA:116,38,0,64
BRDA:116,38,1,63
BRDA:116,39,0,64
BRDA:116,39,1,60
BRDA:118,40,0,2
BRDA:118,40,1,62
BRDA:118,41,0,64
BRDA:118,41,1,2
BRDA:125,42,0,60
BRDA:125,42,1,4
BRDA:126,43,0,55
BRDA:126,43,1,9
BRDA:130,44,0,2
BRDA:130,44,1,62
BRDA:130,45,0,64
BRDA:130,45,1,2
BRDA:138,46,0,64
BRDA:138,46,1,0
BRDA:150,47,0,2
BRDA:150,47,1,7
BRDA:150,48,0,9
BRDA:150,48,1,9
BRDA:154,49,0,4
BRDA:154,49,1,3
BRDA:154,50,0,7
BRDA:154,50,1,6
BRDA:154,50,2,4
BRDA:155,51,0,1
BRDA:155,51,1,2
BRDA:155,52,0,3
BRDA:155,52,1,1
BRDA:155,53,0,2
BRDA:155,53,1,0
BRDA:163,54,0,1
BRDA:163,54,1,3
BRDA:163,55,0,4
BRDA:163,55,1,3
BRDA:166,56,0,1
BRDA:166,56,1,2
BRDA:166,57,0,3
BRDA:166,57,1,3
BRDA:166,57,2,3
BRDA:167,58,0,1
BRDA:167,58,1,1
BRDA:174,59,0,10
BRDA:174,59,1,10
BRDA:174,60,0,2
BRDA:174,60,1,8
BRDA:174,61,0,10
BRDA:174,61,1,2
BRDA:175,62,0,1
BRDA:175,62,1,1
BRDA:183,63,0,2
BRDA:183,63,1,3
BRDA:183,64,0,5
BRDA:183,64,1,5
BRDA:183,64,2,5
BRDA:185,65,0,2
BRDA:185,65,1,1
BRDA:195,66,0,10
BRDA:195,66,1,0
BRDA:196,67,0,119
BRDA:196,67,1,1
BRDA:196,68,0,120
BRDA:196,68,1,120
BRDA:196,68,2,119
BRDA:199,69,0,1
BRDA:199,69,1,118
BRDA:199,70,0,119
BRDA:199,70,1,119
BRDA:199,70,2,119
BRDA:201,71,0,117
BRDA:201,71,1,1
BRF:152
BRH:136
end_of_record
TN:
SF:srv/lib/template-attributes-seed.js
FN:34,hash12
FN:46,(anonymous_1)
FN:48,(anonymous_2)
FN:51,buildCatalogue
FN:64,(anonymous_4)
FN:77,expand
FN:103,(anonymous_6)
FN:117,(anonymous_7)
FN:119,ensureTemplateAttributesSeed
FN:126,(anonymous_9)
FN:127,(anonymous_10)
FN:135,(anonymous_11)
FNF:12
FNH:12
FNDA:7175,hash12
FNDA:7175,(anonymous_1)
FNDA:210,(anonymous_2)
FNDA:35,buildCatalogue
FNDA:3045,(anonymous_4)
FNDA:35,expand
FNDA:3045,(anonymous_6)
FNDA:7175,(anonymous_7)
FNDA:36,ensureTemplateAttributesSeed
FNDA:1011,(anonymous_9)
FNDA:7380,(anonymous_10)
FNDA:7175,(anonymous_11)
DA:23,35
DA:24,35
DA:25,35
DA:26,35
DA:28,35
DA:29,35
DA:31,35
DA:35,7175
DA:36,7175
DA:37,7175
DA:38,7175
DA:39,142065
DA:40,142065
DA:42,7175
DA:46,7175
DA:48,210
DA:52,35
DA:53,35
DA:54,420
DA:55,420
DA:56,420
DA:57,4235
DA:58,4235
DA:59,1960
DA:60,1960
DA:61,1960
DA:62,35
DA:63,1925
DA:64,3045
DA:66,1015
DA:68,1960
DA:74,35
DA:78,35
DA:79,35
DA:80,35
DA:81,35
DA:82,210
DA:83,210
DA:84,210
DA:89,210
DA:90,210
DA:91,1960
DA:92,1960
DA:98,1960
DA:102,1960
DA:103,910
DA:104,3045
DA:112,35
DA:115,35
DA:117,7175
DA:120,36
DA:121,36
DA:122,36
DA:123,36
DA:124,144
DA:125,144
DA:126,1011
DA:127,7380
DA:128,144
DA:129,144
DA:130,140
DA:131,140
DA:135,7175
DA:137,140
DA:139,36
DA:142,35
LF:66
LH:66
BRDA:54,0,0,210
BRDA:54,0,1,210
BRDA:58,1,0,2275
BRDA:58,1,1,1960
BRDA:58,2,0,4235
BRDA:58,2,1,2275
BRDA:59,3,0,0
BRDA:59,3,1,1960
BRDA:61,4,0,35
BRDA:61,4,1,1925
BRDA:63,5,0,910
BRDA:63,5,1,1015
BRDA:63,6,0,1925
BRDA:63,6,1,1925
BRDA:69,7,0,1960
BRDA:69,7,1,945
BRDA:102,8,0,910
BRDA:102,8,1,1050
BRDA:117,9,0,7175
BRDA:117,9,1,5005
BRDA:117,9,2,1960
BRDA:117,9,3,1960
BRDA:119,10,0,0
BRDA:119,11,0,0
BRDA:124,12,0,144
BRDA:124,12,1,0
BRDA:126,13,0,144
BRDA:126,13,1,0
BRDA:129,14,0,4
BRDA:129,14,1,140
BRF:30
BRH:25
end_of_record
TN:
SF:srv/lib/template-library-seed.js
FN:43,(anonymous_0)
FN:969,expand
FN:982,(anonymous_2)
FN:985,(anonymous_3)
FN:997,(anonymous_4)
FN:999,(anonymous_5)
FN:1000,(anonymous_6)
FN:1010,(anonymous_7)
FN:1023,(anonymous_8)
FN:1027,ensureTemplateLibrarySeed
FN:1034,(anonymous_10)
FN:1035,(anonymous_11)
FN:1046,(anonymous_12)
FNF:13
FNH:13
FNDA:33390,(anonymous_0)
FNDA:35,expand
FNDA:4235,(anonymous_2)
FNDA:11200,(anonymous_3)
FNDA:11200,(anonymous_4)
FNDA:3045,(anonymous_5)
FNDA:4620,(anonymous_6)
FNDA:1400,(anonymous_7)
FNDA:33390,(anonymous_8)
FNDA:36,ensureTemplateLibrarySeed
FNDA:17982,(anonymous_10)
FNDA:34344,(anonymous_11)
FNDA:33390,(anonymous_12)
DA:25,35
DA:26,35
DA:27,35
DA:29,35
DA:31,35
DA:43,35
DA:44,33390
DA:47,35
DA:59,35
DA:970,35
DA:971,35
DA:972,420
DA:973,420
DA:980,420
DA:981,420
DA:982,420
DA:983,4235
DA:984,4235
DA:985,11200
DA:986,4235
DA:991,4235
DA:996,4235
DA:997,11200
DA:999,3045
DA:1000,4620
DA:1001,4235
DA:1002,18865
DA:1003,18865
DA:1005,4235
DA:1010,420
DA:1011,1400
DA:1018,35
DA:1021,35
DA:1023,33390
DA:1028,36
DA:1029,36
DA:1030,36
DA:1031,36
DA:1032,216
DA:1033,216
DA:1034,17982
DA:1035,34344
DA:1036,216
DA:1037,216
DA:1038,210
DA:1039,210
DA:1046,33390
DA:1048,210
DA:1050,36
DA:1053,35
LF:50
LH:50
BRDA:985,0,0,2240
BRDA:985,0,1,1995
BRDA:994,1,0,4235
BRDA:994,1,1,3150
BRDA:994,2,0,4235
BRDA:994,2,1,4235
BRDA:996,3,0,2240
BRDA:996,3,1,1995
BRDA:998,4,0,910
BRDA:998,4,1,1085
BRDA:999,5,0,3045
BRDA:999,5,1,3045
BRDA:1000,6,0,4620
BRDA:1000,6,1,0
BRDA:1013,7,0,980
BRDA:1013,7,1,420
BRDA:1023,8,0,33390
BRDA:1023,8,1,28735
BRDA:1023,8,2,28735
BRDA:1023,8,3,27335
BRDA:1023,8,4,8470
BRDA:1027,9,0,0
BRDA:1027,10,0,0
BRDA:1032,11,0,216
BRDA:1032,11,1,0
BRDA:1034,12,0,216
BRDA:1034,12,1,0
BRDA:1037,13,0,6
BRDA:1037,13,1,210
BRF:29
BRH:24
end_of_record
TN:
SF:srv/lib/plugins/change-documents/index.js
FN:20,buildChangeDocuments
FN:60,(anonymous_1)
FN:62,(anonymous_2)
FN:63,(anonymous_3)
FN:71,(anonymous_4)
FN:83,(anonymous_5)
FN:89,csvCell
FN:97,toCsv
FN:99,(anonymous_8)
FN:99,(anonymous_9)
FNF:10
FNH:10
FNDA:4,buildChangeDocuments
FNDA:166,(anonymous_1)
FNDA:2,(anonymous_2)
FNDA:4,(anonymous_3)
FNDA:2,(anonymous_4)
FNDA:1,(anonymous_5)
FNDA:25,csvCell
FNDA:4,toCsv
FNDA:2,(anonymous_8)
FNDA:18,(anonymous_9)
DA:9,36
DA:10,36
DA:12,36
DA:21,4
DA:22,4
DA:23,4
DA:26,4
DA:30,4
DA:31,4
DA:32,4
DA:33,4
DA:34,4
DA:35,4
DA:36,4
DA:38,4
DA:39,4
DA:42,4
DA:43,4
DA:44,2
DA:45,2
DA:48,2
DA:49,2
DA:50,2
DA:51,2
DA:52,2
DA:53,2
DA:54,2
DA:55,2
DA:56,2
DA:57,2
DA:58,2
DA:59,2
DA:60,166
DA:62,2
DA:63,2
DA:64,4
DA:69,4
DA:71,2
DA:82,4
DA:83,1
DA:90,25
DA:91,22
DA:92,22
DA:93,22
DA:94,22
DA:98,4
DA:99,18
DA:100,4
DA:103,36
LF:49
LH:49
BRDA:20,0,0,0
BRDA:22,1,0,4
BRDA:22,1,1,0
BRDA:30,2,0,2
BRDA:30,2,1,2
BRDA:31,3,0,2
BRDA:31,3,1,2
BRDA:32,4,0,0
BRDA:32,4,1,4
BRDA:33,5,0,1
BRDA:33,5,1,3
BRDA:33,6,0,4
BRDA:33,6,1,2
BRDA:34,7,0,0
BRDA:34,7,1,4
BRDA:35,8,0,0
BRDA:35,8,1,4
BRDA:36,9,0,0
BRDA:36,9,1,4
BRDA:39,10,0,1
BRDA:39,10,1,3
BRDA:43,11,0,2
BRDA:43,11,1,2
BRDA:44,12,0,0
BRDA:44,12,1,2
BRDA:45,13,0,2
BRDA:45,13,1,2
BRDA:45,13,2,1
BRDA:45,13,3,0
BRDA:45,13,4,2
BRDA:45,13,5,0
BRDA:48,14,0,2
BRDA:48,14,1,0
BRDA:50,15,0,0
BRDA:50,15,1,2
BRDA:51,16,0,2
BRDA:51,16,1,0
BRDA:52,17,0,0
BRDA:52,17,1,2
BRDA:53,18,0,0
BRDA:53,18,1,2
BRDA:54,19,0,0
BRDA:54,19,1,2
BRDA:56,20,0,2
BRDA:56,20,1,0
BRDA:56,21,0,2
BRDA:56,21,1,2
BRDA:58,22,0,2
BRDA:58,22,1,0
BRDA:62,23,0,2
BRDA:62,23,1,0
BRDA:64,24,0,0
BRDA:64,24,1,4
BRDA:65,25,0,0
BRDA:65,25,1,4
BRDA:66,26,0,4
BRDA:66,26,1,0
BRDA:67,27,0,0
BRDA:67,27,1,0
BRDA:69,28,0,0
BRDA:69,28,1,4
BRDA:74,29,0,2
BRDA:74,29,1,0
BRDA:76,30,0,2
BRDA:76,30,1,0
BRDA:82,31,0,4
BRDA:82,31,1,0
BRDA:90,32,0,3
BRDA:90,32,1,22
BRDA:92,33,0,3
BRDA:92,33,1,19
BRDA:93,34,0,4
BRDA:93,34,1,18
BRDA:99,35,0,4
BRDA:99,35,1,1
BRF:75
BRH:48
end_of_record
TN:
SF:srv/lib/plugins/changelog/index.js
FN:37,valueToString
FN:45,diffRecords
FN:57,fetchCurrent
FN:65,auditChange
FN:73,(anonymous_4)
FN:88,(anonymous_5)
FNF:6
FNH:6
FNDA:824,valueToString
FNDA:21,diffRecords
FNDA:24,fetchCurrent
FNDA:1051,auditChange
FNDA:61893,(anonymous_4)
FNDA:61892,(anonymous_5)
DA:18,37
DA:19,37
DA:20,37
DA:22,37
DA:25,37
DA:35,37
DA:38,824
DA:39,265
DA:40,229
DA:41,228
DA:42,227
DA:46,21
DA:47,21
DA:48,21
DA:49,432
DA:50,408
DA:51,408
DA:52,408
DA:54,21
DA:60,24
DA:61,0
DA:71,1051
DA:73,61893
DA:86,1051
DA:87,1050
DA:88,61892
DA:94,1
DA:95,1
DA:97,0
DA:100,1050
DA:101,1050
DA:103,4
DA:104,3
DA:105,3
DA:107,1
DA:111,37
LF:36
LH:34
BRDA:38,0,0,559
BRDA:38,0,1,265
BRDA:38,1,0,824
BRDA:38,1,1,267
BRDA:39,2,0,36
BRDA:39,2,1,229
BRDA:39,3,0,16
BRDA:39,3,1,20
BRDA:40,4,0,1
BRDA:40,4,1,228
BRDA:41,5,0,1
BRDA:41,5,1,227
BRDA:45,6,0,20
BRDA:47,7,0,21
BRDA:47,7,1,1
BRDA:47,8,0,21
BRDA:47,8,1,0
BRDA:49,9,0,24
BRDA:49,9,1,408
BRDA:50,10,0,408
BRDA:50,10,1,1
BRDA:51,11,0,408
BRDA:51,11,1,0
BRDA:52,12,0,28
BRDA:52,12,1,380
BRDA:65,13,0,0
BRDA:67,14,0,1051
BRDA:69,15,0,0
BRDA:69,16,0,92
BRDA:69,17,0,3
BRDA:69,18,0,1051
BRDA:76,19,0,61893
BRDA:76,19,1,0
BRDA:79,20,0,61893
BRDA:79,20,1,0
BRDA:81,21,0,61893
BRDA:81,21,1,462
BRDA:86,22,0,1050
BRDA:86,22,1,1
BRDA:87,23,0,1
BRDA:87,23,1,1049
BRDA:92,24,0,61892
BRDA:92,24,1,61892
BRDA:92,24,2,61892
BRDA:94,25,0,1
BRDA:94,25,1,0
BRDA:95,26,0,1
BRDA:95,26,1,0
BRDA:103,27,0,3
BRDA:103,27,1,1
BRF:50
BRH:42
end_of_record
TN:
SF:srv/lib/plugins/classification/index.js
FN:26,(anonymous_0)
FN:28,typedValueColumn
FN:38,coerceValue
FN:62,buildValueEntry
FN:81,resolve
FN:86,(anonymous_5)
FN:109,(anonymous_6)
FN:124,(anonymous_7)
FN:125,(anonymous_8)
FN:126,(anonymous_9)
FN:126,(anonymous_10)
FN:129,loadValues
FN:135,writeValues
FN:139,(anonymous_13)
FN:140,(anonymous_14)
FNF:15
FNH:14
FNDA:6,(anonymous_0)
FNDA:8,typedValueColumn
FNDA:28,coerceValue
FNDA:8,buildValueEntry
FNDA:3,resolve
FNDA:9,(anonymous_5)
FNDA:11,(anonymous_6)
FNDA:11,(anonymous_7)
FNDA:11,(anonymous_8)
FNDA:10,(anonymous_9)
FNDA:50,(anonymous_10)
FNDA:2,loadValues
FNDA:1,writeValues
FNDA:0,(anonymous_13)
FNDA:3,(anonymous_14)
DA:15,36
DA:16,36
DA:18,36
DA:26,36
DA:29,8
DA:30,1
DA:31,2
DA:32,1
DA:33,1
DA:34,3
DA:39,28
DA:40,25
DA:42,7
DA:43,6
DA:44,4
DA:46,4
DA:47,3
DA:48,1
DA:50,2
DA:51,1
DA:53,10
DA:54,9
DA:55,4
DA:56,1
DA:58,2
DA:63,8
DA:82,3
DA:83,3
DA:84,3
DA:85,1
DA:86,9
DA:88,3
DA:90,3
DA:91,3
DA:93,3
DA:94,3
DA:95,3
DA:96,121
DA:97,121
DA:98,119
DA:99,119
DA:102,3
DA:103,3
DA:104,3
DA:105,270
DA:106,270
DA:109,11
DA:110,3
DA:111,159
DA:112,159
DA:113,117
DA:114,117
DA:115,60
DA:123,3
DA:124,11
DA:125,11
DA:126,50
DA:130,2
DA:136,1
DA:137,1
DA:138,1
DA:139,1
DA:140,3
DA:142,1
DA:143,1
DA:144,1
DA:145,1
DA:146,0
DA:150,0
DA:157,1
DA:162,1
DA:168,1
DA:169,0
DA:174,36
LF:74
LH:71
BRDA:26,0,0,6
BRDA:26,0,1,6
BRDA:26,0,2,6
BRDA:29,1,0,1
BRDA:29,1,1,2
BRDA:29,1,2,1
BRDA:29,1,3,1
BRDA:29,1,4,3
BRDA:39,2,0,3
BRDA:39,2,1,25
BRDA:39,3,0,28
BRDA:39,3,1,27
BRDA:39,3,2,26
BRDA:40,4,0,7
BRDA:40,4,1,4
BRDA:40,4,2,2
BRDA:40,4,3,10
BRDA:40,4,4,2
BRDA:42,5,0,1
BRDA:42,5,1,6
BRDA:42,6,0,7
BRDA:42,6,1,2
BRDA:43,7,0,2
BRDA:43,7,1,4
BRDA:46,8,0,1
BRDA:46,8,1,3
BRDA:46,9,0,4
BRDA:46,9,1,1
BRDA:47,10,0,2
BRDA:47,10,1,1
BRDA:50,11,0,1
BRDA:50,11,1,1
BRDA:53,12,0,1
BRDA:53,12,1,9
BRDA:54,13,0,5
BRDA:54,13,1,4
BRDA:54,14,0,9
BRDA:54,14,1,8
BRDA:54,14,2,6
BRDA:54,14,3,5
BRDA:55,15,0,3
BRDA:55,15,1,1
BRDA:55,16,0,4
BRDA:55,16,1,3
BRDA:55,16,2,2
BRDA:67,17,0,3
BRDA:67,17,1,5
BRDA:68,18,0,2
BRDA:68,18,1,6
BRDA:69,19,0,1
BRDA:69,19,1,7
BRDA:70,20,0,1
BRDA:70,20,1,7
BRDA:71,21,0,1
BRDA:71,21,1,7
BRDA:81,22,0,0
BRDA:81,23,0,3
BRDA:84,24,0,1
BRDA:84,24,1,2
BRDA:84,25,0,3
BRDA:84,25,1,1
BRDA:88,26,0,0
BRDA:88,26,1,3
BRDA:93,27,0,3
BRDA:93,27,1,3
BRDA:96,28,0,121
BRDA:96,28,1,119
BRDA:97,29,0,2
BRDA:97,29,1,119
BRDA:97,30,0,121
BRDA:97,30,1,2
BRDA:99,31,0,117
BRDA:99,31,1,2
BRDA:99,32,0,119
BRDA:99,32,1,2
BRDA:99,32,2,0
BRDA:99,33,0,0
BRDA:99,33,1,0
BRDA:105,34,0,81
BRDA:105,34,1,189
BRDA:106,35,0,270
BRDA:106,35,1,0
BRDA:112,36,0,42
BRDA:112,36,1,117
BRDA:112,37,0,159
BRDA:112,37,1,117
BRDA:114,38,0,57
BRDA:114,38,1,60
BRDA:117,39,0,60
BRDA:117,39,1,59
BRDA:118,40,0,59
BRDA:118,40,1,1
BRDA:119,41,0,60
BRDA:119,41,1,34
BRDA:129,42,0,0
BRDA:129,43,0,1
BRDA:135,44,0,0
BRDA:135,45,0,0
BRDA:135,46,0,1
BRDA:137,47,0,1
BRDA:137,47,1,1
BRDA:145,48,0,0
BRDA:145,48,1,1
BRDA:168,49,0,0
BRDA:168,49,1,1
BRF:105
BRH:94
end_of_record
TN:
SF:srv/lib/plugins/mapping/index.js
FN:19,_load
FN:25,(anonymous_1)
FN:41,invalidate
FN:45,resolve
FN:57,(anonymous_4)
FN:58,(anonymous_5)
FNF:6
FNH:5
FNDA:7,_load
FNDA:11,(anonymous_1)
FNDA:6,invalidate
FNDA:7,resolve
FNDA:0,(anonymous_4)
FNDA:1,(anonymous_5)
DA:8,35
DA:9,35
DA:10,35
DA:12,35
DA:13,35
DA:14,35
DA:16,35
DA:17,35
DA:20,7
DA:21,5
DA:22,5
DA:23,5
DA:24,5
DA:25,11
DA:26,11
DA:27,5
DA:28,56
DA:29,56
DA:30,56
DA:31,56
DA:33,5
DA:35,0
DA:36,0
DA:38,5
DA:41,6
DA:46,7
DA:47,7
DA:48,7
DA:49,7
DA:50,7
DA:51,6
DA:52,6
DA:57,35
DA:58,35
DA:60,35
LF:35
LH:33
BRDA:20,0,0,2
BRDA:20,0,1,5
BRDA:20,1,0,7
BRDA:20,1,1,2
BRDA:28,2,0,0
BRDA:28,2,1,56
BRDA:29,3,0,0
BRDA:29,3,1,56
BRDA:45,4,0,0
BRDA:45,5,0,0
BRDA:45,6,0,6
BRDA:46,7,0,0
BRDA:46,7,1,7
BRDA:47,8,0,7
BRDA:47,8,1,0
BRDA:50,9,0,1
BRDA:50,9,1,6
BRDA:51,10,0,1
BRDA:51,10,1,5
BRDA:52,11,0,5
BRDA:52,11,1,1
BRF:21
BRH:15
end_of_record
TN:
SF:srv/lib/plugins/mass-upload/index.js
FN:22,parseFile
FN:29,coerce
FN:41,processUpload
FN:53,(anonymous_3)
FN:54,(anonymous_4)
FN:55,(anonymous_5)
FN:68,(anonymous_6)
FN:68,(anonymous_7)
FN:122,retainSourceFile
FN:137,csvCell
FN:146,resultsToCsv
FN:147,(anonymous_11)
FN:147,(anonymous_12)
FNF:13
FNH:13
FNDA:1,parseFile
FNDA:28,coerce
FNDA:3,processUpload
FNDA:7,(anonymous_3)
FNDA:3,(anonymous_4)
FNDA:4,(anonymous_5)
FNDA:19,(anonymous_6)
FNDA:2,(anonymous_7)
FNDA:17,retainSourceFile
FNDA:131,csvCell
FNDA:19,resultsToCsv
FNDA:22,(anonymous_11)
FNDA:127,(anonymous_12)
DA:14,36
DA:15,36
DA:16,36
DA:18,36
DA:20,36
DA:23,1
DA:24,1
DA:25,1
DA:26,1
DA:30,28
DA:31,25
DA:32,2
DA:33,5
DA:34,11
DA:35,3
DA:36,4
DA:42,3
DA:43,1
DA:45,2
DA:46,2
DA:47,2
DA:48,2
DA:49,2
DA:50,2
DA:51,2
DA:53,7
DA:54,8
DA:55,2
DA:56,4
DA:57,4
DA:58,1
DA:61,2
DA:62,7
DA:63,7
DA:64,7
DA:65,7
DA:66,7
DA:67,7
DA:68,19
DA:69,7
DA:70,1
DA:72,6
DA:74,6
DA:75,2
DA:76,1
DA:77,1
DA:78,1
DA:79,1
DA:80,4
DA:81,1
DA:82,3
DA:83,1
DA:84,1
DA:85,1
DA:87,2
DA:88,2
DA:89,2
DA:92,0
DA:96,2
DA:99,2
DA:105,2
DA:106,1
DA:107,1
DA:113,0
DA:116,2
DA:123,17
DA:124,17
DA:125,17
DA:126,17
DA:127,17
DA:132,17
DA:133,0
DA:138,131
DA:139,130
DA:140,130
DA:141,130
DA:142,130
DA:147,127
DA:148,19
DA:151,36
LF:80
LH:77
BRDA:23,0,0,0
BRDA:23,0,1,1
BRDA:30,1,0,3
BRDA:30,1,1,25
BRDA:30,2,0,28
BRDA:30,2,1,27
BRDA:30,2,2,26
BRDA:31,3,0,2
BRDA:31,3,1,5
BRDA:31,3,2,11
BRDA:31,3,3,3
BRDA:31,3,4,4
BRDA:32,4,0,1
BRDA:32,4,1,1
BRDA:33,5,0,1
BRDA:33,5,1,4
BRDA:35,6,0,1
BRDA:35,6,1,2
BRDA:35,7,0,1
BRDA:35,7,1,2
BRDA:41,8,0,0
BRDA:41,9,0,1
BRDA:42,10,0,1
BRDA:42,10,1,2
BRDA:42,11,0,3
BRDA:42,11,1,3
BRDA:42,11,2,2
BRDA:45,12,0,2
BRDA:45,12,1,0
BRDA:46,13,0,2
BRDA:46,13,1,0
BRDA:47,14,0,2
BRDA:47,14,1,2
BRDA:48,15,0,2
BRDA:48,15,1,0
BRDA:49,16,0,2
BRDA:49,16,1,2
BRDA:54,17,0,3
BRDA:54,17,1,0
BRDA:54,18,0,6
BRDA:54,18,1,2
BRDA:56,19,0,0
BRDA:56,19,1,4
BRDA:64,20,0,7
BRDA:64,20,1,0
BRDA:64,21,0,7
BRDA:64,21,1,0
BRDA:68,22,0,7
BRDA:68,22,1,0
BRDA:68,23,0,19
BRDA:68,23,1,5
BRDA:68,23,2,3
BRDA:69,24,0,1
BRDA:69,24,1,6
BRDA:69,25,0,7
BRDA:69,25,1,5
BRDA:74,26,0,2
BRDA:74,26,1,4
BRDA:75,27,0,1
BRDA:75,27,1,1
BRDA:76,28,0,0
BRDA:76,28,1,1
BRDA:80,29,0,1
BRDA:80,29,1,3
BRDA:80,30,0,4
BRDA:80,30,1,3
BRDA:82,31,0,1
BRDA:82,31,1,2
BRDA:82,32,0,3
BRDA:82,32,1,1
BRDA:96,33,0,2
BRDA:96,33,1,0
BRDA:105,34,0,1
BRDA:105,34,1,1
BRDA:108,35,0,1
BRDA:108,35,1,0
BRDA:109,36,0,1
BRDA:109,36,1,0
BRDA:109,37,0,1
BRDA:109,37,1,1
BRDA:111,38,0,1
BRDA:111,38,1,0
BRDA:122,39,0,0
BRDA:123,40,0,0
BRDA:123,40,1,17
BRDA:124,41,0,17
BRDA:124,41,1,0
BRDA:127,42,0,17
BRDA:127,42,1,17
BRDA:128,43,0,17
BRDA:128,43,1,0
BRDA:128,44,0,17
BRDA:128,44,1,0
BRDA:128,45,0,17
BRDA:128,45,1,0
BRDA:129,46,0,17
BRDA:129,46,1,0
BRDA:129,47,0,17
BRDA:129,47,1,0
BRDA:129,48,0,0
BRDA:129,48,1,17
BRDA:130,49,0,17
BRDA:130,49,1,0
BRDA:138,50,0,1
BRDA:138,50,1,130
BRDA:140,51,0,1
BRDA:140,51,1,129
BRDA:141,52,0,2
BRDA:141,52,1,128
BRDA:146,53,0,3
BRDA:147,54,0,19
BRDA:147,54,1,0
BRF:112
BRH:86
end_of_record
