TN:
SF:srv/admin-service.js
FN:6,(anonymous_0)
FN:29,(anonymous_1)
FN:31,(anonymous_2)
FN:44,(anonymous_3)
FN:55,(anonymous_4)
FN:69,(anonymous_5)
FN:87,(anonymous_6)
FN:90,(anonymous_7)
FN:96,(anonymous_8)
FN:97,(anonymous_9)
FN:312,(anonymous_10)
FN:313,(anonymous_11)
FN:313,(anonymous_12)
FN:315,(anonymous_13)
FN:318,(anonymous_14)
FN:339,(anonymous_15)
FN:339,(anonymous_16)
FN:341,(anonymous_17)
FN:353,(anonymous_18)
FN:359,(anonymous_19)
FN:365,(anonymous_20)
FN:407,(anonymous_21)
FN:412,(anonymous_22)
FN:422,(anonymous_23)
FN:445,(anonymous_24)
FN:445,(anonymous_25)
FN:457,(anonymous_26)
FN:460,(anonymous_27)
FN:494,(anonymous_28)
FN:507,(anonymous_29)
FN:522,(anonymous_30)
FN:531,(anonymous_31)
FN:541,(anonymous_32)
FN:549,(anonymous_33)
FN:573,(anonymous_34)
FN:577,(anonymous_35)
FN:578,(anonymous_36)
FN:579,(anonymous_37)
FN:580,(anonymous_38)
FN:594,(anonymous_39)
FN:618,(anonymous_40)
FN:629,(anonymous_41)
FN:643,(anonymous_42)
FN:692,(anonymous_43)
FN:703,(anonymous_44)
FN:705,(anonymous_45)
FN:721,(anonymous_46)
FN:726,(anonymous_47)
FN:742,(anonymous_48)
FN:791,(anonymous_49)
FN:799,(anonymous_50)
FN:806,(anonymous_51)
FN:806,(anonymous_52)
FN:821,(anonymous_53)
FN:833,(anonymous_54)
FN:866,(anonymous_55)
FN:873,(anonymous_56)
FN:876,(anonymous_57)
FN:893,(anonymous_58)
FN:916,(anonymous_59)
FN:923,(anonymous_60)
FN:932,(anonymous_61)
FN:933,(anonymous_62)
FN:938,(anonymous_63)
FN:939,(anonymous_64)
FN:941,(anonymous_65)
FN:943,(anonymous_66)
FN:955,(anonymous_67)
FN:964,(anonymous_68)
FN:967,(anonymous_69)
FN:970,(anonymous_70)
FN:981,(anonymous_71)
FN:998,(anonymous_72)
FN:1007,(anonymous_73)
FN:1024,(anonymous_74)
FN:1029,(anonymous_75)
FN:1036,(anonymous_76)
FN:1043,(anonymous_77)
FN:1053,(anonymous_78)
FN:1068,(anonymous_79)
FN:1071,(anonymous_80)
FN:1074,(anonymous_81)
FN:1080,(anonymous_82)
FN:1081,(anonymous_83)
FN:1083,(anonymous_84)
FN:1095,(anonymous_85)
FN:1118,(anonymous_86)
FN:1126,(anonymous_87)
FN:1132,(anonymous_88)
FN:1145,(anonymous_89)
FN:1146,(anonymous_90)
FN:1148,(anonymous_91)
FN:1164,(anonymous_92)
FN:1181,(anonymous_93)
FN:1191,(anonymous_94)
FN:1201,(anonymous_95)
FN:1211,(anonymous_96)
FN:1232,(anonymous_97)
FN:1254,(anonymous_98)
FN:1266,(anonymous_99)
FN:1278,(anonymous_100)
FN:1284,(anonymous_101)
FN:1298,(anonymous_102)
FN:1304,(anonymous_103)
FN:1322,(anonymous_104)
FN:1329,(anonymous_105)
FN:1330,(anonymous_106)
FN:1343,(anonymous_107)
FN:1349,(anonymous_108)
FN:1367,(anonymous_109)
FN:1373,(anonymous_110)
FN:1374,(anonymous_111)
FN:1387,(anonymous_112)
FN:1393,(anonymous_113)
FN:1411,(anonymous_114)
FN:1417,(anonymous_115)
FN:1418,(anonymous_116)
FN:1431,(anonymous_117)
FN:1437,(anonymous_118)
FN:1455,(anonymous_119)
FN:1461,(anonymous_120)
FN:1462,(anonymous_121)
FN:1474,(anonymous_122)
FN:1503,(anonymous_123)
FN:1505,(anonymous_124)
FN:1508,(anonymous_125)
FN:1524,(anonymous_126)
FN:1533,(anonymous_127)
FN:1539,(anonymous_128)
FN:1552,(anonymous_129)
FN:1564,(anonymous_130)
FN:1576,(anonymous_131)
FN:1591,(anonymous_132)
FN:1596,(anonymous_133)
FNF:134
FNH:21
FNDA:29,(anonymous_0)
FNDA:4,(anonymous_1)
FNDA:0,(anonymous_2)
FNDA:7,(anonymous_3)
FNDA:70,(anonymous_4)
FNDA:7,(anonymous_5)
FNDA:7,(anonymous_6)
FNDA:0,(anonymous_7)
FNDA:464,(anonymous_8)
FNDA:0,(anonymous_9)
FNDA:0,(anonymous_10)
FNDA:0,(anonymous_11)
FNDA:0,(anonymous_12)
FNDA:0,(anonymous_13)
FNDA:0,(anonymous_14)
FNDA:0,(anonymous_15)
FNDA:0,(anonymous_16)
FNDA:0,(anonymous_17)
FNDA:0,(anonymous_18)
FNDA:0,(anonymous_19)
FNDA:0,(anonymous_20)
FNDA:0,(anonymous_21)
FNDA:0,(anonymous_22)
FNDA:0,(anonymous_23)
FNDA:203,(anonymous_24)
FNDA:0,(anonymous_25)
FNDA:0,(anonymous_26)
FNDA:0,(anonymous_27)
FNDA:0,(anonymous_28)
FNDA:0,(anonymous_29)
FNDA:0,(anonymous_30)
FNDA:0,(anonymous_31)
FNDA:0,(anonymous_32)
FNDA:0,(anonymous_33)
FNDA:4,(anonymous_34)
FNDA:16,(anonymous_35)
FNDA:16,(anonymous_36)
FNDA:15,(anonymous_37)
FNDA:3,(anonymous_38)
FNDA:0,(anonymous_39)
FNDA:2,(anonymous_40)
FNDA:7,(anonymous_41)
FNDA:14,(anonymous_42)
FNDA:0,(anonymous_43)
FNDA:0,(anonymous_44)
FNDA:4,(anonymous_45)
FNDA:0,(anonymous_46)
FNDA:0,(anonymous_47)
FNDA:0,(anonymous_48)
FNDA:0,(anonymous_49)
FNDA:0,(anonymous_50)
FNDA:0,(anonymous_51)
FNDA:0,(anonymous_52)
FNDA:0,(anonymous_53)
FNDA:0,(anonymous_54)
FNDA:0,(anonymous_55)
FNDA:0,(anonymous_56)
FNDA:0,(anonymous_57)
FNDA:0,(anonymous_58)
FNDA:0,(anonymous_59)
FNDA:0,(anonymous_60)
FNDA:0,(anonymous_61)
FNDA:0,(anonymous_62)
FNDA:0,(anonymous_63)
FNDA:0,(anonymous_64)
FNDA:0,(anonymous_65)
FNDA:0,(anonymous_66)
FNDA:0,(anonymous_67)
FNDA:2,(anonymous_68)
FNDA:2,(anonymous_69)
FNDA:0,(anonymous_70)
FNDA:0,(anonymous_71)
FNDA:0,(anonymous_72)
FNDA:0,(anonymous_73)
FNDA:0,(anonymous_74)
FNDA:0,(anonymous_75)
FNDA:0,(anonymous_76)
FNDA:0,(anonymous_77)
FNDA:2,(anonymous_78)
FNDA:0,(anonymous_79)
FNDA:0,(anonymous_80)
FNDA:0,(anonymous_81)
FNDA:0,(anonymous_82)
FNDA:0,(anonymous_83)
FNDA:0,(anonymous_84)
FNDA:0,(anonymous_85)
FNDA:0,(anonymous_86)
FNDA:0,(anonymous_87)
FNDA:0,(anonymous_88)
FNDA:0,(anonymous_89)
FNDA:0,(anonymous_90)
FNDA:0,(anonymous_91)
FNDA:0,(anonymous_92)
FNDA:0,(anonymous_93)
FNDA:0,(anonymous_94)
FNDA:0,(anonymous_95)
FNDA:0,(anonymous_96)
FNDA:0,(anonymous_97)
FNDA:0,(anonymous_98)
FNDA:0,(anonymous_99)
FNDA:0,(anonymous_100)
FNDA:0,(anonymous_101)
FNDA:0,(anonymous_102)
FNDA:0,(anonymous_103)
FNDA:0,(anonymous_104)
FNDA:0,(anonymous_105)
FNDA:0,(anonymous_106)
FNDA:0,(anonymous_107)
FNDA:0,(anonymous_108)
FNDA:0,(anonymous_109)
FNDA:0,(anonymous_110)
FNDA:0,(anonymous_111)
FNDA:0,(anonymous_112)
FNDA:0,(anonymous_113)
FNDA:0,(anonymous_114)
FNDA:0,(anonymous_115)
FNDA:0,(anonymous_116)
FNDA:0,(anonymous_117)
FNDA:0,(anonymous_118)
FNDA:0,(anonymous_119)
FNDA:0,(anonymous_120)
FNDA:0,(anonymous_121)
FNDA:0,(anonymous_122)
FNDA:0,(anonymous_123)
FNDA:0,(anonymous_124)
FNDA:0,(anonymous_125)
FNDA:0,(anonymous_126)
FNDA:2,(anonymous_127)
FNDA:0,(anonymous_128)
FNDA:0,(anonymous_129)
FNDA:0,(anonymous_130)
FNDA:0,(anonymous_131)
FNDA:0,(anonymous_132)
FNDA:0,(anonymous_133)
DA:1,29
DA:3,29
DA:4,29
DA:6,29
DA:8,29
DA:9,29
DA:10,29
DA:11,29
DA:20,29
DA:21,29
DA:28,29
DA:29,29
DA:30,29
DA:31,29
DA:32,0
DA:33,0
DA:34,0
DA:35,0
DA:37,0
DA:38,0
DA:43,29
DA:44,29
DA:45,7
DA:46,7
DA:47,7
DA:48,7
DA:50,7
DA:53,7
DA:55,70
DA:58,0
DA:59,0
DA:61,7
DA:67,29
DA:68,29
DA:69,29
DA:70,7
DA:71,7
DA:72,7
DA:73,7
DA:75,7
DA:76,7
DA:78,0
DA:79,0
DA:81,7
DA:82,7
DA:87,29
DA:88,29
DA:90,29
DA:91,0
DA:92,0
DA:93,0
DA:96,29
DA:97,464
DA:100,0
DA:103,0
DA:110,29
DA:157,29
DA:312,29
DA:313,29
DA:315,29
DA:316,0
DA:317,0
DA:318,0
DA:320,0
DA:329,29
DA:339,29
DA:341,29
DA:342,0
DA:343,0
DA:344,0
DA:353,29
DA:354,0
DA:355,0
DA:356,0
DA:359,29
DA:360,0
DA:361,0
DA:362,0
DA:365,29
DA:366,0
DA:367,0
DA:369,0
DA:370,0
DA:371,0
DA:372,0
DA:373,0
DA:381,0
DA:382,0
DA:383,0
DA:384,0
DA:385,0
DA:393,0
DA:394,0
DA:395,0
DA:396,0
DA:397,0
DA:398,0
DA:407,29
DA:408,0
DA:409,0
DA:412,29
DA:413,0
DA:415,0
DA:416,0
DA:418,0
DA:419,0
DA:422,29
DA:423,0
DA:424,0
DA:425,0
DA:426,0
DA:434,0
DA:435,0
DA:436,0
DA:445,203
DA:446,0
DA:448,0
DA:449,0
DA:450,0
DA:453,0
DA:454,0
DA:457,29
DA:460,29
DA:461,0
DA:462,0
DA:463,0
DA:464,0
DA:465,0
DA:466,0
DA:467,0
DA:468,0
DA:469,0
DA:473,0
DA:474,0
DA:475,0
DA:476,0
DA:477,0
DA:478,0
DA:479,0
DA:480,0
DA:483,0
DA:491,29
DA:492,29
DA:493,29
DA:494,29
DA:495,0
DA:496,0
DA:497,0
DA:498,0
DA:500,29
DA:501,145
DA:502,145
DA:507,29
DA:508,0
DA:509,0
DA:510,0
DA:512,0
DA:513,0
DA:515,0
DA:516,0
DA:519,29
DA:522,29
DA:523,0
DA:524,0
DA:525,0
DA:526,0
DA:531,29
DA:532,0
DA:533,0
DA:534,0
DA:535,0
DA:538,29
DA:541,29
DA:542,0
DA:543,0
DA:544,0
DA:549,29
DA:550,0
DA:551,0
DA:552,0
DA:554,0
DA:555,0
DA:573,29
DA:574,4
DA:575,4
DA:576,4
DA:577,16
DA:578,16
DA:579,15
DA:580,4
DA:581,4
DA:582,4
DA:583,14
DA:584,14
DA:585,14
DA:586,13
DA:588,2
DA:594,29
DA:595,0
DA:598,0
DA:599,0
DA:606,0
DA:607,0
DA:608,0
DA:610,0
DA:611,0
DA:617,29
DA:618,29
DA:619,2
DA:620,2
DA:621,2
DA:629,29
DA:630,7
DA:631,7
DA:632,7
DA:633,7
DA:634,7
DA:641,4
DA:643,14
DA:647,4
DA:648,4
DA:649,4
DA:650,4
DA:651,0
DA:652,0
DA:653,0
DA:654,0
DA:655,0
DA:656,0
DA:658,0
DA:668,0
DA:672,0
DA:673,0
DA:674,0
DA:675,0
DA:676,0
DA:677,0
DA:678,0
DA:679,0
DA:680,0
DA:684,0
DA:687,4
DA:689,29
DA:692,29
DA:693,0
DA:694,0
DA:703,29
DA:705,29
DA:706,4
DA:707,4
DA:708,4
DA:709,1
DA:710,1
DA:713,3
DA:714,3
DA:721,29
DA:722,0
DA:726,29
DA:727,0
DA:728,0
DA:729,0
DA:730,0
DA:731,0
DA:732,0
DA:742,29
DA:743,0
DA:744,0
DA:745,0
DA:748,0
DA:749,0
DA:750,0
DA:752,0
DA:753,0
DA:754,0
DA:755,0
DA:756,0
DA:760,0
DA:761,0
DA:762,0
DA:763,0
DA:775,0
DA:776,0
DA:777,0
DA:778,0
DA:779,0
DA:780,0
DA:781,0
DA:788,0
DA:791,29
DA:792,0
DA:793,0
DA:799,29
DA:800,0
DA:801,0
DA:802,0
DA:803,0
DA:804,0
DA:806,0
DA:807,0
DA:808,0
DA:809,0
DA:811,0
DA:818,0
DA:821,29
DA:822,0
DA:828,29
DA:829,29
DA:830,29
DA:831,29
DA:833,29
DA:834,0
DA:835,0
DA:836,0
DA:838,0
DA:839,0
DA:840,0
DA:846,0
DA:849,0
DA:850,0
DA:851,0
DA:857,0
DA:861,0
DA:863,0
DA:866,29
DA:867,0
DA:868,0
DA:870,29
DA:871,29
DA:872,29
DA:873,29
DA:874,0
DA:876,29
DA:877,29
DA:878,29
DA:879,29
DA:880,29
DA:885,29
DA:892,29
DA:893,29
DA:894,0
DA:895,0
DA:896,0
DA:897,0
DA:899,0
DA:900,0
DA:901,0
DA:905,0
DA:906,0
DA:908,0
DA:909,0
DA:910,0
DA:916,29
DA:917,0
DA:918,0
DA:923,29
DA:924,0
DA:925,0
DA:926,0
DA:928,0
DA:929,0
DA:932,29
DA:933,29
DA:934,0
DA:938,29
DA:939,29
DA:941,29
DA:942,0
DA:943,0
DA:944,0
DA:945,0
DA:948,29
DA:949,29
DA:950,29
DA:955,29
DA:956,0
DA:957,0
DA:958,0
DA:959,0
DA:960,0
DA:961,0
DA:964,29
DA:965,2
DA:966,2
DA:967,2
DA:968,2
DA:969,2
DA:970,2
DA:971,2
DA:979,29
DA:981,29
DA:982,0
DA:983,0
DA:984,0
DA:986,0
DA:987,0
DA:988,0
DA:989,0
DA:990,0
DA:995,29
DA:998,29
DA:999,0
DA:1000,0
DA:1001,0
DA:1007,29
DA:1008,0
DA:1012,0
DA:1013,0
DA:1024,29
DA:1029,29
DA:1036,29
DA:1043,29
DA:1053,29
DA:1054,2
DA:1056,2
DA:1057,2
DA:1062,1
DA:1063,1
DA:1064,1
DA:1068,29
DA:1069,0
DA:1071,29
DA:1072,0
DA:1074,29
DA:1075,0
DA:1080,29
DA:1081,29
DA:1083,29
DA:1084,0
DA:1085,0
DA:1086,0
DA:1087,0
DA:1088,0
DA:1093,0
DA:1095,29
DA:1096,0
DA:1097,0
DA:1098,0
DA:1099,0
DA:1100,0
DA:1105,0
DA:1117,29
DA:1118,29
DA:1119,0
DA:1120,0
DA:1122,29
DA:1126,58
DA:1127,0
DA:1128,0
DA:1129,0
DA:1130,0
DA:1132,58
DA:1133,0
DA:1134,0
DA:1135,0
DA:1136,0
DA:1138,0
DA:1140,0
DA:1145,29
DA:1146,29
DA:1148,29
DA:1149,0
DA:1150,0
DA:1151,0
DA:1152,0
DA:1153,0
DA:1161,0
DA:1162,0
DA:1164,29
DA:1165,0
DA:1166,0
DA:1167,0
DA:1168,0
DA:1169,0
DA:1177,0
DA:1178,0
DA:1181,29
DA:1182,0
DA:1183,0
DA:1184,0
DA:1187,0
DA:1191,29
DA:1192,0
DA:1193,0
DA:1194,0
DA:1196,0
DA:1197,0
DA:1201,29
DA:1202,0
DA:1203,0
DA:1205,0
DA:1206,0
DA:1211,29
DA:1212,0
DA:1213,0
DA:1214,0
DA:1215,0
DA:1216,0
DA:1228,0
DA:1229,0
DA:1232,29
DA:1233,0
DA:1234,0
DA:1235,0
DA:1236,0
DA:1237,0
DA:1249,0
DA:1250,0
DA:1254,29
DA:1255,0
DA:1256,0
DA:1258,0
DA:1259,0
DA:1260,0
DA:1262,0
DA:1266,29
DA:1267,0
DA:1268,0
DA:1270,0
DA:1271,0
DA:1272,0
DA:1274,0
DA:1275,0
DA:1278,29
DA:1279,0
DA:1280,0
DA:1282,0
DA:1283,0
DA:1284,0
DA:1285,0
DA:1286,0
DA:1287,0
DA:1288,0
DA:1292,0
DA:1293,0
DA:1298,29
DA:1299,0
DA:1300,0
DA:1301,0
DA:1304,29
DA:1305,0
DA:1306,0
DA:1307,0
DA:1308,0
DA:1309,0
DA:1310,0
DA:1311,0
DA:1322,29
DA:1323,0
DA:1324,0
DA:1325,0
DA:1326,0
DA:1328,0
DA:1329,0
DA:1330,0
DA:1331,0
DA:1343,29
DA:1344,0
DA:1345,0
DA:1346,0
DA:1349,29
DA:1350,0
DA:1351,0
DA:1352,0
DA:1353,0
DA:1354,0
DA:1355,0
DA:1356,0
DA:1367,29
DA:1368,0
DA:1369,0
DA:1370,0
DA:1371,0
DA:1372,0
DA:1373,0
DA:1374,0
DA:1375,0
DA:1387,29
DA:1388,0
DA:1389,0
DA:1390,0
DA:1393,29
DA:1394,0
DA:1395,0
DA:1396,0
DA:1397,0
DA:1398,0
DA:1399,0
DA:1400,0
DA:1411,29
DA:1412,0
DA:1413,0
DA:1414,0
DA:1415,0
DA:1416,0
DA:1417,0
DA:1418,0
DA:1419,0
DA:1431,29
DA:1432,0
DA:1433,0
DA:1434,0
DA:1437,29
DA:1438,0
DA:1439,0
DA:1440,0
DA:1441,0
DA:1442,0
DA:1443,0
DA:1444,0
DA:1455,29
DA:1456,0
DA:1457,0
DA:1458,0
DA:1459,0
DA:1460,0
DA:1461,0
DA:1462,0
DA:1463,0
DA:1474,29
DA:1476,0
DA:1477,0
DA:1478,0
DA:1479,0
DA:1480,0
DA:1481,0
DA:1496,29
DA:1503,29
DA:1504,0
DA:1505,0
DA:1506,0
DA:1508,29
DA:1509,0
DA:1510,0
DA:1511,0
DA:1512,0
DA:1513,0
DA:1518,0
DA:1521,0
DA:1522,0
DA:1524,29
DA:1526,0
DA:1527,0
DA:1529,0
DA:1533,29
DA:1534,2
DA:1535,2
DA:1539,29
DA:1540,0
DA:1541,0
DA:1542,0
DA:1543,0
DA:1544,0
DA:1546,0
DA:1547,0
DA:1552,29
DA:1553,0
DA:1554,0
DA:1555,0
DA:1556,0
DA:1558,0
DA:1559,0
DA:1564,29
DA:1565,0
DA:1566,0
DA:1567,0
DA:1568,0
DA:1570,0
DA:1571,0
DA:1576,29
DA:1577,0
DA:1578,0
DA:1579,0
DA:1580,0
DA:1581,0
DA:1582,0
DA:1583,0
DA:1585,0
DA:1586,0
DA:1591,29
DA:1592,0
DA:1593,0
DA:1596,29
DA:1597,0
DA:1598,0
DA:1599,0
DA:1600,0
DA:1601,0
DA:1602,0
DA:1603,0
DA:1614,29
LF:690
LH:226
BRDA:32,0,0,0
BRDA:32,0,1,0
BRDA:33,1,0,0
BRDA:33,1,1,0
BRDA:37,2,0,0
BRDA:37,2,1,0
BRDA:38,3,0,0
BRDA:38,3,1,0
BRDA:45,4,0,0
BRDA:45,4,1,7
BRDA:70,5,0,0
BRDA:70,5,1,7
BRDA:76,6,0,4
BRDA:76,6,1,3
BRDA:76,7,0,4
BRDA:76,7,1,3
BRDA:92,8,0,0
BRDA:92,8,1,0
BRDA:100,9,0,0
BRDA:100,9,1,0
BRDA:312,10,0,0
BRDA:312,10,1,0
BRDA:312,10,2,0
BRDA:312,10,3,0
BRDA:316,11,0,0
BRDA:316,11,1,0
BRDA:317,12,0,0
BRDA:317,12,1,0
BRDA:318,13,0,0
BRDA:318,13,1,0
BRDA:339,14,0,0
BRDA:339,14,1,0
BRDA:341,15,0,0
BRDA:342,16,0,0
BRDA:342,16,1,0
BRDA:343,17,0,0
BRDA:343,17,1,0
BRDA:354,18,0,0
BRDA:354,18,1,0
BRDA:355,19,0,0
BRDA:355,19,1,0
BRDA:360,20,0,0
BRDA:360,20,1,0
BRDA:361,21,0,0
BRDA:361,21,1,0
BRDA:365,22,0,0
BRDA:366,23,0,0
BRDA:366,23,1,0
BRDA:369,24,0,0
BRDA:369,24,1,0
BRDA:370,25,0,0
BRDA:370,25,1,0
BRDA:370,26,0,0
BRDA:370,26,1,0
BRDA:371,27,0,0
BRDA:371,27,1,0
BRDA:374,28,0,0
BRDA:374,28,1,0
BRDA:375,29,0,0
BRDA:375,29,1,0
BRDA:381,30,0,0
BRDA:381,30,1,0
BRDA:382,31,0,0
BRDA:382,31,1,0
BRDA:382,32,0,0
BRDA:382,32,1,0
BRDA:383,33,0,0
BRDA:383,33,1,0
BRDA:386,34,0,0
BRDA:386,34,1,0
BRDA:387,35,0,0
BRDA:387,35,1,0
BRDA:393,36,0,0
BRDA:393,36,1,0
BRDA:394,37,0,0
BRDA:394,37,1,0
BRDA:394,38,0,0
BRDA:394,38,1,0
BRDA:394,38,2,0
BRDA:396,39,0,0
BRDA:396,39,1,0
BRDA:396,40,0,0
BRDA:396,40,1,0
BRDA:397,41,0,0
BRDA:397,41,1,0
BRDA:407,42,0,0
BRDA:413,43,0,0
BRDA:413,43,1,0
BRDA:415,44,0,0
BRDA:415,44,1,0
BRDA:416,45,0,0
BRDA:416,45,1,0
BRDA:422,46,0,0
BRDA:424,47,0,0
BRDA:424,47,1,0
BRDA:424,48,0,0
BRDA:424,48,1,0
BRDA:425,49,0,0
BRDA:425,49,1,0
BRDA:435,50,0,0
BRDA:435,50,1,0
BRDA:446,51,0,0
BRDA:446,51,1,0
BRDA:448,52,0,0
BRDA:448,52,1,0
BRDA:449,53,0,0
BRDA:449,53,1,0
BRDA:450,54,0,0
BRDA:450,54,1,0
BRDA:469,55,0,0
BRDA:469,55,1,0
BRDA:474,56,0,0
BRDA:474,56,1,0
BRDA:477,57,0,0
BRDA:477,57,1,0
BRDA:483,58,0,0
BRDA:483,58,1,0
BRDA:483,58,2,0
BRDA:483,58,3,0
BRDA:496,59,0,0
BRDA:496,59,1,0
BRDA:496,60,0,0
BRDA:496,60,1,0
BRDA:497,61,0,0
BRDA:497,61,1,0
BRDA:497,62,0,0
BRDA:497,62,1,0
BRDA:498,63,0,0
BRDA:498,63,1,0
BRDA:498,64,0,0
BRDA:498,64,1,0
BRDA:509,65,0,0
BRDA:509,65,1,0
BRDA:509,66,0,0
BRDA:509,66,1,0
BRDA:512,67,0,0
BRDA:512,67,1,0
BRDA:512,68,0,0
BRDA:512,68,1,0
BRDA:515,69,0,0
BRDA:515,69,1,0
BRDA:515,70,0,0
BRDA:515,70,1,0
BRDA:515,70,2,0
BRDA:524,71,0,0
BRDA:524,71,1,0
BRDA:526,72,0,0
BRDA:526,72,1,0
BRDA:533,73,0,0
BRDA:533,73,1,0
BRDA:535,74,0,0
BRDA:535,74,1,0
BRDA:543,75,0,0
BRDA:543,75,1,0
BRDA:543,76,0,0
BRDA:543,76,1,0
BRDA:551,77,0,0
BRDA:551,77,1,0
BRDA:551,78,0,0
BRDA:551,78,1,0
BRDA:551,78,2,0
BRDA:554,79,0,0
BRDA:554,79,1,0
BRDA:554,80,0,0
BRDA:554,80,1,0
BRDA:554,80,2,0
BRDA:577,81,0,16
BRDA:577,81,1,16
BRDA:578,82,0,16
BRDA:578,82,1,0
BRDA:578,83,0,0
BRDA:578,83,1,16
BRDA:581,84,0,0
BRDA:581,84,1,4
BRDA:583,85,0,0
BRDA:583,85,1,14
BRDA:584,86,0,0
BRDA:584,86,1,14
BRDA:584,87,0,14
BRDA:584,87,1,14
BRDA:585,88,0,1
BRDA:585,88,1,13
BRDA:585,89,0,14
BRDA:585,89,1,14
BRDA:586,90,0,1
BRDA:586,90,1,12
BRDA:586,91,0,13
BRDA:586,91,1,9
BRDA:588,92,0,1
BRDA:588,92,1,1
BRDA:598,93,0,0
BRDA:598,93,1,0
BRDA:598,94,0,0
BRDA:598,94,1,0
BRDA:598,94,2,0
BRDA:606,95,0,0
BRDA:606,95,1,0
BRDA:606,96,0,0
BRDA:606,96,1,0
BRDA:610,97,0,0
BRDA:610,97,1,0
BRDA:610,98,0,0
BRDA:610,98,1,0
BRDA:610,98,2,0
BRDA:619,99,0,0
BRDA:619,99,1,2
BRDA:620,100,0,2
BRDA:620,100,1,0
BRDA:621,101,0,2
BRDA:621,101,1,0
BRDA:621,102,0,2
BRDA:621,102,1,2
BRDA:621,103,0,2
BRDA:621,103,1,2
BRDA:648,104,0,4
BRDA:648,104,1,0
BRDA:653,105,0,0
BRDA:653,105,1,0
BRDA:656,106,0,0
BRDA:656,106,1,0
BRDA:656,106,2,0
BRDA:656,106,3,0
BRDA:662,107,0,0
BRDA:662,107,1,0
BRDA:673,108,0,0
BRDA:673,108,1,0
BRDA:673,109,0,0
BRDA:673,109,1,0
BRDA:674,110,0,0
BRDA:674,110,1,0
BRDA:674,111,0,0
BRDA:674,111,1,0
BRDA:674,112,0,0
BRDA:674,112,1,0
BRDA:675,113,0,0
BRDA:675,113,1,0
BRDA:675,114,0,0
BRDA:675,114,1,0
BRDA:676,115,0,0
BRDA:676,115,1,0
BRDA:676,116,0,0
BRDA:676,116,1,0
BRDA:677,117,0,0
BRDA:677,117,1,0
BRDA:678,118,0,0
BRDA:678,118,1,0
BRDA:679,119,0,0
BRDA:679,119,1,0
BRDA:681,120,0,0
BRDA:681,120,1,0
BRDA:710,121,0,1
BRDA:710,121,1,0
BRDA:714,122,0,3
BRDA:714,122,1,0
BRDA:727,123,0,0
BRDA:727,123,1,0
BRDA:727,124,0,0
BRDA:727,124,1,0
BRDA:729,125,0,0
BRDA:729,125,1,0
BRDA:729,125,2,0
BRDA:729,125,3,0
BRDA:729,125,4,0
BRDA:730,126,0,0
BRDA:730,126,1,0
BRDA:732,127,0,0
BRDA:732,127,1,0
BRDA:748,128,0,0
BRDA:748,128,1,0
BRDA:748,129,0,0
BRDA:748,129,1,0
BRDA:748,129,2,0
BRDA:750,130,0,0
BRDA:750,130,1,0
BRDA:752,131,0,0
BRDA:752,131,1,0
BRDA:752,132,0,0
BRDA:752,132,1,0
BRDA:752,132,2,0
BRDA:758,133,0,0
BRDA:758,133,1,0
BRDA:759,134,0,0
BRDA:759,134,1,0
BRDA:761,135,0,0
BRDA:761,135,1,0
BRDA:770,136,0,0
BRDA:770,136,1,0
BRDA:772,137,0,0
BRDA:772,137,1,0
BRDA:772,137,2,0
BRDA:773,138,0,0
BRDA:773,138,1,0
BRDA:776,139,0,0
BRDA:776,139,1,0
BRDA:776,140,0,0
BRDA:776,140,1,0
BRDA:777,141,0,0
BRDA:777,141,1,0
BRDA:777,142,0,0
BRDA:777,142,1,0
BRDA:777,143,0,0
BRDA:777,143,1,0
BRDA:777,144,0,0
BRDA:777,144,1,0
BRDA:777,145,0,0
BRDA:777,145,1,0
BRDA:778,146,0,0
BRDA:778,146,1,0
BRDA:778,147,0,0
BRDA:778,147,1,0
BRDA:778,148,0,0
BRDA:778,148,1,0
BRDA:778,149,0,0
BRDA:778,149,1,0
BRDA:778,150,0,0
BRDA:778,150,1,0
BRDA:779,151,0,0
BRDA:779,151,1,0
BRDA:779,152,0,0
BRDA:779,152,1,0
BRDA:779,153,0,0
BRDA:779,153,1,0
BRDA:780,154,0,0
BRDA:780,154,1,0
BRDA:782,155,0,0
BRDA:782,155,1,0
BRDA:783,156,0,0
BRDA:783,156,1,0
BRDA:784,157,0,0
BRDA:784,157,1,0
BRDA:792,158,0,0
BRDA:792,158,1,0
BRDA:793,159,0,0
BRDA:793,159,1,0
BRDA:800,160,0,0
BRDA:800,160,1,0
BRDA:807,161,0,0
BRDA:807,161,1,0
BRDA:808,162,0,0
BRDA:808,162,1,0
BRDA:808,163,0,0
BRDA:808,163,1,0
BRDA:812,164,0,0
BRDA:812,164,1,0
BRDA:812,164,2,0
BRDA:813,165,0,0
BRDA:813,165,1,0
BRDA:815,166,0,0
BRDA:815,166,1,0
BRDA:815,167,0,0
BRDA:815,167,1,0
BRDA:822,168,0,0
BRDA:822,168,1,0
BRDA:834,169,0,0
BRDA:834,169,1,0
BRDA:835,170,0,0
BRDA:835,170,1,0
BRDA:839,171,0,0
BRDA:839,171,1,0
BRDA:839,172,0,0
BRDA:839,172,1,0
BRDA:839,172,2,0
BRDA:839,172,3,0
BRDA:849,173,0,0
BRDA:849,173,1,0
BRDA:849,174,0,0
BRDA:849,174,1,0
BRDA:849,174,2,0
BRDA:850,175,0,0
BRDA:850,175,1,0
BRDA:853,176,0,0
BRDA:853,176,1,0
BRDA:894,177,0,0
BRDA:894,177,1,0
BRDA:898,178,0,0
BRDA:898,178,1,0
BRDA:899,179,0,0
BRDA:899,179,1,0
BRDA:900,180,0,0
BRDA:900,180,1,0
BRDA:900,181,0,0
BRDA:900,181,1,0
BRDA:900,181,2,0
BRDA:900,181,3,0
BRDA:900,182,0,0
BRDA:900,182,1,0
BRDA:905,183,0,0
BRDA:905,183,1,0
BRDA:907,184,0,0
BRDA:907,184,1,0
BRDA:909,185,0,0
BRDA:909,185,1,0
BRDA:909,186,0,0
BRDA:909,186,1,0
BRDA:909,186,2,0
BRDA:917,187,0,0
BRDA:917,187,1,0
BRDA:917,188,0,0
BRDA:917,188,1,0
BRDA:924,189,0,0
BRDA:924,189,1,0
BRDA:924,190,0,0
BRDA:924,190,1,0
BRDA:928,191,0,0
BRDA:928,191,1,0
BRDA:928,192,0,0
BRDA:928,192,1,0
BRDA:928,192,2,0
BRDA:942,193,0,0
BRDA:942,193,1,0
BRDA:945,194,0,0
BRDA:945,194,1,0
BRDA:956,195,0,0
BRDA:956,195,1,0
BRDA:959,196,0,0
BRDA:959,196,1,0
BRDA:959,197,0,0
BRDA:959,197,1,0
BRDA:960,198,0,0
BRDA:960,198,1,0
BRDA:961,199,0,0
BRDA:961,199,1,0
BRDA:965,200,0,0
BRDA:965,200,1,2
BRDA:966,201,0,2
BRDA:966,201,1,0
BRDA:968,202,0,0
BRDA:968,202,1,2
BRDA:983,203,0,0
BRDA:983,203,1,0
BRDA:983,204,0,0
BRDA:983,204,1,0
BRDA:983,204,2,0
BRDA:986,205,0,0
BRDA:986,205,1,0
BRDA:988,206,0,0
BRDA:988,206,1,0
BRDA:1000,207,0,0
BRDA:1000,207,1,0
BRDA:1012,208,0,0
BRDA:1012,208,1,0
BRDA:1054,209,0,0
BRDA:1054,209,1,2
BRDA:1056,210,0,2
BRDA:1056,210,1,0
BRDA:1057,211,0,1
BRDA:1057,211,1,1
BRDA:1062,212,0,0
BRDA:1062,212,1,1
BRDA:1063,213,0,1
BRDA:1063,213,1,0
BRDA:1069,214,0,0
BRDA:1069,214,1,0
BRDA:1072,215,0,0
BRDA:1072,215,1,0
BRDA:1075,216,0,0
BRDA:1075,216,1,0
BRDA:1089,217,0,0
BRDA:1089,217,1,0
BRDA:1090,218,0,0
BRDA:1090,218,1,0
BRDA:1091,219,0,0
BRDA:1091,219,1,0
BRDA:1101,220,0,0
BRDA:1101,220,1,0
BRDA:1102,221,0,0
BRDA:1102,221,1,0
BRDA:1103,222,0,0
BRDA:1103,222,1,0
BRDA:1127,223,0,0
BRDA:1127,223,1,0
BRDA:1133,224,0,0
BRDA:1133,224,1,0
BRDA:1134,225,0,0
BRDA:1134,225,1,0
BRDA:1138,226,0,0
BRDA:1138,226,1,0
BRDA:1138,227,0,0
BRDA:1138,227,1,0
BRDA:1154,228,0,0
BRDA:1154,228,1,0
BRDA:1155,229,0,0
BRDA:1155,229,1,0
BRDA:1157,230,0,0
BRDA:1157,230,1,0
BRDA:1158,231,0,0
BRDA:1158,231,1,0
BRDA:1170,232,0,0
BRDA:1170,232,1,0
BRDA:1171,233,0,0
BRDA:1171,233,1,0
BRDA:1173,234,0,0
BRDA:1173,234,1,0
BRDA:1174,235,0,0
BRDA:1174,235,1,0
BRDA:1182,236,0,0
BRDA:1182,236,1,0
BRDA:1184,237,0,0
BRDA:1184,237,1,0
BRDA:1187,238,0,0
BRDA:1187,238,1,0
BRDA:1192,239,0,0
BRDA:1192,239,1,0
BRDA:1194,240,0,0
BRDA:1194,240,1,0
BRDA:1196,241,0,0
BRDA:1196,241,1,0
BRDA:1197,242,0,0
BRDA:1197,242,1,0
BRDA:1202,243,0,0
BRDA:1202,243,1,0
BRDA:1205,244,0,0
BRDA:1205,244,1,0
BRDA:1205,245,0,0
BRDA:1205,245,1,0
BRDA:1205,245,2,0
BRDA:1206,246,0,0
BRDA:1206,246,1,0
BRDA:1219,247,0,0
BRDA:1219,247,1,0
BRDA:1222,248,0,0
BRDA:1222,248,1,0
BRDA:1224,249,0,0
BRDA:1224,249,1,0
BRDA:1225,250,0,0
BRDA:1225,250,1,0
BRDA:1240,251,0,0
BRDA:1240,251,1,0
BRDA:1243,252,0,0
BRDA:1243,252,1,0
BRDA:1245,253,0,0
BRDA:1245,253,1,0
BRDA:1246,254,0,0
BRDA:1246,254,1,0
BRDA:1255,255,0,0
BRDA:1255,255,1,0
BRDA:1259,256,0,0
BRDA:1259,256,1,0
BRDA:1262,257,0,0
BRDA:1262,257,1,0
BRDA:1267,258,0,0
BRDA:1267,258,1,0
BRDA:1271,259,0,0
BRDA:1271,259,1,0
BRDA:1274,260,0,0
BRDA:1274,260,1,0
BRDA:1275,261,0,0
BRDA:1275,261,1,0
BRDA:1279,262,0,0
BRDA:1279,262,1,0
BRDA:1282,263,0,0
BRDA:1282,263,1,0
BRDA:1285,264,0,0
BRDA:1285,264,1,0
BRDA:1287,265,0,0
BRDA:1287,265,1,0
BRDA:1288,266,0,0
BRDA:1288,266,1,0
BRDA:1288,266,2,0
BRDA:1292,267,0,0
BRDA:1292,267,1,0
BRDA:1293,268,0,0
BRDA:1293,268,1,0
BRDA:1293,268,2,0
BRDA:1299,269,0,0
BRDA:1299,269,1,0
BRDA:1305,270,0,0
BRDA:1305,270,1,0
BRDA:1308,271,0,0
BRDA:1308,271,1,0
BRDA:1310,272,0,0
BRDA:1310,272,1,0
BRDA:1314,273,0,0
BRDA:1314,273,1,0
BRDA:1314,273,2,0
BRDA:1317,274,0,0
BRDA:1317,274,1,0
BRDA:1323,275,0,0
BRDA:1323,275,1,0
BRDA:1326,276,0,0
BRDA:1326,276,1,0
BRDA:1329,277,0,0
BRDA:1329,277,1,0
BRDA:1329,277,2,0
BRDA:1334,278,0,0
BRDA:1334,278,1,0
BRDA:1337,279,0,0
BRDA:1337,279,1,0
BRDA:1344,280,0,0
BRDA:1344,280,1,0
BRDA:1350,281,0,0
BRDA:1350,281,1,0
BRDA:1353,282,0,0
BRDA:1353,282,1,0
BRDA:1355,283,0,0
BRDA:1355,283,1,0
BRDA:1359,284,0,0
BRDA:1359,284,1,0
BRDA:1359,284,2,0
BRDA:1362,285,0,0
BRDA:1362,285,1,0
BRDA:1368,286,0,0
BRDA:1368,286,1,0
BRDA:1371,287,0,0
BRDA:1371,287,1,0
BRDA:1373,288,0,0
BRDA:1373,288,1,0
BRDA:1373,288,2,0
BRDA:1378,289,0,0
BRDA:1378,289,1,0
BRDA:1381,290,0,0
BRDA:1381,290,1,0
BRDA:1388,291,0,0
BRDA:1388,291,1,0
BRDA:1394,292,0,0
BRDA:1394,292,1,0
BRDA:1397,293,0,0
BRDA:1397,293,1,0
BRDA:1399,294,0,0
BRDA:1399,294,1,0
BRDA:1403,295,0,0
BRDA:1403,295,1,0
BRDA:1403,295,2,0
BRDA:1406,296,0,0
BRDA:1406,296,1,0
BRDA:1412,297,0,0
BRDA:1412,297,1,0
BRDA:1415,298,0,0
BRDA:1415,298,1,0
BRDA:1417,299,0,0
BRDA:1417,299,1,0
BRDA:1417,299,2,0
BRDA:1422,300,0,0
BRDA:1422,300,1,0
BRDA:1425,301,0,0
BRDA:1425,301,1,0
BRDA:1432,302,0,0
BRDA:1432,302,1,0
BRDA:1438,303,0,0
BRDA:1438,303,1,0
BRDA:1441,304,0,0
BRDA:1441,304,1,0
BRDA:1443,305,0,0
BRDA:1443,305,1,0
BRDA:1447,306,0,0
BRDA:1447,306,1,0
BRDA:1447,306,2,0
BRDA:1450,307,0,0
BRDA:1450,307,1,0
BRDA:1456,308,0,0
BRDA:1456,308,1,0
BRDA:1459,309,0,0
BRDA:1459,309,1,0
BRDA:1461,310,0,0
BRDA:1461,310,1,0
BRDA:1461,310,2,0
BRDA:1466,311,0,0
BRDA:1466,311,1,0
BRDA:1469,312,0,0
BRDA:1469,312,1,0
BRDA:1477,313,0,0
BRDA:1477,313,1,0
BRDA:1480,314,0,0
BRDA:1480,314,1,0
BRDA:1484,315,0,0
BRDA:1484,315,1,0
BRDA:1487,316,0,0
BRDA:1487,316,1,0
BRDA:1504,317,0,0
BRDA:1504,317,1,0
BRDA:1504,318,0,0
BRDA:1504,318,1,0
BRDA:1505,319,0,0
BRDA:1505,319,1,0
BRDA:1505,320,0,0
BRDA:1505,320,1,0
BRDA:1505,321,0,0
BRDA:1505,321,1,0
BRDA:1509,322,0,0
BRDA:1509,322,1,0
BRDA:1509,323,0,0
BRDA:1509,323,1,0
BRDA:1511,324,0,0
BRDA:1511,324,1,0
BRDA:1513,325,0,0
BRDA:1513,325,1,0
BRDA:1513,326,0,0
BRDA:1513,326,1,0
BRDA:1518,327,0,0
BRDA:1518,327,1,0
BRDA:1521,328,0,0
BRDA:1521,328,1,0
BRDA:1521,329,0,0
BRDA:1521,329,1,0
BRDA:1522,330,0,0
BRDA:1522,330,1,0
BRDA:1522,331,0,0
BRDA:1522,331,1,0
BRDA:1526,332,0,0
BRDA:1526,332,1,0
BRDA:1526,333,0,0
BRDA:1526,333,1,0
BRDA:1526,333,2,0
BRDA:1526,333,3,0
BRDA:1529,334,0,0
BRDA:1529,334,1,0
BRDA:1529,335,0,0
BRDA:1529,335,1,0
BRDA:1534,336,0,1
BRDA:1534,336,1,1
BRDA:1534,337,0,2
BRDA:1534,337,1,2
BRDA:1535,338,0,1
BRDA:1535,338,1,1
BRDA:1535,339,0,2
BRDA:1535,339,1,2
BRDA:1541,340,0,0
BRDA:1541,340,1,0
BRDA:1543,341,0,0
BRDA:1543,341,1,0
BRDA:1546,342,0,0
BRDA:1546,342,1,0
BRDA:1553,343,0,0
BRDA:1553,343,1,0
BRDA:1553,344,0,0
BRDA:1553,344,1,0
BRDA:1555,345,0,0
BRDA:1555,345,1,0
BRDA:1555,346,0,0
BRDA:1555,346,1,0
BRDA:1558,347,0,0
BRDA:1558,347,1,0
BRDA:1565,348,0,0
BRDA:1565,348,1,0
BRDA:1565,349,0,0
BRDA:1565,349,1,0
BRDA:1567,350,0,0
BRDA:1567,350,1,0
BRDA:1567,351,0,0
BRDA:1567,351,1,0
BRDA:1570,352,0,0
BRDA:1570,352,1,0
BRDA:1578,353,0,0
BRDA:1578,353,1,0
BRDA:1580,354,0,0
BRDA:1580,354,1,0
BRDA:1582,355,0,0
BRDA:1582,355,1,0
BRDA:1585,356,0,0
BRDA:1585,356,1,0
BRDA:1597,357,0,0
BRDA:1597,357,1,0
BRDA:1600,358,0,0
BRDA:1600,358,1,0
BRDA:1602,359,0,0
BRDA:1602,359,1,0
BRDA:1609,360,0,0
BRDA:1609,360,1,0
BRF:758
BRH:52
end_of_record
TN:
SF:srv/attributes-api.js
FN:23,currentUser
FN:30,_getTypedValueColumn
FN:40,coerceValue
FN:64,buildValueEntry
FN:77,loadActiveConfig
FN:121,(anonymous_5)
FN:138,(anonymous_6)
FN:139,(anonymous_7)
FN:140,(anonymous_8)
FN:142,(anonymous_9)
FN:146,loadValues
FN:153,writeValuesWithHistory
FN:155,(anonymous_12)
FN:236,buildAttributeColumns
FN:256,mountAttributesApi
FN:261,(anonymous_15)
FN:274,(anonymous_16)
FN:291,(anonymous_17)
FN:316,(anonymous_18)
FN:317,(anonymous_19)
FN:361,(anonymous_20)
FN:403,(anonymous_21)
FN:419,(anonymous_22)
FN:430,(anonymous_23)
FN:431,(anonymous_24)
FN:438,(anonymous_25)
FN:452,(anonymous_26)
FN:458,(anonymous_27)
FN:484,(anonymous_28)
FN:494,(anonymous_29)
FN:520,(anonymous_30)
FN:528,(anonymous_31)
FN:560,(anonymous_32)
FN:561,(anonymous_33)
FN:576,(anonymous_34)
FN:595,(anonymous_35)
FN:604,(anonymous_36)
FN:630,(anonymous_37)
FN:631,(anonymous_38)
FN:634,(anonymous_39)
FN:635,(anonymous_40)
FN:642,(anonymous_41)
FN:666,(anonymous_42)
FN:669,(anonymous_43)
FN:674,(anonymous_44)
FNF:45
FNH:1
FNDA:0,currentUser
FNDA:0,_getTypedValueColumn
FNDA:0,coerceValue
FNDA:0,buildValueEntry
FNDA:0,loadActiveConfig
FNDA:0,(anonymous_5)
FNDA:0,(anonymous_6)
FNDA:0,(anonymous_7)
FNDA:0,(anonymous_8)
FNDA:0,(anonymous_9)
FNDA:0,loadValues
FNDA:0,writeValuesWithHistory
FNDA:0,(anonymous_12)
FNDA:0,buildAttributeColumns
FNDA:29,mountAttributesApi
FNDA:0,(anonymous_15)
FNDA:0,(anonymous_16)
FNDA:0,(anonymous_17)
FNDA:0,(anonymous_18)
FNDA:0,(anonymous_19)
FNDA:0,(anonymous_20)
FNDA:0,(anonymous_21)
FNDA:0,(anonymous_22)
FNDA:0,(anonymous_23)
FNDA:0,(anonymous_24)
FNDA:0,(anonymous_25)
FNDA:0,(anonymous_26)
FNDA:0,(anonymous_27)
FNDA:0,(anonymous_28)
FNDA:0,(anonymous_29)
FNDA:0,(anonymous_30)
FNDA:0,(anonymous_31)
FNDA:0,(anonymous_32)
FNDA:0,(anonymous_33)
FNDA:0,(anonymous_34)
FNDA:0,(anonymous_35)
FNDA:0,(anonymous_36)
FNDA:0,(anonymous_37)
FNDA:0,(anonymous_38)
FNDA:0,(anonymous_39)
FNDA:0,(anonymous_40)
FNDA:0,(anonymous_41)
FNDA:0,(anonymous_42)
FNDA:0,(anonymous_43)
FNDA:0,(anonymous_44)
DA:15,29
DA:16,29
DA:17,29
DA:19,29
DA:26,0
DA:27,0
DA:31,0
DA:32,0
DA:33,0
DA:34,0
DA:35,0
DA:36,0
DA:41,0
DA:42,0
DA:44,0
DA:45,0
DA:46,0
DA:48,0
DA:49,0
DA:50,0
DA:52,0
DA:53,0
DA:55,0
DA:56,0
DA:57,0
DA:58,0
DA:60,0
DA:65,0
DA:78,0
DA:83,0
DA:85,0
DA:91,0
DA:98,0
DA:99,0
DA:100,0
DA:101,0
DA:102,0
DA:103,0
DA:105,0
DA:106,0
DA:110,0
DA:115,0
DA:116,0
DA:117,0
DA:118,0
DA:121,0
DA:123,0
DA:124,0
DA:125,0
DA:126,0
DA:127,0
DA:128,0
DA:129,0
DA:137,0
DA:138,0
DA:139,0
DA:140,0
DA:142,0
DA:147,0
DA:154,0
DA:155,0
DA:157,0
DA:158,0
DA:159,0
DA:161,0
DA:162,0
DA:175,0
DA:197,0
DA:198,0
DA:215,0
DA:237,0
DA:238,0
DA:239,0
DA:240,0
DA:241,0
DA:251,0
DA:256,29
DA:257,29
DA:258,29
DA:261,29
DA:262,0
DA:263,0
DA:264,0
DA:265,0
DA:266,0
DA:267,0
DA:269,0
DA:274,29
DA:275,0
DA:276,0
DA:277,0
DA:278,0
DA:279,0
DA:280,0
DA:281,0
DA:283,0
DA:285,0
DA:291,29
DA:292,0
DA:293,0
DA:294,0
DA:295,0
DA:298,0
DA:299,0
DA:300,0
DA:301,0
DA:302,0
DA:306,0
DA:307,0
DA:309,0
DA:310,0
DA:311,0
DA:312,0
DA:313,0
DA:315,0
DA:316,0
DA:317,0
DA:318,0
DA:319,0
DA:323,0
DA:324,0
DA:326,0
DA:327,0
DA:329,0
DA:331,0
DA:336,0
DA:337,0
DA:338,0
DA:339,0
DA:340,0
DA:341,0
DA:343,0
DA:344,0
DA:350,0
DA:352,0
DA:353,0
DA:354,0
DA:356,0
DA:361,29
DA:362,0
DA:363,0
DA:364,0
DA:365,0
DA:366,0
DA:368,0
DA:369,0
DA:371,0
DA:372,0
DA:390,0
DA:391,0
DA:396,0
DA:398,0
DA:403,29
DA:404,0
DA:405,0
DA:406,0
DA:407,0
DA:412,0
DA:414,0
DA:419,29
DA:420,0
DA:421,0
DA:422,0
DA:423,0
DA:424,0
DA:425,0
DA:426,0
DA:429,0
DA:430,0
DA:431,0
DA:433,0
DA:434,0
DA:437,0
DA:438,0
DA:439,0
DA:442,0
DA:452,0
DA:458,0
DA:461,0
DA:462,0
DA:463,0
DA:465,0
DA:466,0
DA:467,0
DA:468,0
DA:469,0
DA:472,0
DA:473,0
DA:474,0
DA:475,0
DA:477,0
DA:484,29
DA:485,0
DA:486,0
DA:487,0
DA:488,0
DA:490,0
DA:491,0
DA:492,0
DA:493,0
DA:494,0
DA:497,0
DA:498,0
DA:499,0
DA:500,0
DA:502,0
DA:503,0
DA:506,0
DA:507,0
DA:510,0
DA:511,0
DA:512,0
DA:513,0
DA:514,0
DA:515,0
DA:516,0
DA:520,0
DA:521,0
DA:524,0
DA:525,0
DA:526,0
DA:527,0
DA:528,0
DA:530,0
DA:531,0
DA:532,0
DA:534,0
DA:535,0
DA:536,0
DA:537,0
DA:539,0
DA:540,0
DA:541,0
DA:542,0
DA:545,0
DA:546,0
DA:548,0
DA:549,0
DA:550,0
DA:551,0
DA:552,0
DA:553,0
DA:554,0
DA:555,0
DA:556,0
DA:557,0
DA:559,0
DA:560,0
DA:561,0
DA:562,0
DA:563,0
DA:566,0
DA:568,0
DA:572,0
DA:573,0
DA:574,0
DA:575,0
DA:576,0
DA:581,0
DA:582,0
DA:586,0
DA:587,0
DA:588,0
DA:589,0
DA:590,0
DA:591,0
DA:594,0
DA:595,0
DA:599,0
DA:604,29
DA:605,0
DA:606,0
DA:607,0
DA:608,0
DA:609,0
DA:611,0
DA:612,0
DA:615,0
DA:617,0
DA:618,0
DA:623,0
DA:624,0
DA:625,0
DA:626,0
DA:627,0
DA:630,0
DA:631,0
DA:632,0
DA:633,0
DA:634,0
DA:635,0
DA:639,0
DA:640,0
DA:641,0
DA:642,0
DA:643,0
DA:645,0
DA:646,0
DA:647,0
DA:648,0
DA:649,0
DA:652,0
DA:653,0
DA:654,0
DA:655,0
DA:657,0
DA:664,29
DA:666,0
DA:667,29
DA:669,0
DA:672,29
DA:674,0
DA:676,29
LF:313
LH:19
BRDA:26,0,0,0
BRDA:26,0,1,0
BRDA:27,1,0,0
BRDA:27,1,1,0
BRDA:27,1,2,0
BRDA:31,2,0,0
BRDA:31,2,1,0
BRDA:31,2,2,0
BRDA:31,2,3,0
BRDA:31,2,4,0
BRDA:41,3,0,0
BRDA:41,3,1,0
BRDA:41,4,0,0
BRDA:41,4,1,0
BRDA:41,4,2,0
BRDA:42,5,0,0
BRDA:42,5,1,0
BRDA:42,5,2,0
BRDA:42,5,3,0
BRDA:42,5,4,0
BRDA:44,6,0,0
BRDA:44,6,1,0
BRDA:44,7,0,0
BRDA:44,7,1,0
BRDA:45,8,0,0
BRDA:45,8,1,0
BRDA:48,9,0,0
BRDA:48,9,1,0
BRDA:48,10,0,0
BRDA:48,10,1,0
BRDA:49,11,0,0
BRDA:49,11,1,0
BRDA:52,12,0,0
BRDA:52,12,1,0
BRDA:55,13,0,0
BRDA:55,13,1,0
BRDA:56,14,0,0
BRDA:56,14,1,0
BRDA:56,15,0,0
BRDA:56,15,1,0
BRDA:56,15,2,0
BRDA:56,15,3,0
BRDA:57,16,0,0
BRDA:57,16,1,0
BRDA:57,17,0,0
BRDA:57,17,1,0
BRDA:57,17,2,0
BRDA:69,18,0,0
BRDA:69,18,1,0
BRDA:69,19,0,0
BRDA:69,19,1,0
BRDA:69,19,2,0
BRDA:70,20,0,0
BRDA:70,20,1,0
BRDA:71,21,0,0
BRDA:71,21,1,0
BRDA:72,22,0,0
BRDA:72,22,1,0
BRDA:73,23,0,0
BRDA:73,23,1,0
BRDA:83,24,0,0
BRDA:83,24,1,0
BRDA:98,25,0,0
BRDA:98,25,1,0
BRDA:101,26,0,0
BRDA:101,26,1,0
BRDA:102,27,0,0
BRDA:102,27,1,0
BRDA:102,28,0,0
BRDA:102,28,1,0
BRDA:105,29,0,0
BRDA:105,29,1,0
BRDA:105,30,0,0
BRDA:105,30,1,0
BRDA:105,30,2,0
BRDA:105,31,0,0
BRDA:105,31,1,0
BRDA:117,32,0,0
BRDA:117,32,1,0
BRDA:118,33,0,0
BRDA:118,33,1,0
BRDA:125,34,0,0
BRDA:125,34,1,0
BRDA:125,35,0,0
BRDA:125,35,1,0
BRDA:127,36,0,0
BRDA:127,36,1,0
BRDA:128,37,0,0
BRDA:128,37,1,0
BRDA:131,38,0,0
BRDA:131,38,1,0
BRDA:133,39,0,0
BRDA:133,39,1,0
BRDA:161,40,0,0
BRDA:161,40,1,0
BRDA:246,41,0,0
BRDA:246,41,1,0
BRDA:247,42,0,0
BRDA:247,42,1,0
BRDA:263,43,0,0
BRDA:263,43,1,0
BRDA:267,44,0,0
BRDA:267,44,1,0
BRDA:269,45,0,0
BRDA:269,45,1,0
BRDA:281,46,0,0
BRDA:281,46,1,0
BRDA:281,46,2,0
BRDA:281,46,3,0
BRDA:281,46,4,0
BRDA:281,46,5,0
BRDA:285,47,0,0
BRDA:285,47,1,0
BRDA:293,48,0,0
BRDA:293,48,1,0
BRDA:311,49,0,0
BRDA:311,49,1,0
BRDA:315,50,0,0
BRDA:315,50,1,0
BRDA:315,51,0,0
BRDA:315,51,1,0
BRDA:315,51,2,0
BRDA:317,52,0,0
BRDA:317,52,1,0
BRDA:319,53,0,0
BRDA:319,53,1,0
BRDA:323,54,0,0
BRDA:323,54,1,0
BRDA:323,55,0,0
BRDA:323,55,1,0
BRDA:323,55,2,0
BRDA:326,56,0,0
BRDA:326,56,1,0
BRDA:326,57,0,0
BRDA:326,57,1,0
BRDA:326,57,2,0
BRDA:338,58,0,0
BRDA:338,58,1,0
BRDA:340,59,0,0
BRDA:340,59,1,0
BRDA:340,59,2,0
BRDA:341,60,0,0
BRDA:341,60,1,0
BRDA:343,61,0,0
BRDA:343,61,1,0
BRDA:350,62,0,0
BRDA:350,62,1,0
BRDA:356,63,0,0
BRDA:356,63,1,0
BRDA:366,64,0,0
BRDA:366,64,1,0
BRDA:398,65,0,0
BRDA:398,65,1,0
BRDA:414,66,0,0
BRDA:414,66,1,0
BRDA:420,67,0,0
BRDA:421,68,0,0
BRDA:421,68,1,0
BRDA:425,69,0,0
BRDA:425,69,1,0
BRDA:429,70,0,0
BRDA:429,70,1,0
BRDA:431,71,0,0
BRDA:431,71,1,0
BRDA:457,72,0,0
BRDA:457,72,1,0
BRDA:465,73,0,0
BRDA:465,73,1,0
BRDA:477,74,0,0
BRDA:477,74,1,0
BRDA:486,75,0,0
BRDA:486,76,0,0
BRDA:486,76,1,0
BRDA:487,77,0,0
BRDA:487,77,1,0
BRDA:488,78,0,0
BRDA:488,78,1,0
BRDA:499,79,0,0
BRDA:499,79,1,0
BRDA:500,80,0,0
BRDA:500,80,1,0
BRDA:503,81,0,0
BRDA:503,81,1,0
BRDA:506,82,0,0
BRDA:506,82,1,0
BRDA:507,83,0,0
BRDA:507,83,1,0
BRDA:512,84,0,0
BRDA:512,84,1,0
BRDA:513,85,0,0
BRDA:513,85,1,0
BRDA:515,86,0,0
BRDA:515,86,1,0
BRDA:515,87,0,0
BRDA:515,87,1,0
BRDA:521,88,0,0
BRDA:521,88,1,0
BRDA:524,89,0,0
BRDA:524,89,1,0
BRDA:525,90,0,0
BRDA:525,90,1,0
BRDA:526,91,0,0
BRDA:526,91,1,0
BRDA:536,92,0,0
BRDA:536,92,1,0
BRDA:537,93,0,0
BRDA:537,93,1,0
BRDA:540,94,0,0
BRDA:540,94,1,0
BRDA:550,95,0,0
BRDA:550,95,1,0
BRDA:550,96,0,0
BRDA:550,96,1,0
BRDA:555,97,0,0
BRDA:555,97,1,0
BRDA:555,98,0,0
BRDA:555,98,1,0
BRDA:555,98,2,0
BRDA:559,99,0,0
BRDA:559,99,1,0
BRDA:559,100,0,0
BRDA:559,100,1,0
BRDA:559,100,2,0
BRDA:561,101,0,0
BRDA:561,101,1,0
BRDA:563,102,0,0
BRDA:563,102,1,0
BRDA:572,103,0,0
BRDA:572,103,1,0
BRDA:574,104,0,0
BRDA:574,104,1,0
BRDA:590,105,0,0
BRDA:590,105,1,0
BRDA:591,106,0,0
BRDA:591,106,1,0
BRDA:599,107,0,0
BRDA:599,107,1,0
BRDA:605,108,0,0
BRDA:606,109,0,0
BRDA:606,109,1,0
BRDA:611,110,0,0
BRDA:611,110,1,0
BRDA:612,111,0,0
BRDA:612,111,1,0
BRDA:625,112,0,0
BRDA:625,112,1,0
BRDA:626,113,0,0
BRDA:626,113,1,0
BRDA:626,113,2,0
BRDA:626,113,3,0
BRDA:626,113,4,0
BRDA:626,113,5,0
BRDA:627,114,0,0
BRDA:627,114,1,0
BRDA:632,115,0,0
BRDA:632,115,1,0
BRDA:634,116,0,0
BRDA:634,116,1,0
BRDA:635,117,0,0
BRDA:635,117,1,0
BRDA:645,118,0,0
BRDA:645,118,1,0
BRDA:657,119,0,0
BRDA:657,119,1,0
BRDA:664,120,0,29
BRDA:664,120,1,0
BRDA:667,121,0,29
BRDA:667,121,1,0
BRDA:672,122,0,29
BRDA:672,122,1,0
BRF:270
BRH:3
end_of_record
TN:
SF:srv/audit-log.js
FN:9,writeChangeLogs
FN:14,fetchCurrentRecord
FNF:2
FNH:2
FNDA:881,writeChangeLogs
FNDA:20,fetchCurrentRecord
DA:5,30
DA:10,881
DA:15,20
DA:18,30
LF:4
LH:4
BRF:0
BRH:0
end_of_record
TN:
SF:srv/capacity-cardinality.js
FN:3,firstDefined
FN:4,(anonymous_1)
FN:7,getBridgeIdFromCapacityRequest
FN:10,(anonymous_3)
FN:22,getCapacityIdFromRequest
FN:25,(anonymous_5)
FN:30,rejectSecondCapacity
FNF:7
FNH:7
FNDA:5,firstDefined
FNDA:11,(anonymous_1)
FNDA:2,getBridgeIdFromCapacityRequest
FNDA:1,(anonymous_3)
FNDA:2,getCapacityIdFromRequest
FNDA:1,(anonymous_5)
FNDA:1,rejectSecondCapacity
DA:4,11
DA:8,2
DA:9,2
DA:10,2
DA:12,2
DA:23,2
DA:24,2
DA:25,2
DA:27,2
DA:31,1
DA:39,1
LF:11
LH:11
BRDA:4,0,0,11
BRDA:4,0,1,5
BRDA:4,0,2,5
BRDA:8,1,0,2
BRDA:8,1,1,0
BRDA:9,2,0,1
BRDA:9,2,1,1
BRDA:10,3,0,1
BRDA:10,3,1,1
BRDA:23,4,0,2
BRDA:23,4,1,1
BRDA:24,5,0,1
BRDA:24,5,1,1
BRF:13
BRH:12
end_of_record
TN:
SF:srv/demo-handler.js
FN:631,deriveDemoAttributes
FN:650,demoAttributeRows
FN:666,(anonymous_2)
FN:668,(anonymous_3)
FN:680,(anonymous_4)
FN:707,(anonymous_5)
FNF:6
FNH:1
FNDA:0,deriveDemoAttributes
FNDA:0,demoAttributeRows
FNDA:29,(anonymous_2)
FNDA:0,(anonymous_3)
FNDA:0,(anonymous_4)
FNDA:0,(anonymous_5)
DA:3,29
DA:13,29
DA:630,29
DA:632,0
DA:633,0
DA:634,0
DA:635,0
DA:636,0
DA:637,0
DA:638,0
DA:639,0
DA:640,0
DA:642,0
DA:651,0
DA:652,0
DA:653,0
DA:654,0
DA:663,0
DA:666,29
DA:668,29
DA:669,0
DA:670,0
DA:671,0
DA:673,0
DA:675,0
DA:676,0
DA:679,0
DA:680,0
DA:688,0
DA:691,0
DA:692,0
DA:695,0
DA:700,0
DA:701,0
DA:703,0
DA:707,29
DA:708,0
DA:709,0
DA:710,0
DA:712,0
DA:713,0
DA:716,0
DA:717,0
DA:720,0
DA:725,0
DA:726,0
DA:728,0
DA:736,29
LF:48
LH:7
BRDA:632,0,0,0
BRDA:632,0,1,0
BRDA:634,1,0,0
BRDA:634,1,1,0
BRDA:636,2,0,0
BRDA:636,2,1,0
BRDA:636,3,0,0
BRDA:636,3,1,0
BRDA:636,4,0,0
BRDA:636,4,1,0
BRDA:637,5,0,0
BRDA:637,5,1,0
BRDA:637,6,0,0
BRDA:637,6,1,0
BRDA:638,7,0,0
BRDA:638,7,1,0
BRDA:638,8,0,0
BRDA:638,8,1,0
BRDA:639,9,0,0
BRDA:639,9,1,0
BRDA:640,10,0,0
BRDA:640,10,1,0
BRDA:640,11,0,0
BRDA:640,11,1,0
BRDA:641,12,0,0
BRDA:641,12,1,0
BRDA:641,13,0,0
BRDA:641,13,1,0
BRDA:657,14,0,0
BRDA:657,14,1,0
BRDA:657,15,0,0
BRDA:657,15,1,0
BRDA:669,16,0,0
BRDA:669,16,1,0
BRDA:692,17,0,0
BRDA:692,17,1,0
BRDA:708,18,0,0
BRDA:708,18,1,0
BRF:38
BRH:0
end_of_record
TN:
SF:srv/launchpad.js
FN:13,buildSandboxConfig
FNF:1
FNH:1
FNDA:2,buildSandboxConfig
DA:14,2
DA:42,2
DA:55,2
DA:73,2
DA:74,1
DA:112,2
DA:118,2
DA:171,2
DA:172,1
DA:179,1
DA:184,1
DA:189,1
DA:194,1
DA:199,1
DA:204,1
DA:210,1
DA:211,1
DA:212,1
DA:214,1
DA:215,1
DA:220,2
DA:261,30
LF:22
LH:22
BRDA:73,0,0,1
BRDA:73,0,1,1
BRDA:112,1,0,1
BRDA:112,1,1,1
BRDA:171,2,0,1
BRDA:171,2,1,1
BRF:6
BRH:6
end_of_record
TN:
SF:srv/mass-upload.js
FN:246,(anonymous_0)
FN:276,column
FN:287,lookupDataset
FN:299,getDatasets
FN:300,(anonymous_4)
FN:308,buildWorkbookTemplate
FN:326,(anonymous_6)
FN:342,(anonymous_7)
FN:342,(anonymous_8)
FN:344,(anonymous_9)
FN:344,(anonymous_10)
FN:347,(anonymous_11)
FN:364,(anonymous_12)
FN:365,(anonymous_13)
FN:369,(anonymous_14)
FN:370,(anonymous_15)
FN:371,(anonymous_16)
FN:378,(anonymous_17)
FN:396,(anonymous_18)
FN:409,buildCsvTemplate
FN:415,(anonymous_20)
FN:415,(anonymous_21)
FN:420,importUpload
FN:496,(anonymous_23)
FN:507,(anonymous_24)
FN:531,(anonymous_25)
FN:535,(anonymous_26)
FN:540,(anonymous_27)
FN:542,(anonymous_28)
FN:591,(anonymous_29)
FN:599,(anonymous_30)
FN:599,(anonymous_31)
FN:610,(anonymous_32)
FN:611,(anonymous_33)
FN:632,getUploadHistory
FN:642,validateUpload
FN:718,(anonymous_36)
FN:725,getPreviewColumns
FN:753,formatPreviewCell
FN:761,stripDatasetRowPrefix
FN:765,buildValidationMessage
FN:772,importWorkbook
FN:800,importCsv
FN:825,assertDatasetScope
FN:833,readDatasetRows
FN:835,(anonymous_45)
FN:839,queueAudit
FN:848,recordRow
FN:860,importLookupRows
FN:867,(anonymous_49)
FN:871,(anonymous_50)
FN:928,providedPatch
FN:934,importRiskConfigRows
FN:938,(anonymous_53)
FN:941,(anonymous_54)
FN:943,(anonymous_55)
FN:953,(anonymous_56)
FN:961,(anonymous_57)
FN:967,importRiskBandRows
FN:978,(anonymous_59)
FN:986,(anonymous_60)
FN:988,(anonymous_61)
FN:998,(anonymous_62)
FN:1006,(anonymous_63)
FN:1012,importAssetClassStrategyRows
FN:1018,(anonymous_65)
FN:1040,(anonymous_66)
FN:1050,(anonymous_67)
FN:1056,riskAudit
FN:1068,importBridgeRows
FN:1075,(anonymous_70)
FN:1075,(anonymous_71)
FN:1076,(anonymous_72)
FN:1079,(anonymous_73)
FN:1079,(anonymous_74)
FN:1080,(anonymous_75)
FN:1080,(anonymous_76)
FN:1122,(anonymous_77)
FN:1123,(anonymous_78)
FN:1140,(anonymous_79)
FN:1160,importRestrictionRows
FN:1178,(anonymous_81)
FN:1180,(anonymous_82)
FN:1193,(anonymous_83)
FN:1194,(anonymous_84)
FN:1197,(anonymous_85)
FN:1197,(anonymous_86)
FN:1198,(anonymous_87)
FN:1198,(anonymous_88)
FN:1240,(anonymous_89)
FN:1241,(anonymous_90)
FN:1258,(anonymous_91)
FN:1277,(anonymous_92)
FN:1282,enrichRestrictionsWithBridgeKeys
FN:1283,(anonymous_94)
FN:1321,normalizeRows
FN:1335,normalizeRow
FN:1347,(anonymous_97)
FN:1351,(anonymous_98)
FN:1352,(anonymous_99)
FN:1390,parseSheetRows
FN:1395,(anonymous_101)
FN:1404,(anonymous_102)
FN:1417,convertCellValue
FN:1472,handleBadNumeric
FN:1482,parseBoolean
FN:1496,parseDate
FN:1521,parsePrimaryLookupRowKey
FN:1525,getDedupeKey
FN:1538,resolveExistingBridgeRow
FN:1548,resolveExistingRestrictionRow
FN:1558,getNextIntegerKey
FN:1565,readExistingRows
FN:1582,stripPrimaryKey
FN:1591,stripMetadata
FN:1600,buildHeaderRow
FN:1601,(anonymous_116)
FN:1738,buildSampleDataRow
FN:1743,(anonymous_118)
FN:1749,buildReferenceExamplesRows
FN:1751,(anonymous_120)
FN:1753,(anonymous_121)
FN:1759,(anonymous_122)
FN:1763,(anonymous_123)
FN:1778,getRequiredColumns
FN:1779,(anonymous_125)
FN:1779,(anonymous_126)
FN:1782,formatCellValue
FN:1788,formatReferenceValue
FN:1797,hasValue
FN:1801,emptySummary
FN:1805,buildSummary
FN:1815,requireDataset
FN:1823,resolveWorkbookDatasets
FNF:134
FNH:41
FNDA:551,(anonymous_0)
FNDA:4118,column
FNDA:406,lookupDataset
FNDA:0,getDatasets
FNDA:0,(anonymous_4)
FNDA:0,buildWorkbookTemplate
FNDA:0,(anonymous_6)
FNDA:0,(anonymous_7)
FNDA:0,(anonymous_8)
FNDA:0,(anonymous_9)
FNDA:0,(anonymous_10)
FNDA:0,(anonymous_11)
FNDA:0,(anonymous_12)
FNDA:0,(anonymous_13)
FNDA:0,(anonymous_14)
FNDA:0,(anonymous_15)
FNDA:0,(anonymous_16)
FNDA:0,(anonymous_17)
FNDA:0,(anonymous_18)
FNDA:0,buildCsvTemplate
FNDA:0,(anonymous_20)
FNDA:0,(anonymous_21)
FNDA:8,importUpload
FNDA:5,(anonymous_23)
FNDA:5,(anonymous_24)
FNDA:0,(anonymous_25)
FNDA:0,(anonymous_26)
FNDA:0,(anonymous_27)
FNDA:0,(anonymous_28)
FNDA:5,(anonymous_29)
FNDA:0,(anonymous_30)
FNDA:0,(anonymous_31)
FNDA:5,(anonymous_32)
FNDA:5,(anonymous_33)
FNDA:0,getUploadHistory
FNDA:0,validateUpload
FNDA:0,(anonymous_36)
FNDA:0,getPreviewColumns
FNDA:0,formatPreviewCell
FNDA:0,stripDatasetRowPrefix
FNDA:0,buildValidationMessage
FNDA:0,importWorkbook
FNDA:8,importCsv
FNDA:8,assertDatasetScope
FNDA:0,readDatasetRows
FNDA:0,(anonymous_45)
FNDA:5,queueAudit
FNDA:5,recordRow
FNDA:2,importLookupRows
FNDA:2,(anonymous_49)
FNDA:1,(anonymous_50)
FNDA:3,providedPatch
FNDA:2,importRiskConfigRows
FNDA:2,(anonymous_53)
FNDA:1,(anonymous_54)
FNDA:0,(anonymous_55)
FNDA:0,(anonymous_56)
FNDA:3,(anonymous_57)
FNDA:0,importRiskBandRows
FNDA:0,(anonymous_59)
FNDA:0,(anonymous_60)
FNDA:0,(anonymous_61)
FNDA:0,(anonymous_62)
FNDA:0,(anonymous_63)
FNDA:3,importAssetClassStrategyRows
FNDA:11,(anonymous_65)
FNDA:3,(anonymous_66)
FNDA:3,(anonymous_67)
FNDA:3,riskAudit
FNDA:0,importBridgeRows
FNDA:0,(anonymous_70)
FNDA:0,(anonymous_71)
FNDA:0,(anonymous_72)
FNDA:0,(anonymous_73)
FNDA:0,(anonymous_74)
FNDA:0,(anonymous_75)
FNDA:0,(anonymous_76)
FNDA:0,(anonymous_77)
FNDA:0,(anonymous_78)
FNDA:0,(anonymous_79)
FNDA:0,importRestrictionRows
FNDA:0,(anonymous_81)
FNDA:0,(anonymous_82)
FNDA:0,(anonymous_83)
FNDA:0,(anonymous_84)
FNDA:0,(anonymous_85)
FNDA:0,(anonymous_86)
FNDA:0,(anonymous_87)
FNDA:0,(anonymous_88)
FNDA:0,(anonymous_89)
FNDA:0,(anonymous_90)
FNDA:0,(anonymous_91)
FNDA:0,(anonymous_92)
FNDA:0,enrichRestrictionsWithBridgeKeys
FNDA:0,(anonymous_94)
FNDA:7,normalizeRows
FNDA:7,normalizeRow
FNDA:7,(anonymous_97)
FNDA:50,(anonymous_98)
FNDA:0,(anonymous_99)
FNDA:7,parseSheetRows
FNDA:50,(anonymous_101)
FNDA:7,(anonymous_102)
FNDA:50,convertCellValue
FNDA:0,handleBadNumeric
FNDA:5,parseBoolean
FNDA:0,parseDate
FNDA:2,parsePrimaryLookupRowKey
FNDA:7,getDedupeKey
FNDA:0,resolveExistingBridgeRow
FNDA:0,resolveExistingRestrictionRow
FNDA:0,getNextIntegerKey
FNDA:0,readExistingRows
FNDA:0,stripPrimaryKey
FNDA:1,stripMetadata
FNDA:0,buildHeaderRow
FNDA:0,(anonymous_116)
FNDA:0,buildSampleDataRow
FNDA:0,(anonymous_118)
FNDA:0,buildReferenceExamplesRows
FNDA:0,(anonymous_120)
FNDA:0,(anonymous_121)
FNDA:0,(anonymous_122)
FNDA:0,(anonymous_123)
FNDA:0,getRequiredColumns
FNDA:0,(anonymous_125)
FNDA:0,(anonymous_126)
FNDA:0,formatCellValue
FNDA:0,formatReferenceValue
FNDA:96,hasValue
FNDA:0,emptySummary
FNDA:5,buildSummary
FNDA:8,requireDataset
FNDA:0,resolveWorkbookDatasets
DA:1,29
DA:2,29
DA:4,29
DA:5,29
DA:6,29
DA:10,29
DA:12,29
DA:18,29
DA:79,29
DA:141,29
DA:154,29
DA:161,29
DA:176,29
DA:246,551
DA:248,29
DA:271,29
DA:277,4118
DA:288,406
DA:300,0
DA:309,0
DA:310,0
DA:311,0
DA:313,0
DA:326,0
DA:334,0
DA:336,0
DA:337,0
DA:338,0
DA:339,0
DA:340,0
DA:341,0
DA:342,0
DA:344,0
DA:346,0
DA:347,0
DA:348,0
DA:352,0
DA:353,0
DA:354,0
DA:357,0
DA:358,0
DA:361,0
DA:364,0
DA:365,0
DA:366,0
DA:368,0
DA:369,0
DA:370,0
DA:371,0
DA:372,0
DA:374,0
DA:376,0
DA:377,0
DA:378,0
DA:379,0
DA:387,0
DA:388,0
DA:389,0
DA:390,0
DA:391,0
DA:392,0
DA:393,0
DA:394,0
DA:396,0
DA:398,0
DA:399,0
DA:402,0
DA:403,0
DA:404,0
DA:406,0
DA:410,0
DA:411,0
DA:412,0
DA:413,0
DA:415,0
DA:417,0
DA:421,8
DA:422,0
DA:425,8
DA:426,8
DA:427,8
DA:428,8
DA:429,8
DA:431,8
DA:433,8
DA:434,8
DA:437,8
DA:438,8
DA:439,0
DA:440,0
DA:441,0
DA:442,0
DA:447,0
DA:448,0
DA:449,0
DA:450,0
DA:451,0
DA:452,0
DA:453,0
DA:454,0
DA:455,0
DA:457,8
DA:458,8
DA:459,5
DA:460,5
DA:462,0
DA:465,5
DA:468,5
DA:469,5
DA:470,5
DA:476,5
DA:477,5
DA:478,0
DA:479,0
DA:480,0
DA:485,0
DA:488,5
DA:492,5
DA:493,5
DA:496,5
DA:497,5
DA:504,5
DA:505,5
DA:506,5
DA:507,5
DA:508,5
DA:526,5
DA:527,0
DA:528,0
DA:529,0
DA:530,0
DA:531,0
DA:532,0
DA:534,0
DA:535,0
DA:537,0
DA:540,0
DA:542,0
DA:543,0
DA:544,0
DA:547,0
DA:548,0
DA:549,0
DA:550,0
DA:551,0
DA:552,0
DA:554,0
DA:555,0
DA:556,0
DA:557,0
DA:558,0
DA:559,0
DA:560,0
DA:564,0
DA:573,0
DA:574,0
DA:576,0
DA:590,5
DA:591,5
DA:592,5
DA:593,5
DA:595,5
DA:596,3
DA:597,3
DA:598,3
DA:599,3
DA:600,3
DA:601,0
DA:602,0
DA:605,0
DA:606,0
DA:610,5
DA:611,5
DA:612,5
DA:627,3
DA:628,3
DA:633,0
DA:634,0
DA:639,0
DA:643,0
DA:644,0
DA:647,0
DA:648,0
DA:649,0
DA:651,0
DA:652,0
DA:655,0
DA:656,0
DA:657,0
DA:658,0
DA:659,0
DA:660,0
DA:661,0
DA:662,0
DA:664,0
DA:665,0
DA:666,0
DA:667,0
DA:668,0
DA:670,0
DA:671,0
DA:672,0
DA:673,0
DA:674,0
DA:675,0
DA:676,0
DA:677,0
DA:678,0
DA:681,0
DA:682,0
DA:685,0
DA:686,0
DA:687,0
DA:688,0
DA:690,0
DA:705,0
DA:706,0
DA:709,0
DA:710,0
DA:718,0
DA:726,0
DA:727,0
DA:735,0
DA:736,0
DA:744,0
DA:754,0
DA:755,0
DA:756,0
DA:757,0
DA:758,0
DA:762,0
DA:766,0
DA:767,0
DA:768,0
DA:769,0
DA:773,0
DA:774,0
DA:775,0
DA:776,0
DA:777,0
DA:779,0
DA:780,0
DA:781,0
DA:782,0
DA:783,0
DA:785,0
DA:786,0
DA:787,0
DA:790,0
DA:791,0
DA:792,0
DA:794,0
DA:797,0
DA:801,8
DA:802,0
DA:805,8
DA:806,8
DA:807,8
DA:808,8
DA:810,8
DA:811,0
DA:814,8
DA:815,7
DA:816,7
DA:817,7
DA:818,5
DA:826,8
DA:827,1
DA:828,1
DA:829,1
DA:834,0
DA:835,0
DA:840,5
DA:841,5
DA:842,5
DA:849,5
DA:850,5
DA:861,2
DA:863,2
DA:864,0
DA:867,2
DA:868,2
DA:871,2
DA:873,2
DA:874,2
DA:876,2
DA:877,2
DA:878,1
DA:881,2
DA:882,1
DA:883,1
DA:884,1
DA:894,1
DA:898,2
DA:899,1
DA:900,1
DA:905,1
DA:906,1
DA:907,1
DA:908,1
DA:909,1
DA:922,2
DA:929,3
DA:930,23
DA:931,3
DA:935,2
DA:936,2
DA:938,2
DA:939,2
DA:941,1
DA:942,1
DA:943,1
DA:944,1
DA:945,1
DA:946,1
DA:947,1
DA:948,0
DA:949,0
DA:950,0
DA:951,0
DA:952,0
DA:953,0
DA:954,0
DA:957,1
DA:958,1
DA:959,1
DA:960,1
DA:961,3
DA:964,1
DA:968,0
DA:969,0
DA:972,0
DA:973,0
DA:974,0
DA:977,0
DA:978,0
DA:979,0
DA:980,0
DA:981,0
DA:983,0
DA:984,0
DA:986,0
DA:987,0
DA:988,0
DA:989,0
DA:990,0
DA:991,0
DA:992,0
DA:993,0
DA:994,0
DA:995,0
DA:996,0
DA:997,0
DA:998,0
DA:999,0
DA:1002,0
DA:1003,0
DA:1004,0
DA:1005,0
DA:1006,0
DA:1009,0
DA:1013,3
DA:1014,3
DA:1017,3
DA:1018,11
DA:1019,3
DA:1020,3
DA:1021,3
DA:1022,3
DA:1023,3
DA:1024,1
DA:1026,2
DA:1027,2
DA:1028,2
DA:1029,2
DA:1031,1
DA:1032,0
DA:1033,0
DA:1035,1
DA:1036,1
DA:1037,1
DA:1038,1
DA:1039,1
DA:1040,3
DA:1041,1
DA:1044,1
DA:1045,1
DA:1046,1
DA:1047,1
DA:1048,1
DA:1050,3
DA:1053,2
DA:1057,3
DA:1069,0
DA:1071,0
DA:1072,0
DA:1075,0
DA:1076,0
DA:1077,0
DA:1079,0
DA:1080,0
DA:1081,0
DA:1083,0
DA:1084,0
DA:1086,0
DA:1087,0
DA:1089,0
DA:1090,0
DA:1091,0
DA:1092,0
DA:1093,0
DA:1096,0
DA:1097,0
DA:1099,0
DA:1100,0
DA:1101,0
DA:1105,0
DA:1106,0
DA:1107,0
DA:1111,0
DA:1112,0
DA:1113,0
DA:1114,0
DA:1122,0
DA:1123,0
DA:1125,0
DA:1129,0
DA:1130,0
DA:1131,0
DA:1132,0
DA:1137,0
DA:1138,0
DA:1139,0
DA:1140,0
DA:1143,0
DA:1144,0
DA:1157,0
DA:1161,0
DA:1162,0
DA:1164,0
DA:1165,0
DA:1168,0
DA:1174,0
DA:1175,0
DA:1176,0
DA:1177,0
DA:1178,0
DA:1179,0
DA:1180,0
DA:1181,0
DA:1183,0
DA:1184,0
DA:1185,0
DA:1187,0
DA:1189,0
DA:1190,0
DA:1193,0
DA:1194,0
DA:1195,0
DA:1197,0
DA:1198,0
DA:1200,0
DA:1201,0
DA:1203,0
DA:1204,0
DA:1205,0
DA:1207,0
DA:1208,0
DA:1210,0
DA:1211,0
DA:1214,0
DA:1215,0
DA:1216,0
DA:1217,0
DA:1218,0
DA:1221,0
DA:1222,0
DA:1224,0
DA:1225,0
DA:1226,0
DA:1229,0
DA:1230,0
DA:1231,0
DA:1232,0
DA:1240,0
DA:1241,0
DA:1243,0
DA:1247,0
DA:1248,0
DA:1249,0
DA:1250,0
DA:1255,0
DA:1256,0
DA:1257,0
DA:1258,0
DA:1261,0
DA:1262,0
DA:1277,0
DA:1279,0
DA:1283,0
DA:1284,0
DA:1288,0
DA:1290,0
DA:1291,0
DA:1292,0
DA:1293,0
DA:1294,0
DA:1296,0
DA:1300,0
DA:1301,0
DA:1304,0
DA:1305,0
DA:1309,0
DA:1310,0
DA:1311,0
DA:1312,0
DA:1313,0
DA:1314,0
DA:1316,0
DA:1322,7
DA:1324,7
DA:1325,7
DA:1326,7
DA:1328,7
DA:1329,7
DA:1332,7
DA:1336,7
DA:1338,7
DA:1341,50
DA:1342,50
DA:1345,7
DA:1347,7
DA:1348,7
DA:1350,7
DA:1351,50
DA:1352,0
DA:1354,7
DA:1355,0
DA:1356,0
DA:1361,0
DA:1364,7
DA:1365,2
DA:1366,2
DA:1369,5
DA:1370,0
DA:1371,0
DA:1375,0
DA:1378,5
DA:1379,0
DA:1380,0
DA:1384,0
DA:1387,5
DA:1391,7
DA:1392,7
DA:1394,7
DA:1395,50
DA:1397,7
DA:1398,50
DA:1399,50
DA:1400,0
DA:1404,7
DA:1405,7
DA:1406,7
DA:1407,50
DA:1410,50
DA:1411,50
DA:1413,7
DA:1418,50
DA:1420,29
DA:1422,19
DA:1424,3
DA:1425,3
DA:1426,0
DA:1429,3
DA:1431,0
DA:1432,0
DA:1433,0
DA:1434,0
DA:1437,0
DA:1440,2
DA:1441,2
DA:1442,0
DA:1445,2
DA:1447,0
DA:1448,0
DA:1449,0
DA:1450,0
DA:1454,0
DA:1456,0
DA:1457,0
DA:1458,0
DA:1461,0
DA:1464,5
DA:1466,0
DA:1468,0
DA:1473,0
DA:1474,0
DA:1476,0
DA:1477,0
DA:1479,0
DA:1483,5
DA:1484,5
DA:1485,0
DA:1486,0
DA:1489,5
DA:1490,5
DA:1491,0
DA:1493,0
DA:1497,0
DA:1498,0
DA:1501,0
DA:1502,0
DA:1503,0
DA:1504,0
DA:1505,0
DA:1506,0
DA:1510,0
DA:1511,0
DA:1513,0
DA:1514,0
DA:1515,0
DA:1518,0
DA:1522,2
DA:1526,7
DA:1527,5
DA:1528,5
DA:1529,5
DA:1530,5
DA:1534,3
DA:1535,0
DA:1539,0
DA:1540,0
DA:1542,0
DA:1543,0
DA:1545,0
DA:1549,0
DA:1550,0
DA:1552,0
DA:1553,0
DA:1555,0
DA:1559,0
DA:1562,0
DA:1566,0
DA:1575,0
DA:1576,0
DA:1577,0
DA:1579,0
DA:1583,0
DA:1584,0
DA:1585,0
DA:1586,0
DA:1588,0
DA:1592,1
DA:1593,1
DA:1594,4
DA:1595,3
DA:1597,1
DA:1601,0
DA:1604,29
DA:1628,29
DA:1643,29
DA:1645,29
DA:1740,0
DA:1741,0
DA:1742,0
DA:1743,0
DA:1744,0
DA:1745,0
DA:1750,0
DA:1751,0
DA:1753,0
DA:1757,0
DA:1760,0
DA:1761,0
DA:1762,0
DA:1763,0
DA:1767,0
DA:1779,0
DA:1783,0
DA:1784,0
DA:1785,0
DA:1789,0
DA:1790,0
DA:1792,0
DA:1793,0
DA:1794,0
DA:1798,96
DA:1802,0
DA:1806,5
DA:1816,8
DA:1817,8
DA:1818,0
DA:1820,8
DA:1824,0
DA:1825,0
DA:1827,0
DA:1830,29
LF:697
LH:232
BRDA:276,0,0,3045
BRDA:341,1,0,0
BRDA:341,1,1,0
BRDA:343,2,0,0
BRDA:343,2,1,0
BRDA:357,3,0,0
BRDA:357,3,1,0
BRDA:366,4,0,0
BRDA:366,4,1,0
BRDA:368,5,0,0
BRDA:368,5,1,0
BRDA:372,6,0,0
BRDA:372,6,1,0
BRDA:392,7,0,0
BRDA:392,7,1,0
BRDA:392,8,0,0
BRDA:392,8,1,0
BRDA:392,9,0,0
BRDA:392,9,1,0
BRDA:396,10,0,0
BRDA:396,10,1,0
BRDA:396,11,0,0
BRDA:396,11,1,0
BRDA:421,12,0,0
BRDA:421,12,1,8
BRDA:425,13,0,8
BRDA:425,13,1,0
BRDA:429,14,0,8
BRDA:429,14,1,0
BRDA:438,15,0,0
BRDA:438,15,1,8
BRDA:452,16,0,0
BRDA:452,16,1,0
BRDA:454,17,0,0
BRDA:454,17,1,0
BRDA:457,18,0,8
BRDA:457,18,1,0
BRDA:468,19,0,5
BRDA:468,19,1,0
BRDA:479,20,0,0
BRDA:479,20,1,0
BRDA:482,21,0,0
BRDA:482,21,1,0
BRDA:492,22,0,5
BRDA:492,22,1,0
BRDA:493,23,0,5
BRDA:493,23,1,0
BRDA:494,24,0,0
BRDA:494,24,1,0
BRDA:496,25,0,5
BRDA:496,25,1,0
BRDA:499,26,0,5
BRDA:499,26,1,0
BRDA:499,27,0,5
BRDA:499,27,1,0
BRDA:499,27,2,0
BRDA:500,28,0,5
BRDA:500,28,1,0
BRDA:506,29,0,5
BRDA:506,29,1,0
BRDA:506,29,2,0
BRDA:507,30,0,5
BRDA:507,30,1,0
BRDA:511,31,0,5
BRDA:511,31,1,0
BRDA:512,32,0,5
BRDA:512,32,1,0
BRDA:514,33,0,5
BRDA:514,33,1,0
BRDA:514,33,2,0
BRDA:514,33,3,0
BRDA:515,34,0,5
BRDA:515,34,1,0
BRDA:516,35,0,5
BRDA:516,35,1,2
BRDA:517,36,0,5
BRDA:517,36,1,3
BRDA:520,37,0,5
BRDA:520,37,1,0
BRDA:521,38,0,0
BRDA:521,38,1,5
BRDA:526,39,0,0
BRDA:526,39,1,5
BRDA:528,40,0,0
BRDA:528,40,1,0
BRDA:529,41,0,0
BRDA:529,41,1,0
BRDA:530,42,0,0
BRDA:530,42,1,0
BRDA:532,43,0,0
BRDA:532,43,1,0
BRDA:543,44,0,0
BRDA:543,44,1,0
BRDA:544,45,0,0
BRDA:544,45,1,0
BRDA:544,46,0,0
BRDA:544,46,1,0
BRDA:549,47,0,0
BRDA:549,47,1,0
BRDA:550,48,0,0
BRDA:550,48,1,0
BRDA:552,49,0,0
BRDA:552,49,1,0
BRDA:556,50,0,0
BRDA:556,50,1,0
BRDA:558,51,0,0
BRDA:558,51,1,0
BRDA:558,52,0,0
BRDA:558,52,1,0
BRDA:566,53,0,0
BRDA:566,53,1,0
BRDA:567,54,0,0
BRDA:567,54,1,0
BRDA:568,55,0,0
BRDA:568,55,1,0
BRDA:569,56,0,0
BRDA:569,56,1,0
BRDA:570,57,0,0
BRDA:570,57,1,0
BRDA:573,58,0,0
BRDA:573,58,1,0
BRDA:592,59,0,5
BRDA:592,59,1,0
BRDA:593,60,0,5
BRDA:593,60,1,5
BRDA:595,61,0,3
BRDA:595,61,1,2
BRDA:598,62,0,3
BRDA:598,62,1,0
BRDA:599,63,0,3
BRDA:599,63,1,0
BRDA:600,64,0,3
BRDA:600,64,1,3
BRDA:601,65,0,0
BRDA:601,65,1,0
BRDA:614,66,0,0
BRDA:614,66,1,5
BRDA:615,67,0,3
BRDA:615,67,1,2
BRDA:639,68,0,0
BRDA:639,68,1,0
BRDA:643,69,0,0
BRDA:643,69,1,0
BRDA:647,70,0,0
BRDA:647,70,1,0
BRDA:648,71,0,0
BRDA:648,71,1,0
BRDA:648,72,0,0
BRDA:648,72,1,0
BRDA:651,73,0,0
BRDA:651,73,1,0
BRDA:651,74,0,0
BRDA:651,74,1,0
BRDA:651,74,2,0
BRDA:656,75,0,0
BRDA:656,75,1,0
BRDA:665,76,0,0
BRDA:665,76,1,0
BRDA:666,77,0,0
BRDA:666,77,1,0
BRDA:675,78,0,0
BRDA:675,78,1,0
BRDA:677,79,0,0
BRDA:677,79,1,0
BRDA:681,80,0,0
BRDA:681,80,1,0
BRDA:686,81,0,0
BRDA:686,81,1,0
BRDA:688,82,0,0
BRDA:688,82,1,0
BRDA:692,83,0,0
BRDA:692,83,1,0
BRDA:698,84,0,0
BRDA:698,84,1,0
BRDA:698,85,0,0
BRDA:698,85,1,0
BRDA:699,86,0,0
BRDA:699,86,1,0
BRDA:699,87,0,0
BRDA:699,87,1,0
BRDA:705,88,0,0
BRDA:705,88,1,0
BRDA:726,89,0,0
BRDA:726,89,1,0
BRDA:735,90,0,0
BRDA:735,90,1,0
BRDA:754,91,0,0
BRDA:754,91,1,0
BRDA:756,92,0,0
BRDA:756,92,1,0
BRDA:756,93,0,0
BRDA:756,93,1,0
BRDA:757,94,0,0
BRDA:757,94,1,0
BRDA:762,95,0,0
BRDA:762,95,1,0
BRDA:766,96,0,0
BRDA:766,96,1,0
BRDA:767,97,0,0
BRDA:767,97,1,0
BRDA:768,98,0,0
BRDA:768,98,1,0
BRDA:781,99,0,0
BRDA:781,99,1,0
BRDA:790,100,0,0
BRDA:790,100,1,0
BRDA:791,101,0,0
BRDA:791,101,1,0
BRDA:791,102,0,0
BRDA:791,102,1,0
BRDA:801,103,0,0
BRDA:801,103,1,8
BRDA:801,104,0,8
BRDA:801,104,1,8
BRDA:810,105,0,0
BRDA:810,105,1,8
BRDA:826,106,0,1
BRDA:826,106,1,7
BRDA:826,107,0,8
BRDA:826,107,1,8
BRDA:826,107,2,6
BRDA:826,108,0,6
BRDA:826,108,1,6
BRDA:840,109,0,0
BRDA:840,109,1,5
BRDA:841,110,0,5
BRDA:841,110,1,0
BRDA:849,111,0,0
BRDA:849,111,1,5
BRDA:849,112,0,5
BRDA:849,112,1,5
BRDA:851,113,0,0
BRDA:851,113,1,5
BRDA:852,114,0,5
BRDA:852,114,1,0
BRDA:853,115,0,5
BRDA:853,115,1,0
BRDA:854,116,0,5
BRDA:854,116,1,0
BRDA:855,117,0,5
BRDA:855,117,1,0
BRDA:856,118,0,0
BRDA:856,118,1,5
BRDA:863,119,0,0
BRDA:863,119,1,2
BRDA:877,120,0,1
BRDA:877,120,1,1
BRDA:881,121,0,1
BRDA:881,121,1,1
BRDA:890,122,0,1
BRDA:890,122,1,0
BRDA:892,123,0,1
BRDA:892,123,1,0
BRDA:906,124,0,1
BRDA:906,124,1,0
BRDA:908,125,0,1
BRDA:908,125,1,0
BRDA:915,126,0,1
BRDA:915,126,1,0
BRDA:930,127,0,9
BRDA:930,127,1,14
BRDA:936,128,0,0
BRDA:936,128,1,2
BRDA:939,129,0,1
BRDA:939,129,1,1
BRDA:947,130,0,0
BRDA:947,130,1,1
BRDA:952,131,0,0
BRDA:952,131,1,0
BRDA:954,132,0,0
BRDA:954,132,1,0
BRDA:954,133,0,0
BRDA:954,133,1,0
BRDA:960,134,0,1
BRDA:960,134,1,0
BRDA:969,135,0,0
BRDA:969,135,1,0
BRDA:973,136,0,0
BRDA:973,136,1,0
BRDA:973,137,0,0
BRDA:973,137,1,0
BRDA:973,137,2,0
BRDA:980,138,0,0
BRDA:980,138,1,0
BRDA:984,139,0,0
BRDA:984,139,1,0
BRDA:992,140,0,0
BRDA:992,140,1,0
BRDA:997,141,0,0
BRDA:997,141,1,0
BRDA:999,142,0,0
BRDA:999,142,1,0
BRDA:999,143,0,0
BRDA:999,143,1,0
BRDA:1005,144,0,0
BRDA:1005,144,1,0
BRDA:1014,145,0,0
BRDA:1014,145,1,3
BRDA:1023,146,0,1
BRDA:1023,146,1,2
BRDA:1023,147,0,3
BRDA:1023,147,1,3
BRDA:1023,147,2,3
BRDA:1029,148,0,1
BRDA:1029,148,1,1
BRDA:1031,149,0,0
BRDA:1031,149,1,1
BRDA:1033,150,0,0
BRDA:1033,150,1,0
BRDA:1039,151,0,1
BRDA:1039,151,1,0
BRDA:1041,152,0,1
BRDA:1041,152,1,0
BRDA:1041,153,0,1
BRDA:1041,153,1,0
BRDA:1048,154,0,1
BRDA:1048,154,1,0
BRDA:1062,155,0,3
BRDA:1062,155,1,3
BRDA:1063,156,0,3
BRDA:1063,156,1,3
BRDA:1063,156,2,0
BRDA:1071,157,0,0
BRDA:1071,157,1,0
BRDA:1075,158,0,0
BRDA:1075,158,1,0
BRDA:1079,159,0,0
BRDA:1079,159,1,0
BRDA:1089,160,0,0
BRDA:1089,160,1,0
BRDA:1091,161,0,0
BRDA:1091,161,1,0
BRDA:1096,162,0,0
BRDA:1096,162,1,0
BRDA:1096,163,0,0
BRDA:1096,163,1,0
BRDA:1101,164,0,0
BRDA:1101,164,1,0
BRDA:1106,165,0,0
BRDA:1106,165,1,0
BRDA:1106,166,0,0
BRDA:1106,166,1,0
BRDA:1111,167,0,0
BRDA:1111,167,1,0
BRDA:1117,168,0,0
BRDA:1117,168,1,0
BRDA:1120,169,0,0
BRDA:1120,169,1,0
BRDA:1122,170,0,0
BRDA:1122,170,1,0
BRDA:1122,170,2,0
BRDA:1125,171,0,0
BRDA:1125,171,1,0
BRDA:1137,172,0,0
BRDA:1137,172,1,0
BRDA:1138,173,0,0
BRDA:1138,173,1,0
BRDA:1143,174,0,0
BRDA:1143,174,1,0
BRDA:1147,175,0,0
BRDA:1147,175,1,0
BRDA:1147,175,2,0
BRDA:1150,176,0,0
BRDA:1150,176,1,0
BRDA:1164,177,0,0
BRDA:1164,177,1,0
BRDA:1179,178,0,0
BRDA:1179,178,1,0
BRDA:1180,179,0,0
BRDA:1180,179,1,0
BRDA:1184,180,0,0
BRDA:1184,180,1,0
BRDA:1189,181,0,0
BRDA:1189,181,1,0
BRDA:1204,182,0,0
BRDA:1204,182,1,0
BRDA:1205,183,0,0
BRDA:1205,183,1,0
BRDA:1205,183,2,0
BRDA:1207,184,0,0
BRDA:1207,184,1,0
BRDA:1207,185,0,0
BRDA:1207,185,1,0
BRDA:1210,186,0,0
BRDA:1210,186,1,0
BRDA:1215,187,0,0
BRDA:1215,187,1,0
BRDA:1221,188,0,0
BRDA:1221,188,1,0
BRDA:1229,189,0,0
BRDA:1229,189,1,0
BRDA:1235,190,0,0
BRDA:1235,190,1,0
BRDA:1238,191,0,0
BRDA:1238,191,1,0
BRDA:1240,192,0,0
BRDA:1240,192,1,0
BRDA:1240,192,2,0
BRDA:1243,193,0,0
BRDA:1243,193,1,0
BRDA:1255,194,0,0
BRDA:1255,194,1,0
BRDA:1256,195,0,0
BRDA:1256,195,1,0
BRDA:1261,196,0,0
BRDA:1261,196,1,0
BRDA:1265,197,0,0
BRDA:1265,197,1,0
BRDA:1265,197,2,0
BRDA:1268,198,0,0
BRDA:1268,198,1,0
BRDA:1284,199,0,0
BRDA:1284,199,1,0
BRDA:1293,200,0,0
BRDA:1293,200,1,0
BRDA:1300,201,0,0
BRDA:1300,201,1,0
BRDA:1310,202,0,0
BRDA:1310,202,1,0
BRDA:1312,203,0,0
BRDA:1312,203,1,0
BRDA:1312,204,0,0
BRDA:1312,204,1,0
BRDA:1313,205,0,0
BRDA:1313,205,1,0
BRDA:1326,206,0,0
BRDA:1326,206,1,7
BRDA:1341,207,0,0
BRDA:1341,207,1,50
BRDA:1341,208,0,50
BRDA:1341,208,1,0
BRDA:1348,209,0,0
BRDA:1348,209,1,7
BRDA:1351,210,0,50
BRDA:1351,210,1,16
BRDA:1354,211,0,0
BRDA:1354,211,1,7
BRDA:1355,212,0,0
BRDA:1355,212,1,0
BRDA:1364,213,0,2
BRDA:1364,213,1,5
BRDA:1365,214,0,0
BRDA:1365,214,1,2
BRDA:1369,215,0,0
BRDA:1369,215,1,5
BRDA:1369,216,0,5
BRDA:1369,216,1,0
BRDA:1369,216,2,0
BRDA:1370,217,0,0
BRDA:1370,217,1,0
BRDA:1378,218,0,0
BRDA:1378,218,1,5
BRDA:1378,219,0,5
BRDA:1378,219,1,0
BRDA:1378,219,2,0
BRDA:1379,220,0,0
BRDA:1379,220,1,0
BRDA:1392,221,0,0
BRDA:1392,221,1,7
BRDA:1398,222,0,0
BRDA:1398,222,1,50
BRDA:1399,223,0,0
BRDA:1399,223,1,50
BRDA:1410,224,0,0
BRDA:1410,224,1,50
BRDA:1410,225,0,50
BRDA:1410,225,1,0
BRDA:1411,226,0,50
BRDA:1411,226,1,0
BRDA:1418,227,0,21
BRDA:1418,227,1,29
BRDA:1420,228,0,19
BRDA:1420,228,1,3
BRDA:1420,228,2,2
BRDA:1420,228,3,5
BRDA:1420,228,4,0
BRDA:1420,228,5,0
BRDA:1424,229,0,3
BRDA:1424,229,1,0
BRDA:1425,230,0,0
BRDA:1425,230,1,3
BRDA:1433,231,0,0
BRDA:1433,231,1,0
BRDA:1440,232,0,2
BRDA:1440,232,1,0
BRDA:1441,233,0,0
BRDA:1441,233,1,2
BRDA:1448,234,0,0
BRDA:1448,234,1,0
BRDA:1448,235,0,0
BRDA:1448,235,1,0
BRDA:1450,236,0,0
BRDA:1450,236,1,0
BRDA:1457,237,0,0
BRDA:1457,237,1,0
BRDA:1473,238,0,0
BRDA:1473,238,1,0
BRDA:1476,239,0,0
BRDA:1476,239,1,0
BRDA:1483,240,0,0
BRDA:1483,240,1,5
BRDA:1484,241,0,0
BRDA:1484,241,1,5
BRDA:1485,242,0,0
BRDA:1485,242,1,0
BRDA:1486,243,0,0
BRDA:1486,243,1,0
BRDA:1490,244,0,5
BRDA:1490,244,1,0
BRDA:1491,245,0,0
BRDA:1491,245,1,0
BRDA:1497,246,0,0
BRDA:1497,246,1,0
BRDA:1497,247,0,0
BRDA:1497,247,1,0
BRDA:1501,248,0,0
BRDA:1501,248,1,0
BRDA:1503,249,0,0
BRDA:1503,249,1,0
BRDA:1511,250,0,0
BRDA:1511,250,1,0
BRDA:1514,251,0,0
BRDA:1514,251,1,0
BRDA:1526,252,0,2
BRDA:1526,252,1,5
BRDA:1527,253,0,0
BRDA:1527,253,1,5
BRDA:1527,254,0,0
BRDA:1527,254,1,0
BRDA:1528,255,0,0
BRDA:1528,255,1,5
BRDA:1528,256,0,0
BRDA:1528,256,1,0
BRDA:1529,257,0,0
BRDA:1529,257,1,5
BRDA:1530,258,0,2
BRDA:1530,258,1,3
BRDA:1534,259,0,3
BRDA:1534,259,1,0
BRDA:1539,260,0,0
BRDA:1539,260,1,0
BRDA:1539,261,0,0
BRDA:1539,261,1,0
BRDA:1539,261,2,0
BRDA:1542,262,0,0
BRDA:1542,262,1,0
BRDA:1542,263,0,0
BRDA:1542,263,1,0
BRDA:1549,264,0,0
BRDA:1549,264,1,0
BRDA:1549,265,0,0
BRDA:1549,265,1,0
BRDA:1552,266,0,0
BRDA:1552,266,1,0
BRDA:1552,267,0,0
BRDA:1552,267,1,0
BRDA:1562,268,0,0
BRDA:1562,268,1,0
BRDA:1567,269,0,0
BRDA:1567,269,1,0
BRDA:1570,270,0,0
BRDA:1570,270,1,0
BRDA:1585,271,0,0
BRDA:1585,271,1,0
BRDA:1585,272,0,0
BRDA:1585,272,1,0
BRDA:1594,273,0,1
BRDA:1594,273,1,3
BRDA:1601,274,0,0
BRDA:1601,274,1,0
BRDA:1740,275,0,0
BRDA:1740,275,1,0
BRDA:1741,276,0,0
BRDA:1741,276,1,0
BRDA:1745,277,0,0
BRDA:1745,277,1,0
BRDA:1760,278,0,0
BRDA:1760,278,1,0
BRDA:1770,279,0,0
BRDA:1770,279,1,0
BRDA:1783,280,0,0
BRDA:1783,280,1,0
BRDA:1783,281,0,0
BRDA:1783,281,1,0
BRDA:1784,282,0,0
BRDA:1784,282,1,0
BRDA:1784,283,0,0
BRDA:1784,283,1,0
BRDA:1789,284,0,0
BRDA:1789,284,1,0
BRDA:1789,285,0,0
BRDA:1789,285,1,0
BRDA:1789,285,2,0
BRDA:1792,286,0,0
BRDA:1792,286,1,0
BRDA:1793,287,0,0
BRDA:1793,287,1,0
BRDA:1798,288,0,96
BRDA:1798,288,1,61
BRDA:1798,288,2,61
BRDA:1798,289,0,61
BRDA:1798,289,1,47
BRDA:1817,290,0,0
BRDA:1817,290,1,8
BRDA:1824,291,0,0
BRDA:1824,291,1,0
BRDA:1824,292,0,0
BRDA:1824,292,1,0
BRF:608
BRH:143
end_of_record
TN:
SF:srv/prioritisation-analytics.js
FN:17,(anonymous_0)
FN:21,(anonymous_1)
FN:23,(anonymous_2)
FN:39,(anonymous_3)
FN:40,(anonymous_4)
FNF:5
FNH:5
FNDA:29,(anonymous_0)
FNDA:14,(anonymous_1)
FNDA:3,(anonymous_2)
FNDA:1,(anonymous_3)
FNDA:4,(anonymous_4)
DA:1,29
DA:2,29
DA:3,29
DA:16,29
DA:18,29
DA:19,29
DA:20,29
DA:21,29
DA:23,29
DA:24,3
DA:28,3
DA:29,3
DA:30,3
DA:31,7
DA:32,7
DA:33,7
DA:34,7
DA:35,7
DA:36,7
DA:38,3
DA:39,1
DA:40,4
DA:46,3
DA:47,3
DA:50,29
LF:25
LH:25
BRDA:21,0,0,14
BRDA:21,0,1,0
BRDA:31,1,0,7
BRDA:31,1,1,4
BRDA:35,2,0,7
BRDA:35,2,1,0
BRDA:44,3,0,4
BRDA:44,3,1,0
BRF:8
BRH:5
end_of_record
TN:
SF:srv/prioritisation-service.js
FN:14,(anonymous_0)
FN:28,(anonymous_1)
FN:34,(anonymous_2)
FN:43,(anonymous_3)
FN:46,(anonymous_4)
FN:52,(anonymous_5)
FN:55,(anonymous_6)
FN:59,(anonymous_7)
FN:63,(anonymous_8)
FN:63,(anonymous_9)
FN:64,(anonymous_10)
FN:76,(anonymous_11)
FN:79,(anonymous_12)
FN:79,(anonymous_13)
FN:81,(anonymous_14)
FN:89,(anonymous_15)
FN:100,(anonymous_16)
FN:133,(anonymous_17)
FN:141,(anonymous_18)
FN:142,(anonymous_19)
FN:144,(anonymous_20)
FN:156,(anonymous_21)
FN:171,(anonymous_22)
FN:179,(anonymous_23)
FN:193,(anonymous_24)
FN:219,(anonymous_25)
FN:228,(anonymous_26)
FN:240,(anonymous_27)
FN:240,(anonymous_28)
FN:243,(anonymous_29)
FN:250,(anonymous_30)
FN:267,(anonymous_31)
FN:268,(anonymous_32)
FN:283,(anonymous_33)
FN:287,(anonymous_34)
FN:292,(anonymous_35)
FN:318,(anonymous_36)
FN:318,(anonymous_37)
FN:319,(anonymous_38)
FN:325,(anonymous_39)
FN:330,(anonymous_40)
FN:332,(anonymous_41)
FN:333,(anonymous_42)
FN:335,(anonymous_43)
FN:336,(anonymous_44)
FN:336,(anonymous_45)
FN:337,(anonymous_46)
FN:338,(anonymous_47)
FN:339,(anonymous_48)
FN:352,(anonymous_49)
FN:378,(anonymous_50)
FN:386,(anonymous_51)
FN:394,(anonymous_52)
FN:397,(anonymous_53)
FN:436,(anonymous_54)
FN:437,(anonymous_55)
FN:443,(anonymous_56)
FN:480,(anonymous_57)
FN:485,(anonymous_58)
FN:491,(anonymous_59)
FN:496,(anonymous_60)
FN:518,(anonymous_61)
FN:538,(anonymous_62)
FN:543,(anonymous_63)
FN:545,(anonymous_64)
FN:557,(anonymous_65)
FN:557,(anonymous_66)
FN:577,(anonymous_67)
FN:580,(anonymous_68)
FN:587,(anonymous_69)
FN:593,(anonymous_70)
FN:594,(anonymous_71)
FN:602,(anonymous_72)
FN:630,(anonymous_73)
FN:645,(anonymous_74)
FN:660,(anonymous_75)
FN:662,(anonymous_76)
FN:689,(anonymous_77)
FN:708,(anonymous_78)
FN:718,(anonymous_79)
FN:719,(anonymous_80)
FN:735,(anonymous_81)
FN:741,(anonymous_82)
FN:757,(anonymous_83)
FN:760,(anonymous_84)
FN:761,(anonymous_85)
FN:762,(anonymous_86)
FN:764,(anonymous_87)
FN:775,(anonymous_88)
FN:776,(anonymous_89)
FN:777,(anonymous_90)
FN:778,(anonymous_91)
FN:779,(anonymous_92)
FN:804,(anonymous_93)
FN:816,(anonymous_94)
FN:833,(anonymous_95)
FN:836,(anonymous_96)
FN:837,(anonymous_97)
FN:838,(anonymous_98)
FN:840,(anonymous_99)
FN:850,(anonymous_100)
FN:851,(anonymous_101)
FN:852,(anonymous_102)
FN:858,(anonymous_103)
FN:882,(anonymous_104)
FN:889,(anonymous_105)
FN:890,(anonymous_106)
FN:899,(anonymous_107)
FN:901,(anonymous_108)
FN:902,(anonymous_109)
FN:904,(anonymous_110)
FN:910,(anonymous_111)
FN:913,(anonymous_112)
FN:914,(anonymous_113)
FN:926,(anonymous_114)
FN:936,(anonymous_115)
FN:947,(anonymous_116)
FN:949,(anonymous_117)
FN:951,(anonymous_118)
FN:951,(anonymous_119)
FN:958,(anonymous_120)
FN:995,(anonymous_121)
FN:1004,(anonymous_122)
FN:1110,(anonymous_123)
FN:1133,(anonymous_124)
FN:1142,(anonymous_125)
FN:1184,(anonymous_126)
FN:1195,(anonymous_127)
FN:1219,(anonymous_128)
FN:1223,(anonymous_129)
FN:1238,(anonymous_130)
FN:1240,(anonymous_131)
FN:1252,(anonymous_132)
FN:1260,(anonymous_133)
FN:1278,(anonymous_134)
FN:1281,(anonymous_135)
FN:1302,(anonymous_136)
FN:1325,(anonymous_137)
FN:1333,(anonymous_138)
FN:1333,(anonymous_139)
FN:1336,(anonymous_140)
FN:1337,(anonymous_141)
FN:1344,(anonymous_142)
FNF:143
FNH:132
FNDA:487,(anonymous_0)
FNDA:29,(anonymous_1)
FNDA:66,(anonymous_2)
FNDA:79,(anonymous_3)
FNDA:104,(anonymous_4)
FNDA:30,(anonymous_5)
FNDA:74,(anonymous_6)
FNDA:3727,(anonymous_7)
FNDA:162921,(anonymous_8)
FNDA:444,(anonymous_9)
FNDA:568036,(anonymous_10)
FNDA:189,(anonymous_11)
FNDA:800,(anonymous_12)
FNDA:37045,(anonymous_13)
FNDA:5,(anonymous_14)
FNDA:185,(anonymous_15)
FNDA:34,(anonymous_16)
FNDA:29,(anonymous_17)
FNDA:0,(anonymous_18)
FNDA:609,(anonymous_19)
FNDA:609,(anonymous_20)
FNDA:29,(anonymous_21)
FNDA:352,(anonymous_22)
FNDA:35,(anonymous_23)
FNDA:105,(anonymous_24)
FNDA:6,(anonymous_25)
FNDA:6,(anonymous_26)
FNDA:1,(anonymous_27)
FNDA:1,(anonymous_28)
FNDA:1,(anonymous_29)
FNDA:12,(anonymous_30)
FNDA:247,(anonymous_31)
FNDA:180,(anonymous_32)
FNDA:40,(anonymous_33)
FNDA:397,(anonymous_34)
FNDA:40,(anonymous_35)
FNDA:160,(anonymous_36)
FNDA:200,(anonymous_37)
FNDA:348,(anonymous_38)
FNDA:132,(anonymous_39)
FNDA:1699,(anonymous_40)
FNDA:1889,(anonymous_41)
FNDA:6582,(anonymous_42)
FNDA:5879,(anonymous_43)
FNDA:198,(anonymous_44)
FNDA:198,(anonymous_45)
FNDA:1102,(anonymous_46)
FNDA:396,(anonymous_47)
FNDA:132,(anonymous_48)
FNDA:155,(anonymous_49)
FNDA:10,(anonymous_50)
FNDA:174,(anonymous_51)
FNDA:132,(anonymous_52)
FNDA:132,(anonymous_53)
FNDA:132,(anonymous_54)
FNDA:31,(anonymous_55)
FNDA:25,(anonymous_56)
FNDA:132,(anonymous_57)
FNDA:44,(anonymous_58)
FNDA:132,(anonymous_59)
FNDA:0,(anonymous_60)
FNDA:5,(anonymous_61)
FNDA:30,(anonymous_62)
FNDA:25,(anonymous_63)
FNDA:20,(anonymous_64)
FNDA:30,(anonymous_65)
FNDA:5,(anonymous_66)
FNDA:0,(anonymous_67)
FNDA:0,(anonymous_68)
FNDA:0,(anonymous_69)
FNDA:0,(anonymous_70)
FNDA:0,(anonymous_71)
FNDA:5,(anonymous_72)
FNDA:7,(anonymous_73)
FNDA:7,(anonymous_74)
FNDA:10,(anonymous_75)
FNDA:20,(anonymous_76)
FNDA:11,(anonymous_77)
FNDA:9,(anonymous_78)
FNDA:8,(anonymous_79)
FNDA:7,(anonymous_80)
FNDA:4,(anonymous_81)
FNDA:1356,(anonymous_82)
FNDA:132,(anonymous_83)
FNDA:132,(anonymous_84)
FNDA:1221,(anonymous_85)
FNDA:15,(anonymous_86)
FNDA:1221,(anonymous_87)
FNDA:147,(anonymous_88)
FNDA:510,(anonymous_89)
FNDA:462,(anonymous_90)
FNDA:15,(anonymous_91)
FNDA:87,(anonymous_92)
FNDA:6,(anonymous_93)
FNDA:260,(anonymous_94)
FNDA:33,(anonymous_95)
FNDA:33,(anonymous_96)
FNDA:224,(anonymous_97)
FNDA:12,(anonymous_98)
FNDA:224,(anonymous_99)
FNDA:33,(anonymous_100)
FNDA:146,(anonymous_101)
FNDA:33,(anonymous_102)
FNDA:12,(anonymous_103)
FNDA:7,(anonymous_104)
FNDA:15,(anonymous_105)
FNDA:5,(anonymous_106)
FNDA:12,(anonymous_107)
FNDA:7,(anonymous_108)
FNDA:14,(anonymous_109)
FNDA:12,(anonymous_110)
FNDA:12,(anonymous_111)
FNDA:35,(anonymous_112)
FNDA:21,(anonymous_113)
FNDA:35,(anonymous_114)
FNDA:12,(anonymous_115)
FNDA:24,(anonymous_116)
FNDA:12,(anonymous_117)
FNDA:28,(anonymous_118)
FNDA:35,(anonymous_119)
FNDA:4,(anonymous_120)
FNDA:0,(anonymous_121)
FNDA:24,(anonymous_122)
FNDA:22,(anonymous_123)
FNDA:0,(anonymous_124)
FNDA:2,(anonymous_125)
FNDA:0,(anonymous_126)
FNDA:3,(anonymous_127)
FNDA:0,(anonymous_128)
FNDA:1,(anonymous_129)
FNDA:1,(anonymous_130)
FNDA:1,(anonymous_131)
FNDA:1,(anonymous_132)
FNDA:2,(anonymous_133)
FNDA:1,(anonymous_134)
FNDA:1,(anonymous_135)
FNDA:1,(anonymous_136)
FNDA:1,(anonymous_137)
FNDA:1,(anonymous_138)
FNDA:1,(anonymous_139)
FNDA:1,(anonymous_140)
FNDA:1,(anonymous_141)
FNDA:1,(anonymous_142)
DA:1,29
DA:2,29
DA:3,29
DA:4,29
DA:5,29
DA:6,29
DA:7,29
DA:8,29
DA:9,29
DA:14,487
DA:19,29
DA:20,29
DA:27,29
DA:29,29
DA:30,29
DA:31,29
DA:34,29
DA:35,66
DA:36,66
DA:43,79
DA:46,29
DA:47,104
DA:48,104
DA:50,0
DA:52,30
DA:55,29
DA:56,74
DA:57,74
DA:58,154
DA:59,3727
DA:60,154
DA:61,154
DA:62,154
DA:63,162921
DA:64,568036
DA:66,154
DA:67,154
DA:68,154
DA:69,154
DA:71,74
DA:76,29
DA:77,189
DA:78,189
DA:79,37045
DA:80,378
DA:81,189
DA:85,0
DA:89,29
DA:90,185
DA:91,185
DA:92,16
DA:94,185
DA:100,29
DA:101,34
DA:102,34
DA:114,34
DA:118,29
DA:133,29
DA:134,29
DA:135,29
DA:136,29
DA:137,29
DA:138,29
DA:140,29
DA:141,29
DA:142,609
DA:143,29
DA:144,609
DA:148,29
DA:150,0
DA:152,29
DA:156,29
DA:157,29
DA:158,29
DA:159,29
DA:160,29
DA:166,29
DA:167,0
DA:169,29
DA:171,29
DA:172,352
DA:173,342
DA:174,342
DA:175,342
DA:179,29
DA:180,35
DA:181,35
DA:185,35
DA:187,35
DA:188,35
DA:193,105
DA:194,35
DA:195,35
DA:219,29
DA:220,6
DA:221,23
DA:222,23
DA:223,23
DA:224,23
DA:226,6
DA:228,29
DA:229,6
DA:230,6
DA:231,6
DA:232,6
DA:234,3
DA:237,3
DA:240,3
DA:241,3
DA:242,1
DA:243,1
DA:244,1
DA:246,3
DA:250,29
DA:251,12
DA:252,12
DA:253,12
DA:255,12
DA:256,12
DA:257,12
DA:258,12
DA:259,12
DA:260,12
DA:261,12
DA:262,12
DA:263,12
DA:264,12
DA:265,12
DA:266,12
DA:267,247
DA:268,180
DA:270,0
DA:271,12
DA:272,12
DA:283,40
DA:286,29
DA:287,29
DA:288,397
DA:289,397
DA:290,397
DA:292,29
DA:293,40
DA:294,40
DA:295,40
DA:296,40
DA:297,40
DA:299,40
DA:300,40
DA:301,40
DA:302,40
DA:305,1
DA:310,40
DA:311,40
DA:312,40
DA:313,40
DA:317,40
DA:318,200
DA:319,348
DA:324,40
DA:325,40
DA:326,132
DA:327,44
DA:330,1699
DA:332,1889
DA:333,6582
DA:335,5879
DA:336,198
DA:337,1102
DA:338,396
DA:339,132
DA:342,132
DA:344,40
DA:346,40
DA:347,58
DA:348,58
DA:350,58
DA:352,155
DA:353,58
DA:364,58
DA:366,58
DA:367,155
DA:368,155
DA:369,151
DA:373,151
DA:374,151
DA:375,132
DA:378,132
DA:379,132
DA:381,58
DA:386,174
DA:393,40
DA:394,132
DA:395,40
DA:396,40
DA:397,40
DA:398,132
DA:399,132
DA:400,132
DA:401,132
DA:402,132
DA:431,40
DA:432,40
DA:433,49
DA:434,49
DA:436,132
DA:437,49
DA:438,49
DA:439,49
DA:440,132
DA:441,132
DA:442,25
DA:443,25
DA:444,25
DA:447,49
DA:450,49
DA:451,49
DA:452,25
DA:453,25
DA:462,0
DA:465,40
DA:466,40
DA:480,132
DA:486,44
DA:487,44
DA:490,0
DA:491,132
DA:492,40
DA:496,29
DA:497,0
DA:498,0
DA:499,0
DA:500,0
DA:501,0
DA:502,0
DA:503,0
DA:504,0
DA:505,0
DA:506,0
DA:507,0
DA:510,0
DA:512,0
DA:513,0
DA:514,0
DA:518,29
DA:519,5
DA:520,5
DA:521,5
DA:522,5
DA:523,5
DA:524,5
DA:525,5
DA:526,5
DA:527,5
DA:528,5
DA:529,5
DA:531,5
DA:532,5
DA:533,5
DA:534,5
DA:535,5
DA:536,5
DA:538,30
DA:542,5
DA:543,25
DA:545,5
DA:546,20
DA:547,20
DA:548,120
DA:549,20
DA:550,20
DA:551,20
DA:552,20
DA:554,5
DA:556,5
DA:557,30
DA:566,5
DA:577,29
DA:578,0
DA:579,0
DA:580,0
DA:581,0
DA:582,0
DA:583,0
DA:584,0
DA:585,0
DA:586,0
DA:587,0
DA:588,0
DA:589,0
DA:590,0
DA:593,0
DA:594,0
DA:598,29
DA:599,29
DA:602,29
DA:603,5
DA:604,5
DA:605,5
DA:607,0
DA:615,29
DA:620,29
DA:628,29
DA:630,29
DA:631,7
DA:632,0
DA:633,0
DA:634,0
DA:635,0
DA:636,0
DA:637,0
DA:638,0
DA:639,0
DA:642,0
DA:645,29
DA:646,7
DA:647,7
DA:648,7
DA:649,7
DA:650,1
DA:651,1
DA:652,1
DA:653,1
DA:655,6
DA:656,6
DA:658,7
DA:660,29
DA:661,10
DA:662,20
DA:663,10
DA:664,7
DA:665,7
DA:666,5
DA:668,5
DA:669,5
DA:670,2
DA:672,2
DA:681,29
DA:686,29
DA:687,174
DA:688,174
DA:689,174
DA:690,11
DA:691,11
DA:692,0
DA:694,11
DA:695,0
DA:697,11
DA:699,0
DA:701,11
DA:703,10
DA:704,10
DA:705,10
DA:708,174
DA:709,9
DA:710,9
DA:712,9
DA:714,8
DA:715,8
DA:718,8
DA:719,7
DA:721,9
DA:722,8
DA:727,0
DA:735,29
DA:736,4
DA:737,4
DA:738,4
DA:739,3
DA:740,3
DA:741,3
DA:742,1356
DA:743,6780
DA:744,1356
DA:746,3
DA:747,3
DA:753,3
DA:754,3
DA:755,132
DA:756,3
DA:757,3
DA:758,132
DA:760,132
DA:761,1221
DA:762,3
DA:763,15
DA:764,15
DA:765,1221
DA:766,15
DA:768,3
DA:769,3
DA:770,3
DA:771,3
DA:772,3
DA:773,3
DA:775,147
DA:776,510
DA:777,462
DA:778,15
DA:779,87
DA:781,3
DA:782,3
DA:794,0
DA:795,3
DA:796,3
DA:804,29
DA:805,6
DA:806,6
DA:807,6
DA:808,6
DA:809,6
DA:810,6
DA:811,5
DA:812,5
DA:813,5
DA:814,4
DA:815,4
DA:816,3
DA:817,260
DA:818,1300
DA:819,260
DA:821,3
DA:822,3
DA:829,3
DA:830,3
DA:831,33
DA:832,3
DA:833,3
DA:834,33
DA:836,33
DA:837,224
DA:838,3
DA:839,12
DA:840,12
DA:841,224
DA:842,12
DA:844,3
DA:845,3
DA:846,3
DA:847,3
DA:848,3
DA:850,33
DA:851,146
DA:852,33
DA:858,12
DA:860,3
DA:861,3
DA:874,0
DA:875,3
DA:876,3
DA:882,29
DA:887,7
DA:889,15
DA:890,7
DA:891,7
DA:893,7
DA:894,7
DA:895,7
DA:897,7
DA:898,7
DA:899,12
DA:900,7
DA:901,7
DA:902,14
DA:903,7
DA:904,12
DA:905,7
DA:906,7
DA:907,7
DA:908,7
DA:910,12
DA:911,437
DA:912,7
DA:913,35
DA:914,21
DA:916,7
DA:917,7
DA:918,7
DA:924,7
DA:925,7
DA:926,35
DA:927,7
DA:928,7
DA:932,7
DA:933,7
DA:934,7
DA:935,7
DA:936,12
DA:937,7
DA:939,7
DA:940,7
DA:941,7
DA:947,24
DA:948,7
DA:949,12
DA:950,7
DA:951,35
DA:952,7
DA:953,2
DA:957,7
DA:958,4
DA:959,4
DA:961,4
DA:967,7
DA:970,5
DA:971,5
DA:972,8
DA:973,8
DA:974,8
DA:975,8
DA:976,8
DA:977,8
DA:978,5
DA:980,8
DA:981,0
DA:984,5
DA:985,5
DA:991,5
DA:992,5
DA:993,5
DA:994,5
DA:995,0
DA:999,7
DA:1000,7
DA:1004,29
DA:1005,24
DA:1006,24
DA:1009,24
DA:1010,23
DA:1011,23
DA:1016,23
DA:1020,23
DA:1037,23
DA:1038,23
DA:1039,23
DA:1040,23
DA:1041,23
DA:1042,23
DA:1043,23
DA:1044,23
DA:1047,23
DA:1048,1
DA:1050,22
DA:1051,22
DA:1052,22
DA:1054,22
DA:1055,22
DA:1056,22
DA:1064,22
DA:1065,22
DA:1066,22
DA:1067,22
DA:1068,22
DA:1069,22
DA:1070,22
DA:1075,22
DA:1079,22
DA:1080,22
DA:1081,22
DA:1083,22
DA:1084,22
DA:1085,22
DA:1090,22
DA:1091,22
DA:1093,0
DA:1098,22
DA:1099,22
DA:1100,22
DA:1110,29
DA:1111,22
DA:1112,22
DA:1122,0
DA:1125,22
DA:1126,22
DA:1128,22
DA:1129,9
DA:1135,22
DA:1136,0
DA:1142,29
DA:1143,2
DA:1144,2
DA:1145,2
DA:1146,2
DA:1147,2
DA:1148,2
DA:1149,2
DA:1150,2
DA:1151,2
DA:1152,2
DA:1153,2
DA:1154,2
DA:1155,2
DA:1161,2
DA:1167,2
DA:1168,2
DA:1169,2
DA:1178,0
DA:1179,2
DA:1180,2
DA:1184,29
DA:1185,0
DA:1186,0
DA:1187,0
DA:1188,0
DA:1195,29
DA:1196,3
DA:1197,3
DA:1198,3
DA:1199,2
DA:1200,1
DA:1203,1
DA:1204,1
DA:1206,1
DA:1207,1
DA:1213,0
DA:1214,1
DA:1215,1
DA:1219,29
DA:1220,0
DA:1223,29
DA:1224,1
DA:1225,1
DA:1226,1
DA:1227,1
DA:1228,1
DA:1233,0
DA:1234,1
DA:1238,29
DA:1239,1
DA:1240,1
DA:1241,1
DA:1242,0
DA:1244,1
DA:1245,8
DA:1246,0
DA:1252,29
DA:1253,1
DA:1254,1
DA:1260,29
DA:1261,2
DA:1262,2
DA:1263,2
DA:1264,2
DA:1265,2
DA:1267,2
DA:1268,2
DA:1269,2
DA:1270,2
DA:1271,2
DA:1272,2
DA:1273,2
DA:1274,2
DA:1278,29
DA:1279,1
DA:1280,1
DA:1281,1
DA:1282,1
DA:1283,1
DA:1284,1
DA:1285,1
DA:1287,1
DA:1288,1
DA:1289,1
DA:1290,1
DA:1291,1
DA:1292,1
DA:1293,1
DA:1294,1
DA:1296,1
DA:1298,1
DA:1302,29
DA:1303,1
DA:1304,1
DA:1305,1
DA:1307,1
DA:1308,1
DA:1309,1
DA:1310,1
DA:1312,1
DA:1313,1
DA:1314,1
DA:1315,6
DA:1316,1
DA:1317,1
DA:1325,29
DA:1326,1
DA:1327,1
DA:1328,1
DA:1329,1
DA:1331,1
DA:1332,1
DA:1333,1
DA:1334,1
DA:1336,1
DA:1337,1
DA:1338,1
DA:1339,1
DA:1344,1
DA:1345,1
DA:1346,1
DA:1347,1
DA:1348,1
DA:1349,1
DA:1352,29
LF:703
LH:635
BRDA:14,0,0,448
BRDA:14,0,1,39
BRDA:36,1,0,66
BRDA:36,1,1,0
BRDA:36,2,0,66
BRDA:36,2,1,0
BRDA:36,3,0,0
BRDA:36,3,1,0
BRDA:36,3,2,0
BRDA:52,4,0,30
BRDA:52,4,1,0
BRDA:60,5,0,154
BRDA:60,5,1,0
BRDA:61,6,0,154
BRDA:61,6,1,0
BRDA:77,7,0,189
BRDA:77,7,1,27
BRDA:77,8,0,189
BRDA:77,8,1,0
BRDA:77,9,0,189
BRDA:77,9,1,27
BRDA:77,10,0,189
BRDA:77,10,1,0
BRDA:79,11,0,800
BRDA:79,11,1,0
BRDA:79,12,0,37045
BRDA:79,12,1,6708
BRDA:79,13,0,37045
BRDA:79,13,1,0
BRDA:79,14,0,6708
BRDA:79,14,1,0
BRDA:80,15,0,189
BRDA:80,15,1,189
BRDA:81,16,0,5
BRDA:81,16,1,5
BRDA:81,17,0,5
BRDA:81,17,1,0
BRDA:81,18,0,5
BRDA:81,18,1,0
BRDA:82,19,0,5
BRDA:82,19,1,0
BRDA:82,20,0,5
BRDA:82,20,1,0
BRDA:91,21,0,185
BRDA:91,21,1,141
BRDA:92,22,0,16
BRDA:92,22,1,5
BRDA:92,22,2,0
BRDA:92,22,3,0
BRDA:92,22,4,0
BRDA:92,23,0,0
BRDA:92,23,1,0
BRDA:92,24,0,0
BRDA:92,24,1,0
BRDA:95,25,0,185
BRDA:95,25,1,151
BRDA:95,26,0,185
BRDA:95,26,1,151
BRDA:95,27,0,185
BRDA:95,27,1,151
BRDA:96,28,0,185
BRDA:96,28,1,151
BRDA:96,29,0,185
BRDA:96,29,1,141
BRDA:136,30,0,29
BRDA:136,30,1,0
BRDA:143,31,0,29
BRDA:143,31,1,0
BRDA:159,32,0,0
BRDA:159,32,1,29
BRDA:172,33,0,10
BRDA:172,33,1,342
BRDA:174,34,0,0
BRDA:174,34,1,342
BRDA:181,35,0,0
BRDA:181,35,1,35
BRDA:187,36,0,35
BRDA:187,36,1,0
BRDA:188,37,0,2
BRDA:188,37,1,33
BRDA:189,38,0,0
BRDA:189,38,1,2
BRDA:189,39,0,2
BRDA:189,39,1,0
BRDA:193,40,0,105
BRDA:193,40,1,82
BRDA:193,40,2,82
BRDA:198,41,0,35
BRDA:198,41,1,0
BRDA:199,42,0,35
BRDA:199,42,1,4
BRDA:200,43,0,35
BRDA:200,43,1,19
BRDA:201,44,0,35
BRDA:201,44,1,0
BRDA:219,45,0,6
BRDA:220,46,0,5
BRDA:220,46,1,1
BRDA:221,47,0,7
BRDA:221,47,1,16
BRDA:221,48,0,23
BRDA:221,48,1,23
BRDA:222,49,0,0
BRDA:222,49,1,23
BRDA:222,50,0,23
BRDA:222,50,1,23
BRDA:223,51,0,0
BRDA:223,51,1,23
BRDA:223,52,0,23
BRDA:223,52,1,23
BRDA:224,53,0,0
BRDA:224,53,1,23
BRDA:224,54,0,23
BRDA:224,54,1,23
BRDA:229,55,0,6
BRDA:229,55,1,6
BRDA:230,56,0,0
BRDA:230,56,1,6
BRDA:232,57,0,3
BRDA:232,57,1,3
BRDA:232,58,0,6
BRDA:232,58,1,4
BRDA:241,59,0,1
BRDA:241,59,1,2
BRDA:246,60,0,3
BRDA:246,60,1,0
BRDA:246,61,0,3
BRDA:246,61,1,3
BRDA:252,62,0,0
BRDA:252,62,1,12
BRDA:259,63,0,12
BRDA:259,63,1,0
BRDA:265,64,0,12
BRDA:265,64,1,0
BRDA:267,65,0,12
BRDA:267,65,1,0
BRDA:289,66,0,6
BRDA:289,66,1,45
BRDA:293,67,0,0
BRDA:293,67,1,40
BRDA:297,68,0,40
BRDA:297,68,1,39
BRDA:300,69,0,40
BRDA:300,69,1,40
BRDA:300,69,2,0
BRDA:302,70,0,1
BRDA:302,70,1,39
BRDA:312,71,0,40
BRDA:312,71,1,0
BRDA:319,72,0,348
BRDA:319,72,1,0
BRDA:326,73,0,44
BRDA:326,73,1,88
BRDA:329,74,0,44
BRDA:329,74,1,44
BRDA:329,74,2,0
BRDA:330,75,0,44
BRDA:330,75,1,0
BRDA:332,76,0,1699
BRDA:332,76,1,0
BRDA:333,77,0,1699
BRDA:333,77,1,0
BRDA:335,78,0,44
BRDA:335,78,1,0
BRDA:336,79,0,44
BRDA:336,79,1,0
BRDA:337,80,0,44
BRDA:337,80,1,0
BRDA:338,81,0,44
BRDA:338,81,1,0
BRDA:350,82,0,0
BRDA:350,82,1,58
BRDA:368,83,0,4
BRDA:368,83,1,151
BRDA:368,84,0,155
BRDA:368,84,1,155
BRDA:374,85,0,19
BRDA:374,85,1,132
BRDA:374,86,0,19
BRDA:374,86,1,0
BRDA:378,87,0,132
BRDA:378,87,1,0
BRDA:378,88,0,10
BRDA:378,88,1,0
BRDA:381,89,0,39
BRDA:381,89,1,19
BRDA:386,90,0,174
BRDA:386,90,1,57
BRDA:386,90,2,0
BRDA:394,91,0,132
BRDA:394,91,1,0
BRDA:394,92,0,132
BRDA:394,92,1,0
BRDA:396,93,0,40
BRDA:396,93,1,0
BRDA:400,94,0,132
BRDA:400,94,1,44
BRDA:411,95,0,11
BRDA:411,95,1,121
BRDA:414,96,0,132
BRDA:414,96,1,0
BRDA:414,97,0,132
BRDA:414,97,1,0
BRDA:417,98,0,132
BRDA:417,98,1,0
BRDA:417,99,0,132
BRDA:417,99,1,0
BRDA:419,100,0,132
BRDA:419,100,1,132
BRDA:419,101,0,132
BRDA:419,101,1,132
BRDA:421,102,0,132
BRDA:421,102,1,132
BRDA:421,102,2,0
BRDA:437,103,0,31
BRDA:437,103,1,6
BRDA:440,104,0,132
BRDA:440,104,1,107
BRDA:441,105,0,25
BRDA:441,105,1,107
BRDA:455,106,0,25
BRDA:455,106,1,0
BRDA:455,106,2,0
BRDA:487,107,0,44
BRDA:487,107,1,0
BRDA:498,108,0,0
BRDA:498,108,1,0
BRDA:505,109,0,0
BRDA:505,109,1,0
BRDA:512,110,0,0
BRDA:512,110,1,0
BRDA:512,111,0,0
BRDA:512,111,1,0
BRDA:522,112,0,0
BRDA:522,112,1,5
BRDA:525,113,0,5
BRDA:525,113,1,0
BRDA:536,114,0,5
BRDA:536,114,1,0
BRDA:536,115,0,5
BRDA:536,115,1,5
BRDA:536,116,0,5
BRDA:536,116,1,0
BRDA:538,117,0,30
BRDA:538,117,1,25
BRDA:543,118,0,12
BRDA:543,118,1,13
BRDA:548,119,0,20
BRDA:548,119,1,100
BRDA:549,120,0,0
BRDA:549,120,1,20
BRDA:549,121,0,20
BRDA:549,121,1,0
BRDA:550,122,0,20
BRDA:550,122,1,0
BRDA:551,123,0,0
BRDA:551,123,1,20
BRDA:551,124,0,20
BRDA:551,124,1,0
BRDA:551,125,0,20
BRDA:551,125,1,0
BRDA:552,126,0,0
BRDA:552,126,1,20
BRDA:557,127,0,0
BRDA:557,127,1,5
BRDA:580,128,0,0
BRDA:580,128,1,0
BRDA:581,129,0,0
BRDA:581,129,1,0
BRDA:587,130,0,0
BRDA:587,130,1,0
BRDA:587,131,0,0
BRDA:587,131,1,0
BRDA:589,132,0,0
BRDA:589,132,1,0
BRDA:590,133,0,0
BRDA:590,133,1,0
BRDA:590,134,0,0
BRDA:590,134,1,0
BRDA:590,134,2,0
BRDA:593,135,0,0
BRDA:593,135,1,0
BRDA:604,136,0,5
BRDA:604,136,1,5
BRDA:604,136,2,5
BRDA:605,137,0,5
BRDA:605,137,1,0
BRDA:605,138,0,5
BRDA:605,138,1,5
BRDA:631,139,0,7
BRDA:631,139,1,0
BRDA:631,140,0,7
BRDA:631,140,1,7
BRDA:632,141,0,0
BRDA:632,141,1,0
BRDA:633,142,0,0
[...]
DA:39,38848
DA:42,73
DA:46,658
DA:47,658
DA:48,164
DA:49,658
DA:55,285
DA:56,285
DA:57,285
DA:58,285
DA:59,285
DA:60,285
DA:80,77
DA:86,1012
DA:87,689
DA:88,253
DA:96,594
DA:97,587
DA:98,297
DA:99,297
DA:100,297
DA:101,296
DA:107,73
DA:108,73
DA:111,365
DA:112,73
DA:113,365
DA:114,73
DA:115,73
DA:116,73
DA:117,73
DA:118,73
DA:119,73
DA:120,73
DA:121,73
DA:122,73
DA:123,73
DA:135,0
DA:136,0
DA:137,0
DA:138,0
DA:139,0
DA:149,32
DA:160,25
DA:161,25
DA:162,1
DA:163,5
DA:164,1
DA:169,25
DA:170,125
DA:171,25
DA:172,125
DA:173,25
DA:176,32
LF:58
LH:53
BRDA:39,0,0,37977
BRDA:39,0,1,871
BRDA:48,1,0,0
BRDA:48,1,1,164
BRDA:55,2,0,285
BRDA:55,2,1,0
BRDA:58,3,0,238
BRDA:58,3,1,47
BRDA:59,4,0,47
BRDA:59,4,1,238
BRDA:59,5,0,285
BRDA:59,5,1,238
BRDA:59,5,2,238
BRDA:61,6,0,285
BRDA:61,6,1,47
BRDA:62,7,0,285
BRDA:62,7,1,47
BRDA:68,8,0,285
BRDA:68,8,1,1
BRDA:69,9,0,285
BRDA:69,9,1,1
BRDA:75,10,0,285
BRDA:75,10,1,285
BRDA:86,11,0,253
BRDA:86,11,1,0
BRDA:88,12,0,253
BRDA:88,12,1,1
BRDA:96,13,0,594
BRDA:96,13,1,587
BRDA:96,13,2,587
BRDA:96,13,3,587
BRDA:98,14,0,296
BRDA:98,14,1,1
BRDA:99,15,0,291
BRDA:99,15,1,6
BRDA:100,16,0,1
BRDA:100,16,1,296
BRDA:100,17,0,297
BRDA:100,17,1,1
BRDA:101,18,0,296
BRDA:101,18,1,0
BRDA:101,19,0,0
BRDA:101,19,1,296
BRDA:101,20,0,5
BRDA:101,20,1,291
BRDA:107,21,0,73
BRDA:107,21,1,0
BRDA:107,22,0,73
BRDA:107,22,1,73
BRDA:135,23,0,0
BRDA:135,23,1,0
BRDA:135,24,0,0
BRDA:135,24,1,0
BRDA:160,25,0,1
BRDA:160,25,1,24
BRDA:161,26,0,24
BRDA:161,26,1,1
BRDA:161,27,0,25
BRDA:161,27,1,1
BRDA:163,28,0,1
BRDA:163,28,1,4
BRDA:163,29,0,5
BRDA:163,29,1,1
BRDA:172,30,0,125
BRDA:172,30,1,0
BRDA:172,30,2,0
BRF:66
BRH:54
end_of_record
TN:
SF:srv/lib/restriction-codelists.js
FN:128,(anonymous_0)
FN:133,typeUnitMap
FN:134,(anonymous_2)
FN:138,numericTypes
FN:139,(anonymous_4)
FN:139,(anonymous_5)
FN:143,numericUnits
FN:148,isClosureType
FN:159,derivePostingStatus
FN:162,(anonymous_9)
FN:172,applyTypedValue
FN:192,missingCodes
FN:197,(anonymous_12)
FN:198,(anonymous_13)
FN:207,seedRestrictionCodelists
FN:217,(anonymous_15)
FN:228,(anonymous_16)
FN:244,loadRestrictionLookups
FN:252,(anonymous_18)
FN:254,(anonymous_19)
FN:267,validateRestrictionCodes
FN:269,(anonymous_21)
FN:293,refreshBridgePostingStatus
FN:296,(anonymous_23)
FN:310,codelistRows
FN:313,(anonymous_25)
FNF:26
FNH:25
FNDA:510,(anonymous_0)
FNDA:30,typeUnitMap
FNDA:510,(anonymous_2)
FNDA:29,numericTypes
FNDA:493,(anonymous_4)
FNDA:290,(anonymous_5)
FNDA:29,numericUnits
FNDA:15,isClosureType
FNDA:11,derivePostingStatus
FNDA:10,(anonymous_9)
FNDA:10,applyTypedValue
FNDA:190,missingCodes
FNDA:1632,(anonymous_12)
FNDA:1494,(anonymous_13)
FNDA:31,seedRestrictionCodelists
FNDA:102,(anonymous_15)
FNDA:1479,(anonymous_16)
FNDA:2,loadRestrictionLookups
FNDA:102,(anonymous_18)
FNDA:0,(anonymous_19)
FNDA:5,validateRestrictionCodes
FNDA:30,(anonymous_21)
FNDA:5,refreshBridgePostingStatus
FNDA:5,(anonymous_23)
FNDA:174,codelistRows
FNDA:1479,(anonymous_25)
DA:29,30
DA:53,30
DA:55,30
DA:68,30
DA:79,30
DA:95,30
DA:104,30
DA:116,30
DA:119,30
DA:128,510
DA:134,510
DA:139,493
DA:144,29
DA:149,15
DA:150,14
DA:151,14
DA:152,9
DA:160,11
DA:161,11
DA:162,10
DA:163,4
DA:173,10
DA:174,10
DA:175,10
DA:176,10
DA:177,10
DA:178,10
DA:179,10
DA:180,9
DA:181,9
DA:182,9
DA:183,9
DA:184,8
DA:186,9
DA:193,190
DA:194,190
DA:195,189
DA:196,189
DA:197,1632
DA:198,1494
DA:208,31
DA:209,31
DA:210,31
DA:211,31
DA:212,31
DA:213,31
DA:215,31
DA:216,186
DA:217,186
DA:218,186
DA:219,174
DA:221,174
DA:228,1479
DA:230,174
DA:231,174
DA:233,31
DA:245,2
DA:246,2
DA:247,2
DA:248,2
DA:249,12
DA:250,12
DA:251,12
DA:252,102
DA:253,0
DA:254,12
DA:255,12
DA:258,2
DA:259,2
DA:268,5
DA:269,5
DA:270,30
DA:271,30
DA:272,23
DA:273,7
DA:276,5
DA:277,5
DA:278,5
DA:279,5
DA:280,5
DA:281,5
DA:282,5
DA:294,5
DA:295,5
DA:296,5
DA:297,5
DA:298,5
DA:303,5
DA:304,5
DA:306,5
DA:311,174
DA:312,174
DA:313,1479
DA:316,30
LF:94
LH:93
BRDA:149,0,0,1
BRDA:149,0,1,14
BRDA:151,1,0,5
BRDA:151,1,1,9
BRDA:151,2,0,14
BRDA:151,2,1,12
BRDA:160,3,0,11
BRDA:160,3,1,1
BRDA:161,4,0,3
BRDA:161,4,1,8
BRDA:162,5,0,4
BRDA:162,5,1,4
BRDA:162,6,0,10
BRDA:162,6,1,10
BRDA:173,7,0,0
BRDA:173,7,1,10
BRDA:175,8,0,0
BRDA:175,8,1,10
BRDA:177,9,0,0
BRDA:177,9,1,10
BRDA:177,10,0,10
BRDA:177,10,1,10
BRDA:177,10,2,10
BRDA:179,11,0,1
BRDA:179,11,1,9
BRDA:181,12,0,2
BRDA:181,12,1,7
BRDA:181,13,0,9
BRDA:181,13,1,2
BRDA:182,14,0,0
BRDA:182,14,1,9
BRDA:183,15,0,8
BRDA:183,15,1,1
BRDA:183,16,0,9
BRDA:183,16,1,9
BRDA:184,17,0,2
BRDA:184,17,1,6
BRDA:184,18,0,8
BRDA:184,18,1,7
BRDA:194,19,0,1
BRDA:194,19,1,189
BRDA:195,20,0,189
BRDA:195,20,1,0
BRDA:198,21,0,1494
BRDA:198,21,1,0
BRDA:207,22,0,0
BRDA:207,23,0,0
BRDA:217,24,0,186
BRDA:217,24,1,0
BRDA:218,25,0,12
BRDA:218,25,1,174
BRDA:252,26,0,12
BRDA:252,26,1,0
BRDA:254,27,0,0
BRDA:254,27,1,12
BRDA:269,28,0,15
BRDA:271,29,0,7
BRDA:271,29,1,23
BRDA:271,30,0,30
BRDA:271,30,1,28
BRDA:271,30,2,23
BRDA:272,31,0,7
BRDA:272,31,1,16
BRDA:296,32,0,5
BRDA:296,32,1,0
BRDA:296,33,0,5
BRDA:296,33,1,5
BRDA:312,34,0,0
BRDA:312,34,1,174
BRDA:313,35,0,1479
BRDA:313,35,1,0
BRF:71
BRH:57
end_of_record
TN:
SF:srv/lib/risk.js
FN:23,bandsFromConfig
FN:33,(anonymous_1)
FN:40,validateRiskBands
FN:44,(anonymous_3)
FN:48,(anonymous_4)
FN:63,validateRiskWeights
FN:79,(anonymous_6)
FN:92,deriveRisk
FN:138,(anonymous_8)
FN:148,expectedValueAud
FN:162,benefitCostRatio
FN:172,probMapFromConfig
FN:181,estimatedRulYears
FN:193,weightsFromConfig
FNF:14
FNH:14
FNDA:32,bandsFromConfig
FNDA:88,(anonymous_1)
FNDA:271,validateRiskBands
FNDA:1313,(anonymous_3)
FNDA:1042,(anonymous_4)
FNDA:6,validateRiskWeights
FNDA:367,(anonymous_6)
FNDA:64,deriveRisk
FNDA:151,(anonymous_8)
FNDA:9,expectedValueAud
FNDA:4,benefitCostRatio
FNDA:2,probMapFromConfig
FNDA:5,estimatedRulYears
FNDA:9,weightsFromConfig
DA:11,33
DA:24,32
DA:25,32
DA:26,115
DA:27,115
DA:28,115
DA:29,115
DA:30,115
DA:32,32
DA:33,88
DA:34,30
DA:41,271
DA:44,1313
DA:48,1042
DA:49,271
DA:50,271
DA:51,1313
DA:52,1313
DA:54,271
DA:55,1042
DA:57,271
DA:58,271
DA:64,6
DA:65,6
DA:66,6
DA:67,6
DA:68,5
DA:69,5
DA:70,5
DA:71,5
DA:72,5
DA:74,6
DA:79,367
DA:84,33
DA:93,64
DA:94,64
DA:96,64
DA:101,64
DA:102,324
DA:104,64
DA:110,64
DA:111,64
DA:114,64
DA:115,64
DA:116,64
DA:118,64
DA:125,64
DA:126,64
DA:130,64
DA:137,64
DA:138,151
DA:139,64
DA:145,33
DA:149,9
DA:150,9
DA:153,7
DA:154,7
DA:155,3
DA:156,3
DA:163,4
DA:164,3
DA:165,3
DA:166,3
DA:167,2
DA:168,2
DA:173,2
DA:174,10
DA:175,2
DA:182,5
DA:183,5
DA:184,3
DA:185,3
DA:194,9
DA:195,9
DA:196,106
DA:199,105
DA:200,104
DA:201,104
DA:204,9
DA:207,33
LF:80
LH:80
BRDA:25,0,0,32
BRDA:25,0,1,0
BRDA:26,1,0,0
BRDA:26,1,1,115
BRDA:26,2,0,115
BRDA:26,2,1,115
BRDA:27,3,0,0
BRDA:27,3,1,115
BRDA:27,4,0,115
BRDA:27,4,1,115
BRDA:27,4,2,115
BRDA:29,5,0,0
BRDA:29,5,1,115
BRDA:30,6,0,115
BRDA:30,6,1,0
BRDA:32,7,0,2
BRDA:32,7,1,30
BRDA:34,8,0,26
BRDA:34,8,1,4
BRDA:44,9,0,271
BRDA:44,9,1,0
BRDA:45,10,0,1313
BRDA:45,10,1,1190
BRDA:46,11,0,1309
BRDA:46,11,1,4
BRDA:47,12,0,115
BRDA:47,12,1,1198
BRDA:49,13,0,0
BRDA:49,13,1,271
BRDA:51,14,0,0
BRDA:51,14,1,1313
BRDA:52,15,0,1
BRDA:52,15,1,1312
BRDA:52,16,0,1313
BRDA:52,16,1,116
BRDA:55,17,0,2
BRDA:55,17,1,1040
BRDA:57,18,0,3
BRDA:57,18,1,268
BRDA:64,19,0,2
BRDA:64,19,1,4
BRDA:66,20,0,6
BRDA:66,20,1,0
BRDA:67,21,0,1
BRDA:67,21,1,5
BRDA:67,22,0,6
BRDA:67,22,1,6
BRDA:67,22,2,5
BRDA:68,23,0,0
BRDA:68,23,1,5
BRDA:68,24,0,5
BRDA:68,24,1,5
BRDA:68,24,2,5
BRDA:70,25,0,0
BRDA:70,25,1,5
BRDA:71,26,0,2
BRDA:71,26,1,3
BRDA:72,27,0,1
BRDA:72,27,1,4
BRDA:79,28,0,363
BRDA:79,28,1,4
BRDA:93,29,0,64
BRDA:93,29,1,0
BRDA:94,30,0,64
BRDA:94,30,1,15
BRDA:96,31,0,21
BRDA:96,31,1,43
BRDA:96,32,0,64
BRDA:96,32,1,21
BRDA:102,33,0,2
BRDA:102,33,1,322
BRDA:102,34,0,2
BRDA:102,34,1,0
BRDA:110,35,0,64
BRDA:110,35,1,2
BRDA:111,36,0,22
BRDA:111,36,1,42
BRDA:114,37,0,1
BRDA:114,37,1,63
BRDA:116,38,0,64
BRDA:116,38,1,63
BRDA:116,39,0,64
BRDA:116,39,1,60
BRDA:118,40,0,2
BRDA:118,40,1,62
BRDA:118,41,0,64
BRDA:118,41,1,2
BRDA:125,42,0,60
BRDA:125,42,1,4
BRDA:126,43,0,55
BRDA:126,43,1,9
BRDA:130,44,0,2
BRDA:130,44,1,62
BRDA:130,45,0,64
BRDA:130,45,1,2
BRDA:138,46,0,64
BRDA:138,46,1,0
BRDA:150,47,0,2
BRDA:150,47,1,7
BRDA:150,48,0,9
BRDA:150,48,1,9
BRDA:154,49,0,4
BRDA:154,49,1,3
BRDA:154,50,0,7
BRDA:154,50,1,6
BRDA:154,50,2,4
BRDA:155,51,0,1
BRDA:155,51,1,2
BRDA:155,52,0,3
BRDA:155,52,1,1
BRDA:155,53,0,2
BRDA:155,53,1,0
BRDA:163,54,0,1
BRDA:163,54,1,3
BRDA:163,55,0,4
BRDA:163,55,1,3
BRDA:166,56,0,1
BRDA:166,56,1,2
BRDA:166,57,0,3
BRDA:166,57,1,3
BRDA:166,57,2,3
BRDA:167,58,0,1
BRDA:167,58,1,1
BRDA:174,59,0,10
BRDA:174,59,1,10
BRDA:174,60,0,2
BRDA:174,60,1,8
BRDA:174,61,0,10
BRDA:174,61,1,2
BRDA:175,62,0,1
BRDA:175,62,1,1
BRDA:183,63,0,2
BRDA:183,63,1,3
BRDA:183,64,0,5
BRDA:183,64,1,5
BRDA:183,64,2,5
BRDA:185,65,0,2
BRDA:185,65,1,1
BRDA:195,66,0,9
BRDA:195,66,1,0
BRDA:196,67,0,105
BRDA:196,67,1,1
BRDA:196,68,0,106
BRDA:196,68,1,106
BRDA:196,68,2,105
BRDA:199,69,0,1
BRDA:199,69,1,104
BRDA:199,70,0,105
BRDA:199,70,1,105
BRDA:199,70,2,105
BRDA:201,71,0,103
BRDA:201,71,1,1
BRF:152
BRH:136
end_of_record
TN:
SF:srv/lib/template-attributes-seed.js
FN:34,hash12
FN:46,(anonymous_1)
FN:48,(anonymous_2)
FN:51,buildCatalogue
FN:64,(anonymous_4)
FN:77,expand
FN:103,(anonymous_6)
FN:117,(anonymous_7)
FN:119,ensureTemplateAttributesSeed
FN:126,(anonymous_9)
FN:127,(anonymous_10)
FN:135,(anonymous_11)
FNF:12
FNH:12
FNDA:5945,hash12
FNDA:5945,(anonymous_1)
FNDA:174,(anonymous_2)
FNDA:29,buildCatalogue
FNDA:2523,(anonymous_4)
FNDA:29,expand
FNDA:2523,(anonymous_6)
FNDA:5945,(anonymous_7)
FNDA:30,ensureTemplateAttributesSeed
FNDA:865,(anonymous_9)
FNDA:6150,(anonymous_10)
FNDA:5945,(anonymous_11)
DA:23,29
DA:24,29
DA:25,29
DA:26,29
DA:28,29
DA:29,29
DA:31,29
DA:35,5945
DA:36,5945
DA:37,5945
DA:38,5945
DA:39,117711
DA:40,117711
DA:42,5945
DA:46,5945
DA:48,174
DA:52,29
DA:53,29
DA:54,348
DA:55,348
DA:56,348
DA:57,3509
DA:58,3509
DA:59,1624
DA:60,1624
DA:61,1624
DA:62,29
DA:63,1595
DA:64,2523
DA:66,841
DA:68,1624
DA:74,29
DA:78,29
DA:79,29
DA:80,29
DA:81,29
DA:82,174
DA:83,174
DA:84,174
DA:89,174
DA:90,174
DA:91,1624
DA:92,1624
DA:98,1624
DA:102,1624
DA:103,754
DA:104,2523
DA:112,29
DA:115,29
DA:117,5945
DA:120,30
DA:121,30
DA:122,30
DA:123,30
DA:124,120
DA:125,120
DA:126,865
DA:127,6150
DA:128,120
DA:129,120
DA:130,116
DA:131,116
DA:135,5945
DA:137,116
DA:139,30
DA:142,29
LF:66
LH:66
BRDA:54,0,0,174
BRDA:54,0,1,174
BRDA:58,1,0,1885
BRDA:58,1,1,1624
BRDA:58,2,0,3509
BRDA:58,2,1,1885
BRDA:59,3,0,0
BRDA:59,3,1,1624
BRDA:61,4,0,29
BRDA:61,4,1,1595
BRDA:63,5,0,754
BRDA:63,5,1,841
BRDA:63,6,0,1595
BRDA:63,6,1,1595
BRDA:69,7,0,1624
BRDA:69,7,1,783
BRDA:102,8,0,754
BRDA:102,8,1,870
BRDA:117,9,0,5945
BRDA:117,9,1,4147
BRDA:117,9,2,1624
BRDA:117,9,3,1624
BRDA:119,10,0,0
BRDA:119,11,0,0
BRDA:124,12,0,120
BRDA:124,12,1,0
BRDA:126,13,0,120
BRDA:126,13,1,0
BRDA:129,14,0,4
BRDA:129,14,1,116
BRF:30
BRH:25
end_of_record
TN:
SF:srv/lib/template-library-seed.js
FN:43,(anonymous_0)
FN:969,expand
FN:982,(anonymous_2)
FN:985,(anonymous_3)
FN:997,(anonymous_4)
FN:999,(anonymous_5)
FN:1000,(anonymous_6)
FN:1010,(anonymous_7)
FN:1023,(anonymous_8)
FN:1027,ensureTemplateLibrarySeed
FN:1034,(anonymous_10)
FN:1035,(anonymous_11)
FN:1046,(anonymous_12)
FNF:13
FNH:13
FNDA:27666,(anonymous_0)
FNDA:29,expand
FNDA:3509,(anonymous_2)
FNDA:9280,(anonymous_3)
FNDA:9280,(anonymous_4)
FNDA:2523,(anonymous_5)
FNDA:3828,(anonymous_6)
FNDA:1160,(anonymous_7)
FNDA:27666,(anonymous_8)
FNDA:30,ensureTemplateLibrarySeed
FNDA:15144,(anonymous_10)
FNDA:28620,(anonymous_11)
FNDA:27666,(anonymous_12)
DA:25,29
DA:26,29
DA:27,29
DA:29,29
DA:31,29
DA:43,29
DA:44,27666
DA:47,29
DA:59,29
DA:970,29
DA:971,29
DA:972,348
DA:973,348
DA:980,348
DA:981,348
DA:982,348
DA:983,3509
DA:984,3509
DA:985,9280
DA:986,3509
DA:991,3509
DA:996,3509
DA:997,9280
DA:999,2523
DA:1000,3828
DA:1001,3509
DA:1002,15631
DA:1003,15631
DA:1005,3509
DA:1010,348
DA:1011,1160
DA:1018,29
DA:1021,29
DA:1023,27666
DA:1028,30
DA:1029,30
DA:1030,30
DA:1031,30
DA:1032,180
DA:1033,180
DA:1034,15144
DA:1035,28620
DA:1036,180
DA:1037,180
DA:1038,174
DA:1039,174
DA:1046,27666
DA:1048,174
DA:1050,30
DA:1053,29
LF:50
LH:50
BRDA:985,0,0,1856
BRDA:985,0,1,1653
BRDA:994,1,0,3509
BRDA:994,1,1,2610
BRDA:994,2,0,3509
BRDA:994,2,1,3509
BRDA:996,3,0,1856
BRDA:996,3,1,1653
BRDA:998,4,0,754
BRDA:998,4,1,899
BRDA:999,5,0,2523
BRDA:999,5,1,2523
BRDA:1000,6,0,3828
BRDA:1000,6,1,0
BRDA:1013,7,0,812
BRDA:1013,7,1,348
BRDA:1023,8,0,27666
BRDA:1023,8,1,23809
BRDA:1023,8,2,23809
BRDA:1023,8,3,22649
BRDA:1023,8,4,7018
BRDA:1027,9,0,0
BRDA:1027,10,0,0
BRDA:1032,11,0,180
BRDA:1032,11,1,0
BRDA:1034,12,0,180
BRDA:1034,12,1,0
BRDA:1037,13,0,6
BRDA:1037,13,1,174
BRF:29
BRH:24
end_of_record
TN:
SF:srv/lib/plugins/change-documents/index.js
FN:20,buildChangeDocuments
FN:60,(anonymous_1)
FN:62,(anonymous_2)
FN:63,(anonymous_3)
FN:71,(anonymous_4)
FN:83,(anonymous_5)
FN:89,csvCell
FN:97,toCsv
FN:99,(anonymous_8)
FN:99,(anonymous_9)
FNF:10
FNH:6
FNDA:2,buildChangeDocuments
FNDA:0,(anonymous_1)
FNDA:0,(anonymous_2)
FNDA:0,(anonymous_3)
FNDA:0,(anonymous_4)
FNDA:1,(anonymous_5)
FNDA:9,csvCell
FNDA:1,toCsv
FNDA:1,(anonymous_8)
FNDA:9,(anonymous_9)
DA:9,29
DA:10,29
DA:12,29
DA:21,2
DA:22,2
DA:23,2
DA:26,2
DA:30,2
DA:31,2
DA:32,2
DA:33,2
DA:34,2
DA:35,2
DA:36,2
DA:38,2
DA:39,2
DA:42,2
DA:43,2
DA:44,0
DA:45,0
DA:48,0
DA:49,0
DA:50,0
DA:51,0
DA:52,0
DA:53,0
DA:54,0
DA:55,0
DA:56,0
DA:57,0
DA:58,0
DA:59,0
DA:60,0
DA:62,0
DA:63,0
DA:64,0
DA:69,0
DA:71,0
DA:82,2
DA:83,1
DA:90,9
DA:91,8
DA:92,8
DA:93,8
DA:94,8
DA:98,1
DA:99,9
DA:100,1
DA:103,29
LF:49
LH:29
BRDA:20,0,0,0
BRDA:22,1,0,2
BRDA:22,1,1,0
BRDA:30,2,0,2
BRDA:30,2,1,0
BRDA:31,3,0,0
BRDA:31,3,1,2
BRDA:32,4,0,0
BRDA:32,4,1,2
BRDA:33,5,0,1
BRDA:33,5,1,1
BRDA:33,6,0,2
BRDA:33,6,1,1
BRDA:34,7,0,0
BRDA:34,7,1,2
BRDA:35,8,0,0
BRDA:35,8,1,2
BRDA:36,9,0,0
BRDA:36,9,1,2
BRDA:39,10,0,0
BRDA:39,10,1,2
BRDA:43,11,0,0
BRDA:43,11,1,2
BRDA:44,12,0,0
BRDA:44,12,1,0
BRDA:45,13,0,0
BRDA:45,13,1,0
BRDA:45,13,2,0
BRDA:45,13,3,0
BRDA:45,13,4,0
BRDA:45,13,5,0
BRDA:48,14,0,0
BRDA:48,14,1,0
BRDA:50,15,0,0
BRDA:50,15,1,0
BRDA:51,16,0,0
BRDA:51,16,1,0
BRDA:52,17,0,0
BRDA:52,17,1,0
BRDA:53,18,0,0
BRDA:53,18,1,0
BRDA:54,19,0,0
BRDA:54,19,1,0
BRDA:56,20,0,0
BRDA:56,20,1,0
BRDA:56,21,0,0
BRDA:56,21,1,0
BRDA:58,22,0,0
BRDA:58,22,1,0
BRDA:62,23,0,0
BRDA:62,23,1,0
BRDA:64,24,0,0
BRDA:64,24,1,0
BRDA:65,25,0,0
BRDA:65,25,1,0
BRDA:66,26,0,0
BRDA:66,26,1,0
BRDA:67,27,0,0
BRDA:67,27,1,0
BRDA:69,28,0,0
BRDA:69,28,1,0
BRDA:74,29,0,0
BRDA:74,29,1,0
BRDA:76,30,0,0
BRDA:76,30,1,0
BRDA:82,31,0,2
BRDA:82,31,1,0
BRDA:90,32,0,1
BRDA:90,32,1,8
BRDA:92,33,0,1
BRDA:92,33,1,7
BRDA:93,34,0,1
BRDA:93,34,1,7
BRDA:99,35,0,1
BRDA:99,35,1,0
BRF:75
BRH:21
end_of_record
TN:
SF:srv/lib/plugins/changelog/index.js
FN:37,valueToString
FN:45,diffRecords
FN:57,fetchCurrent
FN:65,auditChange
FN:73,(anonymous_4)
FN:88,(anonymous_5)
FNF:6
FNH:6
FNDA:658,valueToString
FNDA:14,diffRecords
FNDA:20,fetchCurrent
FNDA:884,auditChange
FNDA:50759,(anonymous_4)
FNDA:50758,(anonymous_5)
DA:18,30
DA:19,30
DA:20,30
DA:22,30
DA:25,30
DA:35,30
DA:38,658
DA:39,224
DA:40,192
DA:41,192
DA:42,192
DA:46,14
DA:47,14
DA:48,14
DA:49,351
DA:50,329
DA:51,329
DA:52,329
DA:54,14
DA:60,20
DA:61,0
DA:71,884
DA:73,50759
DA:86,884
DA:87,883
DA:88,50758
DA:94,1
DA:95,1
DA:97,0
DA:100,883
DA:101,883
DA:103,4
DA:104,3
DA:105,3
DA:107,1
DA:111,30
LF:36
LH:34
BRDA:38,0,0,434
BRDA:38,0,1,224
BRDA:38,1,0,658
BRDA:38,1,1,224
BRDA:39,2,0,32
BRDA:39,2,1,192
BRDA:39,3,0,14
BRDA:39,3,1,18
BRDA:40,4,0,0
BRDA:40,4,1,192
BRDA:41,5,0,0
BRDA:41,5,1,192
BRDA:45,6,0,14
BRDA:47,7,0,14
BRDA:47,7,1,0
BRDA:47,8,0,14
BRDA:47,8,1,0
BRDA:49,9,0,22
BRDA:49,9,1,329
BRDA:50,10,0,329
BRDA:50,10,1,0
BRDA:51,11,0,329
BRDA:51,11,1,0
BRDA:52,12,0,19
BRDA:52,12,1,310
BRDA:65,13,0,0
BRDA:67,14,0,884
BRDA:69,15,0,0
BRDA:69,16,0,92
BRDA:69,17,0,3
BRDA:69,18,0,884
BRDA:76,19,0,50759
BRDA:76,19,1,0
BRDA:79,20,0,50759
BRDA:79,20,1,0
BRDA:81,21,0,50759
BRDA:81,21,1,462
BRDA:86,22,0,883
BRDA:86,22,1,1
BRDA:87,23,0,1
BRDA:87,23,1,882
BRDA:92,24,0,50758
BRDA:92,24,1,50758
BRDA:92,24,2,50758
BRDA:94,25,0,1
BRDA:94,25,1,0
BRDA:95,26,0,1
BRDA:95,26,1,0
BRDA:103,27,0,3
BRDA:103,27,1,1
BRF:50
BRH:38
end_of_record
TN:
SF:srv/lib/plugins/mapping/index.js
FN:19,_load
FN:25,(anonymous_1)
FN:41,invalidate
FN:45,resolve
FN:57,(anonymous_4)
FN:58,(anonymous_5)
FNF:6
FNH:5
FNDA:7,_load
FNDA:11,(anonymous_1)
FNDA:6,invalidate
FNDA:7,resolve
FNDA:0,(anonymous_4)
FNDA:1,(anonymous_5)
DA:8,29
DA:9,29
DA:10,29
DA:12,29
DA:13,29
DA:14,29
DA:16,29
DA:17,29
DA:20,7
DA:21,5
DA:22,5
DA:23,5
DA:24,5
DA:25,11
DA:26,11
DA:27,5
DA:28,56
DA:29,56
DA:30,56
DA:31,56
DA:33,5
DA:35,0
DA:36,0
DA:38,5
DA:41,6
DA:46,7
DA:47,7
DA:48,7
DA:49,7
DA:50,7
DA:51,6
DA:52,6
DA:57,29
DA:58,29
DA:60,29
LF:35
LH:33
BRDA:20,0,0,2
BRDA:20,0,1,5
BRDA:20,1,0,7
BRDA:20,1,1,2
BRDA:28,2,0,0
BRDA:28,2,1,56
BRDA:29,3,0,0
BRDA:29,3,1,56
BRDA:45,4,0,0
BRDA:45,5,0,0
BRDA:45,6,0,6
BRDA:46,7,0,0
BRDA:46,7,1,7
BRDA:47,8,0,7
BRDA:47,8,1,0
BRDA:50,9,0,1
BRDA:50,9,1,6
BRDA:51,10,0,1
BRDA:51,10,1,5
BRDA:52,11,0,5
BRDA:52,11,1,1
BRF:21
BRH:15
end_of_record
TN:
SF:srv/lib/plugins/mass-upload/index.js
FN:22,parseFile
FN:29,coerce
FN:41,processUpload
FN:53,(anonymous_3)
FN:54,(anonymous_4)
FN:55,(anonymous_5)
FN:68,(anonymous_6)
FN:68,(anonymous_7)
FN:122,retainSourceFile
FN:137,csvCell
FN:146,resultsToCsv
FN:147,(anonymous_11)
FN:147,(anonymous_12)
FNF:13
FNH:12
FNDA:0,parseFile
FNDA:4,coerce
FNDA:1,processUpload
FNDA:5,(anonymous_3)
FNDA:2,(anonymous_4)
FNDA:3,(anonymous_5)
FNDA:15,(anonymous_6)
FNDA:2,(anonymous_7)
FNDA:6,retainSourceFile
FNDA:35,csvCell
FNDA:6,resultsToCsv
FNDA:6,(anonymous_11)
FNDA:35,(anonymous_12)
DA:14,29
DA:15,29
DA:16,29
DA:18,29
DA:20,29
DA:23,0
DA:24,0
DA:25,0
DA:26,0
DA:30,4
DA:31,4
DA:32,0
DA:33,2
DA:34,0
DA:35,0
DA:36,2
DA:42,1
DA:43,0
DA:45,1
DA:46,1
DA:47,1
DA:48,1
DA:49,1
DA:50,1
DA:51,1
DA:53,5
DA:54,6
DA:55,1
DA:56,3
DA:57,3
DA:58,0
DA:61,1
DA:62,5
DA:63,5
DA:64,5
DA:65,5
DA:66,5
DA:67,5
DA:68,15
DA:69,5
DA:70,1
DA:72,4
DA:74,4
DA:75,1
DA:76,1
DA:77,1
DA:78,1
DA:79,1
DA:80,3
DA:81,1
DA:82,2
DA:83,1
DA:84,1
DA:85,1
DA:87,1
DA:88,1
DA:89,1
DA:92,0
DA:96,1
DA:99,1
DA:105,1
DA:106,0
DA:107,0
DA:113,0
DA:116,1
DA:123,6
DA:124,6
DA:125,6
DA:126,6
DA:127,6
DA:132,6
DA:133,0
DA:138,35
DA:139,35
DA:140,35
DA:141,35
DA:142,35
DA:147,35
DA:148,6
DA:151,29
LF:80
LH:66
BRDA:23,0,0,0
BRDA:23,0,1,0
BRDA:30,1,0,0
BRDA:30,1,1,4
BRDA:30,2,0,4
BRDA:30,2,1,4
BRDA:30,2,2,4
BRDA:31,3,0,0
BRDA:31,3,1,2
BRDA:31,3,2,0
BRDA:31,3,3,0
BRDA:31,3,4,2
BRDA:32,4,0,0
BRDA:32,4,1,0
BRDA:33,5,0,0
BRDA:33,5,1,2
BRDA:35,6,0,0
BRDA:35,6,1,0
BRDA:35,7,0,0
BRDA:35,7,1,0
BRDA:41,8,0,0
BRDA:41,9,0,0
BRDA:42,10,0,0
BRDA:42,10,1,1
BRDA:42,11,0,1
BRDA:42,11,1,1
BRDA:42,11,2,1
BRDA:45,12,0,1
BRDA:45,12,1,0
BRDA:46,13,0,1
BRDA:46,13,1,0
BRDA:47,14,0,1
BRDA:47,14,1,1
BRDA:48,15,0,1
BRDA:48,15,1,0
BRDA:49,16,0,1
BRDA:49,16,1,1
BRDA:54,17,0,2
BRDA:54,17,1,0
BRDA:54,18,0,4
BRDA:54,18,1,2
BRDA:56,19,0,0
BRDA:56,19,1,3
BRDA:64,20,0,5
BRDA:64,20,1,0
BRDA:64,21,0,5
BRDA:64,21,1,0
BRDA:68,22,0,5
BRDA:68,22,1,0
BRDA:68,23,0,15
BRDA:68,23,1,5
BRDA:68,23,2,3
BRDA:69,24,0,1
BRDA:69,24,1,4
BRDA:69,25,0,5
BRDA:69,25,1,4
BRDA:74,26,0,1
BRDA:74,26,1,3
BRDA:75,27,0,0
BRDA:75,27,1,1
BRDA:76,28,0,0
BRDA:76,28,1,1
BRDA:80,29,0,1
BRDA:80,29,1,2
BRDA:80,30,0,3
BRDA:80,30,1,2
BRDA:82,31,0,1
BRDA:82,31,1,1
BRDA:82,32,0,2
BRDA:82,32,1,1
BRDA:96,33,0,1
BRDA:96,33,1,0
BRDA:105,34,0,0
BRDA:105,34,1,1
BRDA:108,35,0,0
BRDA:108,35,1,0
BRDA:109,36,0,0
BRDA:109,36,1,0
BRDA:109,37,0,0
BRDA:109,37,1,0
BRDA:111,38,0,0
BRDA:111,38,1,0
BRDA:122,39,0,0
BRDA:123,40,0,0
BRDA:123,40,1,6
BRDA:124,41,0,6
BRDA:124,41,1,0
BRDA:127,42,0,6
BRDA:127,42,1,6
BRDA:128,43,0,6
BRDA:128,43,1,0
BRDA:128,44,0,6
BRDA:128,44,1,0
BRDA:128,45,0,6
BRDA:128,45,1,0
BRDA:129,46,0,6
BRDA:129,46,1,0
BRDA:129,47,0,6
BRDA:129,47,1,0
BRDA:129,48,0,0
BRDA:129,48,1,6
BRDA:130,49,0,6
BRDA:130,49,1,0
BRDA:138,50,0,0
BRDA:138,50,1,35
BRDA:140,51,0,0
BRDA:140,51,1,35
BRDA:141,52,0,1
BRDA:141,52,1,34
BRDA:146,53,0,1
BRDA:147,54,0,6
BRDA:147,54,1,0
BRF:112
BRH:63
end_of_record
